CA 3B 58 B1 96 17 04 ED 31 32 33 34 35 36 37 38
E1 06 C7 F4 1D 92 63 60 31 32 33 34 35 36 37 38
44 2D 62 F3 B0 29 AE 4F 31 32 33 34 35 36 37 38
EE 8F 1C 25 FA AB 08 A1 31 32 33 34 35 36 37 38
0A 7B 98 F1 D6 57 44 2D 31 32 33 34 35 36 37 38
EC B5 4A BB D8 31 16 97 31 32 33 34 35 36 37 38
61 86 47 74 9D 12 E3 E0 31 32 33 34 35 36 37 38
69 EE 8F 1C 25 FA AB 08 31 32 33 34 35 36 37 38
4B 28 41 E6 27 D4 7D 72 31 32 33 34 35 36 37 38
79 BE 1F 6C 35 CA 3B 58 31 32 33 34 35 36 37 38
A7 54 FD F2 43 C0 F9 3E 31 32 33 34 35 36 37 38
1C 25 FA AB 08 A1 C6 87 31 32 33 34 35 36 37 38
FE 5F AC 75 0A 7B 98 F1 31 32 33 34 35 36 37 38
4D 02 13 50 49 4E 6F 7C 31 32 33 34 35 36 37 38
A1 C6 87 B4 DD 52 23 20 31 32 33 34 35 36 37 38
F5 8A FB 18 71 56 D7 C4 31 32 33 34 35 36 37 38
23 20 D9 9E 7F 4C 95 AA 31 32 33 34 35 36 37 38
05 5A 8B 68 81 26 67 14 31 32 33 34 35 36 37 38
A0 59 1E FF CC 15 2A 1B 31 32 33 34 35 36 37 38
EF FC 85 DA 0B E8 01 A6 31 32 33 34 35 36 37 38
D1 36 37 A4 0D C2 D3 10 31 32 33 34 35 36 37 38
52 23 20 D9 9E 7F 4C 95 31 32 33 34 35 36 37 38
39 7E DF 2C F5 8A FB 18 31 32 33 34 35 36 37 38
20 D9 9E 7F 4C 95 AA 9B 31 32 33 34 35 36 37 38
53 90 89 8E AF BC 45 9A 31 32 33 34 35 36 37 38
A7 54 FD F2 43 C0 F9 3E 31 32 33 C6 87 B4 DD 31
BB D8 31 16 97 84 6D A2 31 32 33 34 35 36 37 38
C3 40 79 BE 1F 6C 35 CA 31 32 33 34 35 36 37 38
84 6D A2 33 F0 69 EE 8F 31 32 33 34 35 36 37 38
1F 6C 35 CA 3B 58 B1 96 31 32 33 34 35 36 37 38
82 93 D0 C9 CE EF FC 85 31 32 33 34 35 36 37 38
B0 29 AE 4F DC E5 BA 6B 31 32 33 34 35 36 37 38
60 19 DE BF 8C D5 EA DB 31 32 33 34 35 36 37 38
68 81 26 67 14 BD B2 03 31 32 33 34 35 36 37 38
DD 52 23 20 D9 9E 7F 4C 31 32 33 34 35 36 37 38
0B E8 01 A6 E7 94 3D 32 31 32 33 34 35 36 37 38
13 50 49 4E 6F 7C 05 5A 31 32 33 34 35 36 37 38
4B 28 41 E6 27 D4 7D 72 31 32 33 34 35 36 37 38
58 B1 96 17 04 ED 22 B3 31 32 33 34 35 36 37 38
60 19 DE BF 34 35 36 37 38 AA AA 73 30 A9 2E 31
77 E4 4D 02 13 50 49 4E 31 32 33 34 35 36 37 38
5E 3F 0C 55 6A 5B F8 D1 31 32 33 34 35 36 37 38
24 8D 42 53 90 89 8E AF 31 32 33 34 35 36 37 38
10 09 0E 2F 3C C5 1A 4B 31 32 33 34 35 36 37 38
43 C0 F9 3E 9F EC B5 4A 31 32 33 34 35 36 37 38
09 0E 2F 3C C5 1A 4B 28 31 32 33 FE 5F AC 75 31
52 23 20 D9 9E 7F 4C 95 31 32 33 34 35 36 37 38
27 D4 7D 72 C3 40 79 BE 31 32 33 34 35 36 37 38
2F 3C C5 1A 4B 28 41 E6 31 32 33 34 35 36 37 38
83 00 39 7E DF 2C F5 8A 31 32 33 34 35 36 37 38
F8 D1 36 37 A4 0D C2 D3 31 32 33 34 35 36 37 38
00 39 7E DF 2C F5 8A FB 31 32 33 34 35 36 37 38
9B 38 11 76 77 E4 4D 02 31 32 33 34 35 36 37 38
36 37 A4 0D C2 D3 10 09 31 32 33 34 35 36 37 38
3E 9F EC B5 4A BB D8 31 31 32 33 34 35 36 37 38
B3 70 E9 6E 0F 9C A5 7A 31 32 33 34 35 36 37 38
02 13 50 49 4E 6F 7C 05 31 32 33 34 35 36 37 38
0A 7B 98 F1 D6 57 44 2D 31 32 33 34 35 36 37 38
5E 3F 0C 55 6A 5B F8 D1 31 32 33 34 35 36 37 38
1F 6C 35 CA 3B 58 B1 96 31 32 33 34 35 36 37 38
2C F5 8A FB 18 71 56 D7 31 32 33 34 35 36 37 38
7B 98 F1 D6 57 44 2D 62 31 32 33 34 35 36 37 38
83 00 39 7E DF 2C F5 8A 31 32 33 34 35 36 37 38
F8 D1 36 37 A4 0D C2 D3 31 32 33 34 35 36 37 38
93 D0 C9 CE EF FC 85 DA 31 32 33 34 35 36 37 38
7A 2B 88 21 46 07 34 5D 31 32 33 34 35 36 37 38
C9 CE EF FC 85 DA 0B E8 31 32 33 34 35 36 37 38
43 C0 F9 3E 9F EC B5 4A 31 32 33 34 35 36 37 38
2A 1B B8 91 F6 F7 64 CD 31 32 33 34 35 36 37 38
5D D2 A3 A0 59 1E FF CC 31 32 33 34 35 36 37 38
1E FF CC 15 2A 1B B8 91 31 32 33 34 35 36 37 38
51 B6 B7 24 8D 42 53 90 31 32 33 34 35 36 37 38
5E 3F 0C 55 6A 5B F8 D1 31 32 33 34 35 36 37 38
4A BB D8 31 16 97 84 6D 31 32 33 34 35 36 37 38
78 51 B6 B7 24 8D 42 53 31 32 33 34 35 36 37 38
80 B9 FE 5F AC 75 0A 7B 31 32 33 34 35 36 37 38
FA AB 08 A1 C6 87 B4 DD 31 32 33 34 35 36 37 38
E1 06 C7 F4 1D 92 63 60 31 32 33 34 35 36 37 38
C8 61 86 47 74 9D 12 E3 31 32 33 34 35 36 37 38
68 81 26 67 14 BD B2 03 31 32 33 16 97 84 6D 31
C4 AD E2 73 30 A9 2E CF 31 32 33 34 35 36 37 38
F7 64 CD 82 93 D0 C9 CE 31 32 33 34 35 36 37 38
FF CC 15 2A 1B B8 91 F6 31 32 33 34 35 36 37 38
58 B1 96 17 04 ED 22 B3 31 32 33 34 35 36 37 38
1E FF CC 15 2A 1B B8 91 31 32 33 34 35 36 37 38
77 E4 4D 02 13 50 49 4E 31 32 33 34 35 36 37 38
2C F5 8A FB 18 71 56 D7 31 32 33 34 35 36 37 38
F7 64 CD 82 93 D0 C9 CE 31 32 33 34 35 36 37 38
46 07 34 5D D2 A3 A0 59 31 32 33 34 35 36 37 38
95 AA 9B 38 11 76 77 E4 31 32 33 34 35 36 37 38
E4 4D 02 13 50 49 4E 6F 31 32 33 34 35 36 37 38
33 F0 69 EE 8F 1C 25 FA 31 32 33 34 35 36 37 38
82 93 D0 C9 CE EF FC 85 31 32 33 34 35 36 37 38
D1 36 37 A4 0D C2 D3 10 31 32 33 34 35 36 37 38
20 D9 9E 7F 4C 95 AA 9B 31 32 33 34 35 36 37 38
6F 7C 05 5A 8B 68 81 26 31 32 33 34 35 36 37 38
BE 1F 6C 35 CA 3B 58 B1 31 32 33 34 35 36 37 38
0D C2 D3 10 09 0E 2F 3C 31 32 33 34 35 36 37 38
5C 65 3A EB 48 E1 06 C7 31 32 33 34 35 36 37 38
AB 08 A1 C6 87 B4 DD 52 31 32 33 34 35 36 37 38
FA AB 08 A1 C6 87 B4 DD 31 32 33 34 35 36 37 38
49 4E 6F 7C 05 5A 8B 68 31 32 33 34 35 36 37 38
98 F1 D6 57 44 2D 62 F3 31 32 33 34 35 36 37 38
E7 94 3D 32 83 00 39 7E 31 32 33 34 35 36 37 38
36 37 A4 0D C2 D3 10 09 31 32 33 34 35 36 37 38
85 DA 0B E8 01 A6 E7 94 31 32 33 34 35 36 37 38
D4 7D 72 C3 40 79 BE 1F 31 32 33 34 35 36 37 38
23 20 D9 9E 7F 4C 95 AA 31 32 33 34 35 36 37 38
72 C3 40 79 BE 1F 6C 35 31 32 33 34 35 36 37 38
C1 66 A7 54 FD F2 43 C0 31 32 33 34 35 36 37 38
10 09 0E 2F 3C C5 1A 4B 31 32 33 34 35 36 37 38
5F AC 75 0A 7B 98 F1 D6 31 32 33 34 35 36 37 38
AE 4F DC E5 BA 6B C8 61 31 32 33 34 35 36 37 38
FD F2 43 C0 F9 3E 9F EC 31 32 33 34 35 36 37 38
4C 95 AA 9B 38 11 76 77 31 32 33 34 35 36 37 38
9B 38 11 76 77 E4 4D 02 31 32 33 34 35 36 37 38
EA DB 78 51 B6 B7 24 8D 31 32 33 34 35 36 37 38
39 7E DF 2C F5 8A FB 18 31 32 33 34 35 36 37 38
88 21 46 07 34 5D D2 A3 31 32 33 34 35 36 37 38
D7 C4 AD E2 73 30 A9 2E 31 32 33 34 35 36 37 38
26 67 14 BD B2 03 80 B9 31 32 33 34 35 36 37 38
75 0A 7B 98 F1 D6 57 44 31 32 33 34 35 36 37 38
C4 AD E2 73 30 A9 2E CF 31 32 33 34 35 36 37 38
13 50 49 4E 6F 7C 05 5A 31 32 33 34 35 36 37 38
62 F3 B0 29 AE 4F DC E5 31 32 33 34 35 36 37 38
B1 96 17 04 ED 22 B3 70 31 32 33 34 35 36 37 38
00 39 7E DF 2C F5 8A FB 31 32 33 34 35 36 37 38
4F DC E5 BA 6B C8 61 86 31 32 33 34 35 36 37 38
9E 7F 4C 95 AA 9B 38 11 31 32 33 34 35 36 37 38
ED 22 B3 70 E9 6E 0F 9C 31 32 33 34 35 36 37 38
3C C5 1A 4B 28 41 E6 27 31 32 33 34 35 36 37 38
8B 68 81 26 67 14 BD B2 31 32 33 34 35 36 37 38
DA 0B E8 01 A6 E7 94 3D 31 32 33 34 35 36 37 38
29 AE 4F DC E5 BA 6B C8 31 32 33 34 35 36 37 38
78 51 B6 B7 24 8D 42 53 31 32 33 34 35 36 37 38
C7 F4 1D 92 63 60 19 DE 31 32 33 34 35 36 37 38
16 97 84 6D A2 33 F0 69 31 32 33 34 35 36 37 38
65 3A EB 48 E1 06 C7 F4 31 32 33 34 35 36 37 38
B4 DD 52 23 20 D9 9E 7F 31 32 33 34 35 36 37 38
03 80 B9 FE 5F AC 75 0A 31 32 33 34 35 36 37 38
52 23 20 D9 9E 7F 4C 95 31 32 33 34 35 36 37 38
A1 C6 87 B4 DD 52 23 20 31 32 33 34 35 36 37 38
F0 69 EE 8F 1C 25 FA AB 31 32 33 34 35 36 37 38
3F 0C 55 6A 5B F8 D1 36 31 32 33 34 35 36 37 38
8E AF BC 45 9A CB A8 C1 31 32 33 34 35 36 37 38
DD 52 23 20 D9 9E 7F 4C 31 32 33 34 35 36 37 38
2C F5 8A FB 18 71 56 D7 31 32 33 34 35 36 37 38
7B 98 F1 D6 57 44 2D 62 31 32 33 34 35 36 37 38
CA 3B 58 B1 96 17 04 ED 31 32 33 34 35 36 37 38
19 DE BF 8C D5 EA DB 78 31 32 33 34 35 36 37 38
68 81 26 67 14 BD B2 03 31 32 33 34 35 36 37 38
B7 24 8D 42 53 90 89 8E 31 32 33 34 35 36 37 38
06 C7 F4 1D 92 63 60 19 31 32 33 34 35 36 37 38
55 6A 5B F8 D1 36 37 A4 31 32 33 34 35 36 37 38
A4 0D C2 D3 10 09 0E 2F 31 32 33 34 35 36 37 38
F3 B0 29 AE 4F DC E5 BA 31 32 33 34 35 36 37 38
42 53 90 89 8E AF BC 45 31 32 33 34 35 36 37 38
91 F6 F7 64 CD 82 93 D0 31 32 33 34 35 36 37 38
E0 99 5E 3F 0C 55 6A 5B 31 32 33 34 35 36 37 38
2F 3C C5 1A 4B 28 41 E6 31 32 33 34 35 36 37 38
7E DF 2C F5 8A FB 18 71 31 32 33 34 35 36 37 38
CD 82 93 D0 C9 CE EF FC 31 32 33 34 35 36 37 38
1C 25 FA AB 08 A1 C6 87 31 32 33 34 35 36 37 38
6B C8 61 86 47 74 9D 12 31 32 33 34 35 36 37 38
BA 6B C8 61 86 47 74 9D 31 32 33 34 35 36 37 38
09 0E 2F 3C C5 1A 4B 28 31 32 33 34 35 36 37 38
58 B1 96 17 04 ED 22 B3 31 32 33 34 35 36 37 38
A7 54 FD F2 43 C0 F9 3E 31 32 33 34 35 36 37 38
F6 F7 64 CD 82 93 D0 C9 31 32 33 34 35 36 37 38
45 9A CB A8 C1 66 A7 54 31 32 33 34 35 36 37 38
94 3D 32 83 00 39 7E DF 31 32 33 34 35 36 37 38
E3 E0 99 5E 3F 0C 55 6A 31 32 33 34 35 36 37 38
32 83 00 39 7E DF 2C F5 31 32 33 34 35 36 37 38
81 26 67 14 BD B2 03 80 31 32 33 34 35 36 37 38
D0 C9 CE EF FC 85 DA 0B 31 32 33 34 35 36 37 38
1F 6C 35 CA 3B 58 B1 96 31 32 33 34 35 36 37 38
6E 0F 9C A5 7A 2B 88 21 31 32 33 34 35 36 37 38
BD B2 03 80 B9 FE 5F AC 31 32 33 34 35 36 37 38
0C 55 6A 5B F8 D1 36 37 31 32 33 34 35 36 37 38
5B F8 D1 36 37 A4 0D C2 31 32 33 34 35 36 37 38
AA 9B 38 11 76 77 E4 4D 31 32 33 34 35 36 37 38
F9 3E 9F EC B5 4A BB D8 31 32 33 34 35 36 37 38
48 E1 06 C7 F4 1D 92 63 31 32 33 34 35 36 37 38
97 84 6D A2 33 F0 69 EE 31 32 33 34 35 36 37 38
E6 27 D4 7D 72 C3 40 79 31 32 33 34 35 36 37 38
35 CA 3B 58 B1 96 17 04 31 32 33 34 35 36 37 38
84 6D A2 33 F0 69 EE 8F 31 32 33 34 35 36 37 38
D3 10 09 0E 2F 3C C5 1A 31 32 33 34 35 36 37 38
22 B3 70 E9 6E 0F 9C A5 31 32 33 34 35 36 37 38
71 56 D7 C4 AD E2 73 30 31 32 33 34 35 36 37 38
C0 F9 3E 9F EC B5 4A BB 31 32 33 34 35 36 37 38
0F 9C A5 7A 2B 88 21 46 31 32 33 34 35 36 37 38
5E 3F 0C 55 6A 5B F8 D1 31 32 33 34 35 36 37 38
AD E2 73 30 A9 2E CF 5C 31 32 33 34 35 36 37 38
FC 85 DA 0B E8 01 A6 E7 31 32 33 34 35 36 37 38
4B 28 41 E6 27 D4 7D 72 31 32 33 34 35 36 37 38
9A CB A8 C1 66 A7 54 FD 31 32 33 34 35 36 37 38
E9 6E 0F 9C A5 7A 2B 88 31 32 33 34 35 36 37 38
38 11 76 77 E4 4D 02 13 31 32 33 34 35 36 37 38
87 B4 DD 52 23 20 D9 9E 31 32 33 34 35 36 37 38
D6 57 44 2D 62 F3 B0 29 31 32 33 34 35 36 37 38
25 FA AB 08 A1 C6 87 B4 31 32 33 34 35 36 37 38
74 9D 12 E3 E0 99 5E 3F 31 32 33 34 35 36 37 38
C3 40 79 BE 1F 6C 35 CA 31 32 33 34 35 36 37 38
12 E3 E0 99 5E 3F 0C 55 31 32 33 34 35 36 37 38
61 86 47 74 9D 12 E3 E0 31 32 33 34 35 36 37 38
B0 29 AE 4F DC E5 BA 6B 31 32 33 34 35 36 37 38
FF CC 15 2A 1B B8 91 F6 31 32 33 34 35 36 37 38
4E 6F 7C 05 5A 8B 68 81 31 32 33 34 35 36 37 38
9D 12 E3 E0 99 5E 3F 0C 31 32 33 34 35 36 37 38
EC B5 4A BB D8 31 16 97 31 32 33 34 35 36 37 38
3B 58 B1 96 17 04 ED 22 31 32 33 34 35 36 37 38
8A FB 18 71 56 D7 C4 AD 31 32 33 34 35 36 37 38
D9 9E 7F 4C 95 AA 9B 38 31 32 33 34 35 36 37 38
28 41 E6 27 D4 7D 72 C3 31 32 33 34 35 36 37 38
77 E4 4D 02 13 50 49 4E 31 32 33 34 35 36 37 38
C6 87 B4 DD 52 23 20 D9 31 32 33 34 35 36 37 38
15 2A 1B B8 91 F6 F7 64 31 32 33 34 35 36 37 38
64 CD 82 93 D0 C9 CE EF 31 32 33 34 35 36 37 38
B3 70 E9 6E 0F 9C A5 7A 31 32 33 34 35 36 37 38
02 13 50 49 4E 6F 7C 05 31 32 33 34 35 36 37 38
51 B6 B7 24 8D 42 53 90 31 32 33 34 35 36 37 38
A0 59 1E FF CC 15 2A 1B 31 32 33 34 35 36 37 38
EF FC 85 DA 0B E8 01 A6 31 32 33 34 35 36 37 38
3E 9F EC B5 4A BB D8 31 31 32 33 34 35 36 37 38
8D 42 53 90 89 8E AF BC 31 32 33 34 35 36 37 38
DC E5 BA 6B C8 61 86 47 31 32 33 34 35 36 37 38
2B 88 21 46 07 34 5D D2 31 32 33 34 35 36 37 38
7A 2B 88 21 46 07 34 5D 31 32 33 34 35 36 37 38
C9 CE EF FC 85 DA 0B E8 31 32 33 34 35 36 37 38
18 71 56 D7 C4 AD E2 73 31 32 33 34 35 36 37 38
67 14 BD B2 03 80 B9 FE 31 32 33 34 35 36 37 38
B6 B7 24 8D 42 53 90 89 31 32 33 34 35 36 37 38
05 5A 8B 68 81 26 67 14 31 32 33 34 35 36 37 38
54 FD F2 43 C0 F9 3E 9F 31 32 33 34 35 36 37 38
A3 A0 59 1E FF CC 15 2A 31 32 33 34 35 36 37 38
F2 43 C0 F9 3E 9F EC B5 31 32 33 34 35 36 37 38
41 E6 27 D4 7D 72 C3 40 31 32 33 34 35 36 37 38
90 89 8E AF BC 45 9A CB 31 32 33 34 35 36 37 38
DF 2C F5 8A FB 18 71 56 31 32 33 34 35 36 37 38
2E CF 5C 65 3A EB 48 E1 31 32 33 34 35 36 37 38
7D 72 C3 40 79 BE 1F 6C 31 32 33 34 35 36 37 38
CC 15 2A 1B B8 91 F6 F7 31 32 33 34 35 36 37 38
1B B8 91 F6 F7 64 CD 82 31 32 33 34 35 36 37 38
6A 5B F8 D1 36 37 A4 0D 31 32 33 34 35 36 37 38
B9 FE 5F AC 75 0A 7B 98 31 32 33 34 35 36 37 38
08 A1 C6 87 B4 DD 52 23 31 32 33 34 35 36 37 38
57 44 2D 62 F3 B0 29 AE 31 32 33 34 35 36 37 38
A6 E7 94 3D 32 83 00 39 31 32 33 34 35 36 37 38
F5 8A FB 18 71 56 D7 C4 31 32 33 34 35 36 37 38
44 2D 62 F3 B0 29 AE 4F 31 32 33 34 35 36 37 38
93 D0 C9 CE EF FC 85 DA 31 32 33 34 35 36 37 38
E2 73 30 A9 2E CF 5C 65 31 32 33 34 35 36 37 38
31 16 97 84 6D A2 33 F0 31 32 33 34 35 36 37 38
80 B9 FE 5F AC 75 0A 7B 31 32 33 34 35 36 37 38
CF 5C 65 3A EB 48 E1 06 31 32 33 34 35 36 37 38
1E FF CC 15 2A 1B B8 91 31 32 33 34 35 36 37 38
6D A2 33 F0 69 EE 8F 1C 31 32 33 34 35 36 37 38
BC 45 9A CB A8 C1 66 A7 31 32 33 34 35 36 37 38
0B E8 01 A6 E7 94 3D 32 31 32 33 34 35 36 37 38
5A 8B 68 81 26 67 14 BD 31 32 33 34 35 36 37 38
A9 2E CF 5C 65 3A EB 48 31 32 33 34 35 36 37 38
F8 D1 36 37 A4 0D C2 D3 31 32 33 34 35 36 37 38
47 74 9D 12 E3 E0 99 5E 31 32 33 34 35 36 37 38
96 17 04 ED 22 B3 70 E9 31 32 33 34 35 36 37 38
E5 BA 6B C8 61 86 47 74 31 32 33 34 35 36 37 38
34 5D D2 A3 A0 59 1E FF 31 32 33 34 35 36 37 38
83 00 39 7E DF 2C F5 8A 31 32 33 34 35 36 37 38
D2 A3 A0 59 1E FF CC 15 31 32 33 34 35 36 37 38
21 46 07 34 5D D2 A3 A0 31 32 33 34 35 36 37 38
70 E9 6E 0F 9C A5 7A 2B 31 32 33 34 35 36 37 38
BF 8C D5 EA DB 78 51 B6 31 32 33 34 35 36 37 38
0E 2F 3C C5 1A 4B 28 41 31 32 33 34 35 36 37 38
5D D2 A3 A0 59 1E FF CC 31 32 33 34 35 36 37 38
AC 75 0A 7B 98 F1 D6 57 31 32 33 34 35 36 37 38
FB 18 71 56 D7 C4 AD E2 31 32 33 34 35 36 37 38
4A BB D8 31 16 97 84 6D 31 32 33 34 35 36 37 38
99 5E 3F 0C 55 6A 5B F8 31 32 33 34 35 36 37 38
E8 01 A6 E7 94 3D 32 83 31 32 33 34 35 36 37 38
37 A4 0D C2 D3 10 09 0E 31 32 33 34 35 36 37 38
86 47 74 9D 12 E3 E0 99 31 32 33 34 35 36 37 38
D5 EA DB 78 51 B6 B7 24 31 32 33 34 35 36 37 38
24 8D 42 53 90 89 8E AF 31 32 33 34 35 36 37 38
73 30 A9 2E CF 5C 65 3A 31 32 33 34 35 36 37 38
C2 D3 10 09 0E 2F 3C C5 31 32 33 34 35 36 37 38
11 76 77 E4 4D 02 13 50 31 32 33 34 35 36 37 38
60 19 DE BF 8C D5 EA DB 31 32 33 34 35 36 37 38
AF BC 45 9A CB A8 C1 66 31 32 33 34 35 36 37 38
FE 5F AC 75 0A 7B 98 F1 31 32 33 34 35 36 37 38
4D 02 13 50 49 4E 6F 7C 31 32 33 34 35 36 37 38
9C A5 7A 2B 88 21 46 07 31 32 33 34 35 36 37 38
EB 48 E1 06 C7 F4 1D 92 31 32 33 34 35 36 37 38
3A EB 48 E1 06 C7 F4 1D 31 32 33 34 35 36 37 38
89 8E AF BC 45 9A CB A8 31 32 33 34 35 36 37 38
D8 31 16 97 84 6D A2 33 31 32 33 34 35 36 37 38
27 D4 7D 72 C3 40 79 BE 31 32 33 34 35 36 37 38
76 77 E4 4D 02 13 50 49 31 32 33 34 35 36 37 38
C5 1A 4B 28 41 E6 27 D4 31 32 33 34 35 36 37 38
14 BD B2 03 80 B9 FE 5F 31 32 33 34 35 36 37 38
63 60 19 DE BF 8C D5 EA 31 32 33 34 35 36 37 38
B2 03 80 B9 FE 5F AC 75 31 32 33 34 35 36 37 38
01 A6 E7 94 3D 32 83 00 31 32 33 34 35 36 37 38
50 49 4E 6F 7C 05 5A 8B 31 32 33 34 35 36 37 38
9F EC B5 4A BB D8 31 16 31 32 33 34 35 36 37 38
EE 8F 1C 25 FA AB 08 A1 31 32 33 34 35 36 37 38
3D 32 83 00 39 7E DF 2C 31 32 33 34 35 36 37 38
8C D5 EA DB 78 51 B6 B7 31 32 33 34 35 36 37 38
DB 78 51 B6 B7 24 8D 42 31 32 33 34 35 36 37 38
2A 1B B8 91 F6 F7 64 CD 31 32 33 34 35 36 37 38
79 BE 1F 6C 35 CA 3B 58 31 32 33 34 35 36 37 38
C8 61 86 47 74 9D 12 E3 31 32 33 34 35 36 37 38
17 04 ED 22 B3 70 E9 6E 31 32 33 34 35 36 37 38
66 A7 54 FD F2 43 C0 F9 31 32 33 34 35 36 37 38
B5 4A BB D8 31 16 97 84 31 32 33 34 35 36 37 38
04 ED 22 B3 70 E9 6E 0F 31 32 33 34 35 36 37 38
53 90 89 8E AF BC 45 9A 31 32 33 34 35 36 37 38
A2 33 F0 69 EE 8F 1C 25 31 32 33 34 35 36 37 38
F1 D6 57 44 2D 62 F3 B0 31 32 33 34 35 36 37 38
40 79 BE 1F 6C 35 CA 3B 31 32 33 34 35 36 37 38
8F 1C 25 FA AB 08 A1 C6 31 32 33 34 35 36 37 38
DE BF 8C D5 EA DB 78 51 31 32 33 34 35 36 37 38
2D 62 F3 B0 29 AE 4F DC 31 32 33 34 35 36 37 38
7C 05 5A 8B 68 81 26 67 31 32 33 34 35 36 37 38
CB A8 C1 66 A7 54 FD F2 31 32 33 34 35 36 37 38
1A 4B 28 41 E6 27 D4 7D 31 32 33 34 35 36 37 38
69 EE 8F 1C 25 FA AB 08 31 32 33 34 35 36 37 38
B8 91 F6 F7 64 CD 82 93 31 32 33 34 35 36 37 38
07 34 5D D2 A3 A0 59 1E 31 32 33 34 35 36 37 38
56 D7 C4 AD E2 73 30 A9 31 32 33 34 35 36 37 38
A5 7A 2B 88 21 46 07 34 31 32 33 34 35 36 37 38
F4 1D 92 63 60 19 DE BF 31 32 33 34 35 36 37 38
43 C0 F9 3E 9F EC B5 4A 31 32 33 34 35 36 37 38
92 63 60 19 DE BF 8C D5 31 32 33 34 35 36 37 38
E1 06 C7 F4 1D 92 63 60 31 32 33 34 35 36 37 38
30 A9 2E CF 5C 65 3A EB 31 32 33 34 35 36 37 38
7F 4C 95 AA 9B 38 11 76 31 32 33 34 35 36 37 38
CE EF FC 85 DA 0B E8 01 31 32 33 34 35 36 37 38
1D 92 63 60 19 DE BF 8C 31 32 33 34 35 36 37 38
6C 35 CA 3B 58 B1 96 17 31 32 33 34 35 36 37 38
BB D8 31 16 97 84 6D A2 31 32 33 34 35 36 37 38
0A 7B 98 F1 D6 57 44 2D 31 32 33 34 35 36 37 38
59 1E FF CC 15 2A 1B B8 31 32 33 34 35 36 37 38
A8 C1 66 A7 54 FD F2 43 31 32 33 34 35 36 37 38
F7 64 CD 82 93 D0 C9 CE 31 32 33 34 35 36 37 38
46 07 34 5D D2 A3 A0 59 31 32 33 34 35 36 37 38
95 AA 9B 38 11 76 77 E4 31 32 33 34 35 36 37 38
E4 4D 02 13 50 49 4E 6F 31 32 33 34 35 36 37 38
33 F0 69 EE 8F 1C 25 FA 31 32 33 34 35 36 37 38
82 93 D0 C9 CE EF FC 85 31 32 33 34 35 36 37 38
D1 36 37 A4 0D C2 D3 10 31 32 33 34 35 36 37 38
20 D9 9E 7F 4C 95 AA 9B 31 32 33 34 35 36 37 38
6F 7C 05 5A 8B 68 81 26 31 32 33 34 35 36 37 38
BE 1F 6C 35 CA 3B 58 B1 31 32 33 34 35 36 37 38
0D C2 D3 10 09 0E 2F 3C 31 32 33 34 35 36 37 38
5C 65 3A EB 48 E1 06 C7 31 32 33 34 35 36 37 38
AB 08 A1 C6 87 B4 DD 52 31 32 33 34 35 36 37 38
FA AB 08 A1 C6 87 B4 DD 31 32 33 34 35 36 37 38
49 4E 6F 7C 05 5A 8B 68 31 32 33 34 35 36 37 38
98 F1 D6 57 44 2D 62 F3 31 32 33 34 35 36 37 38
E7 94 3D 32 83 00 39 7E 31 32 33 34 35 36 37 38
36 37 A4 0D C2 D3 10 09 31 32 33 34 35 36 37 38
85 DA 0B E8 01 A6 E7 94 31 32 33 34 35 36 37 38
D4 7D 72 C3 40 79 BE 1F 31 32 33 34 35 36 37 38
23 20 D9 9E 7F 4C 95 AA 31 32 33 34 35 36 37 38
72 C3 40 79 BE 1F 6C 35 31 32 33 34 35 36 37 38
C1 66 A7 54 FD F2 43 C0 31 32 33 34 35 36 37 38
10 09 0E 2F 3C C5 1A 4B 31 32 33 34 35 36 37 38
5F AC 75 0A 7B 98 F1 D6 31 32 33 34 35 36 37 38
AE 4F DC E5 BA 6B C8 61 31 32 33 34 35 36 37 38
FD F2 43 C0 F9 3E 9F EC 31 32 33 34 35 36 37 38
4C 95 AA 9B 38 11 76 77 31 32 33 34 35 36 37 38
9B 38 11 76 77 E4 4D 02 31 32 33 34 35 36 37 38
EA DB 78 51 B6 B7 24 8D 31 32 33 34 35 36 37 38
39 7E DF 2C F5 8A FB 18 31 32 33 34 35 36 37 38
88 21 46 07 34 5D D2 A3 31 32 33 34 35 36 37 38
D7 C4 AD E2 73 30 A9 2E 31 32 33 34 35 36 37 38
26 67 14 BD B2 03 80 B9 31 32 33 34 35 36 37 38
75 0A 7B 98 F1 D6 57 44 31 32 33 34 35 36 37 38
C4 AD E2 73 30 A9 2E CF 31 32 33 34 35 36 37 38
13 50 49 4E 6F 7C 05 5A 31 32 33 34 35 36 37 38
62 F3 B0 29 AE 4F DC E5 31 32 33 34 35 36 37 38
B1 96 17 04 ED 22 B3 70 31 32 33 34 35 36 37 38
00 39 7E DF 2C F5 8A FB 31 32 33 34 35 36 37 38
4F DC E5 BA 6B C8 61 86 31 32 33 34 35 36 37 38
9E 7F 4C 95 AA 9B 38 11 31 32 33 34 35 36 37 38
ED 22 B3 70 E9 6E 0F 9C 31 32 33 34 35 36 37 38
3C C5 1A 4B 28 41 E6 27 31 32 33 34 35 36 37 38
8B 68 81 26 67 14 BD B2 31 32 33 34 35 36 37 38
DA 0B E8 01 A6 E7 94 3D 31 32 33 34 35 36 37 38
29 AE 4F DC E5 BA 6B C8 31 32 33 34 35 36 37 38
78 51 B6 B7 24 8D 42 53 31 32 33 34 35 36 37 38
C7 F4 1D 92 63 60 19 DE 31 32 33 34 35 36 37 38
16 97 84 6D A2 33 F0 69 31 32 33 34 35 36 37 38
65 3A EB 48 E1 06 C7 F4 31 32 33 34 35 36 37 38
B4 DD 52 23 20 D9 9E 7F 31 32 33 34 35 36 37 38
03 80 B9 FE 5F AC 75 0A 31 32 33 34 35 36 37 38
52 23 20 D9 9E 7F 4C 95 31 32 33 34 35 36 37 38
A1 C6 87 B4 DD 52 23 20 31 32 33 34 35 36 37 38
F0 69 EE 8F 1C 25 FA AB 31 32 33 34 35 36 37 38
3F 0C 55 6A 5B F8 D1 36 31 32 33 34 35 36 37 38
8E AF BC 45 9A CB A8 C1 31 32 33 34 35 36 37 38
DD 52 23 20 D9 9E 7F 4C 31 32 33 34 35 36 37 38
2C F5 8A FB 18 71 56 D7 31 32 33 34 35 36 37 38
7B 98 F1 D6 57 44 2D 62 31 32 33 34 35 36 37 38
CA 3B 58 B1 96 17 04 ED 31 32 33 34 35 36 37 38
19 DE BF 8C D5 EA DB 78 31 32 33 34 35 36 37 38
68 81 26 67 14 BD B2 03 31 32 33 34 35 36 37 38
B7 24 8D 42 53 90 89 8E 31 32 33 34 35 36 37 38
06 C7 F4 1D 92 63 60 19 31 32 33 34 35 36 37 38
55 6A 5B F8 D1 36 37 A4 31 32 33 34 35 36 37 38
A4 0D C2 D3 10 09 0E 2F 31 32 33 34 35 36 37 38
F3 B0 29 AE 4F DC E5 BA 31 32 33 34 35 36 37 38
42 53 90 89 8E AF BC 45 31 32 33 34 35 36 37 38
91 F6 F7 64 CD 82 93 D0 31 32 33 34 35 36 37 38
E0 99 5E 3F 0C 55 6A 5B 31 32 33 34 35 36 37 38
2F 3C C5 1A 4B 28 41 E6 31 32 33 34 35 36 37 38
7E DF 2C F5 8A FB 18 71 31 32 33 34 35 36 37 38
CD 82 93 D0 C9 CE EF FC 31 32 33 34 35 36 37 38
1C 25 FA AB 08 A1 C6 87 31 32 33 34 35 36 37 38
6B C8 61 86 47 74 9D 12 31 32 33 34 35 36 37 38
BA 6B C8 61 86 47 74 9D 31 32 33 34 35 36 37 38
09 0E 2F 3C C5 1A 4B 28 31 32 33 34 35 36 37 38
58 B1 96 17 04 ED 22 B3 31 32 33 34 35 36 37 38
A7 54 FD F2 43 C0 F9 3E 31 32 33 34 35 36 37 38
F6 F7 64 CD 82 93 D0 C9 31 32 33 34 35 36 37 38
45 9A CB A8 C1 66 A7 54 31 32 33 34 35 36 37 38
94 3D 32 83 00 39 7E DF 31 32 33 34 35 36 37 38
E3 E0 99 5E 3F 0C 55 6A 31 32 33 34 35 36 37 38
32 83 00 39 7E DF 2C F5 31 32 33 34 35 36 37 38
81 26 67 14 BD B2 03 80 31 32 33 34 35 36 37 38
D0 C9 CE EF FC 85 DA 0B 31 32 33 34 35 36 37 38
1F 6C 35 CA 3B 58 B1 96 31 32 33 34 35 36 37 38
6E 0F 9C A5 7A 2B 88 21 31 32 33 34 35 36 37 38
BD B2 03 80 B9 FE 5F AC 31 32 33 34 35 36 37 38
0C 55 6A 5B F8 D1 36 37 31 32 33 34 35 36 37 38
5B F8 D1 36 37 A4 0D C2 31 32 33 34 35 36 37 38
AA 9B 38 11 76 77 E4 4D 31 32 33 34 35 36 37 38
F9 3E 9F EC B5 4A BB D8 31 32 33 34 35 36 37 38
48 E1 06 C7 F4 1D 92 63 31 32 33 34 35 36 37 38
97 84 6D A2 33 F0 69 EE 31 32 33 34 35 36 37 38
E6 27 D4 7D 72 C3 40 79 31 32 33 34 35 36 37 38
35 CA 3B 58 B1 96 17 04 31 32 33 34 35 36 37 38
84 6D A2 33 F0 69 EE 8F 31 32 33 34 35 36 37 38
D3 10 09 0E 2F 3C C5 1A 31 32 33 34 35 36 37 38
22 B3 70 E9 6E 0F 9C A5 31 32 33 34 35 36 37 38
71 56 D7 C4 AD E2 73 30 31 32 33 34 35 36 37 38
C0 F9 3E 9F EC B5 4A BB 31 32 33 34 35 36 37 38
0F 9C A5 7A 2B 88 21 46 31 32 33 34 35 36 37 38
5E 3F 0C 55 6A 5B F8 D1 31 32 33 34 35 36 37 38
AD E2 73 30 A9 2E CF 5C 31 32 33 34 35 36 37 38
FC 85 DA 0B E8 01 A6 E7 31 32 33 34 35 36 37 38
4B 28 41 E6 27 D4 7D 72 31 32 33 34 35 36 37 38
9A CB A8 C1 66 A7 54 FD 31 32 33 34 35 36 37 38
E9 6E 0F 9C A5 7A 2B 88 31 32 33 34 35 36 37 38
38 11 76 77 E4 4D 02 13 31 32 33 34 35 36 37 38
87 B4 DD 52 23 20 D9 9E 31 32 33 34 35 36 37 38
D6 57 44 2D 62 F3 B0 29 31 32 33 34 35 36 37 38
25 FA AB 08 A1 C6 87 B4 31 32 33 34 35 36 37 38
74 9D 12 E3 E0 99 5E 3F 31 32 33 34 35 36 37 38
C3 40 79 BE 1F 6C 35 CA 31 32 33 34 35 36 37 38
12 E3 E0 99 5E 3F 0C 55 31 32 33 34 35 36 37 38
61 86 47 74 9D 12 E3 E0 31 32 33 34 35 36 37 38
B0 29 AE 4F DC E5 BA 6B 31 32 33 34 35 36 37 38
FF CC 15 2A 1B B8 91 F6 31 32 33 34 35 36 37 38
4E 6F 7C 05 5A 8B 68 81 31 32 33 34 35 36 37 38
9D 12 E3 E0 99 5E 3F 0C 31 32 33 34 35 36 37 38
EC B5 4A BB D8 31 16 97 31 32 33 34 35 36 37 38
3B 58 B1 96 17 04 ED 22 31 32 33 34 35 36 37 38
8A FB 18 71 56 D7 C4 AD 31 32 33 34 35 36 37 38
D9 9E 7F 4C 95 AA 9B 38 31 32 33 34 35 36 37 38
28 41 E6 27 D4 7D 72 C3 31 32 33 34 35 36 37 38
77 E4 4D 02 13 50 49 4E 31 32 33 34 35 36 37 38
C6 87 B4 DD 52 23 20 D9 31 32 33 34 35 36 37 38
15 2A 1B B8 91 F6 F7 64 31 32 33 34 35 36 37 38
64 CD 82 93 D0 C9 CE EF 31 32 33 34 35 36 37 38
B3 70 E9 6E 0F 9C A5 7A 31 32 33 34 35 36 37 38
02 13 50 49 4E 6F 7C 05 31 32 33 34 35 36 37 38
51 B6 B7 24 8D 42 53 90 31 32 33 34 35 36 37 38
A0 59 1E FF CC 15 2A 1B 31 32 33 34 35 36 37 38
EF FC 85 DA 0B E8 01 A6 31 32 33 34 35 36 37 38
3E 9F EC B5 4A BB D8 31 31 32 33 34 35 36 37 38
8D 42 53 90 89 8E AF BC 31 32 33 34 35 36 37 38
DC E5 BA 6B C8 61 86 47 31 32 33 34 35 36 37 38
2B 88 21 46 07 34 5D D2 31 32 33 34 35 36 37 38
7A 2B 88 21 46 07 34 5D 31 32 33 34 35 36 37 38
C9 CE EF FC 85 DA 0B E8 31 32 33 34 35 36 37 38
18 71 56 D7 C4 AD E2 73 31 32 33 34 35 36 37 38
67 14 BD B2 03 80 B9 FE 31 32 33 34 35 36 37 38
B6 B7 24 8D 42 53 90 89 31 32 33 34 35 36 37 38
05 5A 8B 68 81 26 67 14 31 32 33 34 35 36 37 38
54 FD F2 43 C0 F9 3E 9F 31 32 33 34 35 36 37 38
A3 A0 59 1E FF CC 15 2A 31 32 33 34 35 36 37 38
F2 43 C0 F9 3E 9F EC B5 31 32 33 34 35 36 37 38
41 E6 27 D4 7D 72 C3 40 31 32 33 34 35 36 37 38
90 89 8E AF BC 45 9A CB 31 32 33 34 35 36 37 38
DF 2C F5 8A FB 18 71 56 31 32 33 34 35 36 37 38
2E CF 5C 65 3A EB 48 E1 31 32 33 34 35 36 37 38
7D 72 C3 40 79 BE 1F 6C 31 32 33 34 35 36 37 38
CC 15 2A 1B B8 91 F6 F7 31 32 33 34 35 36 37 38
1B B8 91 F6 F7 64 CD 82 31 32 33 34 35 36 37 38
6A 5B F8 D1 36 37 A4 0D 31 32 33 34 35 36 37 38
B9 FE 5F AC 75 0A 7B 98 31 32 33 34 35 36 37 38
08 A1 C6 87 B4 DD 52 23 31 32 33 34 35 36 37 38
57 44 2D 62 F3 B0 29 AE 31 32 33 34 35 36 37 38
A6 E7 94 3D 32 83 00 39 31 32 33 34 35 36 37 38
F5 8A FB 18 71 56 D7 C4 31 32 33 34 35 36 37 38
44 2D 62 F3 B0 29 AE 4F 31 32 33 34 35 36 37 38
93 D0 C9 CE EF FC 85 DA 31 32 33 34 35 36 37 38
E2 73 30 A9 2E CF 5C 65 31 32 33 34 35 36 37 38
31 16 97 84 6D A2 33 F0 31 32 33 34 35 36 37 38
80 B9 FE 5F AC 75 0A 7B 31 32 33 34 35 36 37 38
CF 5C 65 3A EB 48 E1 06 31 32 33 34 35 36 37 38
1E FF CC 15 2A 1B B8 91 31 32 33 34 35 36 37 38
6D A2 33 F0 69 EE 8F 1C 31 32 33 34 35 36 37 38
BC 45 9A CB A8 C1 66 A7 31 32 33 34 35 36 37 38
0B E8 01 A6 E7 94 3D 32 31 32 33 34 35 36 37 38
5A 8B 68 81 26 67 14 BD 31 32 33 34 35 36 37 38
A9 2E CF 5C 65 3A EB 48 31 32 33 34 35 36 37 38
F8 D1 36 37 A4 0D C2 D3 31 32 33 34 35 36 37 38
47 74 9D 12 E3 E0 99 5E 31 32 33 34 35 36 37 38
96 17 04 ED 22 B3 70 E9 31 32 33 34 35 36 37 38
E5 BA 6B C8 61 86 47 74 31 32 33 34 35 36 37 38
34 5D D2 A3 A0 59 1E FF 31 32 33 34 35 36 37 38
83 00 39 7E DF 2C F5 8A 31 32 33 34 35 36 37 38
D2 A3 A0 59 1E FF CC 15 31 32 33 34 35 36 37 38
21 46 07 34 5D D2 A3 A0 31 32 33 34 35 36 37 38
70 E9 6E 0F 9C A5 7A 2B 31 32 33 34 35 36 37 38
BF 8C D5 EA DB 78 51 B6 31 32 33 34 35 36 37 38
0E 2F 3C C5 1A 4B 28 41 31 32 33 34 35 36 37 38
5D D2 A3 A0 59 1E FF CC 31 32 33 34 35 36 37 38
AC 75 0A 7B 98 F1 D6 57 31 32 33 34 35 36 37 38
FB 18 71 56 D7 C4 AD E2 31 32 33 34 35 36 37 38
4A BB D8 31 16 97 84 6D 31 32 33 34 35 36 37 38
99 5E 3F 0C 55 6A 5B F8 31 32 33 34 35 36 37 38
E8 01 A6 E7 94 3D 32 83 31 32 33 34 35 36 37 38
37 A4 0D C2 D3 10 09 0E 31 32 33 34 35 36 37 38
86 47 74 9D 12 E3 E0 99 31 32 33 34 35 36 37 38
D5 EA DB 78 51 B6 B7 24 31 32 33 34 35 36 37 38
24 8D 42 53 90 89 8E AF 31 32 33 34 35 36 37 38
73 30 A9 2E CF 5C 65 3A 31 32 33 34 35 36 37 38
C2 D3 10 09 0E 2F 3C C5 31 32 33 34 35 36 37 38
11 76 77 E4 4D 02 13 50 31 32 33 34 35 36 37 38
60 19 DE BF 8C D5 EA DB 31 32 33 34 35 36 37 38
AF BC 45 9A CB A8 C1 66 31 32 33 34 35 36 37 38
FE 5F AC 75 0A 7B 98 F1 31 32 33 34 35 36 37 38
4D 02 13 50 49 4E 6F 7C 31 32 33 34 35 36 37 38
9C A5 7A 2B 88 21 46 07 31 32 33 34 35 36 37 38
EB 48 E1 06 C7 F4 1D 92 31 32 33 34 35 36 37 38
3A EB 48 E1 06 C7 F4 1D 31 32 33 34 35 36 37 38
89 8E AF BC 45 9A CB A8 31 32 33 34 35 36 37 38
D8 31 16 97 84 6D A2 33 31 32 33 34 35 36 37 38
27 D4 7D 72 C3 40 79 BE 31 32 33 34 35 36 37 38
76 77 E4 4D 02 13 50 49 31 32 33 34 35 36 37 38
C5 1A 4B 28 41 E6 27 D4 31 32 33 34 35 36 37 38
14 BD B2 03 80 B9 FE 5F 31 32 33 34 35 36 37 38
63 60 19 DE BF 8C D5 EA 31 32 33 34 35 36 37 38
B2 03 80 B9 FE 5F AC 75 31 32 33 34 35 36 37 38
01 A6 E7 94 3D 32 83 00 31 32 33 34 35 36 37 38
50 49 4E 6F 7C 05 5A 8B 31 32 33 34 35 36 37 38
9F EC B5 4A BB D8 31 16 31 32 33 34 35 36 37 38
EE 8F 1C 25 FA AB 08 A1 31 32 33 34 35 36 37 38
3D 32 83 00 39 7E DF 2C 31 32 33 34 35 36 37 38
8C D5 EA DB 78 51 B6 B7 31 32 33 34 35 36 37 38
DB 78 51 B6 B7 24 8D 42 31 32 33 34 35 36 37 38
2A 1B B8 91 F6 F7 64 CD 31 32 33 34 35 36 37 38
79 BE 1F 6C 35 CA 3B 58 31 32 33 34 35 36 37 38
C8 61 86 47 74 9D 12 E3 31 32 33 34 35 36 37 38
17 04 ED 22 B3 70 E9 6E 31 32 33 34 35 36 37 38
66 A7 54 FD F2 43 C0 F9 31 32 33 34 35 36 37 38
B5 4A BB D8 31 16 97 84 31 32 33 34 35 36 37 38
04 ED 22 B3 70 E9 6E 0F 31 32 33 34 35 36 37 38
53 90 89 8E AF BC 45 9A 31 32 33 34 35 36 37 38
0F 9C A5 7A 2B 88 21 46 31 32 33 34 35 36 37 38
5E 3F 0C 55 6A 5B F8 D1 31 32 33 34 35 36 37 38
AD E2 73 30 A9 2E CF 5C 31 32 33 34 35 36 37 38
FC 85 DA 0B E8 01 A6 E7 31 32 33 34 35 36 37 38
4B 28 41 E6 27 D4 7D 72 31 32 33 34 35 36 37 38
9A CB A8 C1 66 A7 54 FD 31 32 33 34 35 36 37 38
E9 6E 0F 9C A5 7A 2B 88 31 32 33 34 35 36 37 38
38 11 76 77 E4 4D 02 13 31 32 33 34 35 36 37 38
87 B4 DD 52 23 20 D9 9E 31 32 33 34 35 36 37 38
D6 57 44 2D 62 F3 B0 29 31 32 33 34 35 36 37 38
25 FA AB 08 A1 C6 87 B4 31 32 33 34 35 36 37 38
74 9D 12 E3 E0 99 5E 3F 31 32 33 34 35 36 37 38
C3 40 79 BE 1F 6C 35 CA 31 32 33 34 35 36 37 38
12 E3 E0 99 5E 3F 0C 55 31 32 33 34 35 36 37 38
61 86 47 74 9D 12 E3 E0 31 32 33 34 35 36 37 38
B0 29 AE 4F DC E5 BA 6B 31 32 33 34 35 36 37 38
FF CC 15 2A 1B B8 91 F6 31 32 33 34 35 36 37 38
4E 6F 7C 05 5A 8B 68 81 31 32 33 34 35 36 37 38
9D 12 E3 E0 99 5E 3F 0C 31 32 33 34 35 36 37 38
EC B5 4A BB D8 31 16 97 31 32 33 34 35 36 37 38
3B 58 B1 96 17 04 ED 22 31 32 33 34 35 36 37 38
8A FB 18 71 56 D7 C4 AD 31 32 33 34 35 36 37 38
D9 9E 7F 4C 95 AA 9B 38 31 32 33 34 35 36 37 38
28 41 E6 27 D4 7D 72 C3 31 32 33 34 35 36 37 38
77 E4 4D 02 13 50 49 4E 31 32 33 34 35 36 37 38
C6 87 B4 DD 52 23 20 D9 31 32 33 34 35 36 37 38
15 2A 1B B8 91 F6 F7 64 31 32 33 34 35 36 37 38
64 CD 82 93 D0 C9 CE EF 31 32 33 34 35 36 37 38
B3 70 E9 6E 0F 9C A5 7A 31 32 33 34 35 36 37 38
02 13 50 49 4E 6F 7C 05 31 32 33 34 35 36 37 38
51 B6 B7 24 8D 42 53 90 31 32 33 34 35 36 37 38
A0 59 1E FF CC 15 2A 1B 31 32 33 34 35 36 37 38
EF FC 85 DA 0B E8 01 A6 31 32 33 34 35 36 37 38
3E 9F EC B5 4A BB D8 31 31 32 33 34 35 36 37 38
8D 42 53 90 89 8E AF BC 31 32 33 34 35 36 37 38
DC E5 BA 6B C8 61 86 47 31 32 33 34 35 36 37 38
2B 88 21 46 07 34 5D D2 31 32 33 34 35 36 37 38
7A 2B 88 21 46 07 34 5D 31 32 33 34 35 36 37 38
C9 CE EF FC 85 DA 0B E8 31 32 33 34 35 36 37 38
18 71 56 D7 C4 AD E2 73 31 32 33 34 35 36 37 38
67 14 BD B2 03 80 B9 FE 31 32 33 34 35 36 37 38
B6 B7 24 8D 42 53 90 89 31 32 33 34 35 36 37 38
05 5A 8B 68 81 26 67 14 31 32 33 34 35 36 37 38
54 FD F2 43 C0 F9 3E 9F 31 32 33 34 35 36 37 38
A3 A0 59 1E FF CC 15 2A 31 32 33 34 35 36 37 38
F2 43 C0 F9 3E 9F EC B5 31 32 33 34 35 36 37 38
41 E6 27 D4 7D 72 C3 40 31 32 33 34 35 36 37 38
90 89 8E AF BC 45 9A CB 31 32 33 34 35 36 37 38
DF 2C F5 8A FB 18 71 56 31 32 33 34 35 36 37 38
2E CF 5C 65 3A EB 48 E1 31 32 33 34 35 36 37 38
7D 72 C3 40 79 BE 1F 6C 31 32 33 34 35 36 37 38
CC 15 2A 1B B8 91 F6 F7 31 32 33 34 35 36 37 38
1B B8 91 F6 F7 64 CD 82 31 32 33 34 35 36 37 38
6A 5B F8 D1 36 37 A4 0D 31 32 33 34 35 36 37 38
B9 FE 5F AC 75 0A 7B 98 31 32 33 34 35 36 37 38
08 A1 C6 87 B4 DD 52 23 31 32 33 34 35 36 37 38
57 44 2D 62 F3 B0 29 AE 31 32 33 34 35 36 37 38
A6 E7 94 3D 32 83 00 39 31 32 33 34 35 36 37 38
F5 8A FB 18 71 56 D7 C4 31 32 33 34 35 36 37 38
44 2D 62 F3 B0 29 AE 4F 31 32 33 34 35 36 37 38
93 D0 C9 CE EF FC 85 DA 31 32 33 34 35 36 37 38
E2 73 30 A9 2E CF 5C 65 31 32 33 34 35 36 37 38
31 16 97 84 6D A2 33 F0 31 32 33 34 35 36 37 38
8B 68 81 26 67 14 BD B2 31 32 33 34 35 36 37 38
DA 0B E8 01 A6 E7 94 3D 31 32 33 34 35 36 37 38
64 CD 82 93 D0 C9 CE EF 31 32 33 34 35 36 37 38
B3 70 E9 6E 0F 9C A5 7A 31 32 33 34 35 36 37 38
02 13 50 49 4E 6F 7C 05 31 32 33 34 35 36 37 38
51 B6 B7 24 8D 42 53 90 31 32 33 34 35 36 37 38
A0 59 1E FF CC 15 2A 1B 31 32 33 34 35 36 37 38
EF FC 85 DA 0B E8 01 A6 31 32 33 34 35 36 37 38
3E 9F EC B5 4A BB D8 31 31 32 33 34 35 36 37 38
8D 42 53 90 89 8E AF BC 31 32 33 34 35 36 37 38
DC E5 BA 6B C8 61 86 47 31 32 33 34 35 36 37 38
2B 88 21 46 07 34 5D D2 31 32 33 34 35 36 37 38
7A 2B 88 21 46 07 34 5D 31 32 33 34 35 36 37 38
C9 CE EF FC 85 DA 0B E8 31 32 33 34 35 36 37 38
18 71 56 D7 C4 AD E2 73 31 32 33 34 35 36 37 38
67 14 BD B2 03 80 B9 FE 31 32 33 34 35 36 37 38
B6 B7 24 8D 42 53 90 89 31 32 33 34 35 36 37 38
05 5A 8B 68 81 26 67 14 31 32 33 34 35 36 37 38
54 FD F2 43 C0 F9 3E 9F 31 32 33 34 35 36 37 38
A3 A0 59 1E FF CC 15 2A 31 32 33 34 35 36 37 38
F2 43 C0 F9 3E 9F EC B5 31 32 33 34 35 36 37 38
41 E6 27 D4 7D 72 C3 40 31 32 33 34 35 36 37 38
90 89 8E AF BC 45 9A CB 31 32 33 34 35 36 37 38
DF 2C F5 8A FB 18 71 56 31 32 33 34 35 36 37 38
2E CF 5C 65 3A EB 48 E1 31 32 33 34 35 36 37 38
7D 72 C3 40 79 BE 1F 6C 31 32 33 34 35 36 37 38
CC 15 2A 1B B8 91 F6 F7 31 32 33 34 35 36 37 38
1B B8 91 F6 F7 64 CD 82 31 32 33 34 35 36 37 38
6A 5B F8 D1 36 37 A4 0D 31 32 33 34 35 36 37 38
B9 FE 5F AC 75 0A 7B 98 31 32 33 34 35 36 37 38
08 A1 C6 87 B4 DD 52 23 31 32 33 34 35 36 37 38
57 44 2D 62 F3 B0 29 AE 31 32 33 34 35 36 37 38
A6 E7 94 3D 32 83 00 39 31 32 33 34 35 36 37 38
F5 8A FB 18 71 56 D7 C4 31 32 33 34 35 36 37 38
44 2D 62 F3 B0 29 AE 4F 31 32 33 34 35 36 37 38
93 D0 C9 CE EF FC 85 DA 31 32 33 34 35 36 37 38
E2 73 30 A9 2E CF 5C 65 31 32 33 34 35 36 37 38
31 16 97 84 6D A2 33 F0 31 32 33 34 35 36 37 38
80 B9 FE 5F AC 75 0A 7B 31 32 33 34 35 36 37 38
CF 5C 65 3A EB 48 E1 06 31 32 33 34 35 36 37 38
1E FF CC 15 2A 1B B8 91 31 32 33 34 35 36 37 38
6D A2 33 F0 69 EE 8F 1C 31 32 33 34 35 36 37 38
BC 45 9A CB A8 C1 66 A7 31 32 33 34 35 36 37 38
0B E8 01 A6 E7 94 3D 32 31 32 33 34 35 36 37 38
5A 8B 68 81 26 67 14 BD 31 32 33 34 35 36 37 38
A9 2E CF 5C 65 3A EB 48 31 32 33 34 35 36 37 38
F8 D1 36 37 A4 0D C2 D3 31 32 33 34 35 36 37 38
47 74 9D 12 E3 E0 99 5E 31 32 33 34 35 36 37 38
96 17 04 ED 22 B3 70 E9 31 32 33 34 35 36 37 38
E5 BA 6B C8 61 86 47 74 31 32 33 34 35 36 37 38
34 5D D2 A3 A0 59 1E FF 31 32 33 34 35 36 37 38
83 00 39 7E DF 2C F5 8A 31 32 33 34 35 36 37 38
D2 A3 A0 59 1E FF CC 15 31 32 33 34 35 36 37 38
21 46 07 34 5D D2 A3 A0 31 32 33 34 35 36 37 38
70 E9 6E 0F 9C A5 7A 2B 31 32 33 34 35 36 37 38
BF 8C D5 EA DB 78 51 B6 31 32 33 34 35 36 37 38
0E 2F 3C C5 1A 4B 28 41 31 32 33 34 35 36 37 38
5D D2 A3 A0 59 1E FF CC 31 32 33 34 35 36 37 38
AC 75 0A 7B 98 F1 D6 57 31 32 33 34 35 36 37 38
FB 18 71 56 D7 C4 AD E2 31 32 33 34 35 36 37 38
4A BB D8 31 16 97 84 6D 31 32 33 34 35 36 37 38
99 5E 3F 0C 55 6A 5B F8 31 32 33 34 35 36 37 38
E8 01 A6 E7 94 3D 32 83 31 32 33 34 35 36 37 38
37 A4 0D C2 D3 10 09 0E 31 32 33 34 35 36 37 38
86 47 74 9D 12 E3 E0 99 31 32 33 34 35 36 37 38
D5 EA DB 78 51 B6 B7 24 31 32 33 34 35 36 37 38
24 8D 42 53 90 89 8E AF 31 32 33 34 35 36 37 38
73 30 A9 2E CF 5C 65 3A 31 32 33 34 35 36 37 38
C2 D3 10 09 0E 2F 3C C5 31 32 33 34 35 36 37 38
11 76 77 E4 4D 02 13 50 31 32 33 34 35 36 37 38
60 19 DE BF 8C D5 EA DB 31 32 33 34 35 36 37 38
AF BC 45 9A CB A8 C1 66 31 32 33 34 35 36 37 38
FE 5F AC 75 0A 7B 98 F1 31 32 33 34 35 36 37 38
4D 02 13 50 49 4E 6F 7C 31 32 33 34 35 36 37 38
9C A5 7A 2B 88 21 46 07 31 32 33 34 35 36 37 38
EB 48 E1 06 C7 F4 1D 92 31 32 33 34 35 36 37 38
3A EB 48 E1 06 C7 F4 1D 31 32 33 34 35 36 37 38
89 8E AF BC 45 9A CB A8 31 32 33 34 35 36 37 38
D8 31 16 97 84 6D A2 33 31 32 33 34 35 36 37 38
27 D4 7D 72 C3 40 79 BE 31 32 33 34 35 36 37 38
76 77 E4 4D 02 13 50 49 31 32 33 34 35 36 37 38
C5 1A 4B 28 41 E6 27 D4 31 32 33 34 35 36 37 38
14 BD B2 03 80 B9 FE 5F 31 32 33 34 35 36 37 38
63 60 19 DE BF 8C D5 EA 31 32 33 34 35 36 37 38
B2 03 80 B9 FE 5F AC 75 31 32 33 34 35 36 37 38
01 A6 E7 94 3D 32 83 00 31 32 33 34 35 36 37 38
50 49 4E 6F 7C 05 5A 8B 31 32 33 34 35 36 37 38
9F EC B5 4A BB D8 31 16 31 32 33 34 35 36 37 38
EE 8F 1C 25 FA AB 08 A1 31 32 33 34 35 36 37 38
3D 32 83 00 39 7E DF 2C 31 32 33 34 35 36 37 38
8C D5 EA DB 78 51 B6 B7 31 32 33 34 35 36 37 38
DB 78 51 B6 B7 24 8D 42 31 32 33 34 35 36 37 38
2A 1B B8 91 F6 F7 64 CD 31 32 33 34 35 36 37 38
79 BE 1F 6C 35 CA 3B 58 31 32 33 34 35 36 37 38
C8 61 86 47 74 9D 12 E3 31 32 33 34 35 36 37 38
17 04 ED 22 B3 70 E9 6E 31 32 33 34 35 36 37 38
66 A7 54 FD F2 43 C0 F9 31 32 33 34 35 36 37 38
B5 4A BB D8 31 16 97 84 31 32 33 34 35 36 37 38
04 ED 22 B3 70 E9 6E 0F 31 32 33 34 35 36 37 38
53 90 89 8E AF BC 45 9A 31 32 33 34 35 36 37 38
A2 33 F0 69 EE 8F 1C 25 31 32 33 34 35 36 37 38
F1 D6 57 44 2D 62 F3 B0 31 32 33 34 35 36 37 38
40 79 BE 1F 6C 35 CA 3B 31 32 33 34 35 36 37 38
8F 1C 25 FA AB 08 A1 C6 31 32 33 34 35 36 37 38
DE BF 8C D5 EA DB 78 51 31 32 33 34 35 36 37 38
2D 62 F3 B0 29 AE 4F DC 31 32 33 34 35 36 37 38
7C 05 5A 8B 68 81 26 67 31 32 33 34 35 36 37 38
CB A8 C1 66 A7 54 FD F2 31 32 33 34 35 36 37 38
1A 4B 28 41 E6 27 D4 7D 31 32 33 34 35 36 37 38
69 EE 8F 1C 25 FA AB 08 31 32 33 34 35 36 37 38
B8 91 F6 F7 64 CD 82 93 31 32 33 34 35 36 37 38
07 34 5D D2 A3 A0 59 1E 31 32 33 34 35 36 37 38
56 D7 C4 AD E2 73 30 A9 31 32 33 34 35 36 37 38
A5 7A 2B 88 21 46 07 34 31 32 33 34 35 36 37 38
F4 1D 92 63 60 19 DE BF 31 32 33 34 35 36 37 38
43 C0 F9 3E 9F EC B5 4A 31 32 33 34 35 36 37 38
92 63 60 19 DE BF 8C D5 31 32 33 34 35 36 37 38
E1 06 C7 F4 1D 92 63 60 31 32 33 34 35 36 37 38
30 A9 2E CF 5C 65 3A EB 31 32 33 34 35 36 37 38
7F 4C 95 AA 9B 38 11 76 31 32 33 34 35 36 37 38
CE EF FC 85 DA 0B E8 01 31 32 33 34 35 36 37 38
1D 92 63 60 19 DE BF 8C 31 32 33 34 35 36 37 38
6C 35 CA 3B 58 B1 96 17 31 32 33 34 35 36 37 38
BB D8 31 16 97 84 6D A2 31 32 33 34 35 36 37 38
0A 7B 98 F1 D6 57 44 2D 31 32 33 34 35 36 37 38
59 1E FF CC 15 2A 1B B8 31 32 33 34 35 36 37 38
A8 C1 66 A7 54 FD F2 43 31 32 33 34 35 36 37 38
F7 64 CD 82 93 D0 C9 CE 31 32 33 34 35 36 37 38
46 07 34 5D D2 A3 A0 59 31 32 33 34 35 36 37 38
07 34 5D D2 A3 A0 59 1E 31 32 33 34 35 36 37 38
0F 9C A5 7A 2B 88 21 46 31 32 33 34 35 36 37 38
5E 3F 0C 55 6A 5B F8 D1 31 32 33 34 35 36 37 38
AD E2 73 30 A9 2E CF 5C 31 32 33 34 35 36 37 38
FC 85 DA 0B E8 01 A6 E7 31 32 33 34 35 36 37 38
4B 28 41 E6 27 D4 7D 72 31 32 33 34 35 36 37 38
9A CB A8 C1 66 A7 54 FD 31 32 33 34 35 36 37 38
E9 6E 0F 9C A5 7A 2B 88 31 32 33 34 35 36 37 38
38 11 76 77 E4 4D 02 13 31 32 33 34 35 36 37 38
87 B4 DD 52 23 20 D9 9E 31 32 33 34 35 36 37 38
D6 57 44 2D 62 F3 B0 29 31 32 33 34 35 36 37 38
25 FA AB 08 A1 C6 87 B4 31 32 33 34 35 36 37 38
74 9D 12 E3 E0 99 5E 3F 31 32 33 34 35 36 37 38
C3 40 79 BE 1F 6C 35 CA 31 32 33 34 35 36 37 38
12 E3 E0 99 5E 3F 0C 55 31 32 33 34 35 36 37 38
61 86 47 74 9D 12 E3 E0 31 32 33 34 35 36 37 38
B0 29 AE 4F DC E5 BA 6B 31 32 33 34 35 36 37 38
FF CC 15 2A 1B B8 91 F6 31 32 33 34 35 36 37 38
4E 6F 7C 05 5A 8B 68 81 31 32 33 34 35 36 37 38
9D 12 E3 E0 99 5E 3F 0C 31 32 33 34 35 36 37 38
EC B5 4A BB D8 31 16 97 31 32 33 34 35 36 37 38
3B 58 B1 96 17 04 ED 22 31 32 33 34 35 36 37 38
8A FB 18 71 56 D7 C4 AD 31 32 33 34 35 36 37 38
D9 9E 7F 4C 95 AA 9B 38 31 32 33 34 35 36 37 38
28 41 E6 27 D4 7D 72 C3 31 32 33 34 35 36 37 38
77 E4 4D 02 13 50 49 4E 31 32 33 34 35 36 37 38
C6 87 B4 DD 52 23 20 D9 31 32 33 34 35 36 37 38
15 2A 1B B8 91 F6 F7 64 31 32 33 34 35 36 37 38
64 CD 82 93 D0 C9 CE EF 31 32 33 34 35 36 37 38
B3 70 E9 6E 0F 9C A5 7A 31 32 33 34 35 36 37 38
02 13 50 49 4E 6F 7C 05 31 32 33 34 35 36 37 38
51 B6 B7 24 8D 42 53 90 31 32 33 34 35 36 37 38
A0 59 1E FF CC 15 2A 1B 31 32 33 34 35 36 37 38
EF FC 85 DA 0B E8 01 A6 31 32 33 34 35 36 37 38
3E 9F EC B5 4A BB D8 31 31 32 33 34 35 36 37 38
8D 42 53 90 89 8E AF BC 31 32 33 34 35 36 37 38
DC E5 BA 6B C8 61 86 47 31 32 33 34 35 36 37 38
2B 88 21 46 07 34 5D D2 31 32 33 34 35 36 37 38
7A 2B 88 21 46 07 34 5D 31 32 33 34 35 36 37 38
C9 CE EF FC 85 DA 0B E8 31 32 33 34 35 36 37 38
18 71 56 D7 C4 AD E2 73 31 32 33 34 35 36 37 38
67 14 BD B2 03 80 B9 FE 31 32 33 34 35 36 37 38
B6 B7 24 8D 42 53 90 89 31 32 33 34 35 36 37 38
05 5A 8B 68 81 26 67 14 31 32 33 34 35 36 37 38
54 FD F2 43 C0 F9 3E 9F 31 32 33 34 35 36 37 38
A3 A0 59 1E FF CC 15 2A 31 32 33 34 35 36 37 38
F2 43 C0 F9 3E 9F EC B5 31 32 33 34 35 36 37 38
41 E6 27 D4 7D 72 C3 40 31 32 33 34 35 36 37 38
90 89 8E AF BC 45 9A CB 31 32 33 34 35 36 37 38
DF 2C F5 8A FB 18 71 56 31 32 33 34 35 36 37 38
2E CF 5C 65 3A EB 48 E1 31 32 33 34 35 36 37 38
7D 72 C3 40 79 BE 1F 6C 31 32 33 34 35 36 37 38
CC 15 2A 1B B8 91 F6 F7 31 32 33 34 35 36 37 38
1B B8 91 F6 F7 64 CD 82 31 32 33 34 35 36 37 38
6A 5B F8 D1 36 37 A4 0D 31 32 33 34 35 36 37 38
B9 FE 5F AC 75 0A 7B 98 31 32 33 34 35 36 37 38
08 A1 C6 87 B4 DD 52 23 31 32 33 34 35 36 37 38
57 44 2D 62 F3 B0 29 AE 31 32 33 34 35 36 37 38
A6 E7 94 3D 32 83 00 39 31 32 33 34 35 36 37 38
F5 8A FB 18 71 56 D7 C4 31 32 33 34 35 36 37 38
44 2D 62 F3 B0 29 AE 4F 31 32 33 34 35 36 37 38
93 D0 C9 CE EF FC 85 DA 31 32 33 34 35 36 37 38
E2 73 30 A9 2E CF 5C 65 31 32 33 34 35 36 37 38
31 16 97 84 6D A2 33 F0 31 32 33 34 35 36 37 38
80 B9 FE 5F AC 75 0A 7B 31 32 33 34 35 36 37 38
CF 5C 65 3A EB 48 E1 06 31 32 33 34 35 36 37 38
1E FF CC 15 2A 1B B8 91 31 32 33 34 35 36 37 38
6D A2 33 F0 69 EE 8F 1C 31 32 33 34 35 36 37 38
BC 45 9A CB A8 C1 66 A7 31 32 33 34 35 36 37 38
0B E8 01 A6 E7 94 3D 32 31 32 33 34 35 36 37 38
5A 8B 68 81 26 67 14 BD 31 32 33 34 35 36 37 38
A9 2E CF 5C 65 3A EB 48 31 32 33 34 35 36 37 38
F8 D1 36 37 A4 0D C2 D3 31 32 33 34 35 36 37 38
47 74 9D 12 E3 E0 99 5E 31 32 33 34 35 36 37 38
96 17 04 ED 22 B3 70 E9 31 32 33 34 35 36 37 38
E5 BA 6B C8 61 86 47 74 31 32 33 34 35 36 37 38
34 5D D2 A3 A0 59 1E FF 31 32 33 34 35 36 37 38
83 00 39 7E DF 2C F5 8A 31 32 33 34 35 36 37 38
D2 A3 A0 59 1E FF CC 15 31 32 33 34 35 36 37 38
21 46 07 34 5D D2 A3 A0 31 32 33 34 35 36 37 38
70 E9 6E 0F 9C A5 7A 2B 31 32 33 34 35 36 37 38
BF 8C D5 EA DB 78 51 B6 31 32 33 34 35 36 37 38
0E 2F 3C C5 1A 4B 28 41 31 32 33 34 35 36 37 38
5D D2 A3 A0 59 1E FF CC 31 32 33 34 35 36 37 38
AC 75 0A 7B 98 F1 D6 57 31 32 33 34 35 36 37 38
FB 18 71 56 D7 C4 AD E2 31 32 33 34 35 36 37 38
4A BB D8 31 16 97 84 6D 31 32 33 34 35 36 37 38
99 5E 3F 0C 55 6A 5B F8 31 32 33 34 35 36 37 38
E8 01 A6 E7 94 3D 32 83 31 32 33 34 35 36 37 38
37 A4 0D C2 D3 10 09 0E 31 32 33 34 35 36 37 38
86 47 74 9D 12 E3 E0 99 31 32 33 34 35 36 37 38
D5 EA DB 78 51 B6 B7 24 31 32 33 34 35 36 37 38
24 8D 42 53 90 89 8E AF 31 32 33 34 35 36 37 38
73 30 A9 2E CF 5C 65 3A 31 32 33 34 35 36 37 38
C2 D3 10 09 0E 2F 3C C5 31 32 33 34 35 36 37 38
11 76 77 E4 4D 02 13 50 31 32 33 34 35 36 37 38
60 19 DE BF 8C D5 EA DB 31 32 33 34 35 36 37 38
AF BC 45 9A CB A8 C1 66 31 32 33 34 35 36 37 38
FE 5F AC 75 0A 7B 98 F1 31 32 33 34 35 36 37 38
4D 02 13 50 49 4E 6F 7C 31 32 33 34 35 36 37 38
9C A5 7A 2B 88 21 46 07 31 32 33 34 35 36 37 38
EB 48 E1 06 C7 F4 1D 92 31 32 33 34 35 36 37 38
3A EB 48 E1 06 C7 F4 1D 31 32 33 34 35 36 37 38
89 8E AF BC 45 9A CB A8 31 32 33 34 35 36 37 38
D8 31 16 97 84 6D A2 33 31 32 33 34 35 36 37 38
27 D4 7D 72 C3 40 79 BE 31 32 33 34 35 36 37 38
76 77 E4 4D 02 13 50 49 31 32 33 34 35 36 37 38
C5 1A 4B 28 41 E6 27 D4 31 32 33 34 35 36 37 38
14 BD B2 03 80 B9 FE 5F 31 32 33 34 35 36 37 38
63 60 19 DE BF 8C D5 EA 31 32 33 34 35 36 37 38
B2 03 80 B9 FE 5F AC 75 31 32 33 34 35 36 37 38
01 A6 E7 94 3D 32 83 00 31 32 33 34 35 36 37 38
50 49 4E 6F 7C 05 5A 8B 31 32 33 34 35 36 37 38
9F EC B5 4A BB D8 31 16 31 32 33 34 35 36 37 38
EE 8F 1C 25 FA AB 08 A1 31 32 33 34 35 36 37 38
3D 32 83 00 39 7E DF 2C 31 32 33 34 35 36 37 38
8C D5 EA DB 78 51 B6 B7 31 32 33 34 35 36 37 38
DB 78 51 B6 B7 24 8D 42 31 32 33 34 35 36 37 38
2A 1B B8 91 F6 F7 64 CD 31 32 33 34 35 36 37 38
79 BE 1F 6C 35 CA 3B 58 31 32 33 34 35 36 37 38
C8 61 86 47 74 9D 12 E3 31 32 33 34 35 36 37 38
17 04 ED 22 B3 70 E9 6E 31 32 33 34 35 36 37 38
66 A7 54 FD F2 43 C0 F9 31 32 33 34 35 36 37 38
B5 4A BB D8 31 16 97 84 31 32 33 34 35 36 37 38
04 ED 22 B3 70 E9 6E 0F 31 32 33 34 35 36 37 38
53 90 89 8E AF BC 45 9A 31 32 33 34 35 36 37 38
A2 33 F0 69 EE 8F 1C 25 31 32 33 34 35 36 37 38
F1 D6 57 44 2D 62 F3 B0 31 32 33 34 35 36 37 38
40 79 BE 1F 6C 35 CA 3B 31 32 33 34 35 36 37 38
8F 1C 25 FA AB 08 A1 C6 31 32 33 34 35 36 37 38
DE BF 8C D5 EA DB 78 51 31 32 33 34 35 36 37 38
2D 62 F3 B0 29 AE 4F DC 31 32 33 34 35 36 37 38
7C 05 5A 8B 68 81 26 67 31 32 33 34 35 36 37 38
CB A8 C1 66 A7 54 FD F2 31 32 33 34 35 36 37 38
1A 4B 28 41 E6 27 D4 7D 31 32 33 34 35 36 37 38
69 EE 8F 1C 25 FA AB 08 31 32 33 34 35 36 37 38
B8 91 F6 F7 64 CD 82 93 31 32 33 34 35 36 37 38
07 34 5D D2 A3 A0 59 1E 31 32 33 34 35 36 37 38
56 D7 C4 AD E2 73 30 A9 31 32 33 34 35 36 37 38
A5 7A 2B 88 21 46 07 34 31 32 33 34 35 36 37 38
F4 1D 92 63 60 19 DE BF 31 32 33 34 35 36 37 38
43 C0 F9 3E 9F EC B5 4A 31 32 33 34 35 36 37 38
92 63 60 19 DE BF 8C D5 31 32 33 34 35 36 37 38
E1 06 C7 F4 1D 92 63 60 31 32 33 34 35 36 37 38
30 A9 2E CF 5C 65 3A EB 31 32 33 34 35 36 37 38
7F 4C 95 AA 9B 38 11 76 31 32 33 34 35 36 37 38
CE EF FC 85 DA 0B E8 01 31 32 33 34 35 36 37 38
1D 92 63 60 19 DE BF 8C 31 32 33 34 35 36 37 38
6C 35 CA 3B 58 B1 96 17 31 32 33 34 35 36 37 38
BB D8 31 16 97 84 6D A2 31 32 33 34 35 36 37 38
0A 7B 98 F1 D6 57 44 2D 31 32 33 34 35 36 37 38
59 1E FF CC 15 2A 1B B8 31 32 33 34 35 36 37 38
A8 C1 66 A7 54 FD F2 43 31 32 33 34 35 36 37 38
F7 64 CD 82 93 D0 C9 CE 31 32 33 34 35 36 37 38
46 07 34 5D D2 A3 A0 59 31 32 33 34 35 36 37 38
95 AA 9B 38 11 76 77 E4 31 32 33 34 35 36 37 38
E4 4D 02 13 50 49 4E 6F 31 32 33 34 35 36 37 38
33 F0 69 EE 8F 1C 25 FA 31 32 33 34 35 36 37 38
82 93 D0 C9 CE EF FC 85 31 32 33 34 35 36 37 38
D1 36 37 A4 0D C2 D3 10 31 32 33 34 35 36 37 38
20 D9 9E 7F 4C 95 AA 9B 31 32 33 34 35 36 37 38
6F 7C 05 5A 8B 68 81 26 31 32 33 34 35 36 37 38
BE 1F 6C 35 CA 3B 58 B1 31 32 33 34 35 36 37 38
0D C2 D3 10 09 0E 2F 3C 31 32 33 34 35 36 37 38
5C 65 3A EB 48 E1 06 C7 31 32 33 34 35 36 37 38
AB 08 A1 C6 87 B4 DD 52 31 32 33 34 35 36 37 38
FA AB 08 A1 C6 87 B4 DD 31 32 33 34 35 36 37 38
49 4E 6F 7C 05 5A 8B 68 31 32 33 34 35 36 37 38
98 F1 D6 57 44 2D 62 F3 31 32 33 34 35 36 37 38
E7 94 3D 32 83 00 39 7E 31 32 33 34 35 36 37 38
36 37 A4 0D C2 D3 10 09 31 32 33 34 35 36 37 38
85 DA 0B E8 01 A6 E7 94 31 32 33 34 35 36 37 38
D4 7D 72 C3 40 79 BE 1F 31 32 33 34 35 36 37 38
23 20 D9 9E 7F 4C 95 AA 31 32 33 34 35 36 37 38
72 C3 40 79 BE 1F 6C 35 31 32 33 34 35 36 37 38
C1 66 A7 54 FD F2 43 C0 31 32 33 34 35 36 37 38
10 09 0E 2F 3C C5 1A 4B 31 32 33 34 35 36 37 38
5F AC 75 0A 7B 98 F1 D6 31 32 33 34 35 36 37 38
AE 4F DC E5 BA 6B C8 61 31 32 33 34 35 36 37 38
FD F2 43 C0 F9 3E 9F EC 31 32 33 34 35 36 37 38
4C 95 AA 9B 38 11 76 77 31 32 33 34 35 36 37 38
9B 38 11 76 77 E4 4D 02 31 32 33 34 35 36 37 38
EA DB 78 51 B6 B7 24 8D 31 32 33 34 35 36 37 38
39 7E DF 2C F5 8A FB 18 31 32 33 34 35 36 37 38
88 21 46 07 34 5D D2 A3 31 32 33 34 35 36 37 38
D7 C4 AD E2 73 30 A9 2E 31 32 33 34 35 36 37 38
26 67 14 BD B2 03 80 B9 31 32 33 34 35 36 37 38
75 0A 7B 98 F1 D6 57 44 31 32 33 34 35 36 37 38
C4 AD E2 73 30 A9 2E CF 31 32 33 34 35 36 37 38
13 50 49 4E 6F 7C 05 5A 31 32 33 34 35 36 37 38
62 F3 B0 29 AE 4F DC E5 31 32 33 34 35 36 37 38
B1 96 17 04 ED 22 B3 70 31 32 33 34 35 36 37 38
00 39 7E DF 2C F5 8A FB 31 32 33 34 35 36 37 38
4F DC E5 BA 6B C8 61 86 31 32 33 34 35 36 37 38
9E 7F 4C 95 AA 9B 38 11 31 32 33 34 35 36 37 38
ED 22 B3 70 E9 6E 0F 9C 31 32 33 34 35 36 37 38
3C C5 1A 4B 28 41 E6 27 31 32 33 34 35 36 37 38
8B 68 81 26 67 14 BD B2 31 32 33 34 35 36 37 38
DA 0B E8 01 A6 E7 94 3D 31 32 33 34 35 36 37 38
29 AE 4F DC E5 BA 6B C8 31 32 33 34 35 36 37 38
78 51 B6 B7 24 8D 42 53 31 32 33 34 35 36 37 38
C7 F4 1D 92 63 60 19 DE 31 32 33 34 35 36 37 38
16 97 84 6D A2 33 F0 69 31 32 33 34 35 36 37 38
65 3A EB 48 E1 06 C7 F4 31 32 33 34 35 36 37 38
B4 DD 52 23 20 D9 9E 7F 31 32 33 34 35 36 37 38
03 80 B9 FE 5F AC 75 0A 31 32 33 34 35 36 37 38
52 23 20 D9 9E 7F 4C 95 31 32 33 34 35 36 37 38
A1 C6 87 B4 DD 52 23 20 31 32 33 34 35 36 37 38
F0 69 EE 8F 1C 25 FA AB 31 32 33 34 35 36 37 38
3F 0C 55 6A 5B F8 D1 36 31 32 33 34 35 36 37 38
8E AF BC 45 9A CB A8 C1 31 32 33 34 35 36 37 38
DD 52 23 20 D9 9E 7F 4C 31 32 33 34 35 36 37 38
2C F5 8A FB 18 71 56 D7 31 32 33 34 35 36 37 38
7B 98 F1 D6 57 44 2D 62 31 32 33 34 35 36 37 38
CA 3B 58 B1 96 17 04 ED 31 32 33 34 35 36 37 38
19 DE BF 8C D5 EA DB 78 31 32 33 34 35 36 37 38
68 81 26 67 14 BD B2 03 31 32 33 34 35 36 37 38
B7 24 8D 42 53 90 89 8E 31 32 33 34 35 36 37 38
06 C7 F4 1D 92 63 60 19 31 32 33 34 35 36 37 38
55 6A 5B F8 D1 36 37 A4 31 32 33 34 35 36 37 38
A4 0D C2 D3 10 09 0E 2F 31 32 33 34 35 36 37 38
F3 B0 29 AE 4F DC E5 BA 31 32 33 34 35 36 37 38
42 53 90 89 8E AF BC 45 31 32 33 34 35 36 37 38
91 F6 F7 64 CD 82 93 D0 31 32 33 34 35 36 37 38
E0 99 5E 3F 0C 55 6A 5B 31 32 33 34 35 36 37 38
2F 3C C5 1A 4B 28 41 E6 31 32 33 34 35 36 37 38
7E DF 2C F5 8A FB 18 71 31 32 33 34 35 36 37 38
CD 82 93 D0 C9 CE EF FC 31 32 33 34 35 36 37 38
1C 25 FA AB 08 A1 C6 87 31 32 33 34 35 36 37 38
6B C8 61 86 47 74 9D 12 31 32 33 34 35 36 37 38
BA 6B C8 61 86 47 74 9D 31 32 33 34 35 36 37 38
09 0E 2F 3C C5 1A 4B 28 31 32 33 34 35 36 37 38
58 B1 96 17 04 ED 22 B3 31 32 33 34 35 36 37 38
A7 54 FD F2 43 C0 F9 3E 31 32 33 34 35 36 37 38
F6 F7 64 CD 82 93 D0 C9 31 32 33 34 35 36 37 38
45 9A CB A8 C1 66 A7 54 31 32 33 34 35 36 37 38
94 3D 32 83 00 39 7E DF 31 32 33 34 35 36 37 38
E3 E0 99 5E 3F 0C 55 6A 31 32 33 34 35 36 37 38
32 83 00 39 7E DF 2C F5 31 32 33 34 35 36 37 38
81 26 67 14 BD B2 03 80 31 32 33 34 35 36 37 38
D0 C9 CE EF FC 85 DA 0B 31 32 33 34 35 36 37 38
1F 6C 35 CA 3B 58 B1 96 31 32 33 34 35 36 37 38
6E 0F 9C A5 7A 2B 88 21 31 32 33 34 35 36 37 38
BD B2 03 80 B9 FE 5F AC 31 32 33 34 35 36 37 38
0C 55 6A 5B F8 D1 36 37 31 32 33 34 35 36 37 38
5B F8 D1 36 37 A4 0D C2 31 32 33 34 35 36 37 38
AA 9B 38 11 76 77 E4 4D 31 32 33 34 35 36 37 38
F9 3E 9F EC B5 4A BB D8 31 32 33 34 35 36 37 38
48 E1 06 C7 F4 1D 92 63 31 32 33 34 35 36 37 38
97 84 6D A2 33 F0 69 EE 31 32 33 34 35 36 37 38
E6 27 D4 7D 72 C3 40 79 31 32 33 34 35 36 37 38
35 CA 3B 58 B1 96 17 04 31 32 33 34 35 36 37 38
84 6D A2 33 F0 69 EE 8F 31 32 33 34 35 36 37 38
D3 10 09 0E 2F 3C C5 1A 31 32 33 34 35 36 37 38
22 B3 70 E9 6E 0F 9C A5 31 32 33 34 35 36 37 38
71 56 D7 C4 AD E2 73 30 31 32 33 34 35 36 37 38
C0 F9 3E 9F EC B5 4A BB 31 32 33 34 35 36 37 38
0F 9C A5 7A 2B 88 21 46 31 32 33 34 35 36 37 38
5E 3F 0C 55 6A 5B F8 D1 31 32 33 34 35 36 37 38
AD E2 73 30 A9 2E CF 5C 31 32 33 34 35 36 37 38
FC 85 DA 0B E8 01 A6 E7 31 32 33 34 35 36 37 38
4B 28 41 E6 27 D4 7D 72 31 32 33 34 35 36 37 38
9A CB A8 C1 66 A7 54 FD 31 32 33 34 35 36 37 38
E9 6E 0F 9C A5 7A 2B 88 31 32 33 34 35 36 37 38
38 11 76 77 E4 4D 02 13 31 32 33 34 35 36 37 38
87 B4 DD 52 23 20 D9 9E 31 32 33 34 35 36 37 38
D6 57 44 2D 62 F3 B0 29 31 32 33 34 35 36 37 38
25 FA AB 08 A1 C6 87 B4 31 32 33 34 35 36 37 38
74 9D 12 E3 E0 99 5E 3F 31 32 33 34 35 36 37 38
C3 40 79 BE 1F 6C 35 CA 31 32 33 34 35 36 37 38
12 E3 E0 99 5E 3F 0C 55 31 32 33 34 35 36 37 38
61 86 47 74 9D 12 E3 E0 31 32 33 34 35 36 37 38
B0 29 AE 4F DC E5 BA 6B 31 32 33 34 35 36 37 38
FF CC 15 2A 1B B8 91 F6 31 32 33 34 35 36 37 38
4E 6F 7C 05 5A 8B 68 81 31 32 33 34 35 36 37 38
9D 12 E3 E0 99 5E 3F 0C 31 32 33 34 35 36 37 38
EC B5 4A BB D8 31 16 97 31 32 33 34 35 36 37 38
3B 58 B1 96 17 04 ED 22 31 32 33 34 35 36 37 38
8A FB 18 71 56 D7 C4 AD 31 32 33 34 35 36 37 38
D9 9E 7F 4C 95 AA 9B 38 31 32 33 34 35 36 37 38
28 41 E6 27 D4 7D 72 C3 31 32 33 34 35 36 37 38
77 E4 4D 02 13 50 49 4E 31 32 33 34 35 36 37 38
C6 87 B4 DD 52 23 20 D9 31 32 33 34 35 36 37 38
15 2A 1B B8 91 F6 F7 64 31 32 33 34 35 36 37 38
64 CD 82 93 D0 C9 CE EF 31 32 33 34 35 36 37 38
B3 70 E9 6E 0F 9C A5 7A 31 32 33 34 35 36 37 38
02 13 50 49 4E 6F 7C 05 31 32 33 34 35 36 37 38
51 B6 B7 24 8D 42 53 90 31 32 33 34 35 36 37 38
A0 59 1E FF CC 15 2A 1B 31 32 33 34 35 36 37 38
EF FC 85 DA 0B E8 01 A6 31 32 33 34 35 36 37 38
3E 9F EC B5 4A BB D8 31 31 32 33 34 35 36 37 38
8D 42 53 90 89 8E AF BC 31 32 33 34 35 36 37 38
DC E5 BA 6B C8 61 86 47 31 32 33 34 35 36 37 38
2B 88 21 46 07 34 5D D2 31 32 33 34 35 36 37 38
7A 2B 88 21 46 07 34 5D 31 32 33 34 35 36 37 38
C9 CE EF FC 85 DA 0B E8 31 32 33 34 35 36 37 38
18 71 56 D7 C4 AD E2 73 31 32 33 34 35 36 37 38
67 14 BD B2 03 80 B9 FE 31 32 33 34 35 36 37 38
B6 B7 24 8D 42 53 90 89 31 32 33 34 35 36 37 38
05 5A 8B 68 81 26 67 14 31 32 33 34 35 36 37 38
54 FD F2 43 C0 F9 3E 9F 31 32 33 34 35 36 37 38
A3 A0 59 1E FF CC 15 2A 31 32 33 34 35 36 37 38
F2 43 C0 F9 3E 9F EC B5 31 32 33 34 35 36 37 38
41 E6 27 D4 7D 72 C3 40 31 32 33 34 35 36 37 38
90 89 8E AF BC 45 9A CB 31 32 33 34 35 36 37 38
DF 2C F5 8A FB 18 71 56 31 32 33 34 35 36 37 38
2E CF 5C 65 3A EB 48 E1 31 32 33 34 35 36 37 38
7D 72 C3 40 79 BE 1F 6C 31 32 33 34 35 36 37 38
CC 15 2A 1B B8 91 F6 F7 31 32 33 34 35 36 37 38
1B B8 91 F6 F7 64 CD 82 31 32 33 34 35 36 37 38
6A 5B F8 D1 36 37 A4 0D 31 32 33 34 35 36 37 38
B9 FE 5F AC 75 0A 7B 98 31 32 33 34 35 36 37 38
08 A1 C6 87 B4 DD 52 23 31 32 33 34 35 36 37 38
57 44 2D 62 F3 B0 29 AE 31 32 33 34 35 36 37 38
A6 E7 94 3D 32 83 00 39 31 32 33 34 35 36 37 38
F5 8A FB 18 71 56 D7 C4 31 32 33 34 35 36 37 38
44 2D 62 F3 B0 29 AE 4F 31 32 33 34 35 36 37 38
93 D0 C9 CE EF FC 85 DA 31 32 33 34 35 36 37 38
E2 73 30 A9 2E CF 5C 65 31 32 33 34 35 36 37 38
31 16 97 84 6D A2 33 F0 31 32 33 34 35 36 37 38
80 B9 FE 5F AC 75 0A 7B 31 32 33 34 35 36 37 38
CF 5C 65 3A EB 48 E1 06 31 32 33 34 35 36 37 38
1E FF CC 15 2A 1B B8 91 31 32 33 34 35 36 37 38
6D A2 33 F0 69 EE 8F 1C 31 32 33 34 35 36 37 38
BC 45 9A CB A8 C1 66 A7 31 32 33 34 35 36 37 38
0B E8 01 A6 E7 94 3D 32 31 32 33 34 35 36 37 38
5A 8B 68 81 26 67 14 BD 31 32 33 34 35 36 37 38
A9 2E CF 5C 65 3A EB 48 31 32 33 34 35 36 37 38
F8 D1 36 37 A4 0D C2 D3 31 32 33 34 35 36 37 38
47 74 9D 12 E3 E0 99 5E 31 32 33 34 35 36 37 38
96 17 04 ED 22 B3 70 E9 31 32 33 34 35 36 37 38
E5 BA 6B C8 61 86 47 74 31 32 33 34 35 36 37 38
34 5D D2 A3 A0 59 1E FF 31 32 33 34 35 36 37 38
83 00 39 7E DF 2C F5 8A 31 32 33 34 35 36 37 38
D2 A3 A0 59 1E FF CC 15 31 32 33 34 35 36 37 38
21 46 07 34 5D D2 A3 A0 31 32 33 34 35 36 37 38
70 E9 6E 0F 9C A5 7A 2B 31 32 33 34 35 36 37 38
BF 8C D5 EA DB 78 51 B6 31 32 33 34 35 36 37 38
0E 2F 3C C5 1A 4B 28 41 31 32 33 34 35 36 37 38
5D D2 A3 A0 59 1E FF CC 31 32 33 34 35 36 37 38
AC 75 0A 7B 98 F1 D6 57 31 32 33 34 35 36 37 38
FB 18 71 56 D7 C4 AD E2 31 32 33 34 35 36 37 38
4A BB D8 31 16 97 84 6D 31 32 33 34 35 36 37 38
99 5E 3F 0C 55 6A 5B F8 31 32 33 34 35 36 37 38
E8 01 A6 E7 94 3D 32 83 31 32 33 34 35 36 37 38
37 A4 0D C2 D3 10 09 0E 31 32 33 34 35 36 37 38
86 47 74 9D 12 E3 E0 99 31 32 33 34 35 36 37 38
D5 EA DB 78 51 B6 B7 24 31 32 33 34 35 36 37 38
24 8D 42 53 90 89 8E AF 31 32 33 34 35 36 37 38
73 30 A9 2E CF 5C 65 3A 31 32 33 34 35 36 37 38
C2 D3 10 09 0E 2F 3C C5 31 32 33 34 35 36 37 38
11 76 77 E4 4D 02 13 50 31 32 33 34 35 36 37 38
60 19 DE BF 8C D5 EA DB 31 32 33 34 35 36 37 38
AF BC 45 9A CB A8 C1 66 31 32 33 34 35 36 37 38
FE 5F AC 75 0A 7B 98 F1 31 32 33 34 35 36 37 38
4D 02 13 50 49 4E 6F 7C 31 32 33 34 35 36 37 38
9C A5 7A 2B 88 21 46 07 31 32 33 34 35 36 37 38
EB 48 E1 06 C7 F4 1D 92 31 32 33 34 35 36 37 38
3A EB 48 E1 06 C7 F4 1D 31 32 33 34 35 36 37 38
89 8E AF BC 45 9A CB A8 31 32 33 34 35 36 37 38
D8 31 16 97 84 6D A2 33 31 32 33 34 35 36 37 38
27 D4 7D 72 C3 40 79 BE 31 32 33 34 35 36 37 38
76 77 E4 4D 02 13 50 49 31 32 33 34 35 36 37 38
C5 1A 4B 28 41 E6 27 D4 31 32 33 34 35 36 37 38
14 BD B2 03 80 B9 FE 5F 31 32 33 34 35 36 37 38
63 60 19 DE BF 8C D5 EA 31 32 33 34 35 36 37 38
B2 03 80 B9 FE 5F AC 75 31 32 33 34 35 36 37 38
01 A6 E7 94 3D 32 83 00 31 32 33 34 35 36 37 38
50 49 4E 6F 7C 05 5A 8B 31 32 33 34 35 36 37 38
9F EC B5 4A BB D8 31 16 31 32 33 34 35 36 37 38
EE 8F 1C 25 FA AB 08 A1 31 32 33 34 35 36 37 38
3D 32 83 00 39 7E DF 2C 31 32 33 34 35 36 37 38
8C D5 EA DB 78 51 B6 B7 31 32 33 34 35 36 37 38
DB 78 51 B6 B7 24 8D 42 31 32 33 34 35 36 37 38
2A 1B B8 91 F6 F7 64 CD 31 32 33 34 35 36 37 38
79 BE 1F 6C 35 CA 3B 58 31 32 33 34 35 36 37 38
C8 61 86 47 74 9D 12 E3 31 32 33 34 35 36 37 38
17 04 ED 22 B3 70 E9 6E 31 32 33 34 35 36 37 38
66 A7 54 FD F2 43 C0 F9 31 32 33 34 35 36 37 38
B5 4A BB D8 31 16 97 84 31 32 33 34 35 36 37 38
04 ED 22 B3 70 E9 6E 0F 31 32 33 34 35 36 37 38
53 90 89 8E AF BC 45 9A 31 32 33 34 35 36 37 38
A2 33 F0 69 EE 8F 1C 25 31 32 33 34 35 36 37 38
F1 D6 57 44 2D 62 F3 B0 31 32 33 34 35 36 37 38
40 79 BE 1F 6C 35 CA 3B 31 32 33 34 35 36 37 38
8F 1C 25 FA AB 08 A1 C6 31 32 33 34 35 36 37 38
DE BF 8C D5 EA DB 78 51 31 32 33 34 35 36 37 38
2D 62 F3 B0 29 AE 4F DC 31 32 33 34 35 36 37 38
7C 05 5A 8B 68 81 26 67 31 32 33 34 35 36 37 38
CB A8 C1 66 A7 54 FD F2 31 32 33 34 35 36 37 38
1A 4B 28 41 E6 27 D4 7D 31 32 33 34 35 36 37 38
69 EE 8F 1C 25 FA AB 08 31 32 33 34 35 36 37 38
B8 91 F6 F7 64 CD 82 93 31 32 33 34 35 36 37 38
07 34 5D D2 A3 A0 59 1E 31 32 33 34 35 36 37 38
56 D7 C4 AD E2 73 30 A9 31 32 33 34 35 36 37 38
A5 7A 2B 88 21 46 07 34 31 32 33 34 35 36 37 38
F4 1D 92 63 60 19 DE BF 31 32 33 34 35 36 37 38
43 C0 F9 3E 9F EC B5 4A 31 32 33 34 35 36 37 38
92 63 60 19 DE BF 8C D5 31 32 33 34 35 36 37 38
E1 06 C7 F4 1D 92 63 60 31 32 33 34 35 36 37 38
30 A9 2E CF 5C 65 3A EB 31 32 33 34 35 36 37 38
7F 4C 95 AA 9B 38 11 76 31 32 33 34 35 36 37 38
CE EF FC 85 DA 0B E8 01 31 32 33 34 35 36 37 38
1D 92 63 60 19 DE BF 8C 31 32 33 34 35 36 37 38
6C 35 CA 3B 58 B1 96 17 31 32 33 34 35 36 37 38
BB D8 31 16 97 84 6D A2 31 32 33 34 35 36 37 38
0A 7B 98 F1 D6 57 44 2D 31 32 33 34 35 36 37 38
59 1E FF CC 15 2A 1B B8 31 32 33 34 35 36 37 38
A8 C1 66 A7 54 FD F2 43 31 32 33 34 35 36 37 38
F7 64 CD 82 93 D0 C9 CE 31 32 33 34 35 36 37 38
46 07 34 5D D2 A3 A0 59 31 32 33 34 35 36 37 38
95 AA 9B 38 11 76 77 E4 31 32 33 34 35 36 37 38
E4 4D 02 13 50 49 4E 6F 31 32 33 34 35 36 37 38
33 F0 69 EE 8F 1C 25 FA 31 32 33 34 35 36 37 38
82 93 D0 C9 CE EF FC 85 31 32 33 34 35 36 37 38
D1 36 37 A4 0D C2 D3 10 31 32 33 34 35 36 37 38
20 D9 9E 7F 4C 95 AA 9B 31 32 33 34 35 36 37 38
6F 7C 05 5A 8B 68 81 26 31 32 33 34 35 36 37 38
BE 1F 6C 35 CA 3B 58 B1 31 32 33 34 35 36 37 38
0D C2 D3 10 09 0E 2F 3C 31 32 33 34 35 36 37 38
5C 65 3A EB 48 E1 06 C7 31 32 33 34 35 36 37 38
AB 08 A1 C6 87 B4 DD 52 31 32 33 34 35 36 37 38
FA AB 08 A1 C6 87 B4 DD 31 32 33 34 35 36 37 38
49 4E 6F 7C 05 5A 8B 68 31 32 33 34 35 36 37 38
98 F1 D6 57 44 2D 62 F3 31 32 33 34 35 36 37 38
E7 94 3D 32 83 00 39 7E 31 32 33 34 35 36 37 38
36 37 A4 0D C2 D3 10 09 31 32 33 34 35 36 37 38
85 DA 0B E8 01 A6 E7 94 31 32 33 34 35 36 37 38
D4 7D 72 C3 40 79 BE 1F 31 32 33 34 35 36 37 38
23 20 D9 9E 7F 4C 95 AA 31 32 33 34 35 36 37 38
72 C3 40 79 BE 1F 6C 35 31 32 33 34 35 36 37 38
C1 66 A7 54 FD F2 43 C0 31 32 33 34 35 36 37 38
10 09 0E 2F 3C C5 1A 4B 31 32 33 34 35 36 37 38
5F AC 75 0A 7B 98 F1 D6 31 32 33 34 35 36 37 38
AE 4F DC E5 BA 6B C8 61 31 32 33 34 35 36 37 38
FD F2 43 C0 F9 3E 9F EC 31 32 33 34 35 36 37 38
4C 95 AA 9B 38 11 76 77 31 32 33 34 35 36 37 38
9B 38 11 76 77 E4 4D 02 31 32 33 34 35 36 37 38
EA DB 78 51 B6 B7 24 8D 31 32 33 34 35 36 37 38
39 7E DF 2C F5 8A FB 18 31 32 33 34 35 36 37 38
88 21 46 07 34 5D D2 A3 31 32 33 34 35 36 37 38
D7 C4 AD E2 73 30 A9 2E 31 32 33 34 35 36 37 38
26 67 14 BD B2 03 80 B9 31 32 33 34 35 36 37 38
75 0A 7B 98 F1 D6 57 44 31 32 33 34 35 36 37 38
C4 AD E2 73 30 A9 2E CF 31 32 33 34 35 36 37 38
13 50 49 4E 6F 7C 05 5A 31 32 33 34 35 36 37 38
62 F3 B0 29 AE 4F DC E5 31 32 33 34 35 36 37 38
B1 96 17 04 ED 22 B3 70 31 32 33 34 35 36 37 38
00 39 7E DF 2C F5 8A FB 31 32 33 34 35 36 37 38
4F DC E5 BA 6B C8 61 86 31 32 33 34 35 36 37 38
9E 7F 4C 95 AA 9B 38 11 31 32 33 34 35 36 37 38
ED 22 B3 70 E9 6E 0F 9C 31 32 33 34 35 36 37 38
3C C5 1A 4B 28 41 E6 27 31 32 33 34 35 36 37 38
8B 68 81 26 67 14 BD B2 31 32 33 34 35 36 37 38
DA 0B E8 01 A6 E7 94 3D 31 32 33 34 35 36 37 38
29 AE 4F DC E5 BA 6B C8 31 32 33 34 35 36 37 38
78 51 B6 B7 24 8D 42 53 31 32 33 34 35 36 37 38
C7 F4 1D 92 63 60 19 DE 31 32 33 34 35 36 37 38
16 97 84 6D A2 33 F0 69 31 32 33 34 35 36 37 38
65 3A EB 48 E1 06 C7 F4 31 32 33 34 35 36 37 38
B4 DD 52 23 20 D9 9E 7F 31 32 33 34 35 36 37 38
03 80 B9 FE 5F AC 75 0A 31 32 33 34 35 36 37 38
52 23 20 D9 9E 7F 4C 95 31 32 33 34 35 36 37 38
A1 C6 87 B4 DD 52 23 20 31 32 33 34 35 36 37 38
F0 69 EE 8F 1C 25 FA AB 31 32 33 34 35 36 37 38
3F 0C 55 6A 5B F8 D1 36 31 32 33 34 35 36 37 38
8E AF BC 45 9A CB A8 C1 31 32 33 34 35 36 37 38
DD 52 23 20 D9 9E 7F 4C 31 32 33 34 35 36 37 38
2C F5 8A FB 18 71 56 D7 31 32 33 34 35 36 37 38
7B 98 F1 D6 57 44 2D 62 31 32 33 34 35 36 37 38
CA 3B 58 B1 96 17 04 ED 31 32 33 34 35 36 37 38
19 DE BF 8C D5 EA DB 78 31 32 33 34 35 36 37 38
68 81 26 67 14 BD B2 03 31 32 33 34 35 36 37 38
B7 24 8D 42 53 90 89 8E 31 32 33 34 35 36 37 38
06 C7 F4 1D 92 63 60 19 31 32 33 34 35 36 37 38
55 6A 5B F8 D1 36 37 A4 31 32 33 34 35 36 37 38
A4 0D C2 D3 10 09 0E 2F 31 32 33 34 35 36 37 38
F3 B0 29 AE 4F DC E5 BA 31 32 33 34 35 36 37 38
42 53 90 89 8E AF BC 45 31 32 33 34 35 36 37 38
91 F6 F7 64 CD 82 93 D0 31 32 33 34 35 36 37 38
E0 99 5E 3F 0C 55 6A 5B 31 32 33 34 35 36 37 38
2F 3C C5 1A 4B 28 41 E6 31 32 33 34 35 36 37 38
7E DF 2C F5 8A FB 18 71 31 32 33 34 35 36 37 38
CD 82 93 D0 C9 CE EF FC 31 32 33 34 35 36 37 38
1C 25 FA AB 08 A1 C6 87 31 32 33 34 35 36 37 38
6B C8 61 86 47 74 9D 12 31 32 33 34 35 36 37 38
BA 6B C8 61 86 47 74 9D 31 32 33 34 35 36 37 38
09 0E 2F 3C C5 1A 4B 28 31 32 33 34 35 36 37 38
58 B1 96 17 04 ED 22 B3 31 32 33 34 35 36 37 38
A7 54 FD F2 43 C0 F9 3E 31 32 33 34 35 36 37 38
F6 F7 64 CD 82 93 D0 C9 31 32 33 34 35 36 37 38
45 9A CB A8 C1 66 A7 54 31 32 33 34 35 36 37 38
94 3D 32 83 00 39 7E DF 31 32 33 34 35 36 37 38
E3 E0 99 5E 3F 0C 55 6A 31 32 33 34 35 36 37 38
32 83 00 39 7E DF 2C F5 31 32 33 34 35 36 37 38
81 26 67 14 BD B2 03 80 31 32 33 34 35 36 37 38
D0 C9 CE EF FC 85 DA 0B 31 32 33 34 35 36 37 38
1F 6C 35 CA 3B 58 B1 96 31 32 33 34 35 36 37 38
6E 0F 9C A5 7A 2B 88 21 31 32 33 34 35 36 37 38
BD B2 03 80 B9 FE 5F AC 31 32 33 34 35 36 37 38
0C 55 6A 5B F8 D1 36 37 31 32 33 34 35 36 37 38
5B F8 D1 36 37 A4 0D C2 31 32 33 34 35 36 37 38
AA 9B 38 11 76 77 E4 4D 31 32 33 34 35 36 37 38
F9 3E 9F EC B5 4A BB D8 31 32 33 34 35 36 37 38
48 E1 06 C7 F4 1D 92 63 31 32 33 34 35 36 37 38
97 84 6D A2 33 F0 69 EE 31 32 33 34 35 36 37 38
E6 27 D4 7D 72 C3 40 79 31 32 33 34 35 36 37 38
35 CA 3B 58 B1 96 17 04 31 32 33 34 35 36 37 38
84 6D A2 33 F0 69 EE 8F 31 32 33 34 35 36 37 38
D3 10 09 0E 2F 3C C5 1A 31 32 33 34 35 36 37 38
22 B3 70 E9 6E 0F 9C A5 31 32 33 34 35 36 37 38
71 56 D7 C4 AD E2 73 30 31 32 33 34 35 36 37 38
C0 F9 3E 9F EC B5 4A BB 31 32 33 34 35 36 37 38
0F 9C A5 7A 2B 88 21 46 31 32 33 34 35 36 37 38
5E 3F 0C 55 6A 5B F8 D1 31 32 33 34 35 36 37 38
AD E2 73 30 A9 2E CF 5C 31 32 33 34 35 36 37 38
FC 85 DA 0B E8 01 A6 E7 31 32 33 34 35 36 37 38
4B 28 41 E6 27 D4 7D 72 31 32 33 34 35 36 37 38
9A CB A8 C1 66 A7 54 FD 31 32 33 34 35 36 37 38
E9 6E 0F 9C A5 7A 2B 88 31 32 33 34 35 36 37 38
38 11 76 77 E4 4D 02 13 31 32 33 34 35 36 37 38
87 B4 DD 52 23 20 D9 9E 31 32 33 34 35 36 37 38
D6 57 44 2D 62 F3 B0 29 31 32 33 34 35 36 37 38
25 FA AB 08 A1 C6 87 B4 31 32 33 34 35 36 37 38
74 9D 12 E3 E0 99 5E 3F 31 32 33 34 35 36 37 38
C3 40 79 BE 1F 6C 35 CA 31 32 33 34 35 36 37 38
12 E3 E0 99 5E 3F 0C 55 31 32 33 34 35 36 37 38
61 86 47 74 9D 12 E3 E0 31 32 33 34 35 36 37 38
B0 29 AE 4F DC E5 BA 6B 31 32 33 34 35 36 37 38
FF CC 15 2A 1B B8 91 F6 31 32 33 34 35 36 37 38
4E 6F 7C 05 5A 8B 68 81 31 32 33 34 35 36 37 38
9D 12 E3 E0 99 5E 3F 0C 31 32 33 34 35 36 37 38
EC B5 4A BB D8 31 16 97 31 32 33 34 35 36 37 38
3B 58 B1 96 17 04 ED 22 31 32 33 34 35 36 37 38
8A FB 18 71 56 D7 C4 AD 31 32 33 34 35 36 37 38
D9 9E 7F 4C 95 AA 9B 38 31 32 33 34 35 36 37 38
28 41 E6 27 D4 7D 72 C3 31 32 33 34 35 36 37 38
77 E4 4D 02 13 50 49 4E 31 32 33 34 35 36 37 38
C6 87 B4 DD 52 23 20 D9 31 32 33 34 35 36 37 38
15 2A 1B B8 91 F6 F7 64 31 32 33 34 35 36 37 38
64 CD 82 93 D0 C9 CE EF 31 32 33 34 35 36 37 38
B3 70 E9 6E 0F 9C A5 7A 31 32 33 34 35 36 37 38
02 13 50 49 4E 6F 7C 05 31 32 33 34 35 36 37 38
51 B6 B7 24 8D 42 53 90 31 32 33 34 35 36 37 38
A0 59 1E FF CC 15 2A 1B 31 32 33 34 35 36 37 38
EF FC 85 DA 0B E8 01 A6 31 32 33 34 35 36 37 38
3E 9F EC B5 4A BB D8 31 31 32 33 34 35 36 37 38
8D 42 53 90 89 8E AF BC 31 32 33 34 35 36 37 38
DC E5 BA 6B C8 61 86 47 31 32 33 34 35 36 37 38
2B 88 21 46 07 34 5D D2 31 32 33 34 35 36 37 38
7A 2B 88 21 46 07 34 5D 31 32 33 34 35 36 37 38
C9 CE EF FC 85 DA 0B E8 31 32 33 34 35 36 37 38
18 71 56 D7 C4 AD E2 73 31 32 33 34 35 36 37 38
67 14 BD B2 03 80 B9 FE 31 32 33 34 35 36 37 38
B6 B7 24 8D 42 53 90 89 31 32 33 34 35 36 37 38
05 5A 8B 68 81 26 67 14 31 32 33 34 35 36 37 38
54 FD F2 43 C0 F9 3E 9F 31 32 33 34 35 36 37 38
A3 A0 59 1E FF CC 15 2A 31 32 33 34 35 36 37 38
F2 43 C0 F9 3E 9F EC B5 31 32 33 34 35 36 37 38
41 E6 27 D4 7D 72 C3 40 31 32 33 34 35 36 37 38
90 89 8E AF BC 45 9A CB 31 32 33 34 35 36 37 38
DF 2C F5 8A FB 18 71 56 31 32 33 34 35 36 37 38
2E CF 5C 65 3A EB 48 E1 31 32 33 34 35 36 37 38
7D 72 C3 40 79 BE 1F 6C 31 32 33 34 35 36 37 38
CC 15 2A 1B B8 91 F6 F7 31 32 33 34 35 36 37 38
1B B8 91 F6 F7 64 CD 82 31 32 33 34 35 36 37 38
6A 5B F8 D1 36 37 A4 0D 31 32 33 34 35 36 37 38
B9 FE 5F AC 75 0A 7B 98 31 32 33 34 35 36 37 38
08 A1 C6 87 B4 DD 52 23 31 32 33 34 35 36 37 38
57 44 2D 62 F3 B0 29 AE 31 32 33 34 35 36 37 38
A6 E7 94 3D 32 83 00 39 31 32 33 34 35 36 37 38
F5 8A FB 18 71 56 D7 C4 31 32 33 34 35 36 37 38
44 2D 62 F3 B0 29 AE 4F 31 32 33 34 35 36 37 38
93 D0 C9 CE EF FC 85 DA 31 32 33 34 35 36 37 38
E2 73 30 A9 2E CF 5C 65 31 32 33 34 35 36 37 38
31 16 97 84 6D A2 33 F0 31 32 33 34 35 36 37 38
80 B9 FE 5F AC 75 0A 7B 31 32 33 34 35 36 37 38
CF 5C 65 3A EB 48 E1 06 31 32 33 34 35 36 37 38
1E FF CC 15 2A 1B B8 91 31 32 33 34 35 36 37 38
6D A2 33 F0 69 EE 8F 1C 31 32 33 34 35 36 37 38
BC 45 9A CB A8 C1 66 A7 31 32 33 34 35 36 37 38
0B E8 01 A6 E7 94 3D 32 31 32 33 34 35 36 37 38
5A 8B 68 81 26 67 14 BD 31 32 33 34 35 36 37 38
A9 2E CF 5C 65 3A EB 48 31 32 33 34 35 36 37 38
F8 D1 36 37 A4 0D C2 D3 31 32 33 34 35 36 37 38
47 74 9D 12 E3 E0 99 5E 31 32 33 34 35 36 37 38
96 17 04 ED 22 B3 70 E9 31 32 33 34 35 36 37 38
E5 BA 6B C8 61 86 47 74 31 32 33 34 35 36 37 38
34 5D D2 A3 A0 59 1E FF 31 32 33 34 35 36 37 38
83 00 39 7E DF 2C F5 8A 31 32 33 34 35 36 37 38
D2 A3 A0 59 1E FF CC 15 31 32 33 34 35 36 37 38
21 46 07 34 5D D2 A3 A0 31 32 33 34 35 36 37 38
70 E9 6E 0F 9C A5 7A 2B 31 32 33 34 35 36 37 38
BF 8C D5 EA DB 78 51 B6 31 32 33 34 35 36 37 38
0E 2F 3C C5 1A 4B 28 41 31 32 33 34 35 36 37 38
5D D2 A3 A0 59 1E FF CC 31 32 33 34 35 36 37 38
AC 75 0A 7B 98 F1 D6 57 31 32 33 34 35 36 37 38
FB 18 71 56 D7 C4 AD E2 31 32 33 34 35 36 37 38
4A BB D8 31 16 97 84 6D 31 32 33 34 35 36 37 38
99 5E 3F 0C 55 6A 5B F8 31 32 33 34 35 36 37 38
E8 01 A6 E7 94 3D 32 83 31 32 33 34 35 36 37 38
37 A4 0D C2 D3 10 09 0E 31 32 33 34 35 36 37 38
86 47 74 9D 12 E3 E0 99 31 32 33 34 35 36 37 38
D5 EA DB 78 51 B6 B7 24 31 32 33 34 35 36 37 38
24 8D 42 53 90 89 8E AF 31 32 33 34 35 36 37 38
73 30 A9 2E CF 5C 65 3A 31 32 33 34 35 36 37 38
C2 D3 10 09 0E 2F 3C C5 31 32 33 34 35 36 37 38
11 76 77 E4 4D 02 13 50 31 32 33 34 35 36 37 38
60 19 DE BF 8C D5 EA DB 31 32 33 34 35 36 37 38
AF BC 45 9A CB A8 C1 66 31 32 33 34 35 36 37 38
FE 5F AC 75 0A 7B 98 F1 31 32 33 34 35 36 37 38
4D 02 13 50 49 4E 6F 7C 31 32 33 34 35 36 37 38
9C A5 7A 2B 88 21 46 07 31 32 33 34 35 36 37 38
EB 48 E1 06 C7 F4 1D 92 31 32 33 34 35 36 37 38
3A EB 48 E1 06 C7 F4 1D 31 32 33 34 35 36 37 38
89 8E AF BC 45 9A CB A8 31 32 33 34 35 36 37 38
D8 31 16 97 84 6D A2 33 31 32 33 34 35 36 37 38
27 D4 7D 72 C3 40 79 BE 31 32 33 34 35 36 37 38
76 77 E4 4D 02 13 50 49 31 32 33 34 35 36 37 38
C5 1A 4B 28 41 E6 27 D4 31 32 33 34 35 36 37 38
14 BD B2 03 80 B9 FE 5F 31 32 33 34 35 36 37 38
63 60 19 DE BF 8C D5 EA 31 32 33 34 35 36 37 38
B2 03 80 B9 FE 5F AC 75 31 32 33 34 35 36 37 38
01 A6 E7 94 3D 32 83 00 31 32 33 34 35 36 37 38
50 49 4E 6F 7C 05 5A 8B 31 32 33 34 35 36 37 38
9F EC B5 4A BB D8 31 16 31 32 33 34 35 36 37 38
EE 8F 1C 25 FA AB 08 A1 31 32 33 34 35 36 37 38
3D 32 83 00 39 7E DF 2C 31 32 33 34 35 36 37 38
8C D5 EA DB 78 51 B6 B7 31 32 33 34 35 36 37 38
DB 78 51 B6 B7 24 8D 42 31 32 33 34 35 36 37 38
2A 1B B8 91 F6 F7 64 CD 31 32 33 34 35 36 37 38
79 BE 1F 6C 35 CA 3B 58 31 32 33 34 35 36 37 38
C8 61 86 47 74 9D 12 E3 31 32 33 34 35 36 37 38
17 04 ED 22 B3 70 E9 6E 31 32 33 34 35 36 37 38
66 A7 54 FD F2 43 C0 F9 31 32 33 34 35 36 37 38
B5 4A BB D8 31 16 97 84 31 32 33 34 35 36 37 38
04 ED 22 B3 70 E9 6E 0F 31 32 33 34 35 36 37 38
53 90 89 8E AF BC 45 9A 31 32 33 34 35 36 37 38
A2 33 F0 69 EE 8F 1C 25 31 32 33 34 35 36 37 38
F1 D6 57 44 2D 62 F3 B0 31 32 33 34 35 36 37 38
40 79 BE 1F 6C 35 CA 3B 31 32 33 34 35 36 37 38
8F 1C 25 FA AB 08 A1 C6 31 32 33 34 35 36 37 38
DE BF 8C D5 EA DB 78 51 31 32 33 34 35 36 37 38
2D 62 F3 B0 29 AE 4F DC 31 32 33 34 35 36 37 38
7C 05 5A 8B 68 81 26 67 31 32 33 34 35 36 37 38
CB A8 C1 66 A7 54 FD F2 31 32 33 34 35 36 37 38
1A 4B 28 41 E6 27 D4 7D 31 32 33 34 35 36 37 38
69 EE 8F 1C 25 FA AB 08 31 32 33 34 35 36 37 38
B8 91 F6 F7 64 CD 82 93 31 32 33 34 35 36 37 38
07 34 5D D2 A3 A0 59 1E 31 32 33 34 35 36 37 38
56 D7 C4 AD E2 73 30 A9 31 32 33 34 35 36 37 38
A5 7A 2B 88 21 46 07 34 31 32 33 34 35 36 37 38
F4 1D 92 63 60 19 DE BF 31 32 33 34 35 36 37 38
43 C0 F9 3E 9F EC B5 4A 31 32 33 34 35 36 37 38
92 63 60 19 DE BF 8C D5 31 32 33 34 35 36 37 38
E1 06 C7 F4 1D 92 63 60 31 32 33 34 35 36 37 38
30 A9 2E CF 5C 65 3A EB 31 32 33 34 35 36 37 38
7F 4C 95 AA 9B 38 11 76 31 32 33 34 35 36 37 38
CE EF FC 85 DA 0B E8 01 31 32 33 34 35 36 37 38
1D 92 63 60 19 DE BF 8C 31 32 33 34 35 36 37 38
6C 35 CA 3B 58 B1 96 17 31 32 33 34 35 36 37 38
BB D8 31 16 97 84 6D A2 31 32 33 34 35 36 37 38
0A 7B 98 F1 D6 57 44 2D 31 32 33 34 35 36 37 38
59 1E FF CC 15 2A 1B B8 31 32 33 34 35 36 37 38
A8 C1 66 A7 54 FD F2 43 31 32 33 34 35 36 37 38
F7 64 CD 82 93 D0 C9 CE 31 32 33 34 35 36 37 38
46 07 34 5D D2 A3 A0 59 31 32 33 34 35 36 37 38
95 AA 9B 38 11 76 77 E4 31 32 33 34 35 36 37 38
E4 4D 02 13 50 49 4E 6F 31 32 33 34 35 36 37 38
33 F0 69 EE 8F 1C 25 FA 31 32 33 34 35 36 37 38
82 93 D0 C9 CE EF FC 85 31 32 33 34 35 36 37 38
D1 36 37 A4 0D C2 D3 10 31 32 33 34 35 36 37 38
20 D9 9E 7F 4C 95 AA 9B 31 32 33 34 35 36 37 38
6F 7C 05 5A 8B 68 81 26 31 32 33 34 35 36 37 38
BE 1F 6C 35 CA 3B 58 B1 31 32 33 34 35 36 37 38
0D C2 D3 10 09 0E 2F 3C 31 32 33 34 35 36 37 38
5C 65 3A EB 48 E1 06 C7 31 32 33 34 35 36 37 38
AB 08 A1 C6 87 B4 DD 52 31 32 33 34 35 36 37 38
FA AB 08 A1 C6 87 B4 DD 31 32 33 34 35 36 37 38
49 4E 6F 7C 05 5A 8B 68 31 32 33 34 35 36 37 38
98 F1 D6 57 44 2D 62 F3 31 32 33 34 35 36 37 38
E7 94 3D 32 83 00 39 7E 31 32 33 34 35 36 37 38
36 37 A4 0D C2 D3 10 09 31 32 33 34 35 36 37 38
85 DA 0B E8 01 A6 E7 94 31 32 33 34 35 36 37 38
D4 7D 72 C3 40 79 BE 1F 31 32 33 34 35 36 37 38
23 20 D9 9E 7F 4C 95 AA 31 32 33 34 35 36 37 38
72 C3 40 79 BE 1F 6C 35 31 32 33 34 35 36 37 38
C1 66 A7 54 FD F2 43 C0 31 32 33 34 35 36 37 38
10 09 0E 2F 3C C5 1A 4B 31 32 33 34 35 36 37 38
5F AC 75 0A 7B 98 F1 D6 31 32 33 34 35 36 37 38
AE 4F DC E5 BA 6B C8 61 31 32 33 34 35 36 37 38
FD F2 43 C0 F9 3E 9F EC 31 32 33 34 35 36 37 38
4C 95 AA 9B 38 11 76 77 31 32 33 34 35 36 37 38
9B 38 11 76 77 E4 4D 02 31 32 33 34 35 36 37 38
EA DB 78 51 B6 B7 24 8D 31 32 33 34 35 36 37 38
39 7E DF 2C F5 8A FB 18 31 32 33 34 35 36 37 38
88 21 46 07 34 5D D2 A3 31 32 33 34 35 36 37 38
D7 C4 AD E2 73 30 A9 2E 31 32 33 34 35 36 37 38
26 67 14 BD B2 03 80 B9 31 32 33 34 35 36 37 38
75 0A 7B 98 F1 D6 57 44 31 32 33 34 35 36 37 38
C4 AD E2 73 30 A9 2E CF 31 32 33 34 35 36 37 38
13 50 49 4E 6F 7C 05 5A 31 32 33 34 35 36 37 38
62 F3 B0 29 AE 4F DC E5 31 32 33 34 35 36 37 38
B1 96 17 04 ED 22 B3 70 31 32 33 34 35 36 37 38
00 39 7E DF 2C F5 8A FB 31 32 33 34 35 36 37 38
4F DC E5 BA 6B C8 61 86 31 32 33 34 35 36 37 38
9E 7F 4C 95 AA 9B 38 11 31 32 33 34 35 36 37 38
ED 22 B3 70 E9 6E 0F 9C 31 32 33 34 35 36 37 38
3C C5 1A 4B 28 41 E6 27 31 32 33 34 35 36 37 38
8B 68 81 26 67 14 BD B2 31 32 33 34 35 36 37 38
DA 0B E8 01 A6 E7 94 3D 31 32 33 34 35 36 37 38
29 AE 4F DC E5 BA 6B C8 31 32 33 34 35 36 37 38
78 51 B6 B7 24 8D 42 53 31 32 33 34 35 36 37 38
C7 F4 1D 92 63 60 19 DE 31 32 33 34 35 36 37 38
16 97 84 6D A2 33 F0 69 31 32 33 34 35 36 37 38
65 3A EB 48 E1 06 C7 F4 31 32 33 34 35 36 37 38
B4 DD 52 23 20 D9 9E 7F 31 32 33 34 35 36 37 38
03 80 B9 FE 5F AC 75 0A 31 32 33 34 35 36 37 38
52 23 20 D9 9E 7F 4C 95 31 32 33 34 35 36 37 38
A1 C6 87 B4 DD 52 23 20 31 32 33 34 35 36 37 38
F0 69 EE 8F 1C 25 FA AB 31 32 33 34 35 36 37 38
3F 0C 55 6A 5B F8 D1 36 31 32 33 34 35 36 37 38
8E AF BC 45 9A CB A8 C1 31 32 33 34 35 36 37 38
DD 52 23 20 D9 9E 7F 4C 31 32 33 34 35 36 37 38
2C F5 8A FB 18 71 56 D7 31 32 33 34 35 36 37 38
7B 98 F1 D6 57 44 2D 62 31 32 33 34 35 36 37 38
CA 3B 58 B1 96 17 04 ED 31 32 33 34 35 36 37 38
19 DE BF 8C D5 EA DB 78 31 32 33 34 35 36 37 38
68 81 26 67 14 BD B2 03 31 32 33 34 35 36 37 38
B7 24 8D 42 53 90 89 8E 31 32 33 34 35 36 37 38
06 C7 F4 1D 92 63 60 19 31 32 33 34 35 36 37 38
55 6A 5B F8 D1 36 37 A4 31 32 33 34 35 36 37 38
A4 0D C2 D3 10 09 0E 2F 31 32 33 34 35 36 37 38
F3 B0 29 AE 4F DC E5 BA 31 32 33 34 35 36 37 38
42 53 90 89 8E AF BC 45 31 32 33 34 35 36 37 38
91 F6 F7 64 CD 82 93 D0 31 32 33 34 35 36 37 38
E0 99 5E 3F 0C 55 6A 5B 31 32 33 34 35 36 37 38
2F 3C C5 1A 4B 28 41 E6 31 32 33 34 35 36 37 38
7E DF 2C F5 8A FB 18 71 31 32 33 34 35 36 37 38
CD 82 93 D0 C9 CE EF FC 31 32 33 34 35 36 37 38
1C 25 FA AB 08 A1 C6 87 31 32 33 34 35 36 37 38
6B C8 61 86 47 74 9D 12 31 32 33 34 35 36 37 38
BA 6B C8 61 86 47 74 9D 31 32 33 34 35 36 37 38
09 0E 2F 3C C5 1A 4B 28 31 32 33 34 35 36 37 38
58 B1 96 17 04 ED 22 B3 31 32 33 34 35 36 37 38
A7 54 FD F2 43 C0 F9 3E 31 32 33 34 35 36 37 38
F6 F7 64 CD 82 93 D0 C9 31 32 33 34 35 36 37 38
45 9A CB A8 C1 66 A7 54 31 32 33 34 35 36 37 38
94 3D 32 83 00 39 7E DF 31 32 33 34 35 36 37 38
E3 E0 99 5E 3F 0C 55 6A 31 32 33 34 35 36 37 38
32 83 00 39 7E DF 2C F5 31 32 33 34 35 36 37 38
81 26 67 14 BD B2 03 80 31 32 33 34 35 36 37 38
D0 C9 CE EF FC 85 DA 0B 31 32 33 34 35 36 37 38
1F 6C 35 CA 3B 58 B1 96 31 32 33 34 35 36 37 38
6E 0F 9C A5 7A 2B 88 21 31 32 33 34 35 36 37 38
BD B2 03 80 B9 FE 5F AC 31 32 33 34 35 36 37 38
0C 55 6A 5B F8 D1 36 37 31 32 33 34 35 36 37 38
5B F8 D1 36 37 A4 0D C2 31 32 33 34 35 36 37 38
AA 9B 38 11 76 77 E4 4D 31 32 33 34 35 36 37 38
F9 3E 9F EC B5 4A BB D8 31 32 33 34 35 36 37 38
48 E1 06 C7 F4 1D 92 63 31 32 33 34 35 36 37 38
97 84 6D A2 33 F0 69 EE 31 32 33 34 35 36 37 38
E6 27 D4 7D 72 C3 40 79 31 32 33 34 35 36 37 38
35 CA 3B 58 B1 96 17 04 31 32 33 34 35 36 37 38
84 6D A2 33 F0 69 EE 8F 31 32 33 34 35 36 37 38
D3 10 09 0E 2F 3C C5 1A 31 32 33 34 35 36 37 38
22 B3 70 E9 6E 0F 9C A5 31 32 33 34 35 36 37 38
71 56 D7 C4 AD E2 73 30 31 32 33 34 35 36 37 38
C0 F9 3E 9F EC B5 4A BB 31 32 33 34 35 36 37 38
0F 9C A5 7A 2B 88 21 46 31 32 33 34 35 36 37 38
5E 3F 0C 55 6A 5B F8 D1 31 32 33 34 35 36 37 38
AD E2 73 30 A9 2E CF 5C 31 32 33 34 35 36 37 38
FC 85 DA 0B E8 01 A6 E7 31 32 33 34 35 36 37 38
4B 28 41 E6 27 D4 7D 72 31 32 33 34 35 36 37 38
9A CB A8 C1 66 A7 54 FD 31 32 33 34 35 36 37 38
E9 6E 0F 9C A5 7A 2B 88 31 32 33 34 35 36 37 38
38 11 76 77 E4 4D 02 13 31 32 33 34 35 36 37 38
87 B4 DD 52 23 20 D9 9E 31 32 33 34 35 36 37 38
D6 57 44 2D 62 F3 B0 29 31 32 33 34 35 36 37 38
25 FA AB 08 A1 C6 87 B4 31 32 33 34 35 36 37 38
74 9D 12 E3 E0 99 5E 3F 31 32 33 34 35 36 37 38
C3 40 79 BE 1F 6C 35 CA 31 32 33 34 35 36 37 38
12 E3 E0 99 5E 3F 0C 55 31 32 33 34 35 36 37 38
61 86 47 74 9D 12 E3 E0 31 32 33 34 35 36 37 38
B0 29 AE 4F DC E5 BA 6B 31 32 33 34 35 36 37 38
FF CC 15 2A 1B B8 91 F6 31 32 33 34 35 36 37 38
4E 6F 7C 05 5A 8B 68 81 31 32 33 34 35 36 37 38
9D 12 E3 E0 99 5E 3F 0C 31 32 33 34 35 36 37 38
EC B5 4A BB D8 31 16 97 31 32 33 34 35 36 37 38
3B 58 B1 96 17 04 ED 22 31 32 33 34 35 36 37 38
8A FB 18 71 56 D7 C4 AD 31 32 33 34 35 36 37 38
D9 9E 7F 4C 95 AA 9B 38 31 32 33 34 35 36 37 38
28 41 E6 27 D4 7D 72 C3 31 32 33 34 35 36 37 38
77 E4 4D 02 13 50 49 4E 31 32 33 34 35 36 37 38
C6 87 B4 DD 52 23 20 D9 31 32 33 34 35 36 37 38
15 2A 1B B8 91 F6 F7 64 31 32 33 34 35 36 37 38
64 CD 82 93 D0 C9 CE EF 31 32 33 34 35 36 37 38
B3 70 E9 6E 0F 9C A5 7A 31 32 33 34 35 36 37 38
02 13 50 49 4E 6F 7C 05 31 32 33 34 35 36 37 38
51 B6 B7 24 8D 42 53 90 31 32 33 34 35 36 37 38
A0 59 1E FF CC 15 2A 1B 31 32 33 34 35 36 37 38
EF FC 85 DA 0B E8 01 A6 31 32 33 34 35 36 37 38
3E 9F EC B5 4A BB D8 31 31 32 33 34 35 36 37 38
8D 42 53 90 89 8E AF BC 31 32 33 34 35 36 37 38
DC E5 BA 6B C8 61 86 47 31 32 33 34 35 36 37 38
2B 88 21 46 07 34 5D D2 31 32 33 34 35 36 37 38
7A 2B 88 21 46 07 34 5D 31 32 33 34 35 36 37 38
C9 CE EF FC 85 DA 0B E8 31 32 33 34 35 36 37 38
18 71 56 D7 C4 AD E2 73 31 32 33 34 35 36 37 38
67 14 BD B2 03 80 B9 FE 31 32 33 34 35 36 37 38
B6 B7 24 8D 42 53 90 89 31 32 33 34 35 36 37 38
05 5A 8B 68 81 26 67 14 31 32 33 34 35 36 37 38
54 FD F2 43 C0 F9 3E 9F 31 32 33 34 35 36 37 38
A3 A0 59 1E FF CC 15 2A 31 32 33 34 35 36 37 38
F2 43 C0 F9 3E 9F EC B5 31 32 33 34 35 36 37 38
41 E6 27 D4 7D 72 C3 40 31 32 33 34 35 36 37 38
90 89 8E AF BC 45 9A CB 31 32 33 34 35 36 37 38
DF 2C F5 8A FB 18 71 56 31 32 33 34 35 36 37 38
2E CF 5C 65 3A EB 48 E1 31 32 33 34 35 36 37 38
7D 72 C3 40 79 BE 1F 6C 31 32 33 34 35 36 37 38
CC 15 2A 1B B8 91 F6 F7 31 32 33 34 35 36 37 38
1B B8 91 F6 F7 64 CD 82 31 32 33 34 35 36 37 38
6A 5B F8 D1 36 37 A4 0D 31 32 33 34 35 36 37 38
B9 FE 5F AC 75 0A 7B 98 31 32 33 34 35 36 37 38
08 A1 C6 87 B4 DD 52 23 31 32 33 34 35 36 37 38
57 44 2D 62 F3 B0 29 AE 31 32 33 34 35 36 37 38
A6 E7 94 3D 32 83 00 39 31 32 33 34 35 36 37 38
F5 8A FB 18 71 56 D7 C4 31 32 33 34 35 36 37 38
44 2D 62 F3 B0 29 AE 4F 31 32 33 34 35 36 37 38
93 D0 C9 CE EF FC 85 DA 31 32 33 34 35 36 37 38
E2 73 30 A9 2E CF 5C 65 31 32 33 34 35 36 37 38
31 16 97 84 6D A2 33 F0 31 32 33 34 35 36 37 38
80 B9 FE 5F AC 75 0A 7B 31 32 33 34 35 36 37 38
CF 5C 65 3A EB 48 E1 06 31 32 33 34 35 36 37 38
1E FF CC 15 2A 1B B8 91 31 32 33 34 35 36 37 38
6D A2 33 F0 69 EE 8F 1C 31 32 33 34 35 36 37 38
BC 45 9A CB A8 C1 66 A7 31 32 33 34 35 36 37 38
0B E8 01 A6 E7 94 3D 32 31 32 33 34 35 36 37 38
5A 8B 68 81 26 67 14 BD 31 32 33 34 35 36 37 38
A9 2E CF 5C 65 3A EB 48 31 32 33 34 35 36 37 38
F8 D1 36 37 A4 0D C2 D3 31 32 33 34 35 36 37 38
47 74 9D 12 E3 E0 99 5E 31 32 33 34 35 36 37 38
96 17 04 ED 22 B3 70 E9 31 32 33 34 35 36 37 38
E5 BA 6B C8 61 86 47 74 31 32 33 34 35 36 37 38
34 5D D2 A3 A0 59 1E FF 31 32 33 34 35 36 37 38
83 00 39 7E DF 2C F5 8A 31 32 33 34 35 36 37 38
D2 A3 A0 59 1E FF CC 15 31 32 33 34 35 36 37 38
21 46 07 34 5D D2 A3 A0 31 32 33 34 35 36 37 38
70 E9 6E 0F 9C A5 7A 2B 31 32 33 34 35 36 37 38
BF 8C D5 EA DB 78 51 B6 31 32 33 34 35 36 37 38
0E 2F 3C C5 1A 4B 28 41 31 32 33 34 35 36 37 38
5D D2 A3 A0 59 1E FF CC 31 32 33 34 35 36 37 38
AC 75 0A 7B 98 F1 D6 57 31 32 33 34 35 36 37 38
FB 18 71 56 D7 C4 AD E2 31 32 33 34 35 36 37 38
4A BB D8 31 16 97 84 6D 31 32 33 34 35 36 37 38
99 5E 3F 0C 55 6A 5B F8 31 32 33 34 35 36 37 38
E8 01 A6 E7 94 3D 32 83 31 32 33 34 35 36 37 38
37 A4 0D C2 D3 10 09 0E 31 32 33 34 35 36 37 38
86 47 74 9D 12 E3 E0 99 31 32 33 34 35 36 37 38
D5 EA DB 78 51 B6 B7 24 31 32 33 34 35 36 37 38
24 8D 42 53 90 89 8E AF 31 32 33 34 35 36 37 38
73 30 A9 2E CF 5C 65 3A 31 32 33 34 35 36 37 38
C2 D3 10 09 0E 2F 3C C5 31 32 33 34 35 36 37 38
11 76 77 E4 4D 02 13 50 31 32 33 34 35 36 37 38
60 19 DE BF 8C D5 EA DB 31 32 33 34 35 36 37 38
AF BC 45 9A CB A8 C1 66 31 32 33 34 35 36 37 38
FE 5F AC 75 0A 7B 98 F1 31 32 33 34 35 36 37 38
4D 02 13 50 49 4E 6F 7C 31 32 33 34 35 36 37 38
9C A5 7A 2B 88 21 46 07 31 32 33 34 35 36 37 38
EB 48 E1 06 C7 F4 1D 92 31 32 33 34 35 36 37 38
3A EB 48 E1 06 C7 F4 1D 31 32 33 34 35 36 37 38
89 8E AF BC 45 9A CB A8 31 32 33 34 35 36 37 38
D8 31 16 97 84 6D A2 33 31 32 33 34 35 36 37 38
27 D4 7D 72 C3 40 79 BE 31 32 33 34 35 36 37 38
76 77 E4 4D 02 13 50 49 31 32 33 34 35 36 37 38
C5 1A 4B 28 41 E6 27 D4 31 32 33 34 35 36 37 38
14 BD B2 03 80 B9 FE 5F 31 32 33 34 35 36 37 38
63 60 19 DE BF 8C D5 EA 31 32 33 34 35 36 37 38
B2 03 80 B9 FE 5F AC 75 31 32 33 34 35 36 37 38
01 A6 E7 94 3D 32 83 00 31 32 33 34 35 36 37 38
50 49 4E 6F 7C 05 5A 8B 31 32 33 34 35 36 37 38
9F EC B5 4A BB D8 31 16 31 32 33 34 35 36 37 38
EE 8F 1C 25 FA AB 08 A1 31 32 33 34 35 36 37 38
3D 32 83 00 39 7E DF 2C 31 32 33 34 35 36 37 38
8C D5 EA DB 78 51 B6 B7 31 32 33 34 35 36 37 38
DB 78 51 B6 B7 24 8D 42 31 32 33 34 35 36 37 38
2A 1B B8 91 F6 F7 64 CD 31 32 33 34 35 36 37 38
79 BE 1F 6C 35 CA 3B 58 31 32 33 34 35 36 37 38
C8 61 86 47 74 9D 12 E3 31 32 33 34 35 36 37 38
17 04 ED 22 B3 70 E9 6E 31 32 33 34 35 36 37 38
66 A7 54 FD F2 43 C0 F9 31 32 33 34 35 36 37 38
B5 4A BB D8 31 16 97 84 31 32 33 34 35 36 37 38
04 ED 22 B3 70 E9 6E 0F 31 32 33 34 35 36 37 38
53 90 89 8E AF BC 45 9A 31 32 33 34 35 36 37 38
A2 33 F0 69 EE 8F 1C 25 31 32 33 34 35 36 37 38
F1 D6 57 44 2D 62 F3 B0 31 32 33 34 35 36 37 38
40 79 BE 1F 6C 35 CA 3B 31 32 33 34 35 36 37 38
8F 1C 25 FA AB 08 A1 C6 31 32 33 34 35 36 37 38
DE BF 8C D5 EA DB 78 51 31 32 33 34 35 36 37 38
2D 62 F3 B0 29 AE 4F DC 31 32 33 34 35 36 37 38
7C 05 5A 8B 68 81 26 67 31 32 33 34 35 36 37 38
CB A8 C1 66 A7 54 FD F2 31 32 33 34 35 36 37 38
1A 4B 28 41 E6 27 D4 7D 31 32 33 34 35 36 37 38
69 EE 8F 1C 25 FA AB 08 31 32 33 34 35 36 37 38
B8 91 F6 F7 64 CD 82 93 31 32 33 34 35 36 37 38
07 34 5D D2 A3 A0 59 1E 31 32 33 34 35 36 37 38
56 D7 C4 AD E2 73 30 A9 31 32 33 34 35 36 37 38
A5 7A 2B 88 21 46 07 34 31 32 33 34 35 36 37 38
F4 1D 92 63 60 19 DE BF 31 32 33 34 35 36 37 38
43 C0 F9 3E 9F EC B5 4A 31 32 33 34 35 36 37 38
92 63 60 19 DE BF 8C D5 31 32 33 34 35 36 37 38
E1 06 C7 F4 1D 92 63 60 31 32 33 34 35 36 37 38
30 A9 2E CF 5C 65 3A EB 31 32 33 34 35 36 37 38
7F 4C 95 AA 9B 38 11 76 31 32 33 34 35 36 37 38
CE EF FC 85 DA 0B E8 01 31 32 33 34 35 36 37 38
1D 92 63 60 19 DE BF 8C 31 32 33 34 35 36 37 38
6C 35 CA 3B 58 B1 96 17 31 32 33 34 35 36 37 38
BB D8 31 16 97 84 6D A2 31 32 33 34 35 36 37 38
0A 7B 98 F1 D6 57 44 2D 31 32 33 34 35 36 37 38
59 1E FF CC 15 2A 1B B8 31 32 33 34 35 36 37 38
A8 C1 66 A7 54 FD F2 43 31 32 33 34 35 36 37 38
F7 64 CD 82 93 D0 C9 CE 31 32 33 34 35 36 37 38
46 07 34 5D D2 A3 A0 59 31 32 33 34 35 36 37 38
95 AA 9B 38 11 76 77 E4 31 32 33 34 35 36 37 38
E4 4D 02 13 50 49 4E 6F 31 32 33 34 35 36 37 38
33 F0 69 EE 8F 1C 25 FA 31 32 33 34 35 36 37 38
82 93 D0 C9 CE EF FC 85 31 32 33 34 35 36 37 38
D1 36 37 A4 0D C2 D3 10 31 32 33 34 35 36 37 38
20 D9 9E 7F 4C 95 AA 9B 31 32 33 34 35 36 37 38
6F 7C 05 5A 8B 68 81 26 31 32 33 34 35 36 37 38
BE 1F 6C 35 CA 3B 58 B1 31 32 33 34 35 36 37 38
0D C2 D3 10 09 0E 2F 3C 31 32 33 34 35 36 37 38
5C 65 3A EB 48 E1 06 C7 31 32 33 34 35 36 37 38
AB 08 A1 C6 87 B4 DD 52 31 32 33 34 35 36 37 38
FA AB 08 A1 C6 87 B4 DD 31 32 33 34 35 36 37 38
49 4E 6F 7C 05 5A 8B 68 31 32 33 34 35 36 37 38
98 F1 D6 57 44 2D 62 F3 31 32 33 34 35 36 37 38
E7 94 3D 32 83 00 39 7E 31 32 33 34 35 36 37 38
36 37 A4 0D C2 D3 10 09 31 32 33 34 35 36 37 38
85 DA 0B E8 01 A6 E7 94 31 32 33 34 35 36 37 38
D4 7D 72 C3 40 79 BE 1F 31 32 33 34 35 36 37 38
23 20 D9 9E 7F 4C 95 AA 31 32 33 34 35 36 37 38
72 C3 40 79 BE 1F 6C 35 31 32 33 34 35 36 37 38
C1 66 A7 54 FD F2 43 C0 31 32 33 34 35 36 37 38
10 09 0E 2F 3C C5 1A 4B 31 32 33 34 35 36 37 38
5F AC 75 0A 7B 98 F1 D6 31 32 33 34 35 36 37 38
AE 4F DC E5 BA 6B C8 61 31 32 33 34 35 36 37 38
FD F2 43 C0 F9 3E 9F EC 31 32 33 34 35 36 37 38
4C 95 AA 9B 38 11 76 77 31 32 33 34 35 36 37 38
9B 38 11 76 77 E4 4D 02 31 32 33 34 35 36 37 38
EA DB 78 51 B6 B7 24 8D 31 32 33 34 35 36 37 38
39 7E DF 2C F5 8A FB 18 31 32 33 34 35 36 37 38
88 21 46 07 34 5D D2 A3 31 32 33 34 35 36 37 38
D7 C4 AD E2 73 30 A9 2E 31 32 33 34 35 36 37 38
26 67 14 BD B2 03 80 B9 31 32 33 34 35 36 37 38
75 0A 7B 98 F1 D6 57 44 31 32 33 34 35 36 37 38
C4 AD E2 73 30 A9 2E CF 31 32 33 34 35 36 37 38
13 50 49 4E 6F 7C 05 5A 31 32 33 34 35 36 37 38
62 F3 B0 29 AE 4F DC E5 31 32 33 34 35 36 37 38
B1 96 17 04 ED 22 B3 70 31 32 33 34 35 36 37 38
00 39 7E DF 2C F5 8A FB 31 32 33 34 35 36 37 38
4F DC E5 BA 6B C8 61 86 31 32 33 34 35 36 37 38
9E 7F 4C 95 AA 9B 38 11 31 32 33 34 35 36 37 38
ED 22 B3 70 E9 6E 0F 9C 31 32 33 34 35 36 37 38
3C C5 1A 4B 28 41 E6 27 31 32 33 34 35 36 37 38
8B 68 81 26 67 14 BD B2 31 32 33 34 35 36 37 38
DA 0B E8 01 A6 E7 94 3D 31 32 33 34 35 36 37 38
29 AE 4F DC E5 BA 6B C8 31 32 33 34 35 36 37 38
78 51 B6 B7 24 8D 42 53 31 32 33 34 35 36 37 38
C7 F4 1D 92 63 60 19 DE 31 32 33 34 35 36 37 38
16 97 84 6D A2 33 F0 69 31 32 33 34 35 36 37 38
65 3A EB 48 E1 06 C7 F4 31 32 33 34 35 36 37 38
B4 DD 52 23 20 D9 9E 7F 31 32 33 34 35 36 37 38
03 80 B9 FE 5F AC 75 0A 31 32 33 34 35 36 37 38
52 23 20 D9 9E 7F 4C 95 31 32 33 34 35 36 37 38
A1 C6 87 B4 DD 52 23 20 31 32 33 34 35 36 37 38
F0 69 EE 8F 1C 25 FA AB 31 32 33 34 35 36 37 38
3F 0C 55 6A 5B F8 D1 36 31 32 33 34 35 36 37 38
8E AF BC 45 9A CB A8 C1 31 32 33 34 35 36 37 38
DD 52 23 20 D9 9E 7F 4C 31 32 33 34 35 36 37 38
2C F5 8A FB 18 71 56 D7 31 32 33 34 35 36 37 38
7B 98 F1 D6 57 44 2D 62 31 32 33 34 35 36 37 38
CA 3B 58 B1 96 17 04 ED 31 32 33 34 35 36 37 38
19 DE BF 8C D5 EA DB 78 31 32 33 34 35 36 37 38
68 81 26 67 14 BD B2 03 31 32 33 34 35 36 37 38
B7 24 8D 42 53 90 89 8E 31 32 33 34 35 36 37 38
06 C7 F4 1D 92 63 60 19 31 32 33 34 35 36 37 38
55 6A 5B F8 D1 36 37 A4 31 32 33 34 35 36 37 38
A4 0D C2 D3 10 09 0E 2F 31 32 33 34 35 36 37 38
F3 B0 29 AE 4F DC E5 BA 31 32 33 34 35 36 37 38
42 53 90 89 8E AF BC 45 31 32 33 34 35 36 37 38
91 F6 F7 64 CD 82 93 D0 31 32 33 34 35 36 37 38
E0 99 5E 3F 0C 55 6A 5B 31 32 33 34 35 36 37 38
2F 3C C5 1A 4B 28 41 E6 31 32 33 34 35 36 37 38
7E DF 2C F5 8A FB 18 71 31 32 33 34 35 36 37 38
CD 82 93 D0 C9 CE EF FC 31 32 33 34 35 36 37 38
1C 25 FA AB 08 A1 C6 87 31 32 33 34 35 36 37 38
6B C8 61 86 47 74 9D 12 31 32 33 34 35 36 37 38
BA 6B C8 61 86 47 74 9D 31 32 33 34 35 36 37 38
09 0E 2F 3C C5 1A 4B 28 31 32 33 34 35 36 37 38
58 B1 96 17 04 ED 22 B3 31 32 33 34 35 36 37 38
A7 54 FD F2 43 C0 F9 3E 31 32 33 34 35 36 37 38
F6 F7 64 CD 82 93 D0 C9 31 32 33 34 35 36 37 38
45 9A CB A8 C1 66 A7 54 31 32 33 34 35 36 37 38
94 3D 32 83 00 39 7E DF 31 32 33 34 35 36 37 38
E3 E0 99 5E 3F 0C 55 6A 31 32 33 34 35 36 37 38
32 83 00 39 7E DF 2C F5 31 32 33 34 35 36 37 38
81 26 67 14 BD B2 03 80 31 32 33 34 35 36 37 38
D0 C9 CE EF FC 85 DA 0B 31 32 33 34 35 36 37 38
1F 6C 35 CA 3B 58 B1 96 31 32 33 34 35 36 37 38
6E 0F 9C A5 7A 2B 88 21 31 32 33 34 35 36 37 38
BD B2 03 80 B9 FE 5F AC 31 32 33 34 35 36 37 38
0C 55 6A 5B F8 D1 36 37 31 32 33 34 35 36 37 38
5B F8 D1 36 37 A4 0D C2 31 32 33 34 35 36 37 38
AA 9B 38 11 76 77 E4 4D 31 32 33 34 35 36 37 38
F9 3E 9F EC B5 4A BB D8 31 32 33 34 35 36 37 38
48 E1 06 C7 F4 1D 92 63 31 32 33 34 35 36 37 38
97 84 6D A2 33 F0 69 EE 31 32 33 34 35 36 37 38
E6 27 D4 7D 72 C3 40 79 31 32 33 34 35 36 37 38
35 CA 3B 58 B1 96 17 04 31 32 33 34 35 36 37 38
84 6D A2 33 F0 69 EE 8F 31 32 33 34 35 36 37 38
D3 10 09 0E 2F 3C C5 1A 31 32 33 34 35 36 37 38
22 B3 70 E9 6E 0F 9C A5 31 32 33 34 35 36 37 38
71 56 D7 C4 AD E2 73 30 31 32 33 34 35 36 37 38
C0 F9 3E 9F EC B5 4A BB 31 32 33 34 35 36 37 38
0F 9C A5 7A 2B 88 21 46 31 32 33 34 35 36 37 38
5E 3F 0C 55 6A 5B F8 D1 31 32 33 34 35 36 37 38
AD E2 73 30 A9 2E CF 5C 31 32 33 34 35 36 37 38
FC 85 DA 0B E8 01 A6 E7 31 32 33 34 35 36 37 38
4B 28 41 E6 27 D4 7D 72 31 32 33 34 35 36 37 38
9A CB A8 C1 66 A7 54 FD 31 32 33 34 35 36 37 38
E9 6E 0F 9C A5 7A 2B 88 31 32 33 34 35 36 37 38
38 11 76 77 E4 4D 02 13 31 32 33 34 35 36 37 38
87 B4 DD 52 23 20 D9 9E 31 32 33 34 35 36 37 38
D6 57 44 2D 62 F3 B0 29 31 32 33 34 35 36 37 38
25 FA AB 08 A1 C6 87 B4 31 32 33 34 35 36 37 38
74 9D 12 E3 E0 99 5E 3F 31 32 33 34 35 36 37 38
C3 40 79 BE 1F 6C 35 CA 31 32 33 34 35 36 37 38
12 E3 E0 99 5E 3F 0C 55 31 32 33 34 35 36 37 38
61 86 47 74 9D 12 E3 E0 31 32 33 34 35 36 37 38
B0 29 AE 4F DC E5 BA 6B 31 32 33 34 35 36 37 38
FF CC 15 2A 1B B8 91 F6 31 32 33 34 35 36 37 38
4E 6F 7C 05 5A 8B 68 81 31 32 33 34 35 36 37 38
9D 12 E3 E0 99 5E 3F 0C 31 32 33 34 35 36 37 38
EC B5 4A BB D8 31 16 97 31 32 33 34 35 36 37 38
3B 58 B1 96 17 04 ED 22 31 32 33 34 35 36 37 38
8A FB 18 71 56 D7 C4 AD 31 32 33 34 35 36 37 38
D9 9E 7F 4C 95 AA 9B 38 31 32 33 34 35 36 37 38
28 41 E6 27 D4 7D 72 C3 31 32 33 34 35 36 37 38
77 E4 4D 02 13 50 49 4E 31 32 33 34 35 36 37 38
C6 87 B4 DD 52 23 20 D9 31 32 33 34 35 36 37 38
15 2A 1B B8 91 F6 F7 64 31 32 33 34 35 36 37 38
64 CD 82 93 D0 C9 CE EF 31 32 33 34 35 36 37 38
B3 70 E9 6E 0F 9C A5 7A 31 32 33 34 35 36 37 38
02 13 50 49 4E 6F 7C 05 31 32 33 34 35 36 37 38
51 B6 B7 24 8D 42 53 90 31 32 33 34 35 36 37 38
A0 59 1E FF CC 15 2A 1B 31 32 33 34 35 36 37 38
EF FC 85 DA 0B E8 01 A6 31 32 33 34 35 36 37 38
3E 9F EC B5 4A BB D8 31 31 32 33 34 35 36 37 38
8D 42 53 90 89 8E AF BC 31 32 33 34 35 36 37 38
DC E5 BA 6B C8 61 86 47 31 32 33 34 35 36 37 38
2B 88 21 46 07 34 5D D2 31 32 33 34 35 36 37 38
7A 2B 88 21 46 07 34 5D 31 32 33 34 35 36 37 38
C9 CE EF FC 85 DA 0B E8 31 32 33 34 35 36 37 38
18 71 56 D7 C4 AD E2 73 31 32 33 34 35 36 37 38
67 14 BD B2 03 80 B9 FE 31 32 33 34 35 36 37 38
B6 B7 24 8D 42 53 90 89 31 32 33 34 35 36 37 38
05 5A 8B 68 81 26 67 14 31 32 33 34 35 36 37 38
54 FD F2 43 C0 F9 3E 9F 31 32 33 34 35 36 37 38
A3 A0 59 1E FF CC 15 2A 31 32 33 34 35 36 37 38
F2 43 C0 F9 3E 9F EC B5 31 32 33 34 35 36 37 38
41 E6 27 D4 7D 72 C3 40 31 32 33 34 35 36 37 38
90 89 8E AF BC 45 9A CB 31 32 33 34 35 36 37 38
DF 2C F5 8A FB 18 71 56 31 32 33 34 35 36 37 38
2E CF 5C 65 3A EB 48 E1 31 32 33 34 35 36 37 38
7D 72 C3 40 79 BE 1F 6C 31 32 33 34 35 36 37 38
CC 15 2A 1B B8 91 F6 F7 31 32 33 34 35 36 37 38
1B B8 91 F6 F7 64 CD 82 31 32 33 34 35 36 37 38
6A 5B F8 D1 36 37 A4 0D 31 32 33 34 35 36 37 38
B9 FE 5F AC 75 0A 7B 98 31 32 33 34 35 36 37 38
08 A1 C6 87 B4 DD 52 23 31 32 33 34 35 36 37 38
57 44 2D 62 F3 B0 29 AE 31 32 33 34 35 36 37 38
A6 E7 94 3D 32 83 00 39 31 32 33 34 35 36 37 38
F5 8A FB 18 71 56 D7 C4 31 32 33 34 35 36 37 38
44 2D 62 F3 B0 29 AE 4F 31 32 33 34 35 36 37 38
93 D0 C9 CE EF FC 85 DA 31 32 33 34 35 36 37 38
E2 73 30 A9 2E CF 5C 65 31 32 33 34 35 36 37 38
31 16 97 84 6D A2 33 F0 31 32 33 34 35 36 37 38
80 B9 FE 5F AC 75 0A 7B 31 32 33 34 35 36 37 38
CF 5C 65 3A EB 48 E1 06 31 32 33 34 35 36 37 38
1E FF CC 15 2A 1B B8 91 31 32 33 34 35 36 37 38
6D A2 33 F0 69 EE 8F 1C 31 32 33 34 35 36 37 38
BC 45 9A CB A8 C1 66 A7 31 32 33 34 35 36 37 38
0B E8 01 A6 E7 94 3D 32 31 32 33 34 35 36 37 38
5A 8B 68 81 26 67 14 BD 31 32 33 34 35 36 37 38
A9 2E CF 5C 65 3A EB 48 31 32 33 34 35 36 37 38
F8 D1 36 37 A4 0D C2 D3 31 32 33 34 35 36 37 38
47 74 9D 12 E3 E0 99 5E 31 32 33 34 35 36 37 38
96 17 04 ED 22 B3 70 E9 31 32 33 34 35 36 37 38
E5 BA 6B C8 61 86 47 74 31 32 33 34 35 36 37 38
34 5D D2 A3 A0 59 1E FF 31 32 33 34 35 36 37 38
83 00 39 7E DF 2C F5 8A 31 32 33 34 35 36 37 38
D2 A3 A0 59 1E FF CC 15 31 32 33 34 35 36 37 38
21 46 07 34 5D D2 A3 A0 31 32 33 34 35 36 37 38
70 E9 6E 0F 9C A5 7A 2B 31 32 33 34 35 36 37 38
BF 8C D5 EA DB 78 51 B6 31 32 33 34 35 36 37 38
0E 2F 3C C5 1A 4B 28 41 31 32 33 34 35 36 37 38
5D D2 A3 A0 59 1E FF CC 31 32 33 34 35 36 37 38
AC 75 0A 7B 98 F1 D6 57 31 32 33 34 35 36 37 38
FB 18 71 56 D7 C4 AD E2 31 32 33 34 35 36 37 38
4A BB D8 31 16 97 84 6D 31 32 33 34 35 36 37 38
99 5E 3F 0C 55 6A 5B F8 31 32 33 34 35 36 37 38
E8 01 A6 E7 94 3D 32 83 31 32 33 34 35 36 37 38
37 A4 0D C2 D3 10 09 0E 31 32 33 34 35 36 37 38
86 47 74 9D 12 E3 E0 99 31 32 33 34 35 36 37 38
D5 EA DB 78 51 B6 B7 24 31 32 33 34 35 36 37 38
24 8D 42 53 90 89 8E AF 31 32 33 34 35 36 37 38
73 30 A9 2E CF 5C 65 3A 31 32 33 34 35 36 37 38
C2 D3 10 09 0E 2F 3C C5 31 32 33 34 35 36 37 38
11 76 77 E4 4D 02 13 50 31 32 33 34 35 36 37 38
60 19 DE BF 8C D5 EA DB 31 32 33 34 35 36 37 38
AF BC 45 9A CB A8 C1 66 31 32 33 34 35 36 37 38
FE 5F AC 75 0A 7B 98 F1 31 32 33 34 35 36 37 38
4D 02 13 50 49 4E 6F 7C 31 32 33 34 35 36 37 38
9C A5 7A 2B 88 21 46 07 31 32 33 34 35 36 37 38
EB 48 E1 06 C7 F4 1D 92 31 32 33 34 35 36 37 38
3A EB 48 E1 06 C7 F4 1D 31 32 33 34 35 36 37 38
89 8E AF BC 45 9A CB A8 31 32 33 34 35 36 37 38
D8 31 16 97 84 6D A2 33 31 32 33 34 35 36 37 38
27 D4 7D 72 C3 40 79 BE 31 32 33 34 35 36 37 38
76 77 E4 4D 02 13 50 49 31 32 33 34 35 36 37 38
C5 1A 4B 28 41 E6 27 D4 31 32 33 34 35 36 37 38
14 BD B2 03 80 B9 FE 5F 31 32 33 34 35 36 37 38
63 60 19 DE BF 8C D5 EA 31 32 33 34 35 36 37 38
B2 03 80 B9 FE 5F AC 75 31 32 33 34 35 36 37 38
01 A6 E7 94 3D 32 83 00 31 32 33 34 35 36 37 38
50 49 4E 6F 7C 05 5A 8B 31 32 33 34 35 36 37 38
9F EC B5 4A BB D8 31 16 31 32 33 34 35 36 37 38
EE 8F 1C 25 FA AB 08 A1 31 32 33 34 35 36 37 38
3D 32 83 00 39 7E DF 2C 31 32 33 34 35 36 37 38
8C D5 EA DB 78 51 B6 B7 31 32 33 34 35 36 37 38
DB 78 51 B6 B7 24 8D 42 31 32 33 34 35 36 37 38
2A 1B B8 91 F6 F7 64 CD 31 32 33 34 35 36 37 38
79 BE 1F 6C 35 CA 3B 58 31 32 33 34 35 36 37 38
C8 61 86 47 74 9D 12 E3 31 32 33 34 35 36 37 38
17 04 ED 22 B3 70 E9 6E 31 32 33 34 35 36 37 38
66 A7 54 FD F2 43 C0 F9 31 32 33 34 35 36 37 38
B5 4A BB D8 31 16 97 84 31 32 33 34 35 36 37 38
04 ED 22 B3 70 E9 6E 0F 31 32 33 34 35 36 37 38
53 90 89 8E AF BC 45 9A 31 32 33 34 35 36 37 38
A2 33 F0 69 EE 8F 1C 25 31 32 33 34 35 36 37 38
F1 D6 57 44 2D 62 F3 B0 31 32 33 34 35 36 37 38
40 79 BE 1F 6C 35 CA 3B 31 32 33 34 35 36 37 38
8F 1C 25 FA AB 08 A1 C6 31 32 33 34 35 36 37 38
DE BF 8C D5 EA DB 78 51 31 32 33 34 35 36 37 38
2D 62 F3 B0 29 AE 4F DC 31 32 33 34 35 36 37 38
7C 05 5A 8B 68 81 26 67 31 32 33 34 35 36 37 38
CB A8 C1 66 A7 54 FD F2 31 32 33 34 35 36 37 38
1A 4B 28 41 E6 27 D4 7D 31 32 33 34 35 36 37 38
69 EE 8F 1C 25 FA AB 08 31 32 33 34 35 36 37 38
B8 91 F6 F7 64 CD 82 93 31 32 33 34 35 36 37 38
07 34 5D D2 A3 A0 59 1E 31 32 33 34 35 36 37 38
56 D7 C4 AD E2 73 30 A9 31 32 33 34 35 36 37 38
A5 7A 2B 88 21 46 07 34 31 32 33 34 35 36 37 38
F4 1D 92 63 60 19 DE BF 31 32 33 34 35 36 37 38
43 C0 F9 3E 9F EC B5 4A 31 32 33 34 35 36 37 38
92 63 60 19 DE BF 8C D5 31 32 33 34 35 36 37 38
E1 06 C7 F4 1D 92 63 60 31 32 33 34 35 36 37 38
30 A9 2E CF 5C 65 3A EB 31 32 33 34 35 36 37 38
7F 4C 95 AA 9B 38 11 76 31 32 33 34 35 36 37 38
CE EF FC 85 DA 0B E8 01 31 32 33 34 35 36 37 38
1D 92 63 60 19 DE BF 8C 31 32 33 34 35 36 37 38
6C 35 CA 3B 58 B1 96 17 31 32 33 34 35 36 37 38
BB D8 31 16 97 84 6D A2 31 32 33 34 35 36 37 38
0A 7B 98 F1 D6 57 44 2D 31 32 33 34 35 36 37 38
59 1E FF CC 15 2A 1B B8 31 32 33 34 35 36 37 38
A8 C1 66 A7 54 FD F2 43 31 32 33 34 35 36 37 38
F7 64 CD 82 93 D0 C9 CE 31 32 33 34 35 36 37 38
46 07 34 5D D2 A3 A0 59 31 32 33 34 35 36 37 38
95 AA 9B 38 11 76 77 E4 31 32 33 34 35 36 37 38
E4 4D 02 13 50 49 4E 6F 31 32 33 34 35 36 37 38
33 F0 69 EE 8F 1C 25 FA 31 32 33 34 35 36 37 38
82 93 D0 C9 CE EF FC 85 31 32 33 34 35 36 37 38
D1 36 37 A4 0D C2 D3 10 31 32 33 34 35 36 37 38
20 D9 9E 7F 4C 95 AA 9B 31 32 33 34 35 36 37 38
6F 7C 05 5A 8B 68 81 26 31 32 33 34 35 36 37 38
BE 1F 6C 35 CA 3B 58 B1 31 32 33 34 35 36 37 38
0D C2 D3 10 09 0E 2F 3C 31 32 33 34 35 36 37 38
5C 65 3A EB 48 E1 06 C7 31 32 33 34 35 36 37 38
AB 08 A1 C6 87 B4 DD 52 31 32 33 34 35 36 37 38
FA AB 08 A1 C6 87 B4 DD 31 32 33 34 35 36 37 38
49 4E 6F 7C 05 5A 8B 68 31 32 33 34 35 36 37 38
98 F1 D6 57 44 2D 62 F3 31 32 33 34 35 36 37 38
E7 94 3D 32 83 00 39 7E 31 32 33 34 35 36 37 38
36 37 A4 0D C2 D3 10 09 31 32 33 34 35 36 37 38
85 DA 0B E8 01 A6 E7 94 31 32 33 34 35 36 37 38
D4 7D 72 C3 40 79 BE 1F 31 32 33 34 35 36 37 38
23 20 D9 9E 7F 4C 95 AA 31 32 33 34 35 36 37 38
72 C3 40 79 BE 1F 6C 35 31 32 33 34 35 36 37 38
C1 66 A7 54 FD F2 43 C0 31 32 33 34 35 36 37 38
10 09 0E 2F 3C C5 1A 4B 31 32 33 34 35 36 37 38
5F AC 75 0A 7B 98 F1 D6 31 32 33 34 35 36 37 38
AE 4F DC E5 BA 6B C8 61 31 32 33 34 35 36 37 38
FD F2 43 C0 F9 3E 9F EC 31 32 33 34 35 36 37 38
4C 95 AA 9B 38 11 76 77 31 32 33 34 35 36 37 38
9B 38 11 76 77 E4 4D 02 31 32 33 34 35 36 37 38
EA DB 78 51 B6 B7 24 8D 31 32 33 34 35 36 37 38
39 7E DF 2C F5 8A FB 18 31 32 33 34 35 36 37 38
88 21 46 07 34 5D D2 A3 31 32 33 34 35 36 37 38
D7 C4 AD E2 73 30 A9 2E 31 32 33 34 35 36 37 38
26 67 14 BD B2 03 80 B9 31 32 33 34 35 36 37 38
75 0A 7B 98 F1 D6 57 44 31 32 33 34 35 36 37 38
C4 AD E2 73 30 A9 2E CF 31 32 33 34 35 36 37 38
13 50 49 4E 6F 7C 05 5A 31 32 33 34 35 36 37 38
62 F3 B0 29 AE 4F DC E5 31 32 33 34 35 36 37 38
B1 96 17 04 ED 22 B3 70 31 32 33 34 35 36 37 38
00 39 7E DF 2C F5 8A FB 31 32 33 34 35 36 37 38
4F DC E5 BA 6B C8 61 86 31 32 33 34 35 36 37 38
9E 7F 4C 95 AA 9B 38 11 31 32 33 34 35 36 37 38
ED 22 B3 70 E9 6E 0F 9C 31 32 33 34 35 36 37 38
3C C5 1A 4B 28 41 E6 27 31 32 33 34 35 36 37 38
8B 68 81 26 67 14 BD B2 31 32 33 34 35 36 37 38
DA 0B E8 01 A6 E7 94 3D 31 32 33 34 35 36 37 38
29 AE 4F DC E5 BA 6B C8 31 32 33 34 35 36 37 38
78 51 B6 B7 24 8D 42 53 31 32 33 34 35 36 37 38
C7 F4 1D 92 63 60 19 DE 31 32 33 34 35 36 37 38
16 97 84 6D A2 33 F0 69 31 32 33 34 35 36 37 38
65 3A EB 48 E1 06 C7 F4 31 32 33 34 35 36 37 38
B4 DD 52 23 20 D9 9E 7F 31 32 33 34 35 36 37 38
03 80 B9 FE 5F AC 75 0A 31 32 33 34 35 36 37 38
52 23 20 D9 9E 7F 4C 95 31 32 33 34 35 36 37 38
A1 C6 87 B4 DD 52 23 20 31 32 33 34 35 36 37 38
F0 69 EE 8F 1C 25 FA AB 31 32 33 34 35 36 37 38
3F 0C 55 6A 5B F8 D1 36 31 32 33 34 35 36 37 38
8E AF BC 45 9A CB A8 C1 31 32 33 34 35 36 37 38
DD 52 23 20 D9 9E 7F 4C 31 32 33 34 35 36 37 38