01 01 1E 51
1E B2 00 A0
00 FB 1E 56
1D 37 02 1B
1E B7 00 9B
00 12 1F 3F
1E B3 00 9F
1E 2F 01 23
1D 84 01 CE
00 11 00 00
1E 80 00 D2
1E B2 00 A0
00 FD 1E 55
1E 5F 00 F3
00 12 1F 40
1E B9 00 99
00 0B 00 65
1E 7C 00 D6
1D 84 01 CE
00 12 1F 40
00 C5 1E 8D
00 0D 00 63
00 C2 1E 90
1E 99 00 B9
1D 91 01 C1
1E B8 00 9A
00 0D 00 64
00 C2 1E 90
1D BF 01 93
1E B9 00 99
01 00 1E 52
1D 8C 01 C6
00 C2 1E 90
1E 9A 00 B8
1E B9 00 99
00 12 1F 3F
1E B3 00 9F
00 FB 1E 56
1C 5C 02 F6
1E B8 00 9A
01 01 1E 51
1E B2 00 A0
00 FD 1E 55
1E 5F 00 F3
00 11 00 00
1D 91 01 C1
1E B3 00 9F
00 FD 1E 55
1D 84 01 CE
00 12 1F 40
00 C6 1E 8C
00 0C 00 65
1E 7C 00 D6
1E 5F 00 F3
00 12 1F 40
1E B8 00 9A
00 0D 00 64
1D F3 01 5E
1D BE 01 94
1D 91 01 C1
00 C5 1E 8D
00 0D 00 63
00 C2 1E 90
1E 9A 00 B8
1E B8 00 99
00 11 00 00
1D 8C 01 C6
00 C2 1E 90
1D BF 01 93
1E B9 00 99
01 01 1E 51
1E B2 00 A0
00 FB 1E 56
1D 37 02 1B
1E B7 00 9B
00 12 1F 3F
1E B3 00 9F
00 FD 1E 55
1D 84 01 CE
00 11 00 00
1E 80 00 D2
1E B4 00 9E
00 FD 1E 55
1B 89 03 C9
1C 76 02 DC
1E B9 00 99
00 0C 00 65
1E 7C 00 D6
1A AD 04 A5
00 13 1F 3F
00 C5 1E 8D
00 0E 00 63
00 C2 1E 90
1B C1 03 90
1D 92 01 C0
1E B8 00 9A
00 0D 00 63
00 C2 1E 90
1A E8 04 6A
1E BA 00 98
01 00 1E 52
1D 8D 01 C5
00 C2 1E 90
1B C2 03 8F
1E BA 00 98
00 12 1F 3F
1E B4 00 9E
1E 2D 01 25
19 85 05 CD
1E B8 00 99
01 01 1E 51
1E B4 00 9E
00 FD 1E 55
1B 88 03 CA
00 12 1F 40
1D 91 01 C1
1E B4 00 9E
00 FD 1E 55
1B A9 03 A9
00 13 1F 3F
00 C6 1E 8C
00 0D 00 64
1E 7C 00 D6
1B 87 03 CA
00 13 1F 3F
1E B8 00 9A
00 0D 00 63
00 C2 1E 90
1C F0 02 62
1D 92 01 C0
00 C5 1E 8D
00 0E 00 63
00 C2 1E 90
1E 99 00 B9
1E BA 00 98
00 11 00 00
1D 8C 01 C6
00 A3 1E AF
1D BE 01 94
1E BA 00 98
01 01 1E 51
1E B4 00 9E
00 FB 1E 56
1D 36 02 1C
1E B8 00 9A
00 12 1F 3F
1E B4 00 9E
00 FD 1E 55
1D 84 01 CE
00 12 1F 40
1E 80 00 D2
1E B4 00 9E
00 FD 1E 55
1E 5E 00 F4
00 13 1F 3F
1E B9 00 99
00 0C 00 65
1C CC 02 86
1D 84 01 CE
00 13 1F 3F
00 C5 1E 8D
00 0E 00 63
00 C2 1E 90
1E 98 00 BA
1D 92 01 C0
1E B8 00 9A
00 0D 00 63
00 C2 1E 90
1D BE 01 94
1E BA 00 98
01 00 1E 52
1D 8D 01 C5
00 C2 1E 90
1E 99 00 B9
1E BA 00 98
00 12 1F 3F
1E B4 00 9E
00 FB 1E 56
1C 5B 02 F7
1E B8 00 99
01 01 1E 51
1E B4 00 9E
00 DF 1E 72
1E 5E 00 F4
00 12 1F 40
1D 91 01 C1
1E B4 00 9E
00 FD 1E 55
1D 84 01 CE
00 13 1F 3F
00 C6 1E 8C
00 0D 00 64
1E 7C 00 D6
1E 5E 00 F4
00 13 1F 3F
1E B8 00 9A
00 0D 00 63
00 C2 1E 90
1D BD 01 95
1D 92 01 C0
00 C5 1E 8D
00 0E 00 63
00 C2 1E 90
1E 99 00 B9
1E BA 00 98
00 11 00 00
1D 8C 01 C6
1D F3 01 5E
1D BE 01 94
1E BA 00 98
01 01 1E 51
1E B4 00 9E
00 FB 1E 56
1D 36 02 1C
1E B8 00 9A
00 12 1F 3F
1E B4 00 9E
00 FD 1E 55
1D 84 01 CE
00 12 1F 40
1E 80 00 D2
1E B4 00 9E
00 FD 1E 55
1E 5E 00 F4
00 13 1F 3F
1E B9 00 99
00 0C 00 65
1E 7C 00 D6
1D 84 01 CE
00 13 1F 3F
00 C5 1E 8D
00 0E 00 63
00 C2 1E 90
1E 98 00 BA
1D 92 01 C0
1E B8 00 9A
00 0D 00 63
00 C2 1E 90
1D BE 01 94
1E BA 00 98
01 00 1E 52
1D 8D 01 C5
00 C2 1E 90
1E 99 00 B9
1E BA 00 98
00 12 1F 3F
1E B4 00 9E
00 FB 1E 56
1C 5B 02 F7
1E B8 00 99
01 01 1E 51
1E B4 00 9E
00 FD 1E 55
1E 5E 00 F4
00 12 1F 40
1D 91 01 C1
1E B4 00 9E
1E 2F 01 23
1D 84 01 CE
00 13 1F 3F
00 C6 1E 8C
00 0D 00 64
1E 7C 00 D6
1E 5E 00 F4
00 13 1F 3F
1E B8 00 9A
00 0D 00 63
00 C2 1E 90
1D BD 01 95
1D 92 01 C0
00 C5 1E 8D
00 0E 00 63
00 C2 1E 90
1E 99 00 B9
1E BA 00 98
00 11 00 00
1D 8C 01 C6
00 C2 1E 90
1D BE 01 94
1E BA 00 98
01 01 1E 51
1E B4 00 9E
00 FB 1E 56
1D 36 02 1C
1E B8 00 99
00 12 1F 3F
1E B4 00 9E
00 FD 1E 55
1D 84 01 CE
00 12 1F 40
1E 80 00 D2
1E B4 00 9E
00 FD 1E 55
1E 5E 00 F4
00 13 1F 3F
1E B9 00 99
00 0C 00 65
1E 7C 00 D6
1B 09 04 49
00 13 1F 3F
00 C5 1E 8D
00 0E 00 63
00 C2 1E 90
1C 1D 03 35
1D 92 01 C0
1E B8 00 9A
00 0D 00 63
1D F3 01 5E
1B 43 04 0F
1E BA 00 98
01 00 1E 52
1D 8D 01 C5
00 C2 1E 90
1C 1E 03 34
1E BA 00 98
00 12 1F 3F
1E B4 00 9E
00 FB 1E 56
19 E0 05 72
1E B8 00 99
01 01 1E 51
1E B4 00 9E
00 FD 1E 55
1B E3 03 6F
00 12 1F 40
1D 91 01 C1
1E B4 00 9E
00 FD 1E 55
1B 1B 04 37
00 13 1F 3F
00 C6 1E 8C
00 0D 00 64
1E 7C 00 D6
1C 9F 02 B3
00 13 1F 3F
1E B8 00 9A
00 0D 00 63
00 C2 1E 90
1C 33 03 1F
1D 92 01 C0
00 C5 1E 8D
00 0E 00 63
00 C2 1E 90
1D 59 01 F9
1E BA 00 98
00 11 00 00
1D 8C 01 C6
00 C2 1E 90
1D BE 01 94
1E BA 00 98
01 01 1E 51
1E B4 00 9E
00 FB 1E 56
1D 36 02 1C
1E B8 00 99
00 12 1F 3F
1E B4 00 9E
1E 2F 01 23
1D 84 01 CE
00 12 1F 40
1E 80 00 D2
1E B4 00 9E
00 FD 1E 55
1E 5E 00 F4
00 13 1F 3F
1E B9 00 99
00 0C 00 65
1E 7C 00 D6
1D 84 01 CE
00 13 1F 3F
00 C5 1E 8D
00 0E 00 63
00 C2 1E 90
1E 98 00 BA
1D 92 01 C0
1E B8 00 9A
00 0D 00 63
00 C2 1E 90
1D BE 01 94
1E BA 00 98
01 00 1E 52
1D 8D 01 C5
00 C2 1E 90
1E 99 00 B9
1E BA 00 98
00 12 1F 3F
1E B4 00 9E
00 DD 1E 75
1C 5B 02 F7
1E B8 00 99
01 01 1E 51
1E B4 00 9E
00 FD 1E 55
1E 5E 00 F4
00 12 1F 40
1D 91 01 C1
1E B4 00 9E
00 FD 1E 55
1D 84 01 CE
00 13 1F 3F
00 C6 1E 8C
00 0D 00 64
1E 7C 00 D6
1E 5E 00 F4
00 13 1F 3F
1E B8 00 9A
00 0D 00 63
1D F3 01 5E
1D BD 01 95
1D 92 01 C0
00 C5 1E 8D
00 0E 00 63
00 C2 1E 90
1E 99 00 B9
1E BA 00 98
00 11 00 00
1D 8C 01 C6
00 C2 1E 90
1D BE 01 94
1E BA 00 98
01 01 1E 51
1E B4 00 9E
00 FB 1E 56
1D 36 02 1C
1E B8 00 99
00 12 1F 3F
1E B4 00 9E
00 FD 1E 55
1D 84 01 CE
00 12 1F 40
1E 80 00 D2
1E B4 00 9E
00 DF 1E 72
1E 5E 00 F4
00 13 1F 3F
1E B9 00 99
00 0C 00 65
1E 7C 00 D6
1D 84 01 CE
00 13 1F 3F
00 C5 1E 8D
00 0E 00 63
00 C2 1E 90
1E 98 00 BA
1D 92 01 C0
1E B8 00 9A
00 0D 00 63
00 C2 1E 90
1D BE 01 94
1E BA 00 98
01 00 1E 52
1D 8D 01 C5
00 C2 1E 90
1E 99 00 B9
1E BA 00 98
00 12 1F 3F
1E B4 00 9E
1E 2D 01 25
1C 5B 02 F7
1E B8 00 99
01 01 1E 51
1E B4 00 9E
00 FD 1E 55
1E 5E 00 F4
00 12 1F 40
1D 91 01 C1
1E B4 00 9E
00 FD 1E 55
1D 84 01 CE
00 13 1F 3F
00 C6 1E 8C
00 0D 00 64
1E 7C 00 D6
1E 5E 00 F4
00 13 1F 3F
1E B8 00 9A
00 0D 00 63
00 C2 1E 90
1D BD 01 95
1D 92 01 C0
00 C5 1E 8D
00 0E 00 63
00 C2 1E 90
1E 99 00 B9
1E BA 00 98
00 11 00 00
1D 8C 01 C6
00 C2 1E 90
1D BE 01 94
1E BA 00 98
01 01 1E 51
1E B4 00 9E
00 FB 1E 56
1D 36 02 1C
1E B8 00 99
00 12 1F 3F
1E B4 00 9E
00 FD 1E 55
1D 84 01 CE
00 12 1F 40
1E 80 00 D2
1E B4 00 9E
00 FD 1E 55
1E 5E 00 F4
00 13 1F 3F
1E B9 00 99
00 0C 00 65
1C CC 02 86
1D 84 01 CE
00 13 1F 3F
00 C5 1E 8D
00 0E 00 63
00 C2 1E 90
1A 9C 04 B6
1D 92 01 C0
1B E2 03 6F
00 0D 00 63
00 C2 1E 90
19 C3 05 8F
1E BA 00 98
1D 0A 02 47
1D 8D 01 C5
00 C2 1E 90
1A 9D 04 B5
1E BA 00 98
1C 1D 03 34
1E B4 00 9E
00 FB 1E 56
18 5F 06 F3
1E B8 00 99
1D 0B 02 47
1E B4 00 9E
00 FD 1E 55
1A 61 04 F1
00 12 1F 40
1A B9 04 98
1E B4 00 9E
1D 78 01 DA
19 87 05 CB
00 13 1F 3F
1C D1 02 81
00 0D 00 64
1C 15 03 3D
17 E6 07 6C
00 13 1F 3F
1B E1 03 71
00 0D 00 63
1D 3D 02 15
1A 57 04 FB
1D 92 01 C0
1D CB 01 87
00 0E 00 63
1D 3E 02 14
1B C0 03 91
1E BA 00 98
1C 1C 03 36
1D 8C 01 C6
1B 8D 03 C5
18 43 07 0F
1E BA 00 98
00 33 1F 1F
1E B4 00 9E
1E 45 01 0D
1D 37 02 1B
1E B8 00 99
00 12 1F 40
1E B4 00 9E
1E 5F 00 F3
1D 84 01 CE
00 12 1F 40
1E 7F 00 D3
1E B4 00 9E
00 D6 1E 7C
1E 5E 00 F4
00 13 1F 3F
1E B8 00 99
00 0C 00 65
19 B2 05 A0
1D 8D 01 C5
00 1D 1F 35
00 CD 1E 84
00 17 1F 3A
00 CB 1E 86
1E A2 00 B0
1D 9B 01 B6
1E C1 00 91
00 16 1F 3C
00 CA 1E 87
1D C7 01 8B
1E C2 00 8F
01 08 1E 4A
1D 95 01 BD
00 CA 1E 87
1B B9 03 99
1E C2 00 8F
00 1A 1F 37
1E BC 00 96
01 04 1E 4E
1C 64 02 EE
1E C1 00 91
01 09 1E 49
1E BC 00 96
1B 1B 04 37
1E 67 00 EB
00 1B 1F 37
1D 99 01 B9
1E BC 00 96
1E 37 01 1B
1D 8D 01 C5
00 1C 1F 36
00 CE 1E 84
00 15 1F 3D
1E 84 00 CE
1E 67 00 EB
00 1C 1F 36
1E BF 00 93
00 16 1F 3C
00 CA 1E 87
1D C6 01 8C
1D 9B 01 B7
00 CC 1E 85
00 16 1F 3B
00 CA 1E 87
1E A2 00 B0
1E C2 00 8F
00 19 1F 39
1D 95 01 BD
1D 45 02 0C
1D C7 01 8B
1E C2 00 8F
01 09 1E 49
1E BC 00 96
01 04 1E 4E
1D 3F 02 13
1E C1 00 91
00 1A 1F 37
1E BC 00 96
00 E7 1E 6B
1D 8D 01 C5
00 1B 1F 37
1E 87 00 CB
1E BC 00 96
01 05 1E 4C
1E 67 00 EB
00 1C 1F 36
1E C1 00 91
00 15 1F 3D
1E 84 00 CE
1D 8D 01 C5
00 1C 1F 36
00 CC 1E 85
00 16 1F 3B
00 CA 1E 87
1E A0 00 B1
1D 9B 01 B7
1E BF 00 93
00 16 1F 3C
1D FC 01 55
1D C7 01 8B
1E C2 00 8F
01 08 1E 4A
1D 95 01 BD
00 CA 1E 87
1E A2 00 B0
1E C2 00 8F
00 1A 1F 37
1E BC 00 96
01 04 1E 4E
1C 64 02 EE
1E C1 00 91
01 09 1E 49
1E BC 00 96
01 05 1E 4C
1E 67 00 EB
00 1B 1F 37
1D 99 01 B9
1E BC 00 96
01 05 1E 4C
1D 8D 01 C5
00 1C 1F 36
00 CE 1E 84
00 15 1F 3D
1E 67 00 EB
1E 67 00 EB
00 1C 1F 36
1E BF 00 93
00 16 1F 3C
00 CA 1E 87
1D C6 01 8C
1D 9B 01 B7
00 CC 1E 85
00 16 1F 3B
00 CA 1E 87
1E A1 00 B1
1E C2 00 8F
00 19 1F 39
1D 95 01 BD
00 CA 1E 87
1D C7 01 8B
1E C2 00 8F
01 09 1E 49
1E BC 00 96
01 04 1E 4E
1D 3F 02 13
1E C1 00 91
00 1A 1F 37
1E BC 00 96
1E 37 01 1B
1D 8D 01 C5
00 1B 1F 37
1E 87 00 CB
1E BC 00 96
01 05 1E 4C
1E 67 00 EB
00 1C 1F 36
1E C1 00 91
00 15 1F 3D
1E 84 00 CE
1D 8D 01 C5
00 1C 1F 36
00 CC 1E 85
00 16 1F 3B
00 CA 1E 87
1E A0 00 B1
1D 9B 01 B7
1E BF 00 93
00 16 1F 3C
00 CA 1E 87
1B 4B 04 07
1E C2 00 8F
01 08 1E 4A
1D 95 01 BD
00 CA 1E 87
1C 28 03 2A
1E C2 00 8F
1C 81 02 D0
1E BC 00 96
01 04 1E 4E
19 E9 05 69
1E C1 00 91
1D 6F 01 E3
1E BC 00 96
01 05 1E 4C
1B EB 03 67
00 1B 1F 37
1B 1E 04 34
1E BC 00 96
01 05 1E 4C
1B 10 04 42
00 1C 1F 36
1D 35 02 1D
00 15 1F 3D
1E 84 00 CE
19 6D 05 E5
00 1C 1F 36
1C 44 03 0E
00 16 1F 3C
1D FC 01 55
18 CE 06 84
1D 9B 01 B7
1D A3 01 AE
00 16 1F 3B
00 CA 1E 87
19 A9 05 A9
1E C2 00 8F
1D 89 01 C9
1D 95 01 BD
00 CA 1E 87
19 BD 05 95
1E C2 00 8F
1E 81 00 D0
1E BC 00 96
01 04 1E 4E
15 C2 09 90
1E C1 00 91
1E 51 01 01
1E BC 00 96
01 05 1E 4C
1B 0F 04 43
00 1B 1F 37
1E 87 00 CB
1E BC 00 96
01 05 1E 4C
19 63 05 EE
00 1C 1F 36
1E C1 00 91
00 15 1F 3D
1E 84 00 CE
1B 0F 04 43
00 1C 1F 36
00 CC 1E 85
00 16 1F 3B
00 CA 1E 87
1A C2 04 8F
1D 9B 01 B7
1E BF 00 93
00 16 1F 3C
00 CA 1E 87
1B 56 03 FC
1E C2 00 8F
01 08 1E 4A
1D 95 01 BD
00 CA 1E 87
1C 1B 03 37
1E C2 00 8F
00 1A 1F 37
1E BC 00 96
1E 36 01 1C
1C 64 02 EE
1E C1 00 91
01 09 1E 49
1E BC 00 96
01 05 1E 4C
1A 4D 05 05
00 1B 1F 37
1D 99 01 B9
1E BC 00 96
01 05 1E 4C
1B F8 03 5A
00 1C 1F 36
00 CE 1E 84
00 15 1F 3D
1E 84 00 CE
1A 72 04 DF
00 1C 1F 36
1E BF 00 93
00 16 1F 3C
00 CA 1E 87
1C 32 03 20
1D 9B 01 B7
00 CC 1E 85
00 16 1F 3B
00 CA 1E 87
1D 0E 02 44
1E C2 00 8F
00 19 1F 39
1D 95 01 BD
00 CA 1E 87
1C 33 03 1F
1E C2 00 8F
01 09 1E 49
1E BC 00 96
01 04 1E 4E
19 6F 05 E3
1E C1 00 91
00 1A 1F 37
1E BC 00 96
01 05 1E 4C
1B F8 03 5A
00 1B 1F 37
1E 87 00 CB
1E BC 00 96
01 05 1E 4C
1E 67 00 EB
00 1C 1F 36
1E C1 00 91
00 15 1F 3D
1C D4 02 7D
1D 8D 01 C5
00 1C 1F 36
00 CC 1E 85
00 16 1F 3B
00 CA 1E 87
1E A0 00 B1
1D 9B 01 B7
1E BF 00 93
00 16 1F 3C
00 CA 1E 87
1D C7 01 8B
1E C2 00 8F
01 08 1E 4A
1D 95 01 BD
00 CA 1E 87
1E A2 00 B0
1E C2 00 8F
00 1A 1F 37
1E BC 00 96
01 04 1E 4E
1C 64 02 EE
1E C1 00 91
01 09 1E 49
1E BC 00 96
01 05 1E 4C
1E 67 00 EB
00 1B 1F 37
1D 99 01 B9
1E BC 00 96
00 E7 1E 6B
1D 8D 01 C5
00 1C 1F 36
00 CE 1E 84
00 15 1F 3D
1E 84 00 CE
1C D5 02 7D
00 1C 1F 36
1E BF 00 93
00 16 1F 3C
00 CA 1E 87
1D C6 01 8C
1D 9B 01 B7
00 CC 1E 85
00 16 1F 3B
00 CA 1E 87
1E A2 00 B0
1E C2 00 8F
00 19 1F 39
1D 95 01 BD
1D FC 01 55
1D C7 01 8B
1E C2 00 8F
01 09 1E 49
1E BC 00 96
01 04 1E 4E
1D 3F 02 13
1E C1 00 91
00 1A 1F 37
1E BC 00 96
01 05 1E 4C
1D 8D 01 C5
00 1B 1F 37
1E 87 00 CB
1E BC 00 96
01 05 1E 4C
1E 67 00 EB
00 1C 1F 36
1E C1 00 91
00 15 1F 3D
1E 84 00 CE
1D 8D 01 C5
00 1C 1F 36
00 CC 1E 85
00 16 1F 3B
00 AD 1E A5
1E A0 00 B1
1D 9B 01 B7
1E BF 00 93
00 16 1F 3C
00 CA 1E 87
1D C7 01 8B
1E C2 00 8F
01 08 1E 4A
1D 95 01 BD
00 CA 1E 87
1E A2 00 B0
1E C2 00 8F
00 1A 1F 37
1E BC 00 96
1D 10 02 42
1C 64 02 EE
1E C1 00 91
01 0A 1E 48
1E BC 00 96
1D 0F 02 42
1E 67 00 EB
00 1B 1F 37
1D 9A 01 B8
1E BC 00 96
1B 60 03 F2
1D 8C 01 C5
00 1C 1F 36
00 CF 1E 83
00 15 1F 3D
1B AD 03 A5
1E 67 00 EB
00 1C 1F 36
1E C1 00 91
00 16 1F 3C
1C D4 02 7D
1D C7 01 8B
1D 9B 01 B7
00 CD 1E 85
00 16 1F 3B
1C D5 02 7C
1E A2 00 B0
1E C2 00 8F
00 1A 1F 38
1D 95 01 BD
1C D4 02 7D
1D C8 01 8A
1E C2 00 8F
01 0A 1E 48
1E BC 00 96
1D FF 01 52
1D 40 02 12
1E C1 00 91
00 1B 1F 37
1E BC 00 96
1D 0F 02 42
1D 8C 01 C5
00 1B 1F 37
1E 88 00 CA
1E BC 00 96
01 05 1E 4D
1E 67 00 EB
00 1C 1F 36
1E C1 00 90
00 15 1F 3D
1E 84 00 CE
1D 8C 01 C5
00 1C 1F 36
00 CD 1E 85
00 16 1F 3B
00 CA 1E 88
1E A1 00 B1
1D 9B 01 B7
1E C1 00 91
00 16 1F 3C
1D FB 01 56
1D C8 01 8A
1E C2 00 8F
01 08 1E 49
1D 95 01 BD
00 CA 1E 88
1E A2 00 B0
1E C2 00 8F
00 1B 1F 37
1E BC 00 96
01 03 1E 4E
1C 65 02 ED
1E C1 00 91
01 0A 1E 48
1E BC 00 96
01 05 1E 4D
1E 67 00 EB
00 1B 1F 37
1D 9A 01 B8
1E BC 00 96
01 05 1E 4D
1D 8C 01 C5
00 1C 1F 36
00 CF 1E 83
00 15 1F 3D
1E 84 00 CE
1E 67 00 EB
00 1C 1F 36
1E C1 00 91
00 16 1F 3C
00 CA 1E 88
1D C7 01 8B
1D 9B 01 B7
00 CD 1E 85
00 16 1F 3B
00 CA 1E 88
1E A2 00 AF
1E C2 00 8F
00 1A 1F 38
1D 95 01 BD
00 CA 1E 88
1D C8 01 8A
1E C2 00 8F
01 0A 1E 48
1E BC 00 96
01 03 1E 4E
1D 40 02 12
1E C1 00 91
00 1B 1F 37
1E BC 00 96
1E 36 01 1C
1D 8C 01 C5
00 1B 1F 37
1E 88 00 CA
1E BC 00 96
01 05 1E 4D
1E 67 00 EB
00 1C 1F 36
1E C1 00 90
00 15 1F 3D
1E 84 00 CE
1D 8C 01 C5
00 1C 1F 36
00 CD 1E 85
00 16 1F 3B
00 CA 1E 88
1D 9B 01 B7
01 02 1E 50
1D 99 01 B9
1E BB 00 97
1D F0 01 62
1D D3 01 7F
00 F7 1E 5B
1E C0 00 92
01 00 1E 52
1D 90 01 C2
1D D3 01 7F
01 03 1E 4F
1E C1 00 91
00 16 1F 3C
1D B5 01 9D
1E 0C 01 46
1D 41 02 11
1E C0 00 92
01 00 1E 52
1E B8 00 9A
1E 0D 01 45
00 C8 1E 8A
00 1A 1F 38
1D 94 01 BE
1D B5 01 9D
1E 0D 01 45
00 BC 1E 96
00 1B 1F 37
00 C5 1E 8D
00 11 1F 40
1C AB 02 A7
00 C8 1E 8A
00 1B 1F 37
1E BB 00 97
1D F0 01 62
1D D3 01 7F
00 F5 1E 5C
1D 98 01 BA
00 C5 1E 8D
00 11 00 00
1D D3 01 7F
00 BA 1E 98
1E C1 00 91
00 15 1F 3D
1C 8E 02 C4
1D D3 01 7F
00 F7 1E 5B
1E C0 00 92
01 01 1E 50
1E B8 00 9A
1E 0C 01 46
1E 82 00 D0
1E C1 00 91
00 15 1F 3D
1D B5 01 9D
1E 0D 01 45
00 BC 1E 96
00 1A 1F 38
1E 7F 00 D3
1E B8 00 9A
1E 0D 01 45
00 C7 1E 8A
00 1B 1F 37
1E BB 00 97
1D F1 01 61
1C AB 02 A7
1E 90 00 C2
00 1B 1F 37
00 C5 1E 8D
00 11 00 00
1D D3 01 7F
01 02 1E 50
1D 99 01 B9
1E BB 00 97
1D F0 01 62
1D D3 01 7F
00 F7 1E 5B
1E C0 00 92
01 00 1E 52
1D 90 01 C2
1D D3 01 7F
01 03 1E 4F
1E C1 00 91
1C 7E 02 D4
1D B5 01 9D
1E 0C 01 46
1B FA 03 58
1E C0 00 92
1D 67 01 EB
1E B8 00 9A
1E 0D 01 45
1C E5 02 6D
00 1A 1F 38
1B 18 04 39
1D B5 01 9D
1E 0D 01 45
1D 21 02 31
00 1B 1F 37
1D 2C 02 26
00 11 1F 40
1C AB 02 A7
1D 2E 02 24
00 1B 1F 37
1C 40 03 12
1D F0 01 62
1D D3 01 7F
1A DD 04 74
1D 98 01 BA
1D 2C 02 26
00 11 00 00
1D D3 01 7F
1A EC 04 66
1E C1 00 91
1C 7B 02 D7
1C 8E 02 C4
1D D3 01 7F
1A 1C 05 35
1E C0 00 92
1E 4E 01 04
1E B8 00 9A
1E 0C 01 46
1A 79 04 D9
1E C1 00 91
1C 7B 02 D6
1D B5 01 9D
1E 0D 01 45
1B 18 04 3A
00 1A 1F 38
1E 1B 01 37
1E B8 00 9A
1E 0D 01 45
1A A5 04 AD
00 1B 1F 37
1E BB 00 97
1D F1 01 61
1C AB 02 A7
1D 1F 02 32
00 1B 1F 37
00 C5 1E 8D
00 11 00 00
1D D3 01 7F
1B 00 04 52
1D 99 01 B9
1E BB 00 97
1D F0 01 62
1D D3 01 7F
1E 4C 01 06
1E C0 00 92
01 00 1E 52
1D 90 01 C2
1D D3 01 7F
1B A2 03 B0
1E C1 00 91
00 16 1F 3C
1D B5 01 9D
1E 0C 01 46
1E 76 00 DC
1E C0 00 92
01 00 1E 52
1E B8 00 9A
1E 0D 01 45
1D 2D 02 25
00 1A 1F 38
1D 94 01 BE
1D B5 01 9D
1E 0D 01 45
1C FB 02 57
00 1B 1F 37
00 C5 1E 8D
00 11 1F 40
1C AB 02 A7
1C 87 02 CB
00 1B 1F 37
1E 9B 00 B7
1D F0 01 62
1D D3 01 7F
1E 43 01 0F
1D 98 01 BA
00 C5 1E 8D
00 11 00 00
1D D3 01 7F
1E 50 01 01
1E C1 00 91
00 15 1F 3D
1C 8E 02 C4
1D D3 01 7F
1E 45 01 0D
1E C0 00 92
01 01 1E 50
1E B8 00 9A
1E 0C 01 46
1C A5 02 AD
1E C1 00 91
00 15 1F 3D
1D B5 01 9D
1E 0D 01 45
1E 0A 01 48
00 1A 1F 38
1E 7F 00 D3
1E B8 00 9A
1E 0D 01 45
1E 16 01 3C
00 1B 1F 37
1E BB 00 97
1D F1 01 61
1C AB 02 A7
00 BC 1E 96
00 1B 1F 37
00 C5 1E 8D
00 11 00 00
1D D3 01 7F
1E 4F 01 03
1D 99 01 B9
1E BB 00 97
1D F0 01 62
1D D3 01 7F
1E CA 00 87
1E C0 00 92
01 00 1E 52
1D 90 01 C2
1B 6C 03 E5
01 03 1E 4F
1E C1 00 91
00 16 1F 3C
1D B5 01 9D
1E 0C 01 46
1E 76 00 DC
1E C0 00 92
01 00 1E 52
1E B8 00 9A
1E 0D 01 45
00 C8 1E 8A
00 1A 1F 38
1D 94 01 BE
1D B5 01 9D
1E 0D 01 45
00 BC 1E 96
00 1B 1F 37
00 C5 1E 8D
00 11 1F 40
1C AB 02 A7
00 7F 1E D3
00 1B 1F 37
1E BB 00 97
1D F0 01 62
1D D3 01 7F
00 F5 1E 5C
1D 98 01 BA
00 C5 1E 8D
00 11 00 00
1D D3 01 7F
01 03 1E 4F
1E C1 00 91
00 15 1F 3D
1C 8E 02 C4
1D D3 01 7F
00 F7 1E 5B
1E C0 00 92
01 01 1E 50
1E B8 00 9A
1E 0C 01 46
1E 81 00 D1
1E C1 00 91
00 15 1F 3D
1D B5 01 9D
1E 0D 01 45
1E 69 00 E9
00 1A 1F 38
1E 7F 00 D3
1E B8 00 9A
1E 0D 01 45
00 C8 1E 8A
00 1B 1F 37
1E BB 00 97
1D F1 01 61
1C AB 02 A7
00 BC 1E 96
00 1B 1F 37
00 C5 1E 8D
00 11 00 00
1D D3 01 7F
01 02 1E 50
1D 99 01 B9
1E BB 00 97
1D F0 01 62
1D D3 01 7F
00 F7 1E 5B
1E C0 00 92
01 00 1E 52
1D 90 01 C2
1D D3 01 7F
00 BA 1E 98
1E C1 00 91
00 16 1F 3C
1D B5 01 9D
1B 36 04 1C
1E 76 00 DC
1E C0 00 92
01 00 1E 52
1E B8 00 9A
1B 37 04 1A
00 C9 1E 89
00 1A 1F 38
1D 94 01 BE
1D B5 01 9D
1B 37 04 1B
00 BC 1E 95
00 1B 1F 37
00 C6 1E 8C
00 11 1F 40
19 D4 05 7E
1D 2E 02 24
00 1B 1F 37
1E BC 00 96
1D F0 01 62
1A FC 04 56
1E CA 00 87
1D 98 01 BA
00 C6 1E 8C
00 11 00 00
1A FC 04 56
01 04 1E 4E
1E C1 00 91
00 16 1F 3C
1C 8E 02 C4
1A FD 04 55
00 F7 1E 5A
1E C0 00 92
01 02 1E 50
1E B8 00 9A
1B 9E 03 B4
1E 83 00 CF
1E C1 00 91
00 15 1F 3C
1D B5 01 9D
1C 9F 02 B3
1D C7 01 8B
1A C4 04 8E
00 CD 1E 85
00 16 1F 3B
1C B9 02 99
1E A2 00 AF
1E 1F 01 33
00 1A 1F 38
1D 95 01 BD
00 CA 1E 88
1D C8 01 8A
1E C1 00 90
01 0A 1E 48
1E BC 00 96
01 03 1E 4E
1D 40 02 12
1E C0 00 92
00 1B 1F 37
1E BC 00 96
00 E6 1E 6C
1D 8C 01 C5
00 1A 1F 38
1E 88 00 CA
1E BC 00 96
01 05 1E 4D
1E 67 00 EB
00 1B 1F 37
1E C1 00 90
00 15 1F 3D
1E 84 00 CE
1D 8C 01 C5
00 1B 1F 37
00 CD 1E 85
00 16 1F 3B
1C C2 02 90
1E A1 00 B1
1D 9A 01 B8
1E C1 00 91
00 16 1F 3C
1D FB 01 56
1D C8 01 8A
1E C1 00 90
01 08 1E 49
1D 95 01 BD
00 CA 1E 88
1E A2 00 AF
1E C1 00 90
00 1B 1F 37
1E BC 00 96
01 03 1E 4E
1C 65 02 ED
1E C0 00 92
01 0A 1E 48
1E BC 00 96
01 05 1E 4D
1E 67 00 EB
00 1A 1F 38
1D 9A 01 B8
1E BC 00 96
01 05 1E 4D
1D 8C 01 C5
00 1B 1F 37
00 CF 1E 83
00 15 1F 3D
1E 66 00 EC
1E 67 00 EB
00 1B 1F 37
1E C1 00 91
00 16 1F 3C
00 CA 1E 88
1D C7 01 8B
1D 9A 01 B8
00 CD 1E 85
00 16 1F 3B
00 CA 1E 88
1E A2 00 AF
1E C1 00 90
00 1A 1F 38
1D 95 01 BD
00 CA 1E 88
1D C8 01 8A
1E C1 00 90
01 0A 1E 48
1E BC 00 96
01 03 1E 4E
1D 40 02 12
1E C0 00 92
00 1B 1F 37
1E BC 00 96
1E 36 01 1C
1D 8C 01 C5
00 1A 1F 38
1E 88 00 CA
1E BC 00 96
01 05 1E 4D
1E 67 00 EB
00 1B 1F 37
1E C1 00 90
00 15 1F 3D
1E 84 00 CE
1D 8C 01 C5
00 1B 1F 37
00 CD 1E 85
00 16 1F 3B
00 CA 1E 88
1E A1 00 B1
1D 9A 01 B8
1E C1 00 91
00 16 1F 3C
00 CA 1E 88
1D C8 01 8A
1E C1 00 90
01 08 1E 49
1D 95 01 BD
00 CA 1E 88
1E A2 00 AF
1E C1 00 90
00 1B 1F 37
1E BC 00 96
01 03 1E 4E
1C 65 02 ED
1E C0 00 92
01 0A 1E 48
1E BC 00 96
01 05 1E 4D
1E 67 00 EB
00 1A 1F 38
1D 9A 01 B8
1E BC 00 96
01 05 1E 4D
1D 8C 01 C5
00 1B 1F 37
00 CF 1E 83
00 15 1F 3D
1E 83 00 CF
1E 67 00 EB
00 1B 1F 37
1E C1 00 91
00 16 1F 3C
1D FB 01 56
1D C7 01 8B
1D 9A 01 B8
00 CD 1E 85
00 16 1F 3B
00 CA 1E 88
1E A2 00 AF
1E C1 00 90
00 1A 1F 38
1D 95 01 BD
00 CA 1E 88
1D C8 01 8A
1E C1 00 90
01 0A 1E 48
1E BC 00 96
01 03 1E 4E
1D 40 02 12
1E C0 00 92
00 1B 1F 37
1E BC 00 96
01 05 1E 4D
1D 8C 01 C5
00 1A 1F 38
1E 88 00 CA
1E BC 00 96
01 05 1E 4D
1E 67 00 EB
00 1B 1F 37
1E C1 00 90
00 15 1F 3D
1E 84 00 CE
1D 8C 01 C5
00 1B 1F 37
00 CD 1E 85
00 16 1F 3B
00 CA 1E 88
1E A1 00 B1
1B 1F 04 33
1E C1 00 91
00 16 1F 3C
1D 30 02 22
1D C8 01 8A
1C 47 03 0B
01 08 1E 49
1D 95 01 BD
1D 2F 02 23
1E A2 00 AF
1C 47 03 0B
00 1B 1F 37
1E BC 00 96
1B B9 03 99
1C 65 02 ED
1C 46 03 0C
01 0A 1E 48
1E BC 00 96
1D 6A 01 E8
1E 67 00 EB
1C 80 02 D1
1D 9A 01 B8
1E BC 00 96
1A F0 04 62
1D 8C 01 C5
1C 81 02 D0
00 CF 1E 83
00 15 1F 3D
19 89 05 C8
1E 67 00 EB
1C 81 02 D0
1E C1 00 91
00 16 1F 3C
1B 65 03 ED
1D C7 01 8B
1C 10 03 42
00 CD 1E 85
00 16 1F 3B
1B BC 03 96
1E A2 00 AF
1C 47 03 0B
00 1A 1F 38
1D 95 01 BD
1B C1 03 91
1D C8 01 8A
1E C1 00 90
01 0A 1E 48
1E BC 00 96
1A E4 04 6E
1D 40 02 12
1E C0 00 92
00 1B 1F 37
1E BC 00 96
1D 72 01 E0
1D 8C 01 C5
00 1A 1F 38
1E 88 00 CA
1E BC 00 96
1B E9 03 69
1E 67 00 EB
00 1B 1F 37
1E C1 00 90
00 15 1F 3D
1B 50 04 02
1D 8C 01 C5
00 1B 1F 37
00 CD 1E 85
00 16 1F 3B
1C 01 03 51
1E A1 00 B1
1D 9A 01 B8
1E C1 00 91
00 16 1F 3C
00 CA 1E 88
1D C8 01 8A
1E C1 00 90
01 08 1E 49
1D 95 01 BD
1B AC 03 A6
1E A2 00 AF
1E C1 00 90
00 1B 1F 37
1E BC 00 96
1E 51 01 00
1C 65 02 ED
1E C0 00 92
01 0A 1E 48
1E BC 00 96
1C C5 02 8D
1E 67 00 EB
00 1A 1F 38
1D 9A 01 B8
1E BC 00 96
1E 33 01 1F
1D 8C 01 C5
00 1B 1F 37
00 CF 1E 83
00 15 1F 3D
1C F0 02 62
1E 67 00 EB
00 1B 1F 37
1E C1 00 91
1C 92 02 C0
1E 17 01 3B
1D C7 01 8B
1D 9A 01 B8
00 CD 1E 85
00 16 1F 3B
1B DB 03 77
1E A2 00 AF
1E C1 00 90
00 1A 1F 38
1D 95 01 BD
1C 67 02 EB
1D C8 01 8A
1E C1 00 90
01 0A 1E 48
1E BC 00 96
1E 50 01 02
1D 40 02 12
1E C0 00 92
00 1B 1F 37
1E BC 00 96
01 05 1E 4D
1D 8C 01 C5
00 1A 1F 38
1E 88 00 CA
1E BC 00 96
01 04 1E 4D
1E 67 00 EB
00 1B 1F 37
1E C1 00 90
00 15 1F 3D
1E 84 00 CE
1D 8C 01 C5
00 1B 1F 37
00 CD 1E 85
00 16 1F 3B
00 AC 1E A5
1E A1 00 B1
1D 9A 01 B8
1E C1 00 91
00 16 1F 3C
00 CA 1E 88
1D C8 01 8A
1E C1 00 90
01 08 1E 49
1D 95 01 BD
00 CA 1E 88
1E A2 00 AF
1E C1 00 90
00 1B 1F 37
1E BC 00 96
01 03 1E 4E
1C 65 02 ED
1E C0 00 92
01 0A 1E 48
1E BC 00 96
1E 8E 00 C4
1E 67 00 EB
00 1A 1F 38
1D 9A 01 B8
1E BC 00 96
1E 36 01 1C
1D 8C 01 C5
00 1B 1F 37
00 CF 1E 83
00 15 1F 3D
1E 84 00 CE
1E 67 00 EB
00 1B 1F 37
1E C1 00 91
00 16 1F 3C
00 CA 1E 88
1D C7 01 8B
1D 9A 01 B8
00 CD 1E 85
00 16 1F 3B
00 CA 1E 88
1E A2 00 AF
1E C1 00 90
00 1A 1F 38
1D 95 01 BD
00 CA 1E 88
1D C8 01 8A
1E C1 00 90
01 0A 1E 48
1E BC 00 96
01 03 1E 4F
1D 40 02 12
1E C0 00 92
00 1B 1F 37
1E BC 00 96
01 05 1E 4D
1D 8C 01 C5
00 1A 1F 38
1E 88 00 CA
1E BC 00 96
01 04 1E 4D
1E 67 00 EB
00 1B 1F 37
1E C1 00 90
00 15 1F 3D
1E 84 00 CE
1D 8C 01 C5
00 1B 1F 37
00 CD 1E 85
00 16 1F 3B
00 CA 1E 88
1E A1 00 B1
1D 9A 01 B8
1E C1 00 91
00 16 03 2F
1D FC 01 55
1D C8 01 8A
1E C2 00 8F
01 08 1E 49
1A BE 04 94
00 CA 1E 87
1E A2 00 AF
1E C2 00 8F
00 1B 1F 37
1B E4 03 6E
01 04 1E 4E
1C 65 02 ED
1E C1 00 91
01 0A 1E 48
1B E4 03 6E
01 05 1E 4D
1E 67 00 EB
00 1B 1F 37
1D 9A 01 B8
1B E4 03 6E
01 05 1E 4C
1D 8C 01 C5
00 1C 1F 36
00 CF 1E 83
1C 1F 03 32
1E 84 00 CE
1E 67 00 EB
00 1C 1F 36
1E C1 00 91
1C 88 02 CA
00 CA 1E 87
1D C7 01 8B
1D 9B 01 B7
00 CD 1E 85
1D 19 02 39
00 CA 1E 87
1E A2 00 AF
1E C2 00 8F
00 1A 1F 38
1B 9C 03 B5
00 CA 1E 87
1D C8 01 8A
1E C2 00 8F
01 0A 1E 48
1D A1 01 B0
1E AD 00 A5
1D 40 02 12
1E C1 00 91
00 1B 1F 37
1E BA 00 98
1E 37 01 1B
1D 8C 01 C5
00 1B 1F 37
1E 88 00 CA
1E BB 00 97
01 05 1E 4D
1E 67 00 EB
00 1C 1F 36
1E C1 00 90
00 14 1F 3E
1E 84 00 CE
1D 8C 01 C5
00 1C 1F 36
00 CD 1E 85
00 16 1F 3C
00 CA 1E 87
1E A1 00 B1
1D 9B 01 B7
1E C1 00 91
00 15 1F 3C
00 CA 1E 87
1D C8 01 8A
1E C2 00 8F
01 08 1E 49
1D 95 01 BD
00 CA 1E 87
1E A2 00 AF
1E C2 00 8F
00 1B 1F 37
1E BA 00 98
01 04 1E 4E
1C 65 02 ED
1E C1 00 91
01 0A 1E 48
1E BB 00 97
01 05 1E 4D
1E 67 00 EB
00 1B 1F 37
1D 9A 01 B8
1E BA 00 98
01 05 1E 4C
1D 8C 01 C5
00 1C 1F 36
00 CF 1E 83
00 14 1F 3D
1E 84 00 CE
1E 67 00 EB
00 1C 1F 36
1E C1 00 91
00 15 1F 3C
1D FC 01 55
1D C7 01 8B
1D 9B 01 B7
00 CD 1E 85
00 16 1F 3C
00 CA 1E 87
1E A2 00 AF
1E C2 00 8F
00 1A 1F 38
1D 94 01 BE
00 CA 1E 87
1D C8 01 8A
1E C2 00 8F
01 0A 1E 48
1E BB 00 97
01 04 1E 4E
1D 40 02 12
1E C1 00 91
00 1B 1F 37
1E BA 00 98
01 05 1E 4C
1D 8C 01 C5
00 1B 1F 37
1E 88 00 CA
1E BB 00 97
01 05 1E 4D
1E 67 00 EB
00 1C 1F 36
1E C1 00 90
00 14 1F 3E
1E 65 00 ED
1D 8C 01 C5
00 1C 1F 36
00 CD 1E 85
00 16 1F 3C
00 CA 1E 87
1E A1 00 B1
1D 9B 01 B7
1E C1 00 91
00 15 1F 3C
00 CA 1E 87
1D C8 01 8A
1E C2 00 8F
01 08 1E 49
1D 95 01 BD
00 CA 1E 87
1E A2 00 AF
1E C2 00 8F
00 1B 1F 37
1E BA 00 98
1E 36 01 1C
1C 65 02 ED
1E C1 00 91
01 0A 1E 48
1E BB 00 97
01 05 1E 4D
1E 67 00 EB
00 1B 1F 37
1D 9A 01 B8
1E BA 00 98
01 05 1E 4C
1D 8C 01 C5
00 1C 1F 36
00 CF 1E 83
00 14 1F 3D
1E 84 00 CE
1E 67 00 EB
00 1C 1F 36
1E C1 00 91
00 15 1F 3C
00 CA 1E 87
1D C7 01 8B
1D 9B 01 B7
00 CD 1E 85
00 16 1F 3C
00 AD 1E A5
1E A2 00 AF
1E C2 00 8F
00 1A 1F 38
1D 94 01 BE
00 CA 1E 87
1D C8 01 8A
1E C2 00 8F
01 0A 1E 48
1E BB 00 97
01 04 1E 4E
1D 40 02 12
1E C1 00 91
00 1B 1F 37
1E BA 00 98
01 05 1E 4C
1D 8C 01 C5
00 1B 1F 37
1E 88 00 CA
1E BB 00 97
01 05 1E 4C
1E 67 00 EB
00 1C 1F 36
1E C1 00 90
00 14 1F 3E
1C D4 02 7D
1D 8C 01 C5
