56 D5 F2 E8 A3 D4 F2 E8
18 9E C6 E9 65 9D C6 E9
5E D5 96 EA AB D4 96 EA
1B 4C 66 EB 68 4B 66 EB
C7 4B 38 EC 14 4B 38 EC
F3 EB 0A ED 40 EB 0A ED
35 B1 D9 ED 82 B0 D9 ED
C0 30 A8 EE 0D 30 A8 EE
44 79 79 EF 91 78 79 EF
DE B2 4A F0 2B B2 4A F0
E5 91 1A F1 32 91 1A F1
40 BF EA F1 8D BE EA F1
52 34 BC F2 9F 33 BC F2
F5 34 8D F3 42 34 8D F3
01 4D 5C F4 4E 4C 5C F4
67 7D 2A F5 B4 7C 2A F5
1F 9E FD F5 6C 9D FD F5
2E 86 CE F6 7B 85 CE F6
CC 3D 9D F7 19 3D 9D F7
FF 8E 6F F8 4C 8E 6F F8
4E B1 40 F9 9B B0 40 F9
E4 93 0F FA 31 93 0F FA
11 C3 E1 FA 5E C2 E1 FA
F1 A3 B0 FB 3E A3 B0 FB
82 34 83 FC CF 33 83 FC
C5 9D 54 FD 12 9D 54 FD
AB 1C 22 FE F8 1B 22 FE
A1 3A F0 FE EE 39 F0 FE
01 A7 C1 FF 4E A6 C1 FF
32 E4 92 00 7F E3 92 00
50 5C 5F 01 9D 5B 5F 01
0A 6C 33 02 57 6B 33 02
5E D5 04 03 AB D4 04 03
43 98 D3 03 90 97 D3 03
3E A9 A5 04 8B A8 A5 04
E1 B0 75 05 2E B0 75 05
46 96 49 06 93 95 49 06
39 DF 18 07 86 DE 18 07
B5 70 E8 07 02 70 E8 07
94 C8 BA 08 E1 C7 BA 08
3E E4 8E 09 8B E3 8E 09
4E BB 5E 0A 9B BA 5E 0A
E1 68 2C 0B 2E 68 2C 0B
60 52 FC 0B AD 51 FC 0B
4F B1 CD 0C 9C B0 CD 0C
CA DE 9E 0D 17 DE 9E 0D
20 F5 6F 0E 6D F4 6F 0E
67 D5 40 0F B4 D4 40 0F
96 CD 12 10 E3 CC 12 10
7A 47 E2 10 C7 46 E2 10
56 94 B7 11 A3 93 B7 11
75 D5 88 12 C2 D4 88 12
83 C4 59 13 D0 C3 59 13
E8 98 2B 14 35 98 2B 14
E9 7C FE 14 36 7C FE 14
A1 D5 D0 15 EE D4 D0 15
66 A2 A2 16 B3 A1 A2 16
01 B1 73 17 4E B0 73 17
FD 06 43 18 4A 06 43 18
0D D6 12 19 5A D5 12 19
8F B0 E4 19 DC AF E4 19
46 D5 B4 1A 93 D4 B4 1A
C4 C6 87 1B 11 C6 87 1B
7B D5 58 1C C8 D4 58 1C
26 B8 27 1D 73 B7 27 1D
99 AB F7 1D E6 AA F7 1D
F7 A0 C7 1E 44 A0 C7 1E
91 CD 99 1F DE CC 99 1F
30 C5 68 20 7D C4 68 20
99 2D 3B 21 E6 2C 3B 21
59 D5 0B 22 A6 D4 0B 22
58 38 DE 22 A5 37 DE 22
2F A1 B2 23 7C A0 B2 23
78 D5 84 24 C5 D4 84 24
F0 02 54 25 3D 02 54 25
19 EC 26 26 66 EB 26 26
7D 89 F5 26 CA 88 F5 26
E0 98 C3 27 2D 98 C3 27
0D 54 93 28 5A 53 93 28
92 49 64 29 DF 48 64 29
17 BF 34 2A 64 BE 34 2A
5A A1 04 2B A7 A0 04 2B
2C 20 D4 2B 79 1F D4 2B
11 56 A2 2C 5E 55 A2 2C
86 AB 75 2D D3 AA 75 2D
D6 80 46 2E 23 80 46 2E
AE 09 15 2F FB 08 15 2F
F5 34 E6 2F 42 34 E6 2F
75 D5 B9 30 C2 D4 B9 30
B0 A6 8B 31 FD A5 8B 31
4E 8F 5B 32 9B 8E 5B 32
F9 8D 2B 33 46 8D 2B 33
9C 02 FB 33 E9 01 FB 33
62 A9 CB 34 AF A8 CB 34
7A 36 9B 35 C7 35 9B 35
CB C6 6E 36 18 C6 6E 36
83 CD 3D 37 D0 CC 3D 37
31 C8 0C 38 7E C7 0C 38
8B 0E DC 38 D8 0D DC 38
40 6E AC 39 8D 6D AC 39
26 A3 7F 3A 73 A2 7F 3A
BA 8B 50 3B 07 8B 50 3B
E7 B0 1F 3C 34 B0 1F 3C
9A F0 EF 3C E7 EF EF 3C
D2 8A C0 3D 1F 8A C0 3D
E6 8D 8F 3E 33 8D 8F 3E
D9 91 5E 3F 26 91 5E 3F
9D 4E 30 40 EA 4D 30 40
D8 1C 02 41 25 1C 02 41
21 92 D2 41 6E 91 D2 41
97 CA A2 42 E4 C9 A2 42
FA 66 6F 43 47 66 6F 43
73 D5 40 44 C0 D4 40 44
36 BA 0F 45 83 B9 0F 45
79 80 DC 45 C6 7F DC 45
0B A4 AC 46 58 A3 AC 46
5F D2 7D 47 AC D1 7D 47
CF 99 4F 48 1C 99 4F 48
3B B9 1F 49 88 B8 1F 49
E9 94 F0 49 36 94 F0 49
4F D5 C1 4A 9C D4 C1 4A
55 52 93 4B A2 51 93 4B
AB B1 62 4C F8 B0 62 4C
A1 2E 33 4D EE 2D 33 4D
A0 28 03 4E ED 27 03 4E
EA 24 D2 4E 37 24 D2 4E
DD 4D A4 4F 2A 4D A4 4F
18 06 73 50 65 05 73 50
22 BA 48 51 6F B9 48 51
FE 42 17 52 D9 2E 17 52
64 C9 E7 52 B1 C8 E7 52
50 B1 B9 53 9D B0 B9 53
04 AD 89 54 51 AC 89 54
7A A6 58 55 C7 A5 58 55
69 D2 28 56 B6 D1 28 56
75 D5 F9 56 C2 D4 F9 56
A5 5A CA 57 F2 59 CA 57
83 98 9B 58 D0 97 9B 58
5B D5 6B 59 A8 D4 6B 59
6A A9 39 5A B7 A8 39 5A
A6 7A 09 5B F3 79 09 5B
D4 5A DA 5B 21 5A DA 5B
04 D4 A8 5C 51 D3 A8 5C
37 EF 79 5D 84 EE 79 5D
B8 F2 48 5E 05 F2 48 5E
57 CB 19 5F A4 CA 19 5F
EE 7C EB 5F 3B 7C EB 5F
A8 8F BD 60 F5 8E BD 60
0A AB 8D 61 57 AA 8D 61
49 1E 5F 62 96 1D 5F 62
1B 7E 2E 63 68 7D 2E 63
E4 EB FE 63 31 EB FE 63
25 9E CD 64 72 9D CD 64
A9 BC 9C 65 F6 BB 9C 65
68 B3 6C 66 B5 B2 6C 66
DD 04 3C 67 2A 04 3C 67
87 5E 0C 68 D4 5D 0C 68
5B 7C DC 68 A8 7B DC 68
EB 1F AE 69 38 1F AE 69
2E D3 7E 6A 7B D2 7E 6A
32 B1 50 6B 7F B0 50 6B
80 82 20 6C CD 81 20 6C
2B 4A F0 6C 78 49 F0 6C
35 C0 C1 6D 82 BF C1 6D
F6 28 90 6E 43 28 90 6E
AB 8D 61 6F F8 8C 61 6F
EB 72 2F 70 38 72 2F 70
B8 36 FD 70 05 36 FD 70
F7 BB D0 71 44 BB D0 71
8A 92 A2 72 D7 91 A2 72
58 CF 71 73 A5 CE 71 73
22 9C 41 74 6F 9B 41 74
28 2D 0F 75 75 2C 0F 75
17 1C E2 75 64 1B E2 75
A9 29 B1 76 F6 28 B1 76
38 58 82 77 85 57 82 77
97 24 55 78 E4 23 55 78
7B AE 25 79 C8 AD 25 79
0A CA F7 79 57 C9 F7 79
4A 7E C8 7A 97 7D C8 7A
FA 27 98 7B 47 27 98 7B
52 D1 69 7C D3 C8 69 7C
1D 99 39 7D 6A 98 39 7D
5F D5 08 7E AC D4 08 7E
5D D5 D9 7E AA D4 D9 7E
1F 87 AB 7F 6C 86 AB 7F
9C 5A 7F 80 E9 59 7F 80
CC AB 4D 81 19 AB 4D 81
F5 7D 1F 82 42 7D 1F 82
8B 73 EC 82 D8 72 EC 82
79 D5 BC 83 C6 D4 BC 83
3F A8 8D 84 8C A7 8D 84
53 B1 5D 85 A0 B0 5D 85
4F C2 2D 86 9C C1 2D 86
44 B9 FE 86 91 B8 FE 86
5D D5 CC 87 AA D4 CC 87
04 24 9F 88 51 23 9F 88
CF C2 70 89 1C C2 70 89
C3 9B 40 8A 10 9B 40 8A
67 90 10 8B B4 8F 10 8B
BB 7A DF 8B 08 7A DF 8B
84 77 B1 8C D1 76 B1 8C
50 98 80 8D 9D 97 80 8D
BB 81 53 8E 08 81 53 8E
63 D5 24 8F B0 D4 24 8F
29 C8 F3 8F 76 C7 F3 8F
F2 27 C4 90 3F 27 C4 90
88 34 91 91 D5 33 91 91
D7 25 62 92 24 25 62 92
54 3D 33 93 A1 3C 33 93
59 D5 05 94 A6 D4 05 94
A1 94 D5 94 EE 93 D5 94
AB 8F A3 95 F8 8E A3 95
B0 65 73 96 FD 64 73 96
63 D5 44 97 B0 D4 44 97
73 D5 15 98 C0 D4 15 98
28 96 E5 98 75 95 E5 98
06 E3 B8 99 53 E2 B8 99
7A A0 87 9A C7 9F 87 9A
24 22 55 9B 71 21 55 9B
CD 93 27 9C 1A 93 27 9C
6A D5 F9 9C B7 D4 F9 9C
35 44 CD 9D 82 43 CD 9D
9C 45 9B 9E E9 44 9B 9E
1C EB 70 9F 69 EA 70 9F
48 16 3F A0 95 15 3F A0
5B 1C 10 A1 A8 1B 10 A1
DE 9A E1 A1 2B 9A E1 A1
6A 37 B2 A2 FC 41 B2 A2
90 A1 85 A3 DD A0 85 A3
E5 77 54 A4 32 77 54 A4
26 BF 24 A5 73 BE 24 A5
99 A1 F7 A5 E6 A0 F7 A5
AF A1 C9 A6 FC A0 C9 A6
3E C5 97 A7 8B C4 97 A7
7D 0F 68 A8 CA 0E 68 A8
4B B4 39 A9 98 B3 39 A9
B3 CB 0C AA 00 CB 0C AA
00 CD DC AA 4D CC DC AA
5F D5 AA AB AC D4 AA AB
7B D5 7A AC C8 D4 7A AC
33 B1 4C AD 80 B0 4C AD
B3 B6 1E AE 00 B6 1E AE
3B 89 F0 AE 88 88 F0 AE
8C 47 C2 AF 67 29 C2 AF
33 CA 92 B0 80 C9 92 B0
2E 7F 64 B1 7B 7E 64 B1
76 10 33 B2 C3 0F 33 B2
E1 AF 01 B3 2E AF 01 B3
44 81 D1 B3 91 80 D1 B3
84 7A A3 B4 D1 79 A3 B4
E4 15 75 B5 31 15 75 B5
5B A9 45 B6 A8 A8 45 B6
8B 5E 17 B7 D8 5D 17 B7
3A A5 E8 B7 87 A4 E8 B7
80 9B B7 B8 CD 9A B7 B8
85 CD 88 B9 D2 CC 88 B9
47 CF 58 BA 94 CE 58 BA
C2 ED 2B BB 0F ED 2B BB
2A B1 FD BB 77 B0 FD BB
4F B1 CE BC 9C B0 CE BC
5D D2 A2 BD AA D1 A2 BD
F5 25 71 BE 42 25 71 BE
47 D5 42 BF 94 D4 42 BF
3D 97 13 C0 8A 96 13 C0
F3 24 E2 C0 40 24 E2 C0
7C 6C B2 C1 C9 6B B2 C1
C6 C6 84 C2 13 C6 84 C2
7B D5 55 C3 C8 D4 55 C3
AE 2F 2A C4 31 27 2A C4
15 C2 FA C4 62 C1 FA C4
58 C6 CC C5 A5 C5 CC C5
64 D5 9C C6 B1 D4 9C C6
F2 9D 6B C7 72 95 6B C7
1B 22 3D C8 68 21 3D C8
AC BC 0F C9 F9 BB 0F C9
D0 53 DE C9 1D 53 DE C9
FA 04 AD CA 47 04 AD CA
5E D5 80 CB AB D4 80 CB
37 23 50 CC 84 22 50 CC
8F A7 21 CD DC A6 21 CD
73 D5 F5 CD C0 D4 F5 CD
75 D5 C6 CE C2 D4 C6 CE
E4 98 96 CF 31 98 96 CF
00 B4 65 D0 4D B3 65 D0
14 3D 37 D1 61 3C 37 D1
55 38 06 D2 A2 37 06 D2
76 F5 D6 D2 C3 F4 D6 D2
DD C2 A8 D3 2A C2 A8 D3
54 6F 78 D4 A1 6E 78 D4
EF 46 47 D5 3C 46 47 D5
39 83 1A D6 86 82 1A D6
B4 BB EA D6 01 BB EA D6
2E 9F B8 D7 7B 9E B8 D7
54 69 89 D8 A1 68 89 D8
68 60 5A D9 B5 5F 5A D9
A9 64 2A DA F6 63 2A DA
DE 8D FC DA 2B 8D FC DA
7B D5 CA DB C8 D4 CA DB
15 D2 9C DC 62 D1 9C DC
AD 32 6B DD FA 31 6B DD
4A DA 3C DE 97 D9 3C DE
5F D5 0D DF AC D4 0D DF
ED 69 DF DF 3A 69 DF DF
CA 5A AF E0 17 5A AF E0
62 8E 82 E1 AF 8D 82 E1
19 C8 50 E2 66 C7 50 E2
77 D5 21 E3 C4 D4 21 E3
44 B1 F1 E3 91 B0 F1 E3
A8 CA C2 E4 F5 C9 C2 E4
DA D3 92 E5 27 D3 92 E5
E0 C3 64 E6 2D C3 64 E6
42 92 36 E7 8F 91 36 E7
38 BA 05 E8 85 B9 05 E8
DB 62 D2 E8 28 62 D2 E8
F3 D7 A8 E9 40 D7 A8 E9
5B A8 77 EA A8 A7 77 EA
0F C4 4B EB 5C C3 4B EB
BE BF 1B EC 0B BF 1B EC
63 3C ED EC B0 3B ED EC
1D BF BC ED 6A BE BC ED
7E 7B 8D EE CB 7A 8D EE
4C BB 5C EF 99 BA 5C EF
D3 06 2B F0 20 06 2B F0
0B A0 FD F0 58 9F FD F0
62 C0 D0 F1 AF BF D0 F1
6C CE A0 F2 B9 CD A0 F2
92 B4 70 F3 DF B3 70 F3
08 94 42 F4 55 93 42 F4
6D E7 14 F5 BA E6 14 F5
A0 3E E1 F5 ED 3D E1 F5
96 CD B2 F6 E3 CC B2 F6
67 9D 82 F7 B4 9C 82 F7
7B D5 54 F8 C8 D4 54 F8
CF 2C 28 F9 1C 2C 28 F9
BD FF F9 F9 0A FF F9 F9
D7 03 C9 FA 24 03 C9 FA
E0 7E 99 FB 2D 7E 99 FB
5D 4C 6A FC AA 4B 6A FC
3D 0E 37 FD 8A 0D 37 FD
26 30 08 FE 73 2F 08 FE
3C 3C DC FE 89 3B DC FE
34 C8 AD FF 81 C7 AD FF
81 32 7E 00 CE 31 7E 00
6C 36 4F 01 B9 35 4F 01
AD 5A 1F 02 FA 59 1F 02
60 70 F1 02 AD 6F F1 02
CB 53 C2 03 18 53 C2 03
F0 52 91 04 3D 52 91 04
46 32 60 05 93 31 60 05
E8 8C 30 06 35 8C 30 06
35 53 00 07 82 52 00 07
79 54 D3 07 C6 53 D3 07
6F A9 A2 08 BC A8 A2 08
67 CD 74 09 B4 CC 74 09
4D 03 43 0A 9A 02 43 0A
EE 98 14 0B 3B 98 14 0B
E2 BD E4 0B 2F BD E4 0B
59 D2 B5 0C A6 D1 B5 0C
75 BF 86 0D C2 BE 86 0D
C0 7A 54 0E 0D 7A 54 0E
94 BB 29 0F E1 BA 29 0F
CD C0 F9 0F 1A C0 F9 0F
23 24 CA 10 70 23 CA 10
58 75 9A 11 A5 74 9A 11
A4 D0 6B 12 F1 CF 6B 12
C5 35 3D 13 12 35 3D 13
57 3D 0D 14 A4 3C 0D 14
55 D5 DE 14 A2 D4 DE 14
D1 C9 AD 15 1E C9 AD 15
73 6B 7D 16 C0 6A 7D 16
1C C3 50 17 69 C2 50 17
26 38 1F 18 73 37 1F 18
5D CC EF 18 AA CB EF 18
E1 7A BF 19 2E 7A BF 19
E9 4E 8E 1A 36 4E 8E 1A
69 D2 60 1B B6 D1 60 1B
AD 37 31 1C FA 36 31 1C
7C D5 04 1D C9 D4 04 1D
20 55 D6 1D 6D 54 D6 1D
06 76 A9 1E 53 75 A9 1E
EF 7D 79 1F 3C 7D 79 1F
1E A8 4B 20 6B A7 4B 20
AC 63 1F 21 F9 62 1F 21
C9 2F ED 21 16 2F ED 21
BA 6F C3 22 07 6F C3 22
55 DA 93 23 A2 D9 93 23
BD 9C 61 24 0A 9C 61 24
71 9C 33 25 BE 9B 33 25
5A D5 04 26 A7 D4 04 26
A4 A1 D3 26 F1 A0 D3 26
E2 B1 A5 27 2F B1 A5 27
04 5B 75 28 51 5A 75 28
3B 92 46 29 88 91 46 29
32 7A 18 2A 7F 79 18 2A
E6 CA E8 2A 33 CA E8 2A
A3 BE BA 2B F0 BD BA 2B
8A 36 8D 2C D7 35 8D 2C
9A A6 5E 2D E7 A5 5E 2D
6F CC 2E 2E BC CB 2E 2E
94 8D FD 2E E1 8C FD 2E
31 34 CD 2F 7E 33 CD 2F
6E 4B A1 30 BB 4A A1 30
35 1B 71 31 82 1A 71 31
4C 1D 41 32 99 1C 41 32
53 79 14 33 A0 78 14 33
9C 3D E5 33 E9 3C E5 33
A5 68 BA 34 F2 67 BA 34
33 8A 8A 35 80 89 8A 35
56 C1 5C 36 A3 C0 5C 36
9B 4F 2E 37 E8 4E 2E 37
CC CA FE 37 19 CA FE 37
EC CA D0 38 39 CA D0 38
F5 BE A2 39 42 BE A2 39
4F B1 73 3A 9C B0 73 3A
4E 16 43 3B 9B 15 43 3B
AB A1 13 3C F8 A0 13 3C
B8 89 E2 3C 05 89 E2 3C
38 61 B5 3D 85 60 B5 3D
04 A1 85 3E 51 A0 85 3E
A3 B0 57 3F F0 AF 57 3F
D2 5C 2B 40 1F 5C 2B 40
64 BE FF 40 B1 BD FF 40
F5 08 D0 41 42 08 D0 41
0F 3B A2 42 5C 3A A2 42
5B 4B 72 43 A8 4A 72 43
A8 AB 49 44 F5 AA 49 44
43 B1 1B 45 90 B0 1B 45
15 80 E9 45 62 7F E9 45
98 4D BB 46 E5 4C BB 46
5C A3 8B 47 DD 9A 8B 47
36 61 5F 48 83 60 5F 48
B9 7F 2F 49 06 7F 2F 49
69 12 04 4A B6 11 04 4A
A2 BD D2 4A EF BC D2 4A
45 B1 A5 4B 92 B0 A5 4B
4F B1 75 4C 9C B0 75 4C
22 83 45 4D 6F 82 45 4D
E7 D4 14 4E 34 D4 14 4E
CE 52 E5 4E 1B 52 E5 4E
C1 60 B7 4F 0E 60 B7 4F
70 79 89 50 E1 3D 89 50
C8 88 5A 51 15 88 5A 51
5B D5 2A 52 A8 D4 2A 52
4E E7 FB 52 9B E6 FB 52
EB FE CB 53 38 FE CB 53
48 B5 9D 54 95 B4 9D 54
00 99 6C 55 4D 98 6C 55
2A 99 40 56 77 98 40 56
15 8C 13 57 62 8B 13 57
0E 04 E3 57 5B 03 E3 57
84 5A B2 58 D1 59 B2 58
78 D5 82 59 C5 D4 82 59
DF 52 56 5A 2C 52 56 5A
73 90 25 5B C0 8F 25 5B
2F C3 F6 5B 7C C2 F6 5B
16 2C C4 5C 63 2B C4 5C
10 65 95 5D 5D 64 95 5D
4C 7A 66 5E 99 79 66 5E
36 B1 37 5F 83 B0 37 5F
C7 5A 0A 60 14 5A 0A 60
05 C2 DA 60 52 C1 DA 60
1D 48 A9 61 6A 47 A9 61
72 F7 78 62 BF F6 78 62
5D D5 48 63 AA D4 48 63
FE 73 1B 64 4B 73 1B 64
1E 82 EC 64 6B 81 EC 64
7A 17 C0 65 C7 16 C0 65
46 95 8E 66 93 94 8E 66
D9 9D 60 67 26 9D 60 67
BE 96 33 68 0B 96 33 68
C2 34 02 69 0F 34 02 69
78 90 D4 69 C5 8F D4 69
AA A1 A7 6A F7 A0 A7 6A
9D CE 78 6B EA CD 78 6B
28 A7 4A 6C 75 A6 4A 6C
9B D4 1A 6D E8 D3 1A 6D
C7 AF E7 6D 14 AF E7 6D
D0 38 BC 6E 1D 38 BC 6E
52 B1 8A 6F 9F B0 8A 6F
A3 D0 5C 70 F0 CF 5C 70
9C 45 2A 71 E9 44 2A 71
8C 21 FA 71 D9 20 FA 71
FE CD CA 72 4B CD CA 72
59 D5 9A 73 A6 D4 9A 73
DF 99 69 74 2C 99 69 74
76 C3 3A 75 C3 C2 3A 75
4A C1 0A 76 97 C0 0A 76
79 D5 DA 76 C6 D4 DA 76
74 D5 AA 77 C1 D4 AA 77
73 66 78 78 C0 65 78 78
B3 06 48 79 00 06 48 79
03 80 1B 7A 50 7F 1B 7A
FD 91 EC 7A 4A 91 EC 7A
E8 44 C0 7B 35 44 C0 7B
64 31 8F 7C B1 30 8F 7C
1B C8 5F 7D 68 C7 5F 7D
4E B1 32 7E 9B B0 32 7E
5C D2 04 7F A9 D1 04 7F
5D D5 D6 7F AA D4 D6 7F
38 B1 A6 80 85 B0 A6 80
75 A9 78 81 C2 A8 78 81
6C A9 48 82 B9 A8 48 82
E5 6B 18 83 32 6B 18 83
62 C2 E8 83 AF C1 E8 83
66 5B B5 84 B3 5A B5 84
21 C3 87 85 6E C2 87 85
21 C8 5B 86 6E C7 5B 86
5F D5 2C 87 AC D4 2C 87
B1 CD FA 87 FE CC FA 87
90 06 CA 88 DD 05 CA 88
53 B1 9A 89 A0 B0 9A 89
03 5D 6C 8A 50 5C 6C 8A
77 81 3C 8B C4 80 3C 8B
2B 88 10 8C 78 87 10 8C
3D 47 E2 8C 8A 46 E2 8C
49 B6 B3 8D 96 B5 B3 8D
9E C8 83 8E EB C7 83 8E
E7 C2 55 8F 34 C2 55 8F
59 98 27 90 A6 97 27 90
9C BD F8 90 E9 BC F8 90
13 97 CA 91 60 96 CA 91
37 B1 9A 92 84 B0 9A 92
C9 74 68 93 16 74 68 93
11 65 3C 94 5E 64 3C 94
5A 75 0A 95 A7 74 0A 95
43 D5 DC 95 90 D4 DC 95
01 0B AE 96 4E 0A AE 96
A6 A6 7E 97 F3 A5 7E 97
08 AD 4F 98 55 AC 4F 98
7D 74 1F 99 CA 73 1F 99
07 B8 EE 99 54 B7 EE 99
FD 32 BD 9A 4A 32 BD 9A
7C D5 90 9B C9 D4 90 9B
40 BE 5F 9C 8D BD 5F 9C
5B 6E 30 9D A8 6D 30 9D
4B 0E 00 9E 98 0D 00 9E
98 A5 CE 9E E5 A4 CE 9E
65 A5 A0 9F B2 A4 A0 9F
DD 5D 72 A0 B1 24 72 A0
DF 33 42 A1 2C 33 42 A1
A4 49 11 A2 F1 48 11 A2
5E C0 DF A2 AB BF DF A2
DD 39 B1 A3 2A 39 B1 A3
E5 AE 81 A4 32 AE 81 A4
A8 CD 53 A5 F5 CC 53 A5
93 CD 25 A6 E0 CC 25 A6
B8 A6 F6 A6 05 A6 F6 A6
5F 80 C6 A7 AC 7F C6 A7
9C 5A 96 A8 E9 59 96 A8
F9 8B 66 A9 46 8B 66 A9
BF 77 3A AA 0C 77 3A AA
DF C1 08 AB 2C C1 08 AB
5E BC D9 AB AB BB D9 AB
AA 26 AB AC F7 25 AB AC
08 FA 7B AD 55 F9 7B AD
02 C6 4A AE 4F C5 4A AE
6D A9 1A AF BA A8 1A AF
31 C8 EA AF 7E C7 EA AF
30 7C BA B0 7D 7B BA B0
12 C1 8C B1 96 B8 8C B1
33 07 5E B2 80 06 5E B2
E9 B0 2F B3 36 B0 2F B3
EE 8C 04 B4 3B 8C 04 B4
7C BF D6 B4 C9 BE D6 B4
4C A5 A7 B5 99 A4 A7 B5
98 BD 77 B6 E5 BC 77 B6
64 A3 49 B7 B1 A2 49 B7
8B B3 17 B8 D8 B2 17 B8
58 CA E7 B8 A5 C9 E7 B8
68 A9 B8 B9 B5 A8 B8 B9
83 9F 8A BA D0 9E 8A BA
8C 46 5A BB D9 45 5A BB
EC 7A 2D BC 39 7A 2D BC
76 D5 FE BC C3 D4 FE BC
6E A9 D2 BD BB A8 D2 BD
71 18 A1 BE BE 17 A1 BE
2E AC 72 BF 7B AB 72 BF
92 CD 41 C0 DF CC 41 C0
47 B1 11 C1 94 B0 11 C1
5A CA E3 C1 A7 C9 E3 C1
D3 0B B8 C2 20 0B B8 C2
C3 0A 86 C3 10 0A 86 C3
B0 B6 56 C4 FD B5 56 C4
EC 2C 2A C5 39 2C 2A C5
A4 48 FA C5 F1 47 FA C5
36 B6 CE C6 83 B5 CE C6
A0 02 9E C7 ED 01 9E C7
B2 BC 72 C8 FF BB 72 C8
6B 64 43 C9 B8 63 43 C9
30 25 16 CA 7D 24 16 CA
CF 19 E7 CA 1C 19 E7 CA
54 D5 B9 CB A1 D4 B9 CB
40 B1 8B CC 8D B0 8B CC
76 D5 5C CD C3 D4 5C CD
7F 6F 2D CE CC 6E 2D CE
5D D5 FE CE AA D4 FE CE
38 B1 CC CF 85 B0 CC CF
A8 CD 9E D0 F5 CC 9E D0
5F D5 6E D1 AC D4 6E D1
89 10 3F D2 D6 0F 3F D2
6B A9 11 D3 B8 A8 11 D3
44 43 E1 D3 91 42 E1 D3
DA C0 B4 D4 27 C0 B4 D4
0D 3F 83 D5 5A 3E 83 D5
20 86 51 D6 6D 85 51 D6
63 53 22 D7 B0 52 22 D7
66 AA F6 D7 B3 A9 F6 D7
76 CF C7 D8 C3 CE C7 D8
41 A8 97 D9 8E A7 97 D9
01 A0 68 DA 4E 9F 68 DA
E8 88 3A DB 35 88 3A DB
86 BE 0A DC D3 BD 0A DC
17 C8 D7 DC 64 C7 D7 DC
A7 46 AB DD F4 45 AB DD
5C D5 7B DE A9 D4 7B DE
D0 02 4B DF 1D 02 4B DF
8C 35 1B E0 D9 34 1B E0
BD 83 ED E0 0A 83 ED E0
10 47 BE E1 5D 46 BE E1
6C D1 8B E2 B9 D0 8B E2
35 B1 5D E3 82 B0 5D E3
E5 93 2F E4 32 93 2F E4
38 A4 00 E5 85 A3 00 E5
9C 53 D1 E5 E9 52 D1 E5
EF 42 A2 E6 3C 42 A2 E6
57 10 72 E7 A4 0F 72 E7
73 6F 45 E8 C0 6E 45 E8
5A D5 15 E9 A7 D4 15 E9
92 5F EA E9 DF 5E EA E9
10 9A BB EA 5D 99 BB EA
7D 02 8A EB CA 01 8A EB
33 AA 5E EC 80 A9 5E EC
65 29 2B ED B2 28 2B ED
F7 7E FC ED 44 7E FC ED
49 D5 CE EE 96 D4 CE EE
E3 9D 9D EF 30 9D 9D EF
18 C8 6E F0 65 C7 6E F0
E0 B5 40 F1 2D B5 40 F1
58 A9 11 F2 A5 A8 11 F2
8B A1 E1 F2 D8 A0 E1 F2
CE BC B2 F3 1B BC B2 F3
59 DA 84 F4 A6 D9 84 F4
CD CA 52 F5 1A CA 52 F5
77 D2 25 F6 C4 D1 25 F6
35 B1 F8 F6 82 B0 F8 F6
FD C7 C9 F7 4A C7 C9 F7
4F D5 9B F8 9C D4 9B F8
14 73 6D F9 61 72 6D F9
30 79 3F FA 7D 78 3F FA
EA 34 18 FB 37 34 18 FB
C0 A0 E6 FB 0D A0 E6 FB
4E 0A B8 FC 9B 09 B8 FC
A6 A6 86 FD F3 A5 86 FD
9F A6 58 FE EC A5 58 FE
FB BE 29 FF 48 BE 29 FF
EB CA FC FF 38 CA FC FF
63 2F CC 00 B0 2E CC 00
14 31 9D 01 61 30 9D 01
09 CC 6F 02 56 CB 6F 02
1A 2D 3E 03 67 2C 3E 03
4E 5A 0F 04 9B 59 0F 04
49 BC DF 04 96 BB DF 04
9B CA B2 05 E8 C9 B2 05
28 07 82 06 75 06 82 06
A5 A6 54 07 F2 A5 54 07
60 D5 24 08 AD D4 24 08
E7 09 F6 08 34 09 F6 08
39 2F C8 09 86 2E C8 09
19 1D 9A 0A 66 1C 9A 0A
95 DA 6B 0B E2 D9 6B 0B
9E AE 3C 0C EB AD 3C 0C
B6 43 10 0D 03 43 10 0D
E1 9B E1 0D 2E 9B E1 0D
FE B7 AF 0E 4B B7 AF 0E
34 AE 80 0F 81 AD 80 0F
9F 94 53 10 EC 93 53 10
7D D5 22 11 CA D4 22 11
AA C4 F3 11 F7 C3 F3 11
82 7D C2 12 CF 7C C2 12
60 D5 90 13 AD D4 90 13
01 72 60 14 4E 71 60 14
43 18 30 15 90 17 30 15
0D 39 02 16 5A 38 02 16
87 3C D2 16 D4 3B D2 16
B0 CD A2 17 FD CC A2 17
89 A9 73 18 D6 A8 73 18
94 C4 44 19 E1 C3 44 19
C7 CA 15 1A 14 CA 15 1A
7B D5 E5 1A C8 D4 E5 1A
D0 87 B6 1B 1D 87 B6 1B
77 93 86 1C C4 92 86 1C
BC 95 56 1D 09 95 56 1D
AC 30 24 1E F9 2F 24 1E
42 8C F6 1E 8F 8B F6 1E
49 3A C6 1F 96 39 C6 1F
4A 3C 97 20 97 3B 97 20
68 78 66 21 B5 77 66 21
61 AF 35 22 AE AE 35 22
75 D2 05 23 C2 D1 05 23
2C C5 D7 23 79 C4 D7 23
8A 04 A7 24 D7 03 A7 24
90 79 78 25 DD 78 78 25
52 A9 4A 26 9F A8 4A 26
59 D5 19 27 A6 D4 19 27
D3 72 EA 27 20 72 EA 27
D3 65 BA 28 20 65 BA 28
23 34 8D 29 70 33 8D 29
AB 62 5E 2A F8 61 5E 2A
B9 11 2E 2B 06 11 2E 2B
75 D5 FF 2B C2 D4 FF 2B
AF CA D0 2C FC C9 D0 2C
1C F7 A1 2D 69 F6 A1 2D
82 CD 70 2E CF CC 70 2E
3F 74 41 2F 8C 73 41 2F
82 4B 12 30 CF 4A 12 30
77 96 E1 30 C4 95 E1 30
8D C6 B2 31 DA C5 B2 31
F5 BA 82 32 42 BA 82 32
12 1D 50 33 5F 1C 50 33
05 B6 24 34 52 B5 24 34
A0 D3 F5 34 ED D2 F5 34
53 AC C6 35 A0 AB C6 35
25 BE 96 36 72 BD 96 36
8F CD 68 37 DC CC 68 37
32 B1 37 38 7F B0 37 38
41 17 08 39 8E 16 08 39
03 CA D8 39 50 C9 D8 39
1B A4 A8 3A 68 A3 A8 3A
46 3C 78 3B 93 3B 78 3B
83 D4 49 3C D0 D3 49 3C
37 93 17 3D 84 92 17 3D
08 83 E6 3D 55 82 E6 3D
E1 8D B8 3E 2E 8D B8 3E
3E 8F 8A 3F 8B 8E 8A 3F
50 0A 59 40 9D 09 59 40
FB C7 29 41 48 C7 29 41
9F 0E F8 41 EC 0D F8 41
33 8D C8 42 80 8C C8 42
7D D5 98 43 CA D4 98 43
B1 4F 69 44 FE 4E 69 44
F8 BB 3B 45 45 BB 3B 45
D5 C9 0C 46 22 C9 0C 46
ED 21 DB 46 3A 21 DB 46
65 9F AD 47 B2 9E AD 47
13 20 7D 48 60 1F 7D 48
76 4D 4D 49 C3 4C 4D 49
87 1A 1D 4A D4 19 1D 4A
31 58 F1 4A 7E 57 F1 4A
3F C3 C0 4B 8C C2 C0 4B
33 8E 8F 4C 80 8D 8F 4C
D9 20 5D 4D 26 20 5D 4D
21 DB 2E 4E 6E DA 2E 4E
BF 85 FC 4E 0C 85 FC 4E
B7 68 CA 4F 04 68 CA 4F
7D D5 9A 50 CA D4 9A 50
86 53 6D 51 D3 52 6D 51
66 2E 3D 52 B3 2D 3D 52
AD 2E 11 53 FA 2D 11 53
13 46 E1 53 60 45 E1 53
BD 89 B5 54 0A 89 B5 54
A4 53 86 55 F1 52 86 55
08 A4 57 56 55 A3 57 56
3C 76 29 57 89 75 29 57
2F 43 FA 57 7C 42 FA 57
D9 C3 CC 58 26 C3 CC 58
8B 84 A2 59 D8 83 A2 59
81 51 74 5A CE 50 74 5A
82 CB 44 5B CF CA 44 5B
96 C7 19 5C E3 C6 19 5C
43 AC EA 5C 90 AB EA 5C
97 7D BC 5D E4 7C BC 5D
FF 73 8E 5E 4C 73 8E 5E
63 83 5F 5F B0 82 5F 5F
E5 AE 30 60 32 AE 30 60
5F D5 01 61 AC D4 01 61
77 A9 D3 61 C4 A8 D3 61
77 18 A3 62 C4 17 A3 62
1F B6 73 63 6C B5 73 63
B6 92 42 64 03 92 42 64
EF 56 14 65 3C 56 14 65
B3 CD E6 65 00 CD E6 65
9F 53 B5 66 EC 52 B5 66
5F D5 88 67 AC D4 88 67
7F A7 5A 68 CC A6 5A 68
54 CB 2A 69 A1 CA 2A 69
FD 98 F9 69 4A 98 F9 69
3E 4F C9 6A 8B 4E C9 6A
DD 98 9C 6B 2A 98 9C 6B
04 05 6E 6C 4E 04 6E 6C
90 B0 40 6D DD AF 40 6D
33 55 10 6E 80 54 10 6E
94 AF E1 6E E1 AE E1 6E
E6 56 B2 6F 33 56 B2 6F
84 2F 85 70 D1 2E 85 70
7F 99 55 71 CC 98 55 71
03 CA 27 72 50 C9 27 72
22 B1 F7 72 6F B0 F7 72
56 98 C7 73 A3 97 C7 73
5F D5 96 74 AC D4 96 74
5B D5 66 75 A8 D4 66 75
1D B1 37 76 6A B0 37 76
6F 2B 06 77 BC 2A 06 77
78 A4 D6 77 C5 A3 D6 77
30 C8 A6 78 7D C7 A6 78
68 D5 76 79 B5 D4 76 79
62 D5 48 7A AF D4 48 7A
13 8F 19 7B 60 8E 19 7B
3D 8E EC 7B 8A 8D EC 7B
31 C8 BD 7C 7E C7 BD 7C
8C 50 91 7D D9 4F 91 7D
FF B6 64 7E 4C B6 64 7E
78 D5 35 7F C5 D4 35 7F
83 0E 07 80 D0 0D 07 80
69 CA D9 80 B6 C9 D9 80
65 8F AB 81 B2 8E AB 81
A7 25 7D 82 F4 24 7D 82
57 8F 4F 83 A4 8E 4F 83
3B A1 1F 84 88 A0 1F 84
20 B1 F1 84 6D B0 F1 84
67 EA C4 85 B4 E9 C4 85
51 B1 93 86 9E B0 93 86
43 6C 62 87 90 6B 62 87
78 D5 32 88 C5 D4 32 88
39 04 03 89 86 03 03 89
43 B1 D3 89 90 B0 D3 89
34 93 A2 8A 81 92 A2 8A
E4 3B 71 8B 31 3B 71 8B
54 D5 41 8C A1 D4 41 8C
3F B5 12 8D 8C B4 12 8D
B0 69 E1 8D FD 68 E1 8D
F2 3C AE 8E 3F 3C AE 8E
F3 D0 80 8F 40 D0 80 8F
48 9D 5A 90 95 9C 5A 90
E8 DC 2B 91 35 DC 2B 91
52 D9 FB 91 9F D8 FB 91
DB 93 CC 92 28 93 CC 92
77 D5 9B 93 C4 D4 9B 93
76 D5 6A 94 C3 D4 6A 94
8B B4 3B 95 D8 B3 3B 95
60 17 0D 96 AD 16 0D 96
1A C3 E2 96 67 C2 E2 96
01 A4 B1 97 4E A3 B1 97
2D 73 85 98 7A 72 85 98
77 A9 59 99 C4 A8 59 99
16 95 29 9A 63 94 29 9A
5E C5 FC 9A AB C4 FC 9A
77 D5 CD 9B C4 D4 CD 9B
C8 C0 A0 9C 15 C0 A0 9C
5E D5 71 9D AB D4 71 9D
D1 98 41 9E 1E 98 41 9E
41 7F 10 9F 8E 7E 10 9F
E9 7A E0 9F 36 7A E0 9F
22 7F B1 A0 6F 7E B1 A0
FA 27 82 A1 47 27 82 A1
FB 77 56 A2 48 77 56 A2
5B D5 26 A3 A8 D4 26 A3
5A D2 F6 A3 A7 D1 F6 A3
4E 28 C8 A4 9B 27 C8 A4
D3 CA 9A A5 20 CA 9A A5
3F 5E 69 A6 8C 5D 69 A6
E9 8A 37 A7 36 8A 37 A7
14 AF 09 A8 61 AE 09 A8
69 98 DA A8 B6 97 DA A8
70 D5 AB A9 BD D4 AB A9
08 B8 7E AA 55 B7 7E AA
47 A1 50 AB 94 A0 50 AB
23 C8 21 AC 70 C7 21 AC
5C D5 F3 AC A9 D4 F3 AC
65 8B C6 AD B2 8A C6 AD
67 D5 97 AE B4 D4 97 AE
6F A9 67 AF BC A8 67 AF
F5 BB 3A B0 42 BB 3A B0
52 00 07 B1 28 7B 0A B1
60 48 DA B1 AD 47 DA B1
AC AB A9 B2 F9 AA A9 B2
E6 A4 7F B3 33 A4 7F B3
FC C9 51 B4 49 C9 51 B4
ED 81 20 B5 3A 81 20 B5
6B D5 EE B5 B8 D4 EE B5
1F 6E BE B6 6C 6D BE B6
5B 98 90 B7 A8 97 90 B7
D9 0E 60 B8 26 0E 60 B8
C8 9E 2F B9 15 9E 2F B9
7A D5 FF B9 C7 D4 FF B9
19 CD CF BA 66 CC CF BA
7A D5 A0 BB C7 D4 A0 BB
F3 51 70 BC 40 51 70 BC
7D D5 43 BD CA D4 43 BD
F9 AE 11 BE 46 AE 11 BE
5B D5 E1 BE A8 D4 E1 BE
7A D5 B2 BF C7 D4 B2 BF
44 B1 84 C0 91 B0 84 C0
33 99 55 C1 80 98 55 C1
43 37 25 C2 90 36 25 C2
45 BA F3 C2 92 B9 F3 C2
64 D5 C3 C3 B1 D4 C3 C3
85 A5 94 C4 D2 A4 94 C4
AB 54 65 C5 F8 53 65 C5
85 58 33 C6 D2 57 33 C6
C8 BD 08 C7 15 BD 08 C7
B4 CD D6 C7 01 CD D6 C7
CB CA A6 C8 18 CA A6 C8
E6 9E 79 C9 33 9E 79 C9
85 25 46 CA D2 24 46 CA
4E BD 18 CB 9B BC 18 CB
D1 DC E9 CB 1E DC E9 CB
7C D5 BA CC C9 D4 BA CC
20 D2 89 CD 6D D1 89 CD
AD BA 5A CE FA B9 5A CE
25 B1 29 CF 72 B0 29 CF
BA B6 F8 CF 07 B6 F8 CF
A1 BD C6 D0 EE BC C6 D0
52 C0 96 D1 9F BF 96 D1
7B 1E 68 D2 C8 1D 68 D2
36 66 38 D3 83 65 38 D3
B1 61 0A D4 FE 60 0A D4
57 77 DB D4 A4 76 DB D4
A1 24 AE D5 EE 23 AE D5
63 41 81 D6 B0 40 81 D6
6A 6D 54 D7 B7 6C 54 D7
24 F0 24 D8 71 EF 24 D8
21 6A FB D8 6E 69 FB D8
27 93 C9 D9 74 92 C9 D9
BA 15 99 DA 07 15 99 DA
F2 9E 6B DB 3F 9E 6B DB
7E A9 3B DC CB A8 3B DC
58 3A 0E DD A5 39 0E DD
C6 C9 DC DD 13 C9 DC DD
5C D0 AC DE A9 CF AC DE
74 1B 7D DF C1 1A 7D DF
BC 09 4E E0 09 09 4E E0
A1 78 21 E1 EE 77 21 E1
14 26 F1 E1 61 25 F1 E1
80 CD C4 E2 CD CC C4 E2
4F 01 96 E3 9C 00 96 E3
1E 0C 6D E4 6B 0B 6D E4
0A C3 3E E5 57 C2 3E E5
51 B1 0D E6 9E B0 0D E6
08 75 DF E6 55 74 DF E6
68 6A B1 E7 B5 69 B1 E7
EB 9A 82 E8 38 9A 82 E8
0F 71 53 E9 5C 70 53 E9
45 8A 2B EA 92 89 2B EA
A9 A4 F9 EA F6 A3 F9 EA
18 74 CB EB 65 73 CB EB
01 5A 9B EC 4E 59 9B EC
33 B1 6B ED 80 B0 6B ED
F4 9B 3B EE 41 9B 3B EE
0B C8 0A EF 58 C7 0A EF
DC 25 D9 EF 29 25 D9 EF
EC CD AE F0 39 CD AE F0
F0 97 7E F1 3D 97 7E F1
28 84 4E F2 75 83 4E F2
C5 50 20 F3 12 50 20 F3
E2 CD EE F3 2F CD EE F3
CA BA BE F4 17 BA BE F4
C8 82 8F F5 15 82 8F F5
6E 8B 5F F6 BB 8A 5F F6
55 AC 31 F7 A2 AB 31 F7
7D D5 04 F8 CA D4 04 F8
08 7D D7 F8 55 7C D7 F8
E7 68 A9 F9 34 68 A9 F9
36 67 7A FA 83 66 7A FA
43 35 4A FB 90 34 4A FB
F6 26 22 FC 43 26 22 FC
0F C8 F2 FC 5C C7 F2 FC
45 B0 C3 FD 92 AF C3 FD
0F C1 96 FE 5C C0 96 FE
6F BE 66 FF BC BD 66 FF
AD 99 37 00 FA 98 37 00
54 B1 07 01 A1 B0 07 01
BF 24 D6 01 0C 24 D6 01
0A 9D A6 02 57 9C A6 02
0F A5 76 03 5C A4 76 03
5F A9 49 04 AC A8 49 04
50 1C 19 05 9D 1B 19 05
70 D5 EC 05 BD D4 EC 05
3A C9 BD 06 87 C8 BD 06
33 AE 8D 07 80 AD 8D 07
91 9B 5B 08 DE 9A 5B 08
39 B1 2D 09 86 B0 2D 09
02 F1 FE 09 4F F0 FE 09
FF 62 CF 0A 4C 62 CF 0A
22 69 A1 0B 6F 68 A1 0B
3E A6 6F 0C 8B A5 6F 0C
5F C5 3E 0D AC C4 3E 0D
6A D5 0F 0E B7 D4 0F 0E
B3 7B E1 0E 00 7B E1 0E
3F C0 B2 0F 8C BF B2 0F
4E C1 83 10 9B C0 83 10
19 C5 53 11 66 C4 53 11
2E C9 27 12 7B C8 27 12
8C 97 F9 12 D9 96 F9 12
D8 9E CC 13 25 9E CC 13
6C 79 9E 14 B9 78 9E 14
0F 02 6F 15 5C 01 6F 15
FC 54 40 16 49 54 40 16
C2 30 10 17 0F 30 10 17
52 D0 E2 17 9F CF E2 17
E4 B4 B0 18 31 B4 B0 18
1E 88 82 19 6B 87 82 19
94 B8 52 1A E1 B7 52 1A
44 82 23 1B 91 81 23 1B
EE A3 F5 1B 3B A3 F5 1B
5A 7F C6 1C A7 7E C6 1C
3C E0 9A 1D 89 DF 9A 1D
49 76 6A 1E 96 75 6A 1E
A5 61 3E 1F F2 60 3E 1F
CA 66 11 20 17 66 11 20
FB 93 E1 20 48 93 E1 20
73 CB B1 21 C0 CA B1 21
3B 32 85 22 88 31 85 22
92 28 57 23 DF 27 57 23
08 84 29 24 55 83 29 24
26 A0 FC 24 73 9F FC 24
88 71 CE 25 D2 70 CE 25
A7 B9 9E 26 F4 B8 9E 26
FF 52 70 27 4C 52 70 27
75 A9 41 28 C2 A8 41 28
46 D5 12 29 93 D4 12 29
22 BD E0 29 6F BC E0 29
29 C7 B0 2A 22 8C B0 2A
AD 96 82 2B FA 95 82 2B
B6 52 53 2C 03 52 53 2C
4C D5 26 2D 99 D4 26 2D
DE 8C F6 2D 2B 8C F6 2D
CA B0 CA 2E 17 B0 CA 2E
C2 45 9B 2F 0F 45 9B 2F
A5 9D 6D 30 F2 9C 6D 30
73 54 42 31 C0 53 42 31
1E F1 14 32 6B F0 14 32
0F 5E E3 32 8E 55 E3 32
ED 8E B5 33 3A 8E B5 33
87 A8 87 34 D4 A7 87 34
A2 8F 59 35 EF 8E 59 35
E8 A7 2B 36 35 A7 2B 36
8E 87 FE 36 DB 86 FE 36
BF BB CF 37 0C BB CF 37
5D D5 9F 38 AA D4 9F 38
BC CD 71 39 09 CD 71 39
86 22 42 3A D3 21 42 3A
55 9D 18 3B A2 9C 18 3B
C4 AD EA 3B 11 AD EA 3B
32 BF BB 3C 7F BE BB 3C
F1 A3 8B 3D 3E A3 8B 3D
DB 52 5C 3E 28 52 5C 3E
6A D2 2E 3F B7 D1 2E 3F
B3 CD FC 3F 00 CD FC 3F
29 7E CA 40 76 7D CA 40
0A B1 9D 41 57 B0 9D 41
7F ED 73 42 CC EC 73 42
65 CA 44 43 B2 C9 44 43
3E 00 12 44 AA 46 14 44
00 73 E6 44 4D 72 E6 44
14 16 B7 45 61 15 B7 45
1B 9F 88 46 68 9E 88 46
50 B1 59 47 9D B0 59 47
1B 91 2E 48 68 90 2E 48
BA 70 FF 48 07 70 FF 48
2A AA CF 49 77 A9 CF 49
15 43 A4 4A 62 42 A4 4A
6F 2B 75 4B BC 2A 75 4B
47 D2 48 4C 94 D1 48 4C
25 22 17 4D 72 21 17 4D
27 28 EA 4D 74 27 EA 4D
7E D5 B9 4E CB D4 B9 4E
9C 91 89 4F E9 90 89 4F
CE BA 57 50 1B BA 57 50
9F AA 2A 51 EC A9 2A 51
A8 08 FC 51 F5 07 FC 51
86 41 CD 52 D3 40 CD 52
A9 5B A2 53 F6 5A A2 53
13 97 6F 54 60 96 6F 54
87 B3 3E 55 D4 B2 3E 55
F0 82 12 56 3D 82 12 56
73 8F E2 56 C0 8E E2 56
49 CB B1 57 96 CA B1 57
9D 51 81 58 EA 50 81 58
7D CD 51 59 CA CC 51 59
78 D5 21 5A C5 D4 21 5A
84 B3 F2 5A D1 B2 F2 5A
0C C9 C0 5B 59 C8 C0 5B
84 C6 90 5C D1 C5 90 5C
7B D5 62 5D C8 D4 62 5D
8B A4 36 5E D8 A3 36 5E
A5 41 07 5F F2 40 07 5F
F3 A3 D9 5F 40 A3 D9 5F
1B C8 AA 60 68 C7 AA 60
27 9E 7B 61 74 9D 7B 61
1C 7C 4D 62 69 7B 4D 62
72 54 21 63 BF 53 21 63
A9 BD F4 63 F6 BC F4 63
79 D5 C4 64 C6 D4 C4 64
FE 62 99 65 4B 62 99 65
D6 5A 6A 66 23 5A 6A 66
7D C8 3A 67 CA C7 3A 67
AA 5A 0E 68 F7 59 0E 68
58 A8 E1 68 A5 A7 E1 68
6E 63 B1 69 BB 62 B1 69
BD 27 83 6A 0A 27 83 6A
FF 81 55 6B 4C 81 55 6B
31 AE 25 6C 7E AD 25 6C
77 D5 F8 6C C4 D4 F8 6C
34 0C C8 6D 81 0B C8 6D
4B F7 9A 6E 98 F6 9A 6E
92 B0 6D 6F DF AF 6D 6F
54 B1 3E 70 A1 B0 3E 70
96 94 0D 71 E3 93 0D 71
36 72 E0 71 83 71 E0 71
20 93 AF 72 6D 92 AF 72
50 99 84 73 9D 98 84 73
DB 1F 53 74 28 1F 53 74
80 68 24 75 CD 67 24 75
B9 31 F9 75 06 31 F9 75
76 9E CC 76 C3 9D CC 76
ED 8A 9E 77 3A 8A 9E 77
DE 8A 6D 78 2B 8A 6D 78
FE DF 3D 79 4B DF 3D 79
56 B1 0F 7A A3 B0 0F 7A
40 C3 E0 7A 8D C2 E0 7A
3A B1 B3 7B 87 B0 B3 7B
FB 68 85 7C 48 68 85 7C
79 D5 56 7D C6 D4 56 7D
4D 7A 25 7E 9A 79 25 7E
F1 5C F8 7E 3E 5C F8 7E
7A 1F CB 7F C7 1E CB 7F
E3 8F 9B 80 30 8F 9B 80
CA 7C 6C 81 17 7C 6C 81
32 A0 3B 82 7F 9F 3B 82
FC A3 09 83 49 A3 09 83
5C D5 DB 83 A9 D4 DB 83
0A 22 AC 84 57 21 AC 84
5D 5D 7A 85 AA 5C 7A 85
1F DC 4A 86 6C DB 4A 86
5A D5 1A 87 A7 D4 1A 87
9E A5 EB 87 EB A4 EB 87
7F 29 BA 88 CC 28 BA 88
E0 F6 8E 89 2D F6 8E 89
6D 33 5E 8A BA 32 5E 8A
85 88 2E 8B D2 87 2E 8B
2A 6B 00 8C 77 6A 00 8C
00 E5 D0 8C 4D E4 D0 8C
06 8B A4 8D 53 8A A4 8D
5C D5 73 8E A9 D4 73 8E
11 F9 46 8F 5E F8 46 8F
39 B1 15 90 86 B0 15 90
6D B6 E6 90 BA B5 E6 90
2A 3C BA 91 77 3B BA 91
BA 53 8C 92 07 53 8C 92
3E 0C 5B 93 8B 0B 5B 93
62 52 35 94 AF 51 35 94
41 A3 03 95 8E A2 03 95
8F CD D3 95 DC CC D3 95
70 DE A4 96 BD DD A4 96
9B 75 73 97 E8 74 73 97
A6 D9 45 98 F3 D8 45 98
20 C0 15 99 6D BF 15 99
FD 95 E5 99 4A 95 E5 99
45 E2 B8 9A 92 E1 B8 9A
75 D5 8A 9B C2 D4 8A 9B
90 9E 5A 9C DD 9D 5A 9C
AE 70 2A 9D FB 6F 2A 9D
FA 26 FB 9D 47 26 FB 9D
37 C8 CB 9E 84 C7 CB 9E
62 D5 9D 9F AF D4 9D 9F
C0 98 6E A0 0D 98 6E A0
67 9A 3E A1 B4 99 3E A1
28 B1 0E A2 75 B0 0E A2
26 F1 DF A2 73 F0 DF A2
BC 5E B0 A3 09 5E B0 A3
2B 7E 81 A4 78 7D 81 A4
99 39 53 A5 E6 38 53 A5
59 37 26 A6 A6 36 26 A6
8D 1B F7 A6 DA 1A F7 A6
BD 7C CA A7 0A 7C CA A7
7E D5 9B A8 CB D4 9B A8
0F A0 6C A9 5C 9F 6C A9
CF 9B 3E AA 1C 9B 3E AA
74 A3 0E AB C1 A2 0E AB
D6 5A DD AB 23 5A DD AB
07 38 B6 AC 54 37 B6 AC
C0 B6 89 AD 0D B6 89 AD
E5 BB 5B AE 32 BB 5B AE
40 C5 2D AF 8D C4 2D AF
55 18 FD AF A2 17 FD AF
62 D5 D1 B0 AF D4 D1 B0
56 B1 A1 B1 A3 B0 A1 B1
5E D2 73 B2 AB D1 73 B2
1C 5C 44 B3 69 5B 44 B3
75 39 18 B4 C2 38 18 B4
1A C8 E9 B4 67 C7 E9 B4
0C 52 BC B5 59 51 BC B5
7C B8 8A B6 C9 B7 8A B6
35 83 59 B7 82 82 59 B7
47 81 29 B8 94 80 29 B8
CA BB FB B8 17 BB FB B8
AF 5A CC B9 FC 59 CC B9
2B D5 9D BA 78 D4 9D BA
6C 7D 70 BB B9 7C 70 BB
4D D2 41 BC 9A D1 41 BC
F6 7A 19 BD 43 7A 19 BD
D6 9B E7 BD 23 9B E7 BD
6B CE BA BE B8 CD BA BE
41 E3 89 BF 8E E2 89 BF
2C 6B 5A C0 79 6A 5A C0
B2 44 2D C1 FF 43 2D C1
EA EA 01 C2 37 EA 01 C2
34 BF D7 C2 81 BE D7 C2
D8 86 A5 C3 25 86 A5 C3
A7 3A 77 C4 F4 39 77 C4
88 FE 49 C5 D5 FD 49 C5
CE B3 1B C6 1B B3 1B C6
15 59 EC C6 62 58 EC C6
2F CE BD C7 7C CD BD C7
50 D5 8F C8 9D D4 8F C8
75 55 61 C9 C2 54 61 C9
CA 5A 34 CA 17 5A 34 CA
B6 9F 02 CB 03 9F 02 CB
3F EE D3 CB 8C ED D3 CB
02 B1 A2 CC 4F B0 A2 CC
04 15 74 CD 51 14 74 CD
82 6F 49 CE CF 6E 49 CE
81 56 17 CF CE 55 17 CF
85 8B E9 CF D2 8A E9 CF
75 D1 B9 D0 C2 D0 B9 D0
B3 CD 8B D1 00 CD 8B D1
AD 63 59 D2 FA 62 59 D2
3F 7D 2C D3 8C 7C 2C D3
DA B7 FC D3 27 B7 FC D3
50 D5 C9 D4 9D D4 C9 D4
E8 52 9C D5 35 52 9C D5
6A CC 6B D6 B7 CB 6B D6
59 6C 38 D7 A6 6B 38 D7
AC 91 09 D8 F9 90 09 D8
D8 AC DD D8 25 AC DD D8
09 1A AC D9 56 19 AC D9
4C 49 7D DA 99 48 7D DA
7E D5 4F DB CB D4 4F DB
6A D5 21 DC B7 D4 21 DC
7D D5 F3 DC CA D4 F3 DC
17 AC C2 DD 64 AB C2 DD
7D A8 93 DE CA A7 93 DE
7C 12 63 DF C9 11 63 DF
EB 0C 34 E0 38 0C 34 E0
9E B6 09 E1 EB B5 09 E1
1E 61 D7 E1 6B 60 D7 E1
13 77 A9 E2 5D 76 A9 E2
D4 CC 79 E3 21 CC 79 E3
6D C6 4B E4 BA C5 4B E4
03 8C 19 E5 50 8B 19 E5
7B B4 E9 E5 C8 B3 E9 E5
EF DF BA E6 3C DF BA E6
8C 91 8F E7 D9 90 8F E7
E5 94 5D E8 32 94 5D E8
36 43 2D E9 83 42 2D E9
F4 1D FF E9 41 1D FF E9
4D 54 D4 EA 9A 53 D4 EA
1B D1 A5 EB 68 D0 A5 EB
A2 92 74 EC EF 91 74 EC
66 54 46 ED B3 53 46 ED
8B BA 17 EE D8 B9 17 EE
ED CA E9 EE 3A CA E9 EE
F9 AE B7 EF 46 AE B7 EF
2E 36 8B F0 7B 35 8B F0
6A 4F 59 F1 B7 4E 59 F1
06 72 29 F2 53 71 29 F2
74 69 01 F3 C1 68 01 F3
D4 56 CF F3 21 56 CF F3
7D D5 9F F4 CA D4 9F F4
10 D2 71 F5 5D D1 71 F5
A6 A0 43 F6 F3 9F 43 F6
55 D5 15 F7 A2 D4 15 F7
7D CD E7 F7 CA CC E7 F7
7E BA B7 F8 CB B9 B7 F8
46 04 88 F9 93 03 88 F9
6A C0 57 FA B7 BF 57 FA
69 66 27 FB B6 65 27 FB
59 D5 F7 FB A6 D4 F7 FB
81 A5 C8 FC CE A4 C8 FC
18 AB 9B FD 65 AA 9B FD
6F 0E 6B FE BC 0D 6B FE
35 B1 3F FF 82 B0 3F FF
E8 48 13 00 35 48 13 00
85 89 E5 00 D2 88 E5 00
FE 38 BB 01 4B 38 BB 01
53 58 8B 02 A0 57 8B 02
F0 C6 5C 03 3D C6 5C 03
CF 20 31 04 1C 20 31 04
40 FC 02 05 8D FB 02 05
16 A5 D4 05 63 A4 D4 05
51 6C A5 06 9E 6B A5 06
CB 8C 7B 07 18 8C 7B 07
37 B1 4F 08 84 B0 4F 08
B6 7F 27 09 03 7F 27 09
47 AC F7 09 94 AB F7 09
4F A0 CC 0A 9C 9F CC 0A
23 30 A2 0B 70 2F A2 0B
8C A9 75 0C D9 A8 75 0C
08 78 49 0D 55 77 49 0D
6C 52 23 0E B9 51 23 0E
70 D5 F4 0E BD D4 F4 0E
77 D5 E2 0F C4 D4 E2 0F
8A A9 01 11 D7 A8 01 11
70 C3 11 12 BD C2 11 12
37 9A 23 13 27 64 23 13
E8 8A 23 14 35 8A 23 14
94 CF 29 15 E1 CE 29 15
CC AD 17 16 19 AD 17 16
7E A2 00 17 CB A1 00 17
F8 DE E7 17 45 DE E7 17
5D D5 CD 18 AA D4 CD 18
9A 7D B4 19 E7 7C B4 19
4F 93 B4 1A 9C 92 B4 1A
09 22 9A 1B 56 21 9A 1B
4F B1 7E 1C 9C B0 7E 1C
0A 57 65 1D 57 56 65 1D
9B 1D 6A 6F E8 1C 6A 6F
54 B1 38 70 A1 B0 38 70
71 BD 09 71 BE BC 09 71
49 B0 DB 71 96 AF DB 71
28 BF AC 72 75 BE AC 72
21 C5 7D 73 6E C4 7D 73
CE CA 52 74 1B CA 52 74
E6 77 22 75 33 77 22 75
EB 90 F5 75 38 90 F5 75
36 BC C6 76 83 BB C6 76
7A D5 99 77 C7 D4 99 77
D5 49 69 78 22 49 69 78
B8 9E 3D 79 05 9E 3D 79
D5 CA 10 7A 22 CA 10 7A
2C 14 E0 7A 79 13 E0 7A
22 C4 B3 7B 6F C3 B3 7B
43 B9 86 7C 90 B8 86 7C
10 A6 56 7D 5D A5 56 7D
58 6B 28 7E A5 6A 28 7E
5F 50 FB 7E AC 4F FB 7E
A7 49 CE 7F F4 48 CE 7F
44 46 9E 80 91 45 9E 80
9F B1 70 81 EC B0 70 81
BF C3 44 82 0C C3 44 82
B1 CD 17 83 FE CC 17 83
18 4D E5 83 65 4C E5 83
9C 19 BA 84 E9 18 BA 84
FF 49 8A 85 4C 49 8A 85
86 97 5D 86 D3 96 5D 86
CB 3D 2F 87 18 3D 2F 87
32 C8 FE 87 7F C7 FE 87
43 84 D1 88 90 83 D1 88
54 29 A1 89 A1 28 A1 89
BE D2 72 8A 0B D2 72 8A
62 05 41 8B AF 04 41 8B
3B C7 12 8C 88 C6 12 8C
FD 62 E1 8C 4A 62 E1 8C
C8 E0 B5 8D 15 E0 B5 8D
DD 17 85 8E 2A 17 85 8E
AC 89 58 8F F9 88 58 8F
47 47 2A 90 94 46 2A 90
0A 9B FB 90 57 9A FB 90
F3 8E CD 91 40 8E CD 91
A0 9C 9F 92 ED 9B 9F 92
D1 7F 6E 93 1E 7F 6E 93
68 33 3D 94 B5 32 3D 94
86 BC 0A 95 D3 BB 0A 95
88 29 DB 95 D5 28 DB 95
76 CC B0 96 C3 CB B0 96
51 D5 83 97 9E D4 83 97
B3 AC 55 98 00 AC 55 98
25 21 25 99 72 20 25 99
55 CF F7 99 A2 CE F7 99
BF 87 CA 9A 0C 87 CA 9A
A7 CD 9A 9B F4 CC 9A 9B
FA 74 6D 9C 8B 32 6D 9C
5B D5 3E 9D A8 D4 3E 9D
37 FC 10 9E 84 FB 10 9E
FD 76 E3 9E 4A 76 E3 9E
66 46 B5 9F B3 45 B5 9F
36 B1 8A A0 83 B0 8A A0
E1 A6 5C A1 2E A6 5C A1
51 62 2C A2 9E 61 2C A2
39 A1 FD A2 86 A0 FD A2
91 A1 CE A3 DE A0 CE A3
53 12 9E A4 A0 11 9E A4
5A F4 6C A5 A7 F3 6C A5
74 82 3D A6 C1 81 3D A6
F6 EB 0F A7 43 EB 0F A7
1C BA E2 A7 69 B9 E2 A7
5A A6 B4 A8 A7 A5 B4 A8
5C D2 84 A9 A9 D1 84 A9
4A D5 55 AA 97 D4 55 AA
38 B1 27 AB 85 B0 27 AB
8F 96 F7 AB DC 95 F7 AB
DB 0E C9 AC 28 0E C9 AC
FE 59 9A AD 4B 59 9A AD
B9 85 69 AE 06 85 69 AE
F5 C9 39 AF 42 C9 39 AF
9C BC 09 B0 E9 BB 09 B0
D9 9D DE B0 26 9D DE B0
3E D3 AF B1 8B D2 AF B1
71 9A 81 B2 BE 99 81 B2
75 13 51 B3 C2 12 51 B3
36 B1 23 B4 83 B0 23 B4
51 B1 F5 B4 9E B0 F5 B4
97 CD C6 B5 E4 CC C6 B5
92 05 96 B6 DF 04 96 B6
5D 38 67 B7 AA 37 67 B7
A8 B6 39 B8 F5 B5 39 B8
8F 77 08 B9 DC 76 08 B9
88 A9 DB B9 D5 A8 DB B9
D4 51 A9 BA 21 51 A9 BA
9F 3E 7A BB EC 3D 7A BB
6A CC 4D BC B7 CB 4D BC
F7 70 1C BD 44 70 1C BD
61 9A EF BD AE 99 EF BD
D7 00 C2 BE 24 00 C2 BE
BC BC 93 BF 09 BC 93 BF
5D D5 66 C0 AA D4 66 C0
7E 0D 35 C1 CB 0C 35 C1
60 42 0B C2 AD 41 0B C2
3E B6 DA C2 8B B5 DA C2
44 B1 AC C3 91 B0 AC C3
A9 84 7A C4 F6 83 7A C4
D9 5A 4B C5 26 5A 4B C5
F5 91 1B C6 42 91 1B C6
95 B9 EB C6 E2 B8 EB C6
B3 C7 BE C7 00 C7 BE C7
C1 BF 8E C8 0E BF 8E C8
E0 8E 5E C9 2D 8E 5E C9
87 CC 2D CA D4 CB 2D CA
60 D5 FD CA AD D4 FD CA
0B 38 CF CB 58 37 CF CB
95 A0 A2 CC E2 9F A2 CC
58 D5 73 CD A5 D4 73 CD
38 B1 45 CE 85 B0 45 CE
A6 CD 17 CF F3 CC 17 CF
45 C0 E7 CF 92 BF E7 CF
11 BB BA D0 5E BA BA D0
E6 31 8A D1 33 31 8A D1
F4 C9 5D D2 41 C9 5D D2
E5 B4 2F D3 32 B4 2F D3
D1 9D 04 D4 1E 9D 04 D4
23 C3 D6 D4 70 C2 D6 D4
5A D5 A6 D5 A7 D4 A6 D5
CA 92 77 D6 17 92 77 D6
5D D5 49 D7 AA D4 49 D7
EB B1 1B D8 38 B1 1B D8
E4 3B ED D8 31 3B ED D8
3A A8 BF D9 87 A7 BF D9
D6 17 8F DA 23 17 8F DA
D3 37 5E DB 20 37 5E DB
7F D5 2E DC CC D4 2E DC
4A 90 FF DC 97 8F FF DC
3E B1 D2 DD 8B B0 D2 DD
38 B1 A2 DE 85 B0 A2 DE
21 C3 75 DF 6E C2 75 DF
5E A0 46 E0 AB 9F 46 E0
79 D5 19 E1 C6 D4 19 E1
B7 A4 EA E1 04 A4 EA E1
13 A9 BC E2 60 A8 BC E2
70 7F 8B E3 BD 7E 8B E3
5B 3F 5D E4 A8 3E 5D E4
A3 B9 2B E5 F0 B8 2B E5
8E C4 FE E5 DB C3 FE E5
63 D5 CE E6 B0 D4 CE E6
57 D5 9F E7 A4 D4 9F E7
8B A9 6F E8 D8 A8 6F E8
E3 DA 41 E9 30 DA 41 E9
17 A8 10 EA 64 A7 10 EA
6F CD E0 EA BC CC E0 EA
7F D5 B0 EB CC D4 B0 EB
38 B1 80 EC 85 B0 80 EC
87 A9 51 ED D4 A8 51 ED
52 B7 23 EE 9F B6 23 EE
D4 A5 F4 EE 21 A5 F4 EE
2E 64 C4 EF 7B 63 C4 EF
2A 47 96 F0 77 46 96 F0
19 5B 64 F1 66 5A 64 F1
69 D5 37 F2 B6 D4 37 F2
9B C4 09 F3 E8 C3 09 F3
B6 CA DA F3 03 CA DA F3
14 BB AB F4 61 BA AB F4
E4 BB 7B F5 31 BB 7B F5
76 56 4B F6 C3 55 4B F6
7A 1D 1B F7 C7 1C 1B F7
2F 56 EB F7 AE AF 48 39
43 21 2A 3A 90 20 2A 3A
80 23 FD 3A CD 22 FD 3A
E2 65 CF 3B 2F 65 CF 3B
17 C8 9E 3C 64 C7 9E 3C
15 6B 70 3D 62 6A 70 3D
E2 52 41 3E 2F 52 41 3E
B8 53 11 3F 05 53 11 3F
10 21 E0 3F 5D 20 E0 3F
83 38 B1 40 D0 37 B1 40
72 11 83 41 BF 10 83 41
00 C8 52 42 4D C7 52 42
36 57 24 43 83 56 24 43
B8 C5 F6 43 05 C5 F6 43
4D D4 C8 44 9A D3 C8 44
56 C6 98 45 A3 C5 98 45
A7 2A 6B 46 F4 29 6B 46
54 B1 3D 47 A1 B0 3D 47
6D A3 0E 48 BA A2 0E 48
45 A8 E0 48 92 A7 E0 48
B8 36 AF 49 05 36 AF 49
CE 07 81 4A 1B 07 81 4A
CC AD 51 4B 19 AD 51 4B
AC 66 22 4C F9 65 22 4C
60 95 F3 4C AD 94 F3 4C
3A 05 C6 4D 87 04 C6 4D
7C D5 96 4E C9 D4 96 4E
58 04 6C 4F A5 03 6C 4F
62 D5 3A 50 AF D4 3A 50
C3 3F 0B 51 10 3F 0B 51
3C B1 DD 51 89 B0 DD 51
F1 33 B3 52 3E 33 B3 52
8E 69 82 53 DB 68 82 53
C2 83 56 54 0F 83 56 54
E8 CD 27 55 35 CD 27 55
94 8B FA 55 E1 8A FA 55
3C A6 CA 56 BD 9D CA 56
14 A9 9C 57 61 A8 9C 57
25 B1 6D 58 72 B0 6D 58
66 34 3F 59 B3 33 3F 59
8D 90 10 5A DA 8F 10 5A
77 D5 E3 5A C4 D4 E3 5A
97 AA B5 5B E4 A9 B5 5B
54 B1 84 5C A1 B0 84 5C
B4 9A 56 5D 01 9A 56 5D
8A 20 24 5E D7 1F 24 5E
1A 05 F6 5E 67 04 F6 5E
5D 80 C6 5F AA 7F C6 5F
0C A4 95 60 59 A3 95 60
66 9F 65 61 B3 9E 65 61
D8 49 39 62 25 49 39 62
56 1A 08 63 A3 19 08 63
8D 74 D7 63 DA 73 D7 63
32 AB AC 64 7F AA AC 64
37 A9 7A 65 84 A8 7A 65
53 D6 4B 66 A0 D5 4B 66
8E 42 1E 67 DB 41 1E 67
69 B0 F1 67 B6 AF F1 67
50 0C C3 68 9D 0B C3 68
50 D5 94 69 9D D4 94 69
C8 9D 64 6A 15 9D 64 6A
2C 97 34 6B 79 96 34 6B
D7 80 06 6C 24 80 06 6C
1C B3 D3 6C 69 B2 D3 6C
F5 97 A7 6D 42 97 A7 6D
80 D5 76 6E CD D4 76 6E
8B CC 47 6F D8 CB 47 6F
64 CA 17 70 B1 C9 17 70
CC CA EA 70 19 CA EA 70
BD 02 B9 71 0A 02 B9 71
02 C7 89 72 4F C6 89 72
8A CD 57 73 D7 CC 57 73
54 B1 2A 74 A1 B0 2A 74
4C D5 FC 74 99 D4 FC 74
53 B1 CE 75 A0 B0 CE 75
4D C0 A4 76 9A BF A4 76
A7 CF 74 77 F4 CE 74 77
5F D5 44 78 AC D4 44 78
30 BC 16 79 7D BB 16 79
8C CD E8 79 D9 CC E8 79
F1 B0 B9 7A 3E B0 B9 7A
AC BC 8A 7B F9 BB 8A 7B
BC 88 5E 7C 09 88 5E 7C
C1 CA 2E 7D 0E CA 2E 7D
66 CC FF 7D B3 CB FF 7D
7A AA D2 7E C7 A9 D2 7E
4C 31 A1 7F 99 30 A1 7F
56 28 75 80 A3 27 75 80
4C 91 46 81 99 90 46 81
7E 3D 13 82 CB 3C 13 82
8D 44 E5 82 DA 43 E5 82
96 97 B5 83 E3 96 B5 83
80 D5 88 84 CD D4 88 84
03 AB 58 85 50 AA 58 85
A3 B6 26 86 F0 B5 26 86
A5 CD F6 86 F2 CC F6 86
E5 9C C6 87 32 9C C6 87
57 BC 96 88 A4 BB 96 88
D2 C1 68 89 1F C1 68 89
88 DD 38 8A D5 DC 38 8A
7E 6A 0A 8B CB 69 0A 8B
97 16 DC 8B E4 15 DC 8B
80 CD AA 8C CD CC AA 8C
12 B1 7B 8D 5F B0 7B 8D
70 D5 4B 8E BD D4 4B 8E
17 2D 1B 8F 64 2C 1B 8F
7C D5 ED 8F C9 D4 ED 8F
AF 59 BE 90 FC 58 BE 90
E5 35 90 91 32 35 90 91
3F 93 60 92 8C 92 60 92
60 C5 2F 93 AD C4 2F 93
E0 54 01 94 2D 54 01 94
F4 C9 D1 94 41 C9 D1 94
79 84 A2 95 C6 83 A2 95
16 BC 73 96 63 BB 73 96
C4 14 44 97 11 14 44 97
F1 0E 16 98 3E 0E 16 98
92 18 E5 98 DF 17 E5 98
11 9D B7 99 5E 9C B7 99
43 BC 86 9A 90 BB 86 9A
38 C8 57 9B 85 C7 57 9B
07 B1 29 9C 54 B0 29 9C
9E D6 FA 9C EB D5 FA 9C
08 1B CE 9D 55 1A CE 9D
5E 7E 9D 9E AB 7D 9D 9E
2E 40 6B 9F 7B 3F 6B 9F
33 B1 3B A0 80 B0 3B A0
3C C0 0C A1 89 BF 0C A1
EE F1 DE A1 3B F1 DE A1
CB CA AE A2 31 A9 AE A2
15 75 80 A3 62 74 80 A3
64 8F 4F A4 B1 8E 4F A4
DC 1B 22 A5 29 1B 22 A5
FC C7 F1 A5 49 C7 F1 A5
E5 A3 C1 A6 32 A3 C1 A6
3A B1 93 A7 87 B0 93 A7
52 3D 63 A8 9F 3C 63 A8
C0 CF 36 A9 0D CF 36 A9
0A A4 05 AA 57 A3 05 AA
D7 52 D9 AA 24 52 D9 AA
0B A4 A9 AB 58 A3 A9 AB
11 85 7A AC 5E 84 7A AC
76 81 4B AD C3 80 4B AD
43 2D 1C AE 90 2C 1C AE
E7 BC EC AE 34 BC EC AE
CD 0B BA AF 1A 0B BA AF
F2 11 8E B0 3F 11 8E B0
95 FA 60 B1 E2 F9 60 B1
E0 F6 30 B2 2D F6 30 B2
D8 E3 02 B3 25 E3 02 B3
A3 99 D4 B3 F0 98 D4 B3
53 D5 A4 B4 A0 D4 A4 B4
17 B1 75 B5 64 B0 75 B5
EE D0 45 B6 3B D0 45 B6
3C 6E 17 B7 89 6D 17 B7
28 23 E5 B7 75 22 E5 B7
E5 AD B6 B8 32 AD B6 B8
18 9C 88 B9 65 9B 88 B9
87 86 57 BA D4 85 57 BA
B1 F3 27 BB FE F2 27 BB
BF 9D F6 BB 0C 9D F6 BB
60 83 C8 BC AD 82 C8 BC
3D 9C 98 BD 8A 9B 98 BD
98 CD 68 BE E5 CC 68 BE
91 70 3B BF DE 6F 3B BF
BC B3 0C C0 09 B3 0C C0
02 B4 DD C0 4F B3 DD C0
62 D2 AE C1 AF D1 AE C1
70 C8 7C C2 BD C7 7C C2
C3 AA 4C C3 10 AA 4C C3
89 A3 1E C4 D6 A2 1E C4
AD 1D EC C4 FA 1C EC C4
92 10 BC C5 DF 0F BC C5
BB A9 8C C6 08 A9 8C C6
21 B1 5E C7 6E B0 5E C7
7E BD 2F C8 CB BC 2F C8
C6 2F 01 C9 13 2F 01 C9
BE 60 D1 C9 0B 60 D1 C9
6A 29 A1 CA B7 28 A1 CA
12 95 71 CB 5F 94 71 CB
74 92 3F CC C1 91 3F CC
73 49 10 CD C0 48 10 CD
57 AD E1 CD A4 AC E1 CD
F6 B5 B1 CE 43 B5 B1 CE
C1 34 81 CF 0E 34 81 CF
62 C2 55 D0 AF C1 55 D0
07 C8 27 D1 54 C7 27 D1
7F 3C F8 D1 CC 3B F8 D1
DC E0 C9 D2 29 E0 C9 D2
36 58 9B D3 83 57 9B D3
F7 AE 6B D4 44 AE 6B D4
75 B0 3A D5 C2 AF 3A D5
D6 3B 0E D6 23 3B 0E D6
98 CD DE D6 E5 CC DE D6
7B 9E AF D7 C8 9D AF D7
13 88 7F D8 60 87 7F D8
9C CD 4E D9 E9 CC 4E D9
1B C0 1D DA 68 BF 1D DA
5F D5 EE DA AC D4 EE DA
7A 51 BF DB C7 50 BF DB
B5 0A 8F DC 02 0A 8F DC
11 0C 5F DD 5E 0B 5F DD
DA 34 30 DE 27 34 30 DE
B2 CA FE DE FF C9 FE DE
57 A7 D0 DF A4 A6 D0 DF
62 D5 A1 E0 AF D4 A1 E0
9E B9 71 E1 EB B8 71 E1
3B B1 42 E2 88 B0 42 E2
F9 81 11 E3 46 81 11 E3
6D 4B E2 E3 BA 4A E2 E3
5F D5 B4 E4 AC D4 B4 E4
EC 64 88 E5 39 64 88 E5
C0 C4 56 E6 0D C4 56 E6
4F C2 28 E7 9C C1 28 E7
65 57 F8 E7 B2 56 F8 E7
0D 9F CC E8 5A 9E CC E8
14 B1 9F E9 61 B0 9F E9
12 B1 71 EA 5F B0 71 EA
85 CC 42 EB D2 CB 42 EB
2A AE 14 EC 77 AD 15 EC
70 D5 E6 EC BD D4 E6 EC
63 3D B7 ED B0 3C B7 ED
02 AB 89 EE 4F AA 89 EE
00 5E 5D EF 4D 5D 5D EF
3D B1 2C F0 8A B0 2C F0
0D 4A FC F0 5A 49 FC F0
65 10 CE F1 B2 0F CE F1
81 D5 9C F2 CE D4 9C F2
1F 48 6D F3 6C 47 6D F3
14 B1 3D F4 61 B0 3D F4
65 7F 0F F5 B2 7E 0F F5
94 91 DF F5 E1 90 DF F5
78 00 B3 F6 CF B1 B3 F6
C9 58 83 F7 16 58 83 F7
A2 0F 59 F8 EF 0E 59 F8
8B 06 29 F9 D8 05 29 F9
02 AB FE F9 4F AA FE F9
7C D5 D0 FA C9 D4 D0 FA
0D A9 A1 FB 5A A8 A1 FB
3A B1 71 FC 87 B0 71 FC
FF 94 45 FD 4C 94 45 FD
08 C2 16 FE 55 C1 16 FE
00 A1 E8 FE 4D A0 E8 FE
64 D5 B8 FF B1 D4 B8 FF
1E C8 8A 00 6B C7 8A 00
C5 C6 5A 01 12 C6 5A 01
5B C4 2C 02 A8 C3 2C 02
A0 CD FA 02 ED CC FA 02
97 CD CB 03 E4 CC CB 03
4E 40 9C 04 9B 3F 9C 04
55 CC 6E 05 A2 CB 6E 05
3F C5 3E 06 8C C4 3E 06
F0 CA 10 07 3D CA 10 07
79 D5 E0 07 C6 D4 E0 07
C7 04 B0 08 14 04 B0 08
21 42 84 09 6E 41 84 09
67 58 54 0A 43 4C 54 0A
F7 A7 24 0B 44 A7 24 0B
ED 8A F4 0B 3A 8A F4 0B
96 CA C8 0C E3 C9 C8 0C
0D 6D 98 0D 5A 6C 98 0D
7B D5 69 0E C8 D4 69 0E
80 BF 3A 0F CD BE 3A 0F
58 B1 0C 10 A5 B0 0C 10
62 40 DE 10 AF 3F DE 10
3A CF AF 11 87 CE AF 11
6E 91 80 12 BB 90 80 12
75 64 50 13 C2 63 50 13
81 B3 1F 14 CE B2 1F 14
9F 95 F0 14 EC 94 F0 14
07 C2 C2 15 54 C1 C2 15
63 B6 92 16 7A B2 92 16
D9 1D 64 17 26 1D 64 17
2A C8 36 18 77 C7 36 18
99 CD 08 19 E6 CC 08 19
58 29 D8 19 A5 28 D8 19
7B FA A9 1A C8 F9 A9 1A
4E 8E 7B 1B 9B 8D 7B 1B
C3 7B 4C 1C 10 7B 4C 1C
19 29 1C 1D 66 28 1C 1D
73 D8 ED 1D C0 D7 ED 1D
F3 6B C1 1E 40 6B C1 1E
7A A4 90 1F C7 A3 90 1F
25 C6 60 20 72 C5 60 20
08 A4 32 21 55 A3 32 21
64 D5 02 22 B1 D4 02 22
3B B3 D3 22 88 B2 D3 22
87 90 A4 23 D4 8F A4 23
52 03 77 24 9F 02 77 24
0C 69 48 25 59 68 48 25
9B CD 18 26 E8 CC 18 26
77 2A E7 26 C4 29 E7 26
54 B1 B9 27 A1 B0 B9 27
F2 A1 8C 28 3F A1 8C 28
F6 BC 5B 29 43 BC 5B 29
E3 BE 2C 2A 30 BE 2C 2A
D3 47 FC 2A 20 47 FC 2A
7B 69 CE 2B C8 68 CE 2B
FB D4 9C 2C 48 D4 9C 2C
B1 BB 6C 2D FE BA 6C 2D
7F 37 3C 2E CC 36 3C 2E
F3 39 0C 2F 40 39 0C 2F
FD 02 DD 2F 4A 02 DD 2F
6C BE AD 30 B9 BD AD 30
AE A5 83 31 FB A4 83 31
89 C7 50 32 D6 C6 50 32
9D C4 23 33 EA C3 23 33
18 29 F2 33 65 28 F2 33
66 D5 C4 34 B3 D4 C4 34
FE 0B 92 35 4B 0B 92 35
8B B4 65 36 D8 B3 65 36
7D 1E 37 37 CA 1D 37 37
7A 1D 04 38 C7 1C 04 38
9F 5D D6 38 EC 5C D6 38
8C AB A9 39 D9 AA A9 39
11 CA 7A 3A 5E C9 7A 3A
72 BA 4D 3B BF B9 4D 3B
A8 AF 1B 3C F5 AE 1B 3C
F4 22 F1 3C 41 22 F1 3C
3C D5 C3 3D 89 D4 C3 3D
05 C8 91 3E 52 C7 91 3E
66 D5 62 3F B3 D4 62 3F
78 B8 2F 40 C5 B7 2F 40
7A AD FE 40 C7 AC FE 40
65 EA D1 41 B2 E9 D1 41
7B B0 A1 42 C8 AF A1 42
48 39 74 43 95 38 74 43
41 C4 46 44 8E C3 46 44
FD 6D 17 45 4A 6D 17 45
30 C3 E5 45 7D C2 E5 45
ED E8 B7 46 3A E8 B7 46
82 D5 85 47 CF D4 85 47
7C BB 55 48 C9 BA 55 48
5F D5 27 49 AC D4 27 49
B1 75 F7 49 FE 74 F7 49
7F DB C7 4A CC DA C7 4A
48 B0 9B 4B 95 AF 9B 4B
C0 AC 69 4C 0D AC 69 4C
FF 2A 36 4D 4C 2A 36 4D
A0 24 07 4E 1F 1C 07 4E
88 9A D7 4E D5 99 D7 4E
B8 CD A7 4F 05 CD A7 4F
9A 67 78 50 E7 66 78 50
1C 54 4A 51 69 53 4A 51
31 C0 1A 52 7E BF 1A 52
A1 C2 E9 52 EE C1 E9 52
94 55 BB 53 E1 54 BB 53
CB C1 8D 54 18 C1 8D 54
8D B2 5F 55 DA B1 5F 55
D3 7D 2C 56 20 7D 2C 56
19 24 02 57 66 23 02 57
28 8D D0 57 75 8C D0 57
EC 71 9F 58 39 71 9F 58
FB 74 6E 59 48 74 6E 59
15 B1 40 5A 62 B0 40 5A
2B E1 11 5B 78 E0 11 5B
7E 57 E0 5B CB 56 E0 5B
34 B1 AE 5C 81 B0 AE 5C
8A 35 7E 5D D7 34 7E 5D
9A 7D 4C 5E E7 7C 4C 5E
73 53 1D 5F C0 52 1D 5F
A9 55 EE 5F F6 54 EE 5F
FC 52 BF 60 49 52 BF 60
59 B1 8F 61 A6 B0 8F 61
13 C8 5F 62 60 C7 5F 62
5D 45 2C 63 AA 44 2C 63
61 C0 FE 63 AE BF FE 63
1E 5B CE 64 6B 5A CE 64
3D B1 9E 65 8A B0 9E 65
0F 4F 6E 66 5C 4E 6E 66
8F C9 3E 67 DC C8 3E 67
19 C8 0C 68 66 C7 0C 68
54 7F DC 68 A1 7E DC 68
9F D8 AD 69 EC D7 AD 69
B9 83 7F 6A 06 83 7F 6A
5D BB 50 6B AA BA 50 6B
49 95 20 6C 96 94 20 6C
00 A3 EF 6C 4D A2 EF 6C
D4 15 C1 6D 21 15 C1 6D
A3 C7 93 6E F0 C6 93 6E
71 CC 62 6F BE CB 62 6F
64 31 33 70 B1 30 33 70
84 83 02 71 D1 82 02 71
E4 7B D3 71 31 7B D3 71
C3 9D A4 72 10 9D A4 72
40 10 75 73 8D 0F 75 73
C2 79 46 74 0F 79 46 74
D5 B0 15 75 22 B0 15 75
7F 9B E4 75 CC 9A E4 75
DC AF B6 76 29 AF B6 76
80 D5 86 77 CD D4 86 77
3A 94 5B 78 87 93 5B 78
80 D5 2A 79 CD D4 2A 79
EC CA FA 79 39 CA FA 79
EC CA CC 7A 39 CA CC 7A
31 17 9C 7B 7E 16 9C 7B
87 CD 6B 7C D4 CC 6B 7C
90 B9 3D 7D DD B8 3D 7D
F0 A0 0E 7E 3D A0 0E 7E
6B D5 DE 7E B8 D4 DE 7E
54 B1 B0 7F A1 B0 B0 7F
63 D5 82 80 B0 D4 82 80
2D 4A 54 81 7A 49 54 81
68 18 23 82 B5 17 23 82
84 50 F3 82 D1 4F F3 82
8E CE C3 83 DB CD C3 83
25 C8 90 84 72 C7 90 84
7C D5 62 85 C9 D4 62 85
A3 B4 33 86 F0 B3 33 86
7A B4 04 87 C7 B3 04 87
53 D2 D5 87 A0 D1 D5 87
A2 A8 A2 88 EF A7 A2 88
59 B1 72 89 A6 B0 72 89
7B D5 43 8A C8 D4 43 8A
61 D5 15 8B AE D4 15 8B
26 C8 E7 8B 73 C7 E7 8B
6F D2 BA 8C BC D1 BA 8C
46 7D 8B 8D 93 7C 8B 8D
8F 96 5C 8E DC 95 5C 8E
70 F0 2D 8F BD EF 2D 8F
26 51 FD 8F 73 50 FD 8F
E2 D9 CD 90 2F D9 CD 90
62 D2 9C 91 AF D1 9C 91
74 C1 6D 92 C1 C0 6D 92
D5 36 3E 93 22 36 3E 93
AE B2 0C 94 FB B1 0C 94
B1 9B DC 94 FE 9A DC 94
4E 42 AC 95 9B 41 AC 95
7F 84 7C 96 CC 83 7C 96
7A BA 4F 97 C7 B9 4F 97
51 61 20 98 9E 60 20 98
AB CD EE 98 F8 CC EE 98
64 D5 BE 99 B1 D4 BE 99
30 F0 91 9A 7D EF 91 9A
0A A1 60 9B 57 A0 60 9B
63 46 32 9C B0 45 32 9C
5E D5 04 9D AB D4 04 9D
88 34 D7 9D D5 33 D7 9D
5C D5 A6 9E A9 D4 A6 9E
4B 20 74 9F 98 1F 74 9F
54 B5 44 A0 A1 B4 44 A0
5A A8 13 A1 A7 A7 13 A1
97 57 E5 A1 E4 56 E5 A1
3F 9C B5 A2 8C 9B B5 A2
E8 B8 84 A3 35 B8 84 A3
E2 7B 54 A4 2F 7B 54 A4
81 C9 24 A5 CE C8 24 A5
A6 AA F4 A5 F3 A9 F4 A5
41 4A C4 A6 8E 49 C4 A6
20 0D 94 A7 6D 0C 94 A7
ED 0A 63 A8 3A 0A 63 A8
33 94 34 A9 80 93 34 A9
22 0D 06 AA 6F 0C 06 AA
7C 6B D6 AA C9 6A D6 AA
AD 5E A8 AB FA 5D A8 AB
B4 7F 78 AC 01 7F 78 AC
74 A9 48 AD C1 A8 48 AD
3C 48 18 AE 89 47 18 AE
23 C1 E9 AE 70 C0 E9 AE
02 1C BA AF 4F 1B BA AF
D5 E7 8A B0 22 E7 8A B0
09 81 5B B1 56 80 5B B1
B7 F5 29 B2 04 F5 29 B2
EA 53 F9 B2 37 53 F9 B2
DB 81 C9 B3 28 81 C9 B3
2B 1F 9A B4 78 1E 9A B4
F9 0B 6B B5 46 0B 6B B5
64 D5 3E B6 B1 D4 3E B6
60 0F 0D B7 AD 0E 0D B7
A5 BB DD B7 F2 BA DD B7
C2 A3 AD B8 0F A3 AD B8
93 CD 7E B9 E0 CC 7E B9
89 92 4F BA D6 91 4F BA
ED C6 1F BB 3A C6 1F BB
39 BF F0 BB 86 BE F0 BB
63 A8 BE BC B0 A7 BE BC
F7 A1 90 BD 44 A1 90 BD
E9 CA 61 BE 36 CA 61 BE
EF 55 30 BF 3C 55 30 BF
FF 59 00 C0 4C 59 00 C0
97 C9 D0 C0 E4 C8 D0 C0
BA 90 A0 C1 07 90 A0 C1
84 D1 70 C2 D1 D0 70 C2
8E A1 40 C3 DB A0 40 C3
96 7F 12 C4 E3 7E 12 C4
AF 33 E3 C4 FC 32 E3 C4
19 8E B2 C5 66 8D B2 C5
3C B1 82 C6 89 B0 82 C6
7F 98 53 C7 CC 97 53 C7
66 D5 24 C8 B3 D4 24 C8
C4 1D F5 C8 11 1D F5 C8
4F B0 C5 C9 9C AF C5 C9
99 CD 93 CA E6 CC 93 CA
B9 F6 68 CB 06 F6 68 CB
7F C8 36 CC CC C7 36 CC
8D A9 06 CD DA A8 06 CD
BA BF D7 CD 07 BF D7 CD
AE 88 A8 CE FB 87 A8 CE
0F B9 78 CF 5C B8 78 CF
A5 CD 48 D0 F2 CC 48 D0
95 C9 18 D1 E2 C8 18 D1
3B C0 E8 D1 88 BF E8 D1
E6 BE B8 D2 33 BE B8 D2
A0 B4 8B D3 ED B3 8B D3
4C C1 5A D4 99 C0 5A D4
76 47 28 D5 C3 46 28 D5
32 AE F8 D5 7F AD F8 D5
5E A9 C8 D6 AB A8 C8 D6
C1 89 97 D7 0E 89 97 D7
A9 CD 68 D8 F6 CC 68 D8
BA CA 38 D9 07 CA 38 D9
36 C8 08 DA 83 C7 08 DA
AC 9A D9 DA F9 99 D9 DA
88 96 A7 DB D5 95 A7 DB
CD 93 7C DC 1A 93 7C DC
B7 0D 4B DD 04 0D 4B DD
