71 A8 B2 7B 11 57 A8 98 31 32 33 34 35 36 37 38
35 58 0E 76 30 2A 4C 77 31 32 33 34 35 36 37 38
5C 42 5D 4A 71 EA 74 BB 31 32 33 34 35 36 37 38
47 23 EF 55 6D F6 FD 6A 31 32 33 34 35 36 37 38
73 CA 8C 1A 7A 09 C3 4B 31 32 33 34 35 36 37 38
23 63 AE 0A 16 34 56 7B 31 32 33 34 35 36 37 38
6A EE 98 43 00 CD 6E C0 31 32 33 34 35 36 37 38
22 74 FC EE 5E F4 65 8F 31 32 33 34 35 36 37 38
1B 9B 7B 07 0F 19 B4 34 31 32 33 34 35 36 37 38
37 DF F3 4D 41 0A 3E 02 31 32 33 34 35 36 37 38
60 E7 7A 92 28 D3 DC 63 31 32 33 34 35 36 37 38
45 36 2E 3F 3D E3 13 0C 31 32 33 34 35 36 37 38
31 73 68 5A 47 8B 0A 8B 31 32 33 34 35 36 37 38
52 66 34 32 4A 17 A5 83 31 32 33 34 35 36 37 38
2F FB D4 82 07 85 47 93 31 32 33 34 35 36 37 38
4E 23 93 E1 1D 3A B5 06 31 32 33 34 35 36 37 38
26 10 A2 99 61 F6 09 5E 31 32 33 34 35 36 37 38
0A AD 03 F7 0A EA 22 64 31 32 33 34 35 36 37 38
64 8F D2 6E 52 6E 4D 0F 31 32 33 34 35 36 37 38
6F 62 E8 23 7D E9 B1 20 31 32 33 34 35 36 37 38
5E A5 20 0F 36 AD 68 9C 31 32 33 34 35 36 37 38
50 52 3E 1D 29 5F 78 92 31 32 33 34 35 36 37 38
23 C9 A6 E8 2D 26 F1 01 31 32 33 34 35 36 37 38
6B 40 D4 C8 46 1F B9 61 31 32 33 34 35 36 37 38
19 09 28 45 1D 89 5B 9A 31 32 33 34 35 36 37 38
31 AD 47 58 78 94 60 B1 31 32 33 34 35 36 37 38
5F 16 B8 31 4F B1 8B 16 31 32 33 34 35 36 37 38
5D 85 A1 8B 45 A0 52 68 31 32 33 34 35 36 37 38
2F 2D 7F 96 37 43 37 17 31 32 33 34 35 36 37 38
48 CD 20 62 6D 00 D5 F3 31 32 33 34 35 36 37 38
69 99 B7 3B 7E E9 2E 58 31 32 33 34 35 36 37 38
54 19 DF 3C 15 70 84 C5 31 32 33 34 35 36 37 38
75 F4 70 74 21 0F 69 9D 31 32 33 34 35 36 37 38
07 A6 CE 85 14 D0 A4 DA 31 32 33 34 35 36 37 38
14 21 F6 48 2F 2F FC E1 31 32 33 34 35 36 37 38
4C 43 B6 55 35 20 B8 6A 31 32 33 34 35 36 37 38
20 7D F3 34 03 F2 95 5D 31 32 33 34 35 36 37 38
17 AD 6D DB 7E B2 B0 78 31 32 33 34 35 36 37 38
77 D5 6C FF 19 4F 4A CC 31 32 33 34 35 36 37 38
41 08 69 46 72 CC 57 07 31 32 33 34 35 36 37 38
2C 11 74 03 12 19 7F 80 31 32 33 34 35 36 37 38
53 6D 1E 21 73 2A 12 46 31 32 33 34 35 36 37 38
3D 79 63 72 05 28 43 C3 31 32 33 34 35 36 37 38
5A 59 37 1A 5E E2 92 4B 31 32 33 34 35 36 37 38
43 90 2F B1 06 D2 6C 96 31 32 33 34 35 36 37 38
10 D7 67 DB 3B BE 22 78 31 32 33 34 35 36 37 38
5E 44 D5 04 61 4E 1A ED 31 32 33 34 35 36 37 38
41 AB C3 51 6D 4B 07 B6 31 32 33 34 35 36 37 38
4B A9 8C 4C 2E B8 14 95 31 32 33 34 35 36 37 38
09 4E EC A5 6F 53 38 7A 31 32 33 34 35 36 37 38
49 BF 59 77 1C C5 89 E4 31 32 33 34 35 36 37 38
17 52 FB 9F 32 F9 C4 EC 31 32 33 34 35 36 37 38
15 D6 E5 05 2D 25 39 5A 31 32 33 34 35 36 37 38
19 09 21 FD 77 EC BE F2 31 32 33 34 35 36 37 38
72 2A 60 13 27 02 E2 50 31 32 33 34 35 36 37 38
7E F3 35 87 55 47 1C B4 31 32 33 34 35 36 37 38
63 DD 44 96 12 20 18 17 31 32 33 34 35 36 37 38
68 91 5E 9D 5B 27 4F 12 31 32 33 34 35 36 37 38
42 FB CC 1D 78 D4 EE 92 31 32 33 34 35 36 37 38
36 3F C7 46 6E 03 5D 07 31 32 33 34 35 36 37 38
31 D1 2B 81 58 17 04 26 31 32 33 34 35 36 37 38
16 32 57 D4 0C 2A 2D 7D 31 32 33 34 35 36 37 38
49 A5 C4 4F 41 7E D7 DC 31 32 33 34 35 36 37 38
17 FC 3A 8B 22 BD 77 68 31 32 33 34 35 36 37 38
29 AD 54 E9 63 E2 55 6E 31 32 33 34 35 36 37 38
37 85 68 6F 3E 79 79 7C 31 32 33 34 35 36 37 38
76 FA 53 88 11 39 31 21 31 32 33 34 35 36 37 38
04 84 B9 5D 57 EB 72 D2 31 32 33 34 35 36 37 38
38 DE A7 85 63 B6 09 DA 31 32 33 34 35 36 37 38
64 9E C2 9D 19 52 E3 12 31 32 33 34 35 36 37 38
08 D0 7D 9E 0D 3F D0 7F 31 32 33 34 35 36 37 38
0C 28 EF 95 48 AB 98 AA 31 32 33 34 35 36 37 38
05 89 5F 06 3B 15 79 C7 31 32 33 34 35 36 37 38
18 F8 CF 31 21 F7 56 16 31 32 33 34 35 36 37 38
06 A4 2A 02 58 3E AF 13 31 32 33 34 35 36 37 38
79 39 0D 70 54 03 08 E9 31 32 33 34 35 36 37 38
4A 5A 90 25 22 18 D5 FA 31 32 33 34 35 36 37 38
7D BA 40 47 05 CD 30 74 31 32 33 34 35 36 37 38
16 5E 5F 5A 60 D8 35 8B 31 32 33 34 35 36 37 38
71 B1 D5 ED 3A 34 7C 22 31 32 33 34 35 36 37 38
47 CE 16 32 3A 2E DF 83 31 32 33 34 35 36 37 38
1C 19 88 04 75 68 51 ED 31 32 33 34 35 36 37 38
52 58 00 F8 17 94 29 D1 31 32 33 34 35 36 37 38
58 B6 B4 73 34 B8 0F 30 31 32 33 34 35 36 37 38
69 32 5B C0 58 E5 C0 F9 31 32 33 34 35 36 37 38
12 26 26 AC 6F 0F 0F 75 31 32 33 34 35 36 37 38
36 CD 08 10 1A 21 7F 09 31 32 33 34 35 36 37 38
75 80 62 C8 54 73 2F 61 31 32 33 34 35 36 37 38
12 E6 91 C6 51 BA 95 87 31 32 33 34 35 36 37 38
09 2F 8A C0 76 04 C3 F9 31 32 33 34 35 36 37 38
03 3D CE 39 2F 3C 5C 7E 31 32 33 34 35 36 37 38
41 7D 46 41 65 04 E7 E6 31 32 33 34 35 36 37 38
39 F5 F0 52 4E 5C 7F 23 31 32 33 34 35 36 37 38
1F B5 4C 1B 75 43 D1 B8 31 32 33 34 35 36 37 38
46 EC 04 ED 18 4C 7F 22 31 32 33 34 35 36 37 38
23 FA 06 34 7F 90 AC 5D 31 32 33 34 35 36 37 38
13 9D A8 2A 1D D9 96 1B 31 32 33 34 35 36 37 38
07 8E 33 A8 27 39 5E C1 31 32 33 34 35 36 37 38
09 03 5E 86 7E E0 43 47 31 32 33 34 35 36 37 38
1C 25 21 00 51 DD 3D 39 31 32 33 34 35 36 37 38
50 6C 96 82 3E A3 E1 93 31 32 33 34 35 36 37 38
6D F8 FA 7F 2C 8F 8A 4C 31 32 33 34 35 36 37 38
67 F4 C5 52 46 C3 30 23 31 32 33 34 35 36 37 38
51 2D 01 9C 21 4F 67 A5 31 32 33 34 35 36 37 38
1A FA 15 92 6F F9 DB 63 31 32 33 34 35 36 37 38
03 0F 57 71 4C 92 D9 56 31 32 33 34 35 36 37 38
38 DB 31 68 1C D1 E9 81 31 32 33 34 35 36 37 38
3D EF 71 C6 18 C1 F5 87 31 32 33 34 35 36 37 38
57 41 64 E1 3A 9A B2 06 31 32 33 34 35 36 37 38
16 2E B0 F1 37 30 F4 D6 31 32 33 34 35 36 37 38
2B A7 9D 34 72 7B F7 5D 31 32 33 34 35 36 37 38
28 F4 CF D6 1D 13 E2 57 31 32 33 34 35 36 37 38
0F 3B CA A8 1A 24 A9 C1 31 32 33 34 35 36 37 38
74 12 1D 5E 05 5D 55 3F 31 32 33 34 35 36 37 38
22 9C 01 3C 75 34 FE C5 31 32 33 34 35 36 37 38
1A DA B9 F5 1C 48 03 8A 31 32 33 34 35 36 37 38
6C 70 1F 5A 6E E6 F5 8B 31 32 33 34 35 36 37 38
5E 43 72 67 52 3D 48 14 31 32 33 34 35 36 37 38
5E 83 2A 34 0C ED 00 5D 31 32 33 34 35 36 37 38
66 EB 59 C7 7E 7A 0B F4 31 32 33 34 35 36 37 38
33 AA F2 E8 5D 3C 4D 01 31 32 33 34 35 36 37 38
74 41 94 B9 7B 52 E0 FE 31 32 33 34 35 36 37 38
1E 43 5A 04 0B 32 BB ED 31 32 33 34 35 36 37 38
07 C9 43 FF 79 A3 D5 CC 31 32 33 34 35 36 37 38
1C B9 4D 86 2C 29 06 47 31 32 33 34 35 36 37 38
22 F0 88 4F 26 0C 4B DC 31 32 33 34 35 36 37 38
14 C5 1F 0F 3B FE FB 9C 31 32 33 34 35 36 37 38
06 10 D3 13 49 2B D9 50 31 32 33 34 35 36 37 38
4A 47 CE 17 3E 27 F2 04 31 32 33 34 35 36 37 38
6E 53 54 19 41 70 9C DE 31 32 33 34 35 36 37 38
15 B1 85 9D 07 B9 EA 12 31 32 33 34 35 36 37 38
75 C5 C8 68 50 B6 34 81 31 32 33 34 35 36 37 38
25 38 B5 59 7C 3C 85 1E 31 32 33 34 35 36 37 38
0B 92 28 D1 18 51 3F 36 31 32 33 34 35 36 37 38
21 B7 A5 69 67 CD 9B EE 31 32 33 34 35 36 37 38
02 7A FF EF 2A 33 FA FC 31 32 33 34 35 36 37 38
51 6A 4A 27 4E 03 A4 D4 31 32 33 34 35 36 37 38
21 55 16 18 4C 85 E8 71 31 32 33 34 35 36 37 38
5B 20 2B E6 73 F6 F5 27 31 32 33 34 35 36 37 38
6D F4 40 AF 33 0F 0C BC 31 32 33 34 35 36 37 38
2E D8 90 31 65 0A 83 16 31 32 33 34 35 36 37 38
7E 50 BD 25 11 9F FE FA 31 32 33 34 35 36 37 38
2A E3 9D 91 4C 12 74 F6 31 32 33 34 35 36 37 38
72 20 DA 19 22 C6 AA DE 31 32 33 34 35 36 37 38
40 4E 93 F0 2E 28 4D 69 31 32 33 34 35 36 37 38
6C A8 C6 B7 58 F2 8E 24 31 32 33 34 35 36 37 38
28 0A B9 A0 02 DF F9 59 31 32 33 34 35 36 37 38
6E 11 3F 64 0A 00 A5 CD 31 32 33 34 35 36 37 38
75 DE 13 95 53 C3 EC AA 31 32 33 34 35 36 37 38
28 08 50 A6 1A 81 1A E7 31 32 33 34 35 36 37 38
25 B6 ED 52 2A 9E 38 23 31 32 33 34 35 36 37 38
34 EA A8 E8 12 D0 CB 01 31 32 33 34 35 36 37 38
6D 0C 68 F5 18 C1 86 8A 31 32 33 34 35 36 37 38
01 15 F0 CF 74 D0 CA 5C 31 32 33 34 35 36 37 38
45 25 73 21 46 8C 43 46 31 32 33 34 35 36 37 38
1C C4 D4 28 77 62 B5 41 31 32 33 34 35 36 37 38
32 51 7C C4 04 4E 07 AD 31 32 33 34 35 36 37 38
53 1C CF EA 63 9A 02 DB 31 32 33 34 35 36 37 38
03 B1 73 93 5A 77 2F D0 31 32 33 34 35 36 37 38
45 91 44 CE 67 25 3F EF 31 32 33 34 35 36 37 38
52 33 E5 43 24 C5 37 C0 31 32 33 34 35 36 37 38
39 13 B4 11 64 67 09 76 31 32 33 34 35 36 37 38
08 B2 16 04 01 A0 C7 ED 31 32 33 34 35 36 37 38
42 7D 2B D2 29 11 D4 A3 31 32 33 34 35 36 37 38
26 44 40 76 67 F7 96 77 31 32 33 34 35 36 37 38
1F 30 CD 37 55 D8 52 A4 31 32 33 34 35 36 37 38
67 55 CF 1F 35 9E D2 6C 31 32 33 34 35 36 37 38
1D 80 8B BA 06 2A 5A 6B 31 32 33 34 35 36 37 38
3E AD 48 EA 4A FB 87 DB 31 32 33 34 35 36 37 38
42 B4 D2 9C 7F D1 64 A5 31 32 33 34 35 36 37 38
77 70 2A CE 71 21 2D EF 31 32 33 34 35 36 37 38
3E 72 32 4B 52 F4 74 28 31 32 33 34 35 36 37 38
17 47 06 63 20 C2 12 60 31 32 33 34 35 36 37 38
61 AF 75 BB 17 36 4A D8 31 32 33 34 35 36 37 38
3C B3 FA EA 2A 11 51 DB 31 32 33 34 35 36 37 38
28 A3 87 54 1F D4 66 FD 31 32 33 34 35 36 37 38
72 5E 22 A4 4F 7A E8 0D 31 32 33 34 35 36 37 38
4F 7F E0 44 08 5F 65 2D 31 32 33 34 35 36 37 38
16 95 A4 1A 3B D2 FB 4B 31 32 33 34 35 36 37 38
78 2D 07 A7 35 AB 54 54 31 32 33 34 35 36 37 38
08 22 53 9E 36 4B EE 7F 31 32 33 34 35 36 37 38
30 C8 70 D9 38 90 5A 9E 31 32 33 34 35 36 37 38
19 B2 FF 72 7F 37 AF C3 31 32 33 34 35 36 37 38
08 21 2E 57 00 89 6D 44 31 32 33 34 35 36 37 38
3E 85 DC 4A 13 59 87 BB 31 32 33 34 35 36 37 38
5C 4C 31 9F 43 89 C2 EC 31 32 33 34 35 36 37 38
2C F9 D1 A4 0D 16 6B 0D 31 32 33 34 35 36 37 38
0C C0 66 BE 42 2D D3 1F 31 32 33 34 35 36 37 38
59 7F FF DF 20 F0 14 2C 31 32 33 34 35 36 37 38
19 08 A7 51 45 50 1B B6 31 32 33 34 35 36 37 38
3D 74 53 AA 7B 81 9B 9B 31 32 33 34 35 36 37 38
06 0B F4 8F 2D 34 E3 1C 31 32 33 34 35 36 37 38
32 52 6A FD 06 5E D3 F2 31 32 33 34 35 36 37 38
32 93 66 7D 73 AA E9 72 31 32 33 34 35 36 37 38
17 F0 14 89 02 70 AC 8E 31 32 33 34 35 36 37 38
65 AB 2F 63 3B E5 87 60 31 32 33 34 35 36 37 38
43 B5 F6 16 30 78 AB 97 31 32 33 34 35 36 37 38
74 84 8B 17 69 9A 6B 04 31 32 33 34 35 36 37 38
77 1B 6C AD 0C 98 2B E2 31 32 33 34 35 36 37 38
23 63 26 CE 18 5E 79 EF 31 32 33 34 35 36 37 38
5F AB 9B 64 18 C1 D1 CD 31 32 33 34 35 36 37 38
7B DC 57 51 79 12 0B B6 31 32 33 34 35 36 37 38
7C 57 44 29 28 A2 B3 AE 31 32 33 34 35 36 37 38
2B 8E FC 0F 5F 48 14 9C 31 32 33 34 35 36 37 38
2F BB 77 0D 52 25 D6 C2 31 32 33 34 35 36 37 38
5F 8E 8A 55 30 94 FC 6A 31 32 33 34 35 36 37 38
2F 54 64 FA 71 0F 5A AB 31 32 33 34 35 36 37 38
05 E4 87 EF 75 92 E2 FC 31 32 33 34 35 36 37 38
0C 55 B4 10 31 BA BB 09 31 32 33 34 35 36 37 38
2F 79 74 B2 2B F1 1C 03 31 32 33 34 35 36 37 38
57 BF 6B 96 7B 4C B3 17 31 32 33 34 35 36 37 38
6F 2E 17 98 39 60 8B F1 31 32 33 34 35 36 37 38
4C B1 3F 42 57 CA 3B 53 31 32 33 34 35 36 37 38
7E DC C0 06 51 23 C6 C7 31 32 33 34 35 36 37 38
01 D3 C7 F3 27 0A 5C B0 31 32 33 34 35 36 37 38
10 CD 92 31 4C F8 5D 16 31 32 33 34 35 36 37 38
7D 92 6B 55 2C C9 C9 6A 31 32 33 34 35 36 37 38
7F 1A 0E D9 23 74 A0 9E 31 32 33 34 35 36 37 38
1F 11 58 F8 4B 4E A1 D1 31 32 33 34 35 36 37 38
5F CF 73 7B 0C A5 D5 98 31 32 33 34 35 36 37 38
78 E7 75 3E 6C 39 FF 9F 31 32 33 34 35 36 37 38
45 1F 6F 56 74 D2 CB D7 31 32 33 34 35 36 37 38
5F 32 F2 D2 2F 19 8F A3 31 32 33 34 35 36 37 38
37 33 BD E3 45 75 33 E0 31 32 33 34 35 36 37 38
14 55 7B 83 7E 59 B1 00 31 32 33 34 35 36 37 38
45 97 F3 34 3C 04 95 5D 31 32 33 34 35 36 37 38
06 2F D8 B8 0C B7 86 91 31 32 33 34 35 36 37 38
27 82 CA E7 42 2C F6 94 31 32 33 34 35 36 37 38
25 7F 15 44 66 2E F6 2D 31 32 33 34 35 36 37 38
15 0E FA E1 32 D7 90 06 31 32 33 34 35 36 37 38
67 EC 4B FD 41 71 A0 F2 31 32 33 34 35 36 37 38
20 46 B9 AF 57 0A 91 BC 31 32 33 34 35 36 37 38
2A 93 74 0E 5E F8 DE 2F 31 32 33 34 35 36 37 38
57 E7 E4 DB 31 D9 5B 78 31 32 33 34 35 36 37 38
66 5A 10 10 01 9D E7 09 31 32 33 34 35 36 37 38
25 81 4D 78 40 78 BC 51 31 32 33 34 35 36 37 38
4F AB CF 28 26 35 94 41 31 32 33 34 35 36 37 38
27 D1 8B 85 7A 99 1D DA 31 32 33 34 35 36 37 38
66 24 BF E6 02 01 F9 27 31 32 33 34 35 36 37 38
29 73 F5 8A 6D EB C7 FB 31 32 33 34 35 36 37 38
58 AC F1 23 57 2D 86 20 31 32 33 34 35 36 37 38
33 2B 1A FC 46 7B 75 85 31 32 33 34 35 36 37 38
73 74 0F 1C 50 AD 27 25 31 32 33 34 35 36 37 38
54 AB 4C 52 17 9C AB 23 31 32 33 34 35 36 37 38
09 2B 6F 79 14 0B 84 BE 31 32 33 34 35 36 37 38
6E D7 0E E9 69 52 87 6E 31 32 33 34 35 36 37 38
2B CE 9B 3A 63 1F F3 EB 31 32 33 34 35 36 37 38
74 A0 2D 77 57 17 CD E4 31 32 33 34 35 36 37 38
2F 19 17 4D 45 56 92 02 31 32 33 34 35 36 37 38
09 71 0C 27 44 00 3E D4 31 32 33 34 35 36 37 38
23 AA C4 A2 6E EB 45 33 31 32 33 34 35 36 37 38
5A 97 11 9E 57 E4 D4 7F 31 32 33 34 35 36 37 38
51 7A 22 47 71 5C 6A 74 31 32 33 34 35 36 37 38
49 1E C3 51 23 42 07 B6 31 32 33 34 35 36 37 38
5D E8 97 D9 65 22 F5 9E 31 32 33 34 35 36 37 38
5F 97 B4 0F 7F 0E 6C 9C 31 32 33 34 35 36 37 38
13 E0 6D 44 1E 71 6E 2D 31 32 33 34 35 36 37 38
1F 73 CF A7 2F BE 7C 54 31 32 33 34 35 36 37 38
07 3B 63 D5 78 72 97 EA 31 32 33 34 35 36 37 38
0C 50 E7 E6 26 FF 01 27 31 32 33 34 35 36 37 38
14 6B 69 C8 04 A7 2A 61 31 32 33 34 35 36 37 38
25 48 7B 1F 0E 5A 0E 6C 31 32 33 34 35 36 37 38
0A 58 BF 2D 3B D7 4C 62 31 32 33 34 35 36 37 38
27 E6 66 DD 5C 5F 52 52 31 32 33 34 35 36 37 38
0A EB EB 20 02 D7 0C D9 31 32 33 34 35 36 37 38
74 10 6B 11 0B C2 F4 76 31 32 33 34 35 36 37 38
46 C7 87 2E 29 B8 C2 CF 31 32 33 34 35 36 37 38
19 DE C9 A2 7A 97 66 33 31 32 33 34 35 36 37 38
23 54 F3 94 65 DA FE 3D 31 32 33 34 35 36 37 38
4E 53 7E 4B 03 09 D0 28 31 32 33 34 35 36 37 38
31 BA 6C 98 0F 06 BC F1 31 32 33 34 35 36 37 38
46 D1 EE D1 64 CC 8D 36 31 32 33 34 35 36 37 38
1E 23 A2 27 01 BE 1C D4 31 32 33 34 35 36 37 38
00 B6 87 6D 56 49 0F A2 31 32 33 34 35 36 37 38
57 A6 D0 B9 0D B5 6C FE 31 32 33 34 35 36 37 38
76 08 81 70 65 AF 6C E9 31 32 33 34 35 36 37 38
78 06 8F 0A 46 1C 23 7B 31 32 33 34 35 36 37 38
56 83 F4 BA 0C 9C 0F 6B 31 32 33 34 35 36 37 38
4C A5 75 02 0D A5 9E 13 31 32 33 34 35 36 37 38
26 E9 AD 83 3A AE FB 00 31 32 33 34 35 36 37 38
48 8A 4D 63 04 09 4D 60 31 32 33 34 35 36 37 38
6D 2F EB 14 7C 7F 5F BD 31 32 33 34 35 36 37 38
6C 27 B7 2A 7B 33 F9 1B 31 32 33 34 35 36 37 38
70 C9 58 8B 25 37 3D 68 31 32 33 34 35 36 37 38
13 FF 91 D3 3E 71 91 10 31 32 33 34 35 36 37 38
02 93 F5 B7 30 67 91 24 31 32 33 34 35 36 37 38
6E AA FA D3 49 6B 46 10 31 32 33 34 35 36 37 38
62 26 5F EE 1B A5 8C 8F 31 32 33 34 35 36 37 38
30 8F 4E D0 1B E8 1E C9 31 32 33 34 35 36 37 38
78 18 F5 56 53 E4 D9 D7 31 32 33 34 35 36 37 38
67 E2 CC 4B 62 D2 06 28 31 32 33 34 35 36 37 38
3C 1B C5 77 7F 07 85 E4 31 32 33 34 35 36 37 38
5F 65 BB 18 69 E2 29 71 31 32 33 34 35 36 37 38
51 E8 25 E0 46 A2 90 99 31 32 33 34 35 36 37 38
5B 84 84 D1 22 8A 6B 36 31 32 33 34 35 36 37 38
50 36 A0 B0 44 58 3B 29 31 32 33 34 35 36 37 38
15 90 96 1F 37 47 8D 6C 31 32 33 34 35 36 37 38
03 89 9E A1 01 73 C8 C6 31 32 33 34 35 36 37 38
15 26 FC A6 70 F8 56 E7 31 32 33 34 35 36 37 38
1C 1F C7 D0 03 49 A3 C9 31 32 33 34 35 36 37 38
1A 56 03 85 69 90 35 DA 31 32 33 34 35 36 37 38
41 66 87 58 1B F4 A0 B1 31 32 33 34 35 36 37 38
14 58 D8 80 2E CB 5E B9 31 32 33 34 35 36 37 38
67 5C 5E 9B 2E 09 B2 38 31 32 33 34 35 36 37 38
6A 53 66 88 03 F0 48 21 31 32 33 34 35 36 37 38
13 CE D0 7D 70 43 0B 72 31 32 33 34 35 36 37 38
11 DE D7 33 65 E5 5A F0 31 32 33 34 35 36 37 38
32 E5 5F 64 3A 12 45 CD 31 32 33 34 35 36 37 38
3E 65 05 6E 79 BF 04 0F 31 32 33 34 35 36 37 38
0A 63 0E 2E 40 13 3D CF 31 32 33 34 35 36 37 38
75 30 E3 E0 6A 7F 76 99 31 32 33 34 35 36 37 38
6D 5B E0 40 3F F2 2B 79 31 32 33 34 35 36 37 38
50 4E EB DD 47 65 F3 52 31 32 33 34 35 36 37 38
10 4B 75 FF 70 4F 1F CC 31 32 33 34 35 36 37 38
32 C0 1E E6 71 1B 6C 27 31 32 33 34 35 36 37 38
38 49 85 A7 24 30 FA 54 31 32 33 34 35 36 37 38
63 21 DB 5F 50 BB 89 AC 31 32 33 34 35 36 37 38
45 79 8B 9A 30 65 8C CB 31 32 33 34 35 36 37 38
73 69 57 C9 2B 0F CE CE 31 32 33 34 35 36 37 38
2A 2F 6F C6 23 65 1B 87 31 32 33 34 35 36 37 38
5A 02 83 0E 01 D4 41 2F 31 32 33 34 35 36 37 38
2F 84 AB A4 0C A1 3D 0D 31 32 33 34 35 36 37 38
0D 67 F9 A5 5D F3 C1 7A 31 32 33 34 35 36 37 38
2D 26 96 1F 76 25 8D 6C 31 32 33 34 35 36 37 38
17 7F 45 6E 69 6C 44 0F 31 32 33 34 35 36 37 38
11 53 97 8F 60 5F 4A 1C 31 32 33 34 35 36 37 38
0D 0C 74 7C 6D B3 91 05 31 32 33 34 35 36 37 38
50 81 DF 1F 4A 41 A2 6C 31 32 33 34 35 36 37 38
49 E2 4E 90 3C AB 83 89 31 32 33 34 35 36 37 38
21 95 6B F0 3F 22 45 69 31 32 33 34 35 36 37 38
51 DC 61 E8 22 1A 90 01 31 32 33 34 35 36 37 38
6E 81 00 85 06 F3 EE DA 31 32 33 34 35 36 37 38
74 F2 2C A6 43 1B C6 E7 31 32 33 34 35 36 37 38
5D 42 A3 90 14 95 B4 89 31 32 33 34 35 36 37 38
6F A1 91 F6 1C 88 49 F7 31 32 33 34 35 36 37 38
59 AD D7 47 2E 86 7B 74 31 32 33 34 35 36 37 38
29 5F F5 93 1D 60 89 D0 31 32 33 34 35 36 37 38
7E CE 61 D0 56 8D 35 C9 31 32 33 34 35 36 37 38
5A 6E 42 61 11 32 01 86 31 32 33 34 35 36 37 38
20 AE B9 7D 5A 97 40 72 31 32 33 34 35 36 37 38
28 8F 4A 07 75 FA D7 34 31 32 33 34 35 36 37 38
4F 9F CD DA 28 5F 42 0B 31 32 33 34 35 36 37 38
68 7D DE 45 45 AE D9 9A 31 32 33 34 35 36 37 38
29 89 A6 79 1A EA EF BE 31 32 33 34 35 36 37 38
0D C4 9D CD 5E 59 D6 82 31 32 33 34 35 36 37 38
0F C1 67 B4 0C 2A 2F DD 31 32 33 34 35 36 37 38
1B 1C 1C 72 0D CF 08 C3 31 32 33 34 35 36 37 38
57 D8 73 B8 12 BB 85 91 31 32 33 34 35 36 37 38
3B 05 70 AD 5C 73 DF E2 31 32 33 34 35 36 37 38
31 AE 8F FE 33 A6 E3 5F 31 32 33 34 35 36 37 38
75 E5 8B 02 28 A2 FC 13 31 32 33 34 35 36 37 38
35 34 41 1C 0A BE 71 25 31 32 33 34 35 36 37 38
4B E1 5C BD 30 64 42 B2 31 32 33 34 35 36 37 38
2E 4C C9 51 61 AE 95 B6 31 32 33 34 35 36 37 38
6D 00 24 09 1C 00 46 0E 31 32 33 34 35 36 37 38
06 C5 F9 D4 42 62 27 7D 31 32 33 34 35 36 37 38
1B A4 CE 68 08 7F C2 81 31 32 33 34 35 36 37 38
71 73 60 FC 74 95 43 85 31 32 33 34 35 36 37 38
3E 6C EB 75 15 9C 17 0A 31 32 33 34 35 36 37 38
59 B5 E2 02 6C DA 07 13 31 32 33 34 35 36 37 38
4D 93 F4 DA 57 35 DD 0B 31 32 33 34 35 36 37 38
79 05 1E 8E 46 51 76 AF 31 32 33 34 35 36 37 38
46 9A 04 69 0F 22 0E EE 31 32 33 34 35 36 37 38
18 1B AD 75 10 20 B1 0A 31 32 33 34 35 36 37 38
6C 40 EA 48 5A B5 E0 E1 31 32 33 34 35 36 37 38
1F 2C B7 BA 39 E1 16 6B 31 32 33 34 35 36 37 38
5D CD 99 CC 55 2E D4 15 31 32 33 34 35 36 37 38
2E A0 2B 1D 5C C3 61 92 31 32 33 34 35 36 37 38
65 18 95 69 41 33 CB EE 31 32 33 34 35 36 37 38
29 15 9F 15 73 EB 52 2A 31 32 33 34 35 36 37 38
16 00 AD 38 44 61 01 11 31 32 33 34 35 36 37 38
5E AC 0A 76 47 B4 98 77 31 32 33 34 35 36 37 38
65 57 27 EF 46 21 02 FC 31 32 33 34 35 36 37 38
37 00 49 AD 6A 60 44 E2 31 32 33 34 35 36 37 38
15 09 CC AD 2C 57 0B E2 31 32 33 34 35 36 37 38
2D 3A 09 10 02 D8 EC 09 31 32 33 34 35 36 37 38
75 5F 0A F8 62 9F 6B D1 31 32 33 34 35 36 37 38
38 86 C7 EA 2B 48 9A DB 31 32 33 34 35 36 37 38
3A 83 91 D1 59 18 F4 36 31 32 33 34 35 36 37 38
07 F0 FE FA 7E A8 EC AB 31 32 33 34 35 36 37 38
65 60 6A 4B 4B 72 4C 28 31 32 33 34 35 36 37 38
18 38 7B 64 58 FD 31 CD 31 32 33 34 35 36 37 38
02 7E B2 0D 2D 3F F5 C2 31 32 33 34 35 36 37 38
11 9F F4 FD 76 6E 95 F2 31 32 33 34 35 36 37 38
55 3B 94 9F 43 A0 E9 EC 31 32 33 34 35 36 37 38
36 F9 2D 2B 2E 1D 85 88 31 32 33 34 35 36 37 38
72 5B 20 14 58 0A F0 BD 31 32 33 34 35 36 37 38
16 C6 CC 6D 0E 3C 70 A2 31 32 33 34 35 36 37 38
7F 29 BB FD 7E BA 50 F2 31 32 33 34 35 36 37 38
5B 9E E9 48 23 6D 73 E1 31 32 33 34 35 36 37 38
5F A5 2F 47 25 A6 F3 74 31 32 33 34 35 36 37 38
0D 5B 0A 1E 5E 0C A2 FF 31 32 33 34 35 36 37 38
02 BA FA 05 46 A8 2A 5A 31 32 33 34 35 36 37 38
76 85 50 84 5F 63 B0 6D 31 32 33 34 35 36 37 38
64 30 AB 55 15 AB 09 6A 31 32 33 34 35 36 37 38
52 17 3B 31 40 D3 52 16 31 32 33 34 35 36 37 38
64 EB 4F FA 7F EB 69 AB 31 32 33 34 35 36 37 38
25 95 AE 24 6F A2 4D 8D 31 32 33 34 35 36 37 38
30 7B 3C 7F 3A 21 A4 4C 31 32 33 34 35 36 37 38
68 8A 83 E6 21 0E 6D 27 31 32 33 34 35 36 37 38
6A AD 82 CC 3F 83 09 15 31 32 33 34 35 36 37 38
5B 11 71 70 43 9D 9C E9 31 32 33 34 35 36 37 38
3A 3D EE DB 03 87 9D 78 31 32 33 34 35 36 37 38
1E 06 47 32 75 09 BC 83 31 32 33 34 35 36 37 38
14 C1 DF 29 6B 40 B2 AE 31 32 33 34 35 36 37 38
26 60 80 E1 0D 61 9E 06 31 32 33 34 35 36 37 38
48 88 BF CA 2C E5 65 3B 31 32 33 34 35 36 37 38
51 9D 7F B2 32 A3 CB 03 31 32 33 34 35 36 37 38
79 35 A2 8E 3B 31 AA AF 31 32 33 34 35 36 37 38
38 36 AA F7 09 68 3D 64 31 32 33 34 35 36 37 38
39 4B AF 7E 2E 26 4C DF 31 32 33 34 35 36 37 38
66 B3 DC A4 52 A7 1A 0D 31 32 33 34 35 36 37 38
35 90 AE 36 57 72 D1 37 31 32 33 34 35 36 37 38
76 62 85 12 6A 6A 54 E3 31 32 33 34 35 36 37 38
35 02 23 71 53 1B B5 56 31 32 33 34 35 36 37 38
52 DC 35 1F 54 EC 40 6C 31 32 33 34 35 36 37 38
4C 77 D9 9B 3C 37 11 38 31 32 33 34 35 36 37 38
09 F5 C1 42 59 91 95 53 31 32 33 34 35 36 37 38
04 17 C1 14 64 69 7D BD 31 32 33 34 35 36 37 38
10 5A 3B 32 6F 20 A0 83 31 32 33 34 35 36 37 38
19 6E FB 1A 74 DF 06 4B 31 32 33 34 35 36 37 38
49 B5 F1 12 57 D7 50 E3 31 32 33 34 35 36 37 38
2C E2 EE 07 21 8F AB 34 31 32 33 34 35 36 37 38
2F 7B 13 50 77 29 C9 49 31 32 33 34 35 36 37 38
75 F5 7B C4 02 D3 9A AD 31 32 33 34 35 36 37 38
45 32 73 AD 3A 88 26 E2 31 32 33 34 35 36 37 38
42 6E 71 5C 78 B8 7C 65 31 32 33 34 35 36 37 38
7D 47 81 89 19 E0 15 8E 31 32 33 34 35 36 37 38
5A A4 74 34 47 A5 82 5D 31 32 33 34 35 36 37 38
4D E7 2B AA 0A 37 93 9B 31 32 33 34 35 36 37 38
61 2F 23 23 4D D8 D0 20 31 32 33 34 35 36 37 38
4B 9B 8E CB 12 BF D6 A8 31 32 33 34 35 36 37 38
29 0C 3D CF 12 25 93 5C 31 32 33 34 35 36 37 38
46 AC 5E 25 51 B1 8B FA 31 32 33 34 35 36 37 38
4C E2 55 3B 18 F8 74 58 31 32 33 34 35 36 37 38
68 51 80 C7 60 DA A6 F4 31 32 33 34 35 36 37 38
6E 02 60 3A 37 30 D4 EB 31 32 33 34 35 36 37 38
11 AC 7C 32 54 F4 4D 83 31 32 33 34 35 36 37 38
75 61 18 30 74 D6 1C A9 31 32 33 34 35 36 37 38
1B EB 40 AD 03 AD 6F E2 31 32 33 34 35 36 37 38
02 91 1E 23 01 0A AF 20 31 32 33 34 35 36 37 38
19 18 04 C5 36 0C 3E 1A 31 32 33 34 35 36 37 38
28 71 F5 5A 0E E3 13 8B 31 32 33 34 35 36 37 38
2C 05 9C 5C 3F 2F CB 65 31 32 33 34 35 36 37 38
6C C2 73 2C 4D EA A1 F5 31 32 33 34 35 36 37 38
36 69 52 23 2B F0 D3 20 31 32 33 34 35 36 37 38
05 CD C2 BE 06 E5 FF 1F 31 32 33 34 35 36 37 38
1D 50 2B 19 16 9A 27 DE 31 32 33 34 35 36 37 38
54 FC C4 C3 65 65 61 40 31 32 33 34 35 36 37 38
20 60 B5 D4 36 8C 33 7D 31 32 33 34 35 36 37 38
18 65 7D 35 1B 5A A5 CA 31 32 33 34 35 36 37 38
70 B2 B2 44 12 FE CF 2D 31 32 33 34 35 36 37 38
59 3D 1A 86 26 BD 4F 47 31 32 33 34 35 36 37 38
1F 57 5C A3 7F 7E 4B A0 31 32 33 34 35 36 37 38
24 B9 4A B2 0F 53 3A 03 31 32 33 34 35 36 37 38
1B 88 9F 02 57 2A 80 13 31 32 33 34 35 36 37 38
0B ED D1 59 0D E1 71 1E 31 32 33 34 35 36 37 38
46 19 0D 7E 68 3B 52 DF 31 32 33 34 35 36 37 38
7A E8 22 09 2B 2B 6C 0E 31 32 33 34 35 36 37 38
73 AE 79 CB 28 67 E5 A8 31 32 33 34 35 36 37 38
27 CF BA 4E 24 8A 47 6F 31 32 33 34 35 36 37 38
52 7F 53 A1 7B 37 D9 C6 31 32 33 34 35 36 37 38
6A 75 9E AC 0F 75 27 75 31 32 33 34 35 36 37 38
1C 67 2E 18 46 8A 20 71 31 32 33 34 35 36 37 38
0F 48 7B 84 23 96 FF 6D 31 32 33 34 35 36 37 38
6C 57 C0 7E 3D 77 89 DF 31 32 33 34 35 36 37 38
24 A0 F9 3D 66 A8 E5 32 31 32 33 34 35 36 37 38
26 C3 F8 23 05 1D 81 20 31 32 33 34 35 36 37 38
38 C2 C0 32 5A 27 41 83 31 32 33 34 35 36 37 38
35 89 97 7E 61 32 14 DF 31 32 33 34 35 36 37 38
19 3E 33 7C 01 13 E4 05 31 32 33 34 35 36 37 38
45 4A B8 92 17 F9 42 63 31 32 33 34 35 36 37 38
2D D3 DD 21 79 1B 65 46 31 32 33 34 35 36 37 38
78 63 C5 2B 12 D0 3D 88 31 32 33 34 35 36 37 38
4A A5 BA E5 79 A0 89 BA 31 32 33 34 35 36 37 38
12 EF AE 19 17 6E EE DE 31 32 33 34 35 36 37 38
38 A5 CD 8F 6E D4 48 1C 31 32 33 34 35 36 37 38
24 CF 4B 51 26 DB EF B6 31 32 33 34 35 36 37 38
41 60 2D 95 3A 14 FE AA 31 32 33 34 35 36 37 38
0B 7A EF 3C 1C A4 54 C5 31 32 33 34 35 36 37 38
11 52 03 AE 63 9E C5 4F 31 32 33 34 35 36 37 38
01 68 44 A1 53 D4 76 C6 31 32 33 34 35 36 37 38
1C 2A DF D8 07 85 4F 31 31 32 33 34 35 36 37 38
53 C5 00 DC 37 4C 95 E5 31 32 33 34 35 36 37 38
06 29 2F 45 40 4E 56 9A 31 32 33 34 35 36 37 38
64 5A 2A F7 25 85 BD 64 31 32 33 34 35 36 37 38
1B BB 9E 56 45 A4 CE D7 31 32 33 34 35 36 37 38
40 13 8E 56 2A 35 FE D7 31 32 33 34 35 36 37 38
3F CB A7 1A 0E BC 42 4B 31 32 33 34 35 36 37 38
5F 28 D9 8A 41 68 DB FB 31 32 33 34 35 36 37 38
63 08 EA 8A 52 FE 18 FB 31 32 33 34 35 36 37 38
39 FA 77 89 3D 06 D3 8E 31 32 33 34 35 36 37 38
39 3E AD 9D 1D 03 F2 12 31 32 33 34 35 36 37 38
0F 0E 83 E4 3B B5 D0 4D 31 32 33 34 35 36 37 38
1D 6C F2 C0 39 DA 0B F9 31 32 33 34 35 36 37 38
51 54 41 EB 73 B7 DB 48 31 32 33 34 35 36 37 38
54 12 9C 33 39 F6 3B F0 31 32 33 34 35 36 37 38
55 FB A9 C1 16 26 45 66 31 32 33 34 35 36 37 38
17 C7 BE A3 51 34 05 A0 31 32 33 34 35 36 37 38
3E 04 39 6F 4C 26 76 7C 31 32 33 34 35 36 37 38
69 9C DB D5 5E 82 AF EA 31 32 33 34 35 36 37 38
71 43 7B 07 37 A1 B4 34 31 32 33 34 35 36 37 38
13 7E 32 96 76 29 6E 17 31 32 33 34 35 36 37 38
5E 20 93 46 2E E2 39 07 31 32 33 34 35 36 37 38
10 D2 6F 60 4B C8 DC 19 31 32 33 34 35 36 37 38
35 9E 42 10 34 E3 31 09 31 32 33 34 35 36 37 38
13 22 AD 6D 05 E9 3D A2 31 32 33 34 35 36 37 38
44 C5 4B 75 76 7C F7 0A 31 32 33 34 35 36 37 38
57 F9 86 95 68 7D E3 AA 31 32 33 34 35 36 37 38
3F 3A BF 6D 0D A4 E7 A2 31 32 33 34 35 36 37 38
27 03 97 4E 08 F5 60 6F 31 32 33 34 35 36 37 38
4D C6 6D 70 27 74 E8 E9 31 32 33 34 35 36 37 38
11 01 E6 BB 41 BE 67 D8 31 32 33 34 35 36 37 38
34 4D 20 0F 5F 35 68 9C 31 32 33 34 35 36 37 38
5B 36 2B 30 6E 59 33 A9 31 32 33 34 35 36 37 38
64 5E A7 71 45 B7 E9 56 31 32 33 34 35 36 37 38
39 CE 57 61 31 80 F2 86 31 32 33 34 35 36 37 38
56 25 48 4D 02 75 6F 02 31 32 33 34 35 36 37 38
0A 32 CC 77 2C F7 80 E4 31 32 33 34 35 36 37 38
74 B4 38 2B 76 1B 34 88 31 32 33 34 35 36 37 38
71 C7 79 75 5E 6E 8D 0A 31 32 33 34 35 36 37 38
2D 3B E5 04 27 5F EA ED 31 32 33 34 35 36 37 38
58 4C E8 61 63 92 AF 86 31 32 33 34 35 36 37 38
3D 24 7E CA 01 67 B8 3B 31 32 33 34 35 36 37 38
6B 26 C3 9F 1B 15 EC EC 31 32 33 34 35 36 37 38
3F 87 35 7D 5A 8C 0C 72 31 32 33 34 35 36 37 38
44 8A 40 E8 6A 14 83 01 31 32 33 34 35 36 37 38
1F 07 27 0E 26 C6 15 2F 31 32 33 34 35 36 37 38
25 78 53 2F 62 ED ED 3C 31 32 33 34 35 36 37 38
7C 08 76 24 67 71 75 8D 31 32 33 34 35 36 37 38
19 34 B3 CA 22 74 49 3B 31 32 33 34 35 36 37 38
0F 7C 69 11 14 22 1A 76 31 32 33 34 35 36 37 38
64 3D 01 46 06 81 0F 07 31 32 33 34 35 36 37 38
33 EF 1F 92 75 5B 1D 63 31 32 33 34 35 36 37 38
03 66 08 D3 6F 54 3C 10 31 32 33 34 35 36 37 38
31 1B E3 AA 27 B9 EB 9B 31 32 33 34 35 36 37 38
4E A9 8B 5A 48 41 F1 8B 31 32 33 34 35 36 37 38
5A 3C ED BD 59 8E FF B2 31 32 33 34 35 36 37 38
4E 07 44 3C 72 4A 85 C5 31 32 33 34 35 36 37 38
31 95 AB 3B 21 88 12 58 31 32 33 34 35 36 37 38
6E 9F B0 32 3A 59 71 83 31 32 33 34 35 36 37 38
6B C6 AD D5 74 4D 19 EA 31 32 33 34 35 36 37 38
2B 01 A7 96 04 C8 3F 17 31 32 33 34 35 36 37 38
7B FB B1 99 2F 9D 6C 5E 31 32 33 34 35 36 37 38
14 FF F7 03 3D 91 46 80 31 32 33 34 35 36 37 38
79 14 B9 58 10 5B EA B1 31 32 33 34 35 36 37 38
07 FC 0A F0 17 45 F8 69 31 32 33 34 35 36 37 38
41 05 90 5D 26 48 FD D2 31 32 33 34 35 36 37 38
14 1C D2 D1 77 27 A1 36 31 32 33 34 35 36 37 38
66 4D 93 98 71 90 57 F1 31 32 33 34 35 36 37 38
03 04 AA DB 75 6D A9 78 31 32 33 34 35 36 37 38
73 68 99 7F 79 88 3D 4C 31 32 33 34 35 36 37 38
72 3A 30 96 07 98 94 17 31 32 33 34 35 36 37 38
01 A7 DD 84 32 0F B9 6D 31 32 33 34 35 36 37 38
1E C0 5E D1 1B 72 3D 36 31 32 33 34 35 36 37 38
0C B9 67 53 65 9E 78 90 31 32 33 34 35 36 37 38
2C 50 8B 1B 5A 8F A4 B8 31 32 33 34 35 36 37 38
66 7B C7 40 34 E9 86 79 31 32 33 34 35 36 37 38
1D B5 C1 ED 31 C7 F8 22 31 32 33 34 35 36 37 38
2E CC C4 9C 7D BF 6E A5 31 32 33 34 35 36 37 38
6A 54 EC 84 18 51 1C 6D 31 32 33 34 35 36 37 38
01 C3 98 86 56 64 F5 47 31 32 33 34 35 36 37 38
2D 5C 3A EC 68 C1 2E B5 31 32 33 34 35 36 37 38
57 E6 E2 F3 01 66 DB B0 31 32 33 34 35 36 37 38
4E 1A DB E1 21 74 5D 06 31 32 33 34 35 36 37 38
1E 53 55 83 33 DB 83 00 31 32 33 34 35 36 37 38
4F F7 37 3E 57 0B 99 9F 31 32 33 34 35 36 37 38
18 2E B1 CC 55 D6 0C 15 31 32 33 34 35 36 37 38
70 EF C9 8B 52 03 5A 68 31 32 33 34 35 36 37 38
24 3D 01 07 16 B3 C2 34 31 32 33 34 35 36 37 38
0F 7D 75 B6 13 0C C2 B7 31 32 33 34 35 36 37 38
58 62 C4 4C 58 A4 EC 95 31 32 33 34 35 36 37 38
03 73 C7 A9 14 D7 B1 2E 31 32 33 34 35 36 37 38
0C 3D 61 46 6B E9 EF 07 31 32 33 34 35 36 37 38
76 D0 01 ED 21 75 38 22 31 32 33 34 35 36 37 38
6B CF CB 7D 57 27 EA 72 31 32 33 34 35 36 37 38
16 5A 73 84 6F CD 97 6D 31 32 33 34 35 36 37 38
71 72 B5 0C 54 48 EE 55 31 32 33 34 35 36 37 38
2C E7 20 9B 1D 3A 4C 38 31 32 33 34 35 36 37 38
46 86 C1 67 52 F7 EB 14 31 32 33 34 35 36 37 38
75 99 88 01 4B 95 66 A6 31 32 33 34 35 36 37 38
11 A2 CB 3C 08 A5 00 C5 31 32 33 34 35 36 37 38
6B E7 03 BD 35 AE 5D B2 31 32 33 34 35 36 37 38
63 9E 1D 6D 06 97 ED A2 31 32 33 34 35 36 37 38
00 2E FF B1 19 D0 FC 96 31 32 33 34 35 36 37 38
2B 19 CE 0F 65 5F 7E 9C 31 32 33 34 35 36 37 38
4D 55 C9 51 56 83 95 B6 31 32 33 34 35 36 37 38
5D AB 3B 9F 0A 0D 04 EC 31 32 33 34 35 36 37 38
18 24 25 75 78 4B C9 0A 31 32 33 34 35 36 37 38
76 42 A8 81 3E 7F 3D 26 31 32 33 34 35 36 37 38
29 68 67 4B 5F EF 05 28 31 32 33 34 35 36 37 38
79 66 EF 95 30 11 98 AA 31 32 33 34 35 36 37 38
37 6C 76 45 23 95 91 9A 31 32 33 34 35 36 37 38
6D 24 93 E3 22 34 51 E0 31 32 33 34 35 36 37 38
50 2A 18 26 48 AC 0C 67 31 32 33 34 35 36 37 38
16 F2 2E 4B 68 3A C0 28 31 32 33 34 35 36 37 38
0D E8 FB 4D 53 52 A6 02 31 32 33 34 35 36 37 38
09 52 E6 D6 1A 25 AD 57 31 32 33 34 35 36 37 38
19 20 BA 1B 77 85 A7 B8 31 32 33 34 35 36 37 38
03 06 CA 6D 18 DF 96 A2 31 32 33 34 35 36 37 38
5B DB 9E 85 66 AD 34 DA 31 32 33 34 35 36 37 38
68 7E 3E FA 24 4D 2C AB 31 32 33 34 35 36 37 38
1D 27 1E 86 76 99 03 47 31 32 33 34 35 36 37 38
7B 1E 28 E0 19 8B D7 99 31 32 33 34 35 36 37 38
63 A7 4D 6F 7A AD FA 7C 31 32 33 34 35 36 37 38
48 7D A0 25 65 E6 A5 FA 31 32 33 34 35 36 37 38
4E 8F E9 A2 21 C2 06 33 31 32 33 34 35 36 37 38
12 3E 01 EA 0D F8 4C DB 31 32 33 34 35 36 37 38
2B A3 B1 5E 01 71 59 3F 31 32 33 34 35 36 37 38
35 67 89 01 00 99 D3 A6 31 32 33 34 35 36 37 38
4B DA B3 4A 63 FB 12 BB 31 32 33 34 35 36 37 38
56 72 93 F4 1A 95 87 1D 31 32 33 34 35 36 37 38
07 54 E5 4E 25 57 96 6F 31 32 33 34 35 36 37 38
03 81 A4 EB 37 35 02 48 31 32 33 34 35 36 37 38
35 5E 34 4B 6A 0D 4E 28 31 32 33 34 35 36 37 38
43 AA 2A 81 49 2D 97 26 31 32 33 34 35 36 37 38
25 07 9C B6 00 C1 5D B7 31 32 33 34 35 36 37 38
11 DE EE 80 7F 96 BC B9 31 32 33 34 35 36 37 38
12 E0 36 AE 52 B4 7C 4F 31 32 33 34 35 36 37 38
26 9C 10 D7 1A DE DD C4 31 32 33 34 35 36 37 38
06 50 2D 4B 30 F2 53 28 31 32 33 34 35 36 37 38
0C 73 AB BB 59 35 48 D8 31 32 33 34 35 36 37 38
31 B4 A4 CE 79 75 1F EF 31 32 33 34 35 36 37 38
69 3C 4D 2C 0A 38 73 F5 31 32 33 34 35 36 37 38
57 BB B1 04 77 F1 C6 ED 31 32 33 34 35 36 37 38
6A 08 26 C4 60 E0 69 AD 31 32 33 34 35 36 37 38
68 05 B4 D4 37 7E C6 7D 31 32 33 34 35 36 37 38
64 09 B8 0C 73 7F 35 55 31 32 33 34 35 36 37 38
65 44 F1 92 08 E1 87 63 31 32 33 34 35 36 37 38
29 43 3E F1 6E 35 6A D6 31 32 33 34 35 36 37 38
1B EA 9B 05 08 FD B7 5A 31 32 33 34 35 36 37 38
46 AD F0 B1 31 4B 99 96 31 32 33 34 35 36 37 38
5C D4 B0 FC 33 64 53 85 31 32 33 34 35 36 37 38
52 CF FC 45 43 C9 9F 9A 31 32 33 34 35 36 37 38
04 AC 8B A5 76 A1 EB 7A 31 32 33 34 35 36 37 38
40 5A E8 8C 01 D7 DB D5 31 32 33 34 35 36 37 38
5F 31 BF A6 10 F7 5D E7 31 32 33 34 35 36 37 38
40 DA 58 26 77 37 4C 67 31 32 33 34 35 36 37 38
78 C2 26 DB 3A E3 75 78 31 32 33 34 35 36 37 38
36 2D 95 DC 39 3A 06 E5 31 32 33 34 35 36 37 38
51 EA 6F 19 15 01 1B DE 31 32 33 34 35 36 37 38
0F 1B EC C2 51 13 1A D3 31 32 33 34 35 36 37 38
16 88 9A 9C 67 ED 8C A5 31 32 33 34 35 36 37 38
10 70 A9 16 30 80 E2 97 31 32 33 34 35 36 37 38
4F F8 0C D5 22 44 8C EA 31 32 33 34 35 36 37 38
3D F2 59 0A 1F 0D 25 7B 31 32 33 34 35 36 37 38
45 FA 62 46 5D B1 5C 07 31 32 33 34 35 36 37 38
48 43 96 2B 6C CA 3A 88 31 32 33 34 35 36 37 38
78 02 ED 1A 79 99 10 4B 31 32 33 34 35 36 37 38
0D 8F 95 B6 06 84 62 B7 31 32 33 34 35 36 37 38
43 F4 43 A9 19 54 7D 2E 31 32 33 34 35 36 37 38
19 9C A1 3E 14 C5 BB 9F 31 32 33 34 35 36 37 38
6E 70 F5 CC 58 C5 00 15 31 32 33 34 35 36 37 38
55 9E 72 4B 2C 4B B4 28 31 32 33 34 35 36 37 38
37 BC 31 2E 49 B1 24 CF 31 32 33 34 35 36 37 38
04 A1 FF 4E 19 17 A8 6F 31 32 33 34 35 36 37 38
4C DA BD 8F 4A 7E 78 1C 31 32 33 34 35 36 37 38
1B 69 E1 70 3B 65 4C E9 31 32 33 34 35 36 37 38
4C D2 8E 20 69 B4 73 D9 31 32 33 34 35 36 37 38
20 85 2B F6 62 5C DB F7 31 32 33 34 35 36 37 38
75 7F B5 83 17 00 63 00 31 32 33 34 35 36 37 38
6C 62 C6 2C 30 77 F8 F5 31 32 33 34 35 36 37 38
1C F7 69 D5 27 55 25 EA 31 32 33 34 35 36 37 38
62 29 E6 92 77 03 D8 63 31 32 33 34 35 36 37 38
4C F6 78 91 6E D3 B3 F6 31 32 33 34 35 36 37 38
28 34 EF 18 43 F3 4D 71 31 32 33 34 35 36 37 38
7A 9F A1 37 00 A0 96 A4 31 32 33 34 35 36 37 38
7C 28 88 6E 29 E7 CB 0F 31 32 33 34 35 36 37 38
77 7E B7 9E 1F 1A 82 7F 31 32 33 34 35 36 37 38
1F D8 6A DB 40 16 69 78 31 32 33 34 35 36 37 38
09 36 DC 24 0B 46 E3 8D 31 32 33 34 35 36 37 38
14 1C 6A 7F 55 C6 3A 4C 31 32 33 34 35 36 37 38
04 CE 06 D4 6D C5 B0 7D 31 32 33 34 35 36 37 38
7A 55 6F 6D 79 A1 D7 A2 31 32 33 34 35 36 37 38
77 68 B0 B7 61 F5 30 24 31 32 33 34 35 36 37 38
27 3D 07 B2 73 00 B3 03 31 32 33 34 35 36 37 38
45 04 A0 BA 55 CD 4B 6B 31 32 33 34 35 36 37 38
13 58 8F 90 51 D3 30 89 31 32 33 34 35 36 37 38
75 3C 5D 1B 2C F4 0E B8 31 32 33 34 35 36 37 38
00 35 A7 CF 49 13 B5 5C 31 32 33 34 35 36 37 38
3D 2D 34 20 42 E1 21 D9 31 32 33 34 35 36 37 38
2C 81 E4 B2 1A A8 CC 03 31 32 33 34 35 36 37 38
7F 72 F2 27 7A E3 2C D4 31 32 33 34 35 36 37 38
73 51 04 FF 65 3F 02 CC 31 32 33 34 35 36 37 38
12 86 BE BD 74 AA FC B2 31 32 33 34 35 36 37 38
04 6D CE 23 29 A1 9F 20 31 32 33 34 35 36 37 38
63 AE 07 E7 3B 2B EF 94 31 32 33 34 35 36 37 38
3A 04 39 84 7D 6A E5 6D 31 32 33 34 35 36 37 38
6D 63 E9 A6 61 1F 3F E7 31 32 33 34 35 36 37 38
35 AF 20 8D 31 8A 02 42 31 32 33 34 35 36 37 38
6B 3F C5 79 0C E8 22 BE 31 32 33 34 35 36 37 38
41 35 D0 BF 1C 3E 43 8C 31 32 33 34 35 36 37 38
77 C0 B3 B1 1F B2 A0 96 31 32 33 34 35 36 37 38
72 57 D9 E6 61 B0 0B 27 31 32 33 34 35 36 37 38
6D 26 6A 0D 00 B9 4D C2 31 32 33 34 35 36 37 38
16 DB C5 5A 2F 50 A3 8B 31 32 33 34 35 36 37 38
41 A0 5E B9 0A 3A E2 FE 31 32 33 34 35 36 37 38
19 53 7C 19 0C B1 A4 DE 31 32 33 34 35 36 37 38
1F EA DD 39 39 7D BF 7E 31 32 33 34 35 36 37 38
34 68 47 C3 1A 16 28 40 31 32 33 34 35 36 37 38
0C 07 A8 CA 4A EC 9A 3B 31 32 33 34 35 36 37 38
1B 9B 8A B7 66 08 02 24 31 32 33 34 35 36 37 38
10 C2 CC F9 3E FB 54 3E 31 32 33 34 35 36 37 38
21 18 3F 47 72 84 C3 74 31 32 33 34 35 36 37 38
43 52 F6 D6 31 0C 7D 57 31 32 33 34 35 36 37 38
72 FE 91 6C 6C 3B 03 35 31 32 33 34 35 36 37 38
5D 46 0B C8 73 1A 24 61 31 32 33 34 35 36 37 38
1D 55 0E 90 3B 07 43 89 31 32 33 34 35 36 37 38
27 DA 76 94 52 9D C5 3D 31 32 33 34 35 36 37 38
20 53 20 A5 3B F5 5C 7A 31 32 33 34 35 36 37 38
02 24 75 8A 78 12 47 FB 31 32 33 34 35 36 37 38
73 23 BF 90 23 F6 A0 89 31 32 33 34 35 36 37 38
3E 26 46 97 0F 98 40 84 31 32 33 34 35 36 37 38
2F FA DD 57 25 8A F0 44 31 32 33 34 35 36 37 38
69 03 1F 11 01 F1 98 76 31 32 33 34 35 36 37 38
0A B7 7B 4A 1C EC 3A BB 31 32 33 34 35 36 37 38
74 8B 12 F6 1F 42 36 F7 31 32 33 34 35 36 37 38
71 D8 45 98 49 DA 21 F1 31 32 33 34 35 36 37 38
36 83 23 4C 43 5F 5F 95 31 32 33 34 35 36 37 38
5B 8A 2B 07 21 5A A4 34 31 32 33 34 35 36 37 38
5E 81 32 F4 77 41 3A 1D 31 32 33 34 35 36 37 38
5E FA DC 19 74 35 84 DE 31 32 33 34 35 36 37 38
6F 64 0A C0 79 5F 43 F9 31 32 33 34 35 36 37 38
5A CD 3B D4 4B 95 41 7D 31 32 33 34 35 36 37 38
55 89 53 55 4B 9A 91 6A 31 32 33 34 35 36 37 38
2A AA 11 E1 70 E2 5B 06 31 32 33 34 35 36 37 38
55 0E 84 E9 18 E3 C5 6E 31 32 33 34 35 36 37 38
1A 53 7A 4C 07 96 6A 95 31 32 33 34 35 36 37 38
5E 50 83 F8 3A 4D F0 D1 31 32 33 34 35 36 37 38
74 B2 79 4E 31 47 9A 6F 31 32 33 34 35 36 37 38
6C B5 FC FC 63 79 AF 85 31 32 33 34 35 36 37 38
0C D3 7C 1A 7B F7 F3 4B 31 32 33 34 35 36 37 38
74 E8 BD F9 58 90 F1 3E 31 32 33 34 35 36 37 38
21 CA 8F C9 59 84 A6 CE 31 32 33 34 35 36 37 38
52 F9 4B 21 45 8F 3B 46 31 32 33 34 35 36 37 38
65 93 6E 92 42 62 C0 63 31 32 33 34 35 36 37 38
45 F5 5F 0E 1F 43 ED 2F 31 32 33 34 35 36 37 38
63 F5 A5 BB 11 B8 BA D8 31 32 33 34 35 36 37 38
7B 78 0E 16 21 6C E3 97 31 32 33 34 35 36 37 38
56 43 E5 A0 24 9F B5 59 31 32 33 34 35 36 37 38
40 16 39 99 74 59 54 5E 31 32 33 34 35 36 37 38
5A 16 00 BC 5C FF C8 45 31 32 33 34 35 36 37 38
48 AA 64 A0 4E F5 C8 59 31 32 33 34 35 36 37 38
34 FB 5B 14 2A 3E 0F BD 31 32 33 34 35 36 37 38
24 9D B9 57 15 EA 9C 44 31 32 33 34 35 36 37 38
2D D9 F1 F1 3E E9 A1 D6 31 32 33 34 35 36 37 38
50 B0 04 E2 25 3B 20 73 31 32 33 34 35 36 37 38
74 6D DD 33 14 9E E8 F0 31 32 33 34 35 36 37 38
66 07 3E E8 35 B0 A9 01 31 32 33 34 35 36 37 38
45 F5 4C B4 0E 08 B0 DD 31 32 33 34 35 36 37 38
57 CD DF C4 72 6E 2E AD 31 32 33 34 35 36 37 38
59 F0 DE AA 10 E2 CA 9B 31 32 33 34 35 36 37 38
16 9A BD 4A 76 CB 54 BB 31 32 33 34 35 36 37 38
64 DD 77 2D 06 69 A4 62 31 32 33 34 35 36 37 38
31 E9 7A 4C 46 74 6A 95 31 32 33 34 35 36 37 38
40 21 B4 29 53 F4 63 AE 31 32 33 34 35 36 37 38
0A B1 9C 33 6D A9 3B F0 31 32 33 34 35 36 37 38
20 29 44 C3 76 57 E1 40 31 32 33 34 35 36 37 38
60 5F C0 3D 61 85 A0 32 31 32 33 34 35 36 37 38
39 E2 68 5D 76 20 F5 D2 31 32 33 34 35 36 37 38
52 AC BC 6F 41 D0 3D 7C 31 32 33 34 35 36 37 38
7F 67 15 8D 1F 83 53 42 31 32 33 34 35 36 37 38
4C 60 A0 06 40 8A 26 C7 31 32 33 34 35 36 37 38
0C 84 A2 DA 0C B3 F3 0B 31 32 33 34 35 36 37 38
65 92 24 97 6A 29 C6 84 31 32 33 34 35 36 37 38
02 10 8E 35 5E 5E E2 CA 31 32 33 34 35 36 37 38
45 AD 71 8A 5E 2D 93 FB 31 32 33 34 35 36 37 38
60 A8 BA 66 21 86 A1 A7 31 32 33 34 35 36 37 38
52 EF F0 23 09 66 19 20 31 32 33 34 35 36 37 38
49 12 B4 1E 3D 0C 04 FF 31 32 33 34 35 36 37 38
4F 5C 67 8D 55 F3 3D 42 31 32 33 34 35 36 37 38
47 9B 20 46 7D 06 42 07 31 32 33 34 35 36 37 38
11 2E 42 E4 09 6C 23 4D 31 32 33 34 35 36 37 38
55 EC DC F1 54 91 B0 D6 31 32 33 34 35 36 37 38
25 D7 A8 E2 53 13 F4 73 31 32 33 34 35 36 37 38
7B 80 06 77 4E 85 32 E4 31 32 33 34 35 36 37 38
72 02 F0 C9 35 13 F3 CE 31 32 33 34 35 36 37 38
43 36 EC 24 22 2D B3 8D 31 32 33 34 35 36 37 38
79 27 B7 67 30 74 A9 14 31 32 33 34 35 36 37 38
6E 61 72 4F 28 6B ED DC 31 32 33 34 35 36 37 38
3E 73 B6 F2 4A 2E D1 43 31 32 33 34 35 36 37 38
4F B0 EE A0 06 CA 8A 59 31 32 33 34 35 36 37 38
1A 19 5D F8 7D 3E C2 D1 31 32 33 34 35 36 37 38
6C 22 A6 0D 54 66 D9 C2 31 32 33 34 35 36 37 38
55 1F AD 4C 3A 12 21 95 31 32 33 34 35 36 37 38
1E 3E ED 3A 41 EE DD EB 31 32 33 34 35 36 37 38
52 87 A6 6F 61 51 DF 7C 31 32 33 34 35 36 37 38
1D D6 97 74 2E 3C 04 9D 31 32 33 34 35 36 37 38
05 8B B2 FC 57 EC 2D 85 31 32 33 34 35 36 37 38
04 F7 61 C2 5B 29 EB D3 31 32 33 34 35 36 37 38
4B BF 77 E7 7A B8 9F 94 31 32 33 34 35 36 37 38
78 05 EE 55 53 E2 90 6A 31 32 33 34 35 36 37 38
45 73 5B 7E 79 72 88 DF 31 32 33 34 35 36 37 38
58 95 1D F8 4C 6F 82 D1 31 32 33 34 35 36 37 38
78 EC 8E 6E 27 32 59 0F 31 32 33 34 35 36 37 38
74 F1 D5 59 15 CF 25 1E 31 32 33 34 35 36 37 38
69 1D 95 E2 14 0F DD 73 31 32 33 34 35 36 37 38
42 04 E2 A0 00 E1 6E 59 31 32 33 34 35 36 37 38
1B C1 7C 18 57 C1 56 71 31 32 33 34 35 36 37 38
7B AF 89 E4 30 19 5E 4D 31 32 33 34 35 36 37 38
3D A1 D3 C5 5B CB 61 1A 31 32 33 34 35 36 37 38
4E 31 37 6B 51 99 62 C8 31 32 33 34 35 36 37 38
37 69 73 B5 2C 25 9A 4A 31 32 33 34 35 36 37 38
4A EB 5C 86 32 0B 69 47 31 32 33 34 35 36 37 38
61 24 95 77 53 28 15 E4 31 32 33 34 35 36 37 38
53 A5 BC 8C 7D 4C 1F D5 31 32 33 34 35 36 37 38
5C 35 64 D1 12 19 CB 36 31 32 33 34 35 36 37 38
47 89 95 D9 60 13 1B 9E 31 32 33 34 35 36 37 38
41 F9 43 5C 7E CF E6 65 31 32 33 34 35 36 37 38
24 78 6C 49 01 BA 89 4E 31 32 33 34 35 36 37 38
0E 5E 7C 9B 23 14 78 38 31 32 33 34 35 36 37 38
63 7F 3B 27 48 5C 41 D4 31 32 33 34 35 36 37 38
23 41 D3 F1 2F 00 DB D6 31 32 33 34 35 36 37 38
52 54 9A 8B 27 9E 57 68 31 32 33 34 35 36 37 38
5E 5A 9B EB 0A D8 2D 48 31 32 33 34 35 36 37 38
68 1E 73 8E 0A 00 A7 AF 31 32 33 34 35 36 37 38
10 8B E3 24 7C 9C DE 8D 31 32 33 34 35 36 37 38
36 66 F3 E6 12 0A 1D 27 31 32 33 34 35 36 37 38
62 AD 6A 54 6B 34 0D FD 31 32 33 34 35 36 37 38
77 64 C6 36 0E 11 09 37 31 32 33 34 35 36 37 38
2C 33 DA C1 51 01 22 66 31 32 33 34 35 36 37 38
0C 0E 2C 34 57 B8 DA 5D 31 32 33 34 35 36 37 38
56 62 DF 33 7C 8C C2 F0 31 32 33 34 35 36 37 38
7F CB D0 82 49 DB 93 93 31 32 33 34 35 36 37 38
46 6C 6D F5 46 29 A7 8A 31 32 33 34 35 36 37 38
3C 53 FC E5 04 EE A3 BA 31 32 33 34 35 36 37 38
4B 75 3F D5 4E 1D 43 EA 31 32 33 34 35 36 37 38
5B DD 2A C9 20 AA A5 CE 31 32 33 34 35 36 37 38
1E DE B2 BC 78 AF 92 45 31 32 33 34 35 36 37 38
14 8C 50 54 75 2F FB FD 31 32 33 34 35 36 37 38
6F 44 6B 85 26 C2 7D DA 31 32 33 34 35 36 37 38
2D F7 C6 3D 61 14 2E 32 31 32 33 34 35 36 37 38
62 DA 97 21 75 A4 97 46 31 32 33 34 35 36 37 38
72 22 0F 10 2F 77 7A 09 31 32 33 34 35 36 37 38
1C E5 64 BC 57 C5 5C 45 31 32 33 34 35 36 37 38
3F CF 34 06 0F B7 2A C7 31 32 33 34 35 36 37 38
71 5F 59 68 61 46 F1 81 31 32 33 34 35 36 37 38
7E 9C 11 8C 14 14 50 D5 31 32 33 34 35 36 37 38
6A 8B 9D F6 09 D7 65 F7 31 32 33 34 35 36 37 38
78 B1 5F 2D 78 53 6C 62 31 32 33 34 35 36 37 38
37 EC 58 EE 08 CE 91 8F 31 32 33 34 35 36 37 38
76 04 58 44 1B 56 7D 2D 31 32 33 34 35 36 37 38
16 35 93 BB 05 75 10 D8 31 32 33 34 35 36 37 38
1F 39 1E B0 1E CB E1 29 31 32 33 34 35 36 37 38
3E CE FE C5 61 20 B0 1A 31 32 33 34 35 36 37 38
09 E5 42 25 1E 62 9F FA 31 32 33 34 35 36 37 38
1E 28 BB 57 3C B6 76 44 31 32 33 34 35 36 37 38
77 23 C4 6E 7B 28 57 0F 31 32 33 34 35 36 37 38
77 29 8A E3 73 93 7C E0 31 32 33 34 35 36 37 38
03 A5 F6 59 40 8F 32 1E 31 32 33 34 35 36 37 38
73 0E 63 44 69 F7 2C 2D 31 32 33 34 35 36 37 38
39 D6 79 69 09 85 DF EE 31 32 33 34 35 36 37 38
5D 6E 1C BB 08 45 65 D8 31 32 33 34 35 36 37 38
31 5A AB E9 43 32 60 6E 31 32 33 34 35 36 37 38
29 BF 99 A1 5A E9 A7 C6 31 32 33 34 35 36 37 38
04 B0 62 77 1C 24 5E E4 31 32 33 34 35 36 37 38
50 62 01 39 01 30 13 7E 31 32 33 34 35 36 37 38
75 41 90 42 3B EA B8 53 31 32 33 34 35 36 37 38
0F A2 C1 6F 0A 16 5E 7C 31 32 33 34 35 36 37 38
64 63 59 A4 7C 75 53 0D 31 32 33 34 35 36 37 38
6F E4 43 61 6E BE 6E 86 31 32 33 34 35 36 37 38
53 37 75 55 29 1B 0B 6A 31 32 33 34 35 36 37 38
28 45 BB 3B 2F 5E E2 58 31 32 33 34 35 36 37 38
21 1F CF 56 7E 3B AB D7 31 32 33 34 35 36 37 38
51 53 08 F5 0F 93 A6 8A 31 32 33 34 35 36 37 38
39 42 15 D5 7B 88 61 EA 31 32 33 34 35 36 37 38
56 A9 88 86 2B 6C 25 47 31 32 33 34 35 36 37 38
26 0C B5 6E 53 C4 F4 0F 31 32 33 34 35 36 37 38
5C D1 89 B8 19 7D E3 91 31 32 33 34 35 36 37 38
63 90 63 8A 69 8A 9D FB 31 32 33 34 35 36 37 38
48 EE 55 49 2A EC BE 4E 31 32 33 34 35 36 37 38
21 75 7B B0 64 D5 7A 29 31 32 33 34 35 36 37 38
13 0E DD 65 05 E7 3A 3A 31 32 33 34 35 36 37 38
67 F6 EE 4C 1B 86 CE 95 31 32 33 34 35 36 37 38
03 18 6C 27 4F 84 1E D4 31 32 33 34 35 36 37 38
1E D5 45 64 2B 4B 33 CD 31 32 33 34 35 36 37 38
1C 4B 34 6B 2B C0 1B C8 31 32 33 34 35 36 37 38
10 61 F4 E8 25 C4 27 01 31 32 33 34 35 36 37 38
5D 5B 7F 61 46 CA FA 86 31 32 33 34 35 36 37 38
3C 87 FC CC 06 B4 FB 15 31 32 33 34 35 36 37 38
4C B7 3A 1B 49 9A 27 B8 31 32 33 34 35 36 37 38
4D A4 C5 F0 4B 17 97 69 31 32 33 34 35 36 37 38
4D 22 ED 5C 6D 59 48 65 31 32 33 34 35 36 37 38
3A 95 9A 88 13 F8 6C 21 31 32 33 34 35 36 37 38
14 78 68 FF 5B 7C 96 CC 31 32 33 34 35 36 37 38
26 77 31 0E 30 86 57 2F 31 32 33 34 35 36 37 38
11 E0 62 22 02 BC 54 B3 31 32 33 34 35 36 37 38
1D 73 C4 85 14 09 62 DA 31 32 33 34 35 36 37 38
4C 99 03 C5 2B AA D1 1A 31 32 33 34 35 36 37 38
28 4C A0 AF 37 EF EC BC 31 32 33 34 35 36 37 38
36 4A E9 34 03 2B 53 5D 31 32 33 34 35 36 37 38
1E 73 E7 6C 31 64 A1 35 31 32 33 34 35 36 37 38
1E B3 9F 39 6C 14 59 7E 31 32 33 34 35 36 37 38
52 C2 67 16 49 32 C8 97 31 32 33 34 35 36 37 38
07 DD E5 9F 6D 6B 66 EC 31 32 33 34 35 36 37 38
29 A4 BA 7E 27 69 FB DF 31 32 33 34 35 36 37 38
41 74 D0 8A 4B 03 06 FB 31 32 33 34 35 36 37 38
57 FB B7 2C 00 04 95 F5 31 32 33 34 35 36 37 38
16 AF 11 E4 3A 56 46 4D 31 32 33 34 35 36 37 38
47 1D 80 8E 40 8F 30 AF 31 32 33 34 35 36 37 38
16 A8 26 28 0C 28 9F 41 31 32 33 34 35 36 37 38
72 48 06 B9 46 CD 6A FE 31 32 33 34 35 36 37 38
13 00 E1 39 07 15 73 7E 31 32 33 34 35 36 37 38
19 25 A3 5C 61 F4 C6 65 31 32 33 34 35 36 37 38
56 8F CE AA 2D AE FA 9B 31 32 33 34 35 36 37 38
34 4C E7 AC 0E 5D 3C 75 31 32 33 34 35 36 37 38
75 58 AF E0 63 99 52 99 31 32 33 34 35 36 37 38
6D 49 BA E8 76 C7 75 01 31 32 33 34 35 36 37 38
03 5C BE DA 27 3F DF 0B 31 32 33 34 35 36 37 38
2A 59 86 54 08 03 F9 FD 31 32 33 34 35 36 37 38
11 D4 B0 84 6F 6F 90 6D 31 32 33 34 35 36 37 38
6B F1 70 53 79 38 4D 90 31 32 33 34 35 36 37 38
6E 28 2B 92 69 4D 39 63 31 32 33 34 35 36 37 38
6B 50 6C E8 55 DD 3F 01 31 32 33 34 35 36 37 38
4A 55 71 A1 72 86 9F C6 31 32 33 34 35 36 37 38
2E 7D F0 4F 16 F1 93 DC 31 32 33 34 35 36 37 38
32 AB AF 00 3C 6B B3 39 31 32 33 34 35 36 37 38
40 A9 F7 85 07 A7 19 DA 31 32 33 34 35 36 37 38
51 FA EB 8C 15 E3 22 D5 31 32 33 34 35 36 37 38
03 51 1F 96 25 2E 57 17 31 32 33 34 35 36 37 38
1E D4 07 7B 3E B0 D9 98 31 32 33 34 35 36 37 38
4D AB 99 0A 42 6D 65 7B 31 32 33 34 35 36 37 38
2B 07 48 02 3D 96 75 13 31 32 33 34 35 36 37 38
55 57 FE B1 13 F7 8F 96 31 32 33 34 35 36 37 38
63 42 8A DD 0D 92 A6 52 31 32 33 34 35 36 37 38
3F 1C 5C C6 0A 7C 04 87 31 32 33 34 35 36 37 38
51 56 59 E0 54 66 B4 99 31 32 33 34 35 36 37 38
42 A2 0D E4 61 93 92 4D 31 32 33 34 35 36 37 38
63 20 F7 0C 5F 97 08 55 31 32 33 34 35 36 37 38
30 8E 64 35 05 27 00 CA 31 32 33 34 35 36 37 38
68 FD D1 F3 1E FC 9E B0 31 32 33 34 35 36 37 38
5B B8 EA 60 0B 65 3B 19 31 32 33 34 35 36 37 38
1B 07 A0 7A 6D 80 B0 2B 31 32 33 34 35 36 37 38
08 EE 30 56 18 A8 F8 D7 31 32 33 34 35 36 37 38
27 E9 F8 BC 65 D0 60 45 31 32 33 34 35 36 37 38
2F 7C DB 95 6D 4F 14 AA 31 32 33 34 35 36 37 38
43 C0 54 C7 0B A2 EA F4 31 32 33 34 35 36 37 38
36 2D BF 83 64 26 A5 00 31 32 33 34 35 36 37 38
5D 51 FF AF 68 2B 5F BC 31 32 33 34 35 36 37 38
59 DE E5 A3 2C F1 A0 A0 31 32 33 34 35 36 37 38
43 EB 2A F4 3E EF D2 1D 31 32 33 34 35 36 37 38
10 5D 16 64 09 CD 30 CD 31 32 33 34 35 36 37 38
1C 3E 26 78 2E FF 21 51 31 32 33 34 35 36 37 38
41 1E F9 34 1C 56 23 5D 31 32 33 34 35 36 37 38
70 1C BF C2 10 B6 F1 D3 31 32 33 34 35 36 37 38
5B 98 69 7C 01 F0 E2 05 31 32 33 34 35 36 37 38
28 6B BE F6 32 53 72 F7 31 32 33 34 35 36 37 38
4D 98 FB B0 00 F2 FA 29 31 32 33 34 35 36 37 38
64 1F E2 52 35 F4 89 23 31 32 33 34 35 36 37 38
4F 4D DE 5B 13 49 96 F8 31 32 33 34 35 36 37 38
14 6C 9E BF 11 57 F9 8C 31 32 33 34 35 36 37 38
2E 0C 3F 8B 47 15 98 68 31 32 33 34 35 36 37 38
63 15 45 6E 4C 4A 44 0F 31 32 33 34 35 36 37 38
1B 5E 7E 2D 75 7B 9F 62 31 32 33 34 35 36 37 38
3F 42 8B 7D 55 83 AA 72 31 32 33 34 35 36 37 38
16 20 5C 23 6D EC 15 20 31 32 33 34 35 36 37 38
30 95 49 A9 0D B8 0B 2E 31 32 33 34 35 36 37 38
27 9E 8F 51 17 D3 E3 B6 31 32 33 34 35 36 37 38
38 EF 83 58 26 0F EC B1 31 32 33 34 35 36 37 38
27 83 E7 3C 18 05 EC C5 31 32 33 34 35 36 37 38
29 0C CE 73 41 4D 21 30 31 32 33 34 35 36 37 38
06 08 57 14 09 8D 5B BD 31 32 33 34 35 36 37 38
2A FB A2 76 15 E8 50 77 31 32 33 34 35 36 37 38
15 8F 86 D0 7E 0F F6 C9 31 32 33 34 35 36 37 38
55 50 DB E7 32 18 33 94 31 32 33 34 35 36 37 38
78 E8 7F 39 30 D7 B9 7E 31 32 33 34 35 36 37 38
24 20 FB 48 10 4B 1D E1 31 32 33 34 35 36 37 38
23 3E FC 5D 7F A3 F9 D2 31 32 33 34 35 36 37 38
21 D5 5E 69 18 D3 60 EE 31 32 33 34 35 36 37 38
5D 97 77 A9 75 A9 A1 2E 31 32 33 34 35 36 37 38
5C EF 6A 16 27 47 0F 97 31 32 33 34 35 36 37 38
6A 3F DE 93 2B B4 BE D0 31 32 33 34 35 36 37 38
21 D9 FF 97 5B 7C 05 84 31 32 33 34 35 36 37 38
6D C5 8F B1 02 CC 4C 96 31 32 33 34 35 36 37 38
03 B1 1A F1 10 04 16 D6 31 32 33 34 35 36 37 38
5D 33 C3 11 24 9F 6C 76 31 32 33 34 35 36 37 38
20 D0 A6 66 24 6E 1D A7 31 32 33 34 35 36 37 38
26 92 BA CC 67 2B E1 15 31 32 33 34 35 36 37 38
15 27 1E B0 59 21 E1 29 31 32 33 34 35 36 37 38
13 5D 5A 65 3F 68 73 3A 31 32 33 34 35 36 37 38
6C 6C 1F D5 4F 7A A3 EA 31 32 33 34 35 36 37 38
5F 9B 1A F2 40 6C 65 43 31 32 33 34 35 36 37 38
51 BC 1B B0 37 A7 9A 29 31 32 33 34 35 36 37 38
7E 9D ED 80 38 9B 4F B9 31 32 33 34 35 36 37 38
2B CC 29 4E 1A D7 8A 6F 31 32 33 34 35 36 37 38
72 0C A0 6A 64 3C C9 5B 31 32 33 34 35 36 37 38
76 9B C9 25 6F 3C 1A FA 31 32 33 34 35 36 37 38
3E 37 E8 51 46 3C C8 B6 31 32 33 34 35 36 37 38
27 96 59 9A 11 6D 42 CB 31 32 33 34 35 36 37 38
40 C2 17 B6 42 A1 BC B7 31 32 33 34 35 36 37 38
14 39 80 81 46 69 35 26 31 32 33 34 35 36 37 38
04 63 7D CD 08 3F 36 82 31 32 33 34 35 36 37 38
3A A1 F6 C1 2A 6B 0E 66 31 32 33 34 35 36 37 38
28 62 51 9E 64 EF 14 7F 31 32 33 34 35 36 37 38
23 92 4B CF 69 7D 89 5C 31 32 33 34 35 36 37 38
28 CE 04 DF 08 AE 35 2C 31 32 33 34 35 36 37 38
74 0B C0 F1 69 30 C4 D6 31 32 33 34 35 36 37 38
6D A6 21 BA 1D DF 38 6B 31 32 33 34 35 36 37 38
20 57 FD D4 3A C5 DB 7D 31 32 33 34 35 36 37 38
70 DE 25 27 61 11 E3 D4 31 32 33 34 35 36 37 38
10 E9 2B 9F 5A 8C 34 EC 31 32 33 34 35 36 37 38
72 E0 B5 83 07 4D 63 00 31 32 33 34 35 36 37 38
66 AB 0C 02 20 08 E9 13 31 32 33 34 35 36 37 38
58 6B E6 69 64 5B 48 EE 31 32 33 34 35 36 37 38
59 6B EA E4 04 DC AB 4D 31 32 33 34 35 36 37 38
78 67 B3 4A 52 04 12 BB 31 32 33 34 35 36 37 38
69 B4 AB 01 11 CD 4D A6 31 32 33 34 35 36 37 38
7E 0A 9C D9 4F 25 16 9E 31 32 33 34 35 36 37 38
03 94 03 9A 02 3A A4 CB 31 32 33 34 35 36 37 38
7F D3 3B DD 33 1C 03 52 31 32 33 34 35 36 37 38
19 86 99 02 3A 79 F2 13 31 32 33 34 35 36 37 38
0F CE 4E 49 2C 27 C3 4E 31 32 33 34 35 36 37 38
0A EB CF D4 11 B2 45 7D 31 32 33 34 35 36 37 38
12 B9 E7 B8 0E 11 E9 91 31 32 33 34 35 36 37 38
6E 6C 40 EF 67 BA A7 FC 31 32 33 34 35 36 37 38
3D 49 12 81 6C 86 5F 26 31 32 33 34 35 36 37 38
45 B1 42 14 5E 13 6A BD 31 32 33 34 35 36 37 38
69 95 4F 64 3E 1B 75 CD 31 32 33 34 35 36 37 38
41 94 D6 C2 21 DA BC D3 31 32 33 34 35 36 37 38
0D 32 B9 2B 35 46 21 88 31 32 33 34 35 36 37 38
70 25 C4 C8 3C B9 E9 61 31 32 33 34 35 36 37 38
4B FF 96 B1 39 A3 47 96 31 32 33 34 35 36 37 38
2B D9 E8 24 40 5A FF 8D 31 32 33 34 35 36 37 38
55 7C CA CB 4F EE 62 A8 31 32 33 34 35 36 37 38
64 FC F0 5F 19 69 7A AC 31 32 33 34 35 36 37 38
4A 5A E2 1E 5A CB 9A FF 31 32 33 34 35 36 37 38
70 AB 19 43 27 5E 5B C0 31 32 33 34 35 36 37 38
68 62 32 F3 78 47 EB B0 31 32 33 34 35 36 37 38
04 1F 0C 30 54 0F 00 A9 31 32 33 34 35 36 37 38
1F EF A1 C6 01 76 65 87 31 32 33 34 35 36 37 38
5B D7 F0 05 4E F0 E8 5A 31 32 33 34 35 36 37 38
23 26 61 80 12 0C B3 B9 31 32 33 34 35 36 37 38
44 19 2D 58 14 99 4E B1 31 32 33 34 35 36 37 38
01 D2 4A 0A 26 D4 C2 7B 31 32 33 34 35 36 37 38
7E 71 A8 A4 0A 9E F6 0D 31 32 33 34 35 36 37 38
2B B3 A0 CB 3E 7B 80 A8 31 32 33 34 35 36 37 38
06 F3 5B 05 46 37 77 5A 31 32 33 34 35 36 37 38
5E B8 F1 0B 67 B2 2B E8 31 32 33 34 35 36 37 38
48 51 53 AC 75 27 38 75 31 32 33 34 35 36 37 38
31 3B E2 45 3B CE 8D 9A 31 32 33 34 35 36 37 38
76 E2 41 B2 10 06 65 03 31 32 33 34 35 36 37 38
04 E0 8A 37 5B 41 CB A4 31 32 33 34 35 36 37 38
16 A5 60 EE 6E 06 F9 8F 31 32 33 34 35 36 37 38
0E D1 A1 01 76 16 0B A6 31 32 33 34 35 36 37 38
67 CB 66 65 01 EB 8F 3A 31 32 33 34 35 36 37 38
5C 43 90 EC 61 74 CC B5 31 32 33 34 35 36 37 38
73 D9 B5 A0 42 C9 45 59 31 32 33 34 35 36 37 38
6C 8C 51 09 6E 65 6F 0E 31 32 33 34 35 36 37 38
0A A0 54 0F 32 7A 8C 9C 31 32 33 34 35 36 37 38
72 55 6F 97 5C 2A B5 84 31 32 33 34 35 36 37 38
3C 49 FC 3F 4E 15 C9 0C 31 32 33 34 35 36 37 38
1C D2 21 BA 1B 9B 38 6B 31 32 33 34 35 36 37 38
35 50 0B CE 06 01 FA EF 31 32 33 34 35 36 37 38
16 FB 2B B4 51 7A A3 DD 31 32 33 34 35 36 37 38
47 68 56 AB 25 17 31 08 31 32 33 34 35 36 37 38
2F 43 A7 32 3F 6B 9C 83 31 32 33 34 35 36 37 38
3A 2A 79 40 3C 87 50 79 31 32 33 34 35 36 37 38
44 4E 77 3A 6E 98 9F EB 31 32 33 34 35 36 37 38
65 A1 69 69 24 0E 0F EE 31 32 33 34 35 36 37 38
35 D9 E3 0B 36 75 35 E8 31 32 33 34 35 36 37 38
0D 8D 00 6B 38 EB F7 C8 31 32 33 34 35 36 37 38
26 1D 63 25 42 56 AC FA 31 32 33 34 35 36 37 38
1A E3 3B 5D 35 C4 CC D2 31 32 33 34 35 36 37 38
35 1E 37 8B 13 4C 30 68 31 32 33 34 35 36 37 38
2A A4 5C 71 6C 8B FA 56 31 32 33 34 35 36 37 38
62 52 39 CE 6D F3 90 EF 31 32 33 34 35 36 37 38
40 96 F1 D9 24 CB 47 9E 31 32 33 34 35 36 37 38
13 3A 51 9D 71 20 C6 12 31 32 33 34 35 36 37 38
3F 80 C8 0B 4A 4A B6 E8 31 32 33 34 35 36 37 38
4C 5D 59 D8 4A 2F 41 31 31 32 33 34 35 36 37 38
47 40 EA 0B 6D 75 30 E8 31 32 33 34 35 36 37 38
74 BC D3 8A 63 96 4D FB 31 32 33 34 35 36 37 38
43 5E 70 11 73 81 15 76 31 32 33 34 35 36 37 38
0B 83 71 F9 53 47 95 3E 31 32 33 34 35 36 37 38
5B E2 20 9A 56 52 FD CB 31 32 33 34 35 36 37 38
22 70 45 67 33 9D 1F 14 31 32 33 34 35 36 37 38
05 16 E7 06 59 C8 61 C7 31 32 33 34 35 36 37 38
4E 70 18 4C 23 E9 B0 95 31 32 33 34 35 36 37 38
5E 17 B6 92 10 A5 68 63 31 32 33 34 35 36 37 38
3B AE 9A 95 00 AF 67 AA 31 32 33 34 35 36 37 38
38 AF 63 39 49 FE CD 7E 31 32 33 34 35 36 37 38
10 74 F9 3F 6B 79 82 0C 31 32 33 34 35 36 37 38
25 52 8A 20 7E FA BF D9 31 32 33 34 35 36 37 38
54 65 50 BA 77 98 3B 6B 31 32 33 34 35 36 37 38
74 BC C1 30 52 5B 11 A9 31 32 33 34 35 36 37 38
54 6F 99 F1 35 D2 29 D6 31 32 33 34 35 36 37 38
1E 3D F1 9A 37 18 FA CB 31 32 33 34 35 36 37 38
5D 65 2F 02 75 F3 D0 13 31 32 33 34 35 36 37 38
13 A3 A7 F6 18 1F A7 F7 31 32 33 34 35 36 37 38
17 23 92 9F 76 CC 0F EC 31 32 33 34 35 36 37 38
3E E1 EA 7A 6F FE 32 2B 31 32 33 34 35 36 37 38
33 20 23 A9 0D 42 DD 2E 31 32 33 34 35 36 37 38
7C 05 72 3F 52 DB 07 0C 31 32 33 34 35 36 37 38
3E 0C BC 2C 02 C9 B6 F5 31 32 33 34 35 36 37 38
41 03 C4 19 58 B0 4C DE 31 32 33 34 35 36 37 38
09 C2 DD B0 2D A4 34 29 31 32 33 34 35 36 37 38
3B 53 03 12 7F 33 FA E3 31 32 33 34 35 36 37 38
11 AA 78 62 74 0F 4D F3 31 32 33 34 35 36 37 38
39 07 66 33 07 BC 3D F0 31 32 33 34 35 36 37 38
4E 45 1D 6B 4E 26 50 C8 31 32 33 34 35 36 37 38
79 2F EB C9 19 B4 D2 CE 31 32 33 34 35 36 37 38
17 09 FD 77 1B 85 5D E4 31 32 33 34 35 36 37 38
09 9E E0 E5 17 49 B7 BA 31 32 33 34 35 36 37 38
4C 06 51 29 7A 21 3C AE 31 32 33 34 35 36 37 38
59 43 09 4D 2C EE 9C 02 31 32 33 34 35 36 37 38
7F 91 FC BF 46 E4 FF 8C 31 32 33 34 35 36 37 38
6E 87 CA AD 1E 60 31 E2 31 32 33 34 35 36 37 38
4F 0F F0 28 6B E5 A1 41 31 32 33 34 35 36 37 38
4C 4A AA 24 77 79 99 8D 31 32 33 34 35 36 37 38
02 D6 D0 C9 2D 8A 53 CE 31 32 33 34 35 36 37 38
3A 4A BC CE 6C AD 57 EF 31 32 33 34 35 36 37 38
6A 44 05 15 3B C0 C0 2A 31 32 33 34 35 36 37 38
26 52 88 53 79 DF 85 90 31 32 33 34 35 36 37 38
1E B8 B9 BE 44 33 2A 1F 31 32 33 34 35 36 37 38
49 B6 00 C2 2E C5 9E D3 31 32 33 34 35 36 37 38
6E E3 3D 7C 7D 65 26 05 31 32 33 34 35 36 37 38
30 62 E8 60 57 2A 61 19 31 32 33 34 35 36 37 38
7E 0A 46 E1 3E FE EC 06 31 32 33 34 35 36 37 38
47 C4 E2 31 6E A5 6D 16 31 32 33 34 35 36 37 38
7E 77 3D D5 15 5A 69 EA 31 32 33 34 35 36 37 38
07 05 A2 67 77 8B B8 14 31 32 33 34 35 36 37 38
50 5E D3 AD 41 AD 06 E2 31 32 33 34 35 36 37 38
2E 69 9A 60 36 40 2B 19 31 32 33 34 35 36 37 38
70 23 36 9C 52 49 F8 A5 31 32 33 34 35 36 37 38
40 47 F3 E5 13 10 CE BA 31 32 33 34 35 36 37 38
1C 95 A8 7E 14 83 51 DF 31 32 33 34 35 36 37 38
2C FE D7 25 19 AD 10 FA 31 32 33 34 35 36 37 38
2D B2 71 A2 58 E5 EE 33 31 32 33 34 35 36 37 38
45 6E CB 55 2A DE A9 6A 31 32 33 34 35 36 37 38
24 9B 48 C0 6A C8 A9 F9 31 32 33 34 35 36 37 38
50 47 A7 7F 4E C5 33 4C 31 32 33 34 35 36 37 38
0C 90 1C 15 4F 28 8B 2A 31 32 33 34 35 36 37 38
3F 08 06 D7 29 CA 9B C4 31 32 33 34 35 36 37 38
58 47 81 4C 2C 9F 65 95 31 32 33 34 35 36 37 38
05 AF AE 72 51 20 32 C3 31 32 33 34 35 36 37 38
64 54 8C D4 3A E0 BE 7D 31 32 33 34 35 36 37 38
3E 38 9E FE 35 01 46 5F 31 32 33 34 35 36 37 38
00 B2 87 E8 36 DC BE 01 31 32 33 34 35 36 37 38
55 AD 11 75 6B 80 45 0A 31 32 33 34 35 36 37 38
1B ED 88 91 34 E5 83 F6 31 32 33 34 35 36 37 38
15 27 C3 03 36 AB 22 80 31 32 33 34 35 36 37 38
41 6E 39 71 0F D5 13 56 31 32 33 34 35 36 37 38
0C E4 A3 28 7F FF D8 41 31 32 33 34 35 36 37 38
7C 62 10 1F 2D A4 7F 6C 31 32 33 34 35 36 37 38
3A 06 2C C5 3B A3 46 1A 31 32 33 34 35 36 37 38
44 03 F5 C0 7D 10 52 F9 31 32 33 34 35 36 37 38
59 B6 D3 5B 7A 9F E7 F8 31 32 33 34 35 36 37 38
0E 4B F6 8E 7B 4B 6E AF 31 32 33 34 35 36 37 38
2B 2A 86 83 22 69 60 00 31 32 33 34 35 36 37 38
2D 3B 0C C3 21 DA 09 40 31 32 33 34 35 36 37 38
14 68 89 42 75 60 BD 53 31 32 33 34 35 36 37 38
7E 3A DD 3B 45 1A 5C 58 31 32 33 34 35 36 37 38
3E AB 4A 0D 72 8C AD C2 31 32 33 34 35 36 37 38
2C B8 0E E8 0E 59 39 01 31 32 33 34 35 36 37 38
29 57 6D 82 72 23 6C 93 31 32 33 34 35 36 37 38
3E F6 8E C4 1E 12 B1 AD 31 32 33 34 35 36 37 38
3E 9C 2E E2 63 95 02 73 31 32 33 34 35 36 37 38
49 0D DA 8D 29 8B 34 42 31 32 33 34 35 36 37 38
73 37 18 8A 5C AB AE FB 31 32 33 34 35 36 37 38
43 D0 FC 36 54 98 07 37 31 32 33 34 35 36 37 38
1A 3A EA 2C 68 77 4C F5 31 32 33 34 35 36 37 38
5A D1 8B FD 06 8D E0 F2 31 32 33 34 35 36 37 38
1D D3 13 F0 5E 92 CD 69 31 32 33 34 35 36 37 38
76 CF 60 BA 4F A1 0B 6B 31 32 33 34 35 36 37 38
62 97 74 72 22 23 80 C3 31 32 33 34 35 36 37 38
73 E8 68 79 30 5F 89 BE 31 32 33 34 35 36 37 38
1C C9 BA BF 27 84 E5 8C 31 32 33 34 35 36 37 38
22 D9 7C D6 7E 27 8B 57 31 32 33 34 35 36 37 38
4E D2 45 93 43 6C 99 D0 31 32 33 34 35 36 37 38
33 48 71 F2 7B BC 70 43 31 32 33 34 35 36 37 38
2E 2D 45 D8 51 9E BD 31 31 32 33 34 35 36 37 38
4C ED D9 33 29 E5 34 F0 31 32 33 34 35 36 37 38
0F B5 6F CE 3F A5 8E EF 31 32 33 34 35 36 37 38
6E CF 74 93 60 8B 9C D0 31 32 33 34 35 36 37 38
16 7A 10 15 08 1D 6F 2A 31 32 33 34 35 36 37 38
16 7F D6 8A 00 88 94 FB 31 32 33 34 35 36 37 38
52 2F 77 24 3E 5A E2 8D 31 32 33 34 35 36 37 38
40 9C 62 56 0D 10 42 D7 31 32 33 34 35 36 37 38
72 DA 5B C0 25 6D C0 F9 31 32 33 34 35 36 37 38
68 C1 EA B0 64 32 BD 29 31 32 33 34 35 36 37 38
7D 8B BF 38 26 13 AB 11 31 32 33 34 35 36 37 38
4D 76 8B 29 24 95 EE AE 31 32 33 34 35 36 37 38
47 38 64 A4 7C 85 02 0D 31 32 33 34 35 36 37 38
74 C8 0A 7C 44 46 6F 05 31 32 33 34 35 36 37 38
27 2C 38 E5 4D 48 2F BA 31 32 33 34 35 36 37 38
4A 9C 63 85 28 C7 15 DA 31 32 33 34 35 36 37 38
11 D9 A0 0D 7F 7B 4B C2 31 32 33 34 35 36 37 38
38 28 93 7F 19 71 AF 4C 31 32 33 34 35 36 37 38
14 C3 F5 C9 2E C9 14 CE 31 32 33 34 35 36 37 38
04 C7 BE 16 7F FA D3 97 31 32 33 34 35 36 37 38
18 49 A6 E7 05 E0 A2 94 31 32 33 34 35 36 37 38
60 33 73 C4 70 C6 32 AD 31 32 33 34 35 36 37 38
66 30 BD 35 28 64 E5 CA 31 32 33 34 35 36 37 38
4B 2E 88 9D 36 DE 31 12 31 32 33 34 35 36 37 38
74 94 F2 86 1E F4 47 47 31 32 33 34 35 36 37 38
12 35 12 DC 5E 80 3F E5 31 32 33 34 35 36 37 38
4A F2 2E 4B 0C 3A C0 28 31 32 33 34 35 36 37 38
1E 43 62 17 1F 5D F6 04 31 32 33 34 35 36 37 38
74 25 B1 04 5D 13 C6 ED 31 32 33 34 35 36 37 38
6A CE D0 55 34 46 CA 6A 31 32 33 34 35 36 37 38
17 29 03 1C 5F 11 0B 25 31 32 33 34 35 36 37 38
22 82 74 27 2E 19 86 D4 31 32 33 34 35 36 37 38
60 61 C5 D8 30 F9 3D 31 31 32 33 34 35 36 37 38
77 BD F9 34 50 09 23 5D 31 32 33 34 35 36 37 38
38 40 DE AC 1C 7F 67 75 31 32 33 34 35 36 37 38
3B 5F 5F 4B 15 A6 9D 28 31 32 33 34 35 36 37 38
0B D3 0D F8 1C EE B2 D1 31 32 33 34 35 36 37 38
27 1A C0 D2 41 90 45 A3 31 32 33 34 35 36 37 38
77 19 49 1C 11 B2 D9 25 31 32 33 34 35 36 37 38
17 E5 DF F5 23 9B 31 8A 31 32 33 34 35 36 37 38
1E 1D 1A BE 1D 7E 77 1F 31 32 33 34 35 36 37 38
62 B4 3C 19 45 63 64 DE 31 32 33 34 35 36 37 38
3A 67 59 79 47 DA 26 BE 31 32 33 34 35 36 37 38
35 5E A6 05 3C C0 66 5A 31 32 33 34 35 36 37 38
4D A1 5B 0E 32 46 39 2F 31 32 33 34 35 36 37 38
79 87 AB 25 58 87 54 FA 31 32 33 34 35 36 37 38
41 11 51 AB 10 84 10 08 31 32 33 34 35 36 37 38
23 1C 97 E8 0E E5 8E 01 31 32 33 34 35 36 37 38
1D 2A DB 61 48 1D 26 86 31 32 33 34 35 36 37 38
52 CF 3C A6 75 1B 96 E7 31 32 33 34 35 36 37 38
6E 52 24 8B 0E 9E 19 68 31 32 33 34 35 36 37 38
42 EB 44 0E 5D BC 6E 2F 31 32 33 34 35 36 37 38
41 81 A6 1A 76 EB D5 4B 31 32 33 34 35 36 37 38
40 19 4B D9 42 B7 99 9E 31 32 33 34 35 36 37 38
11 5F BF DA 4E D5 4C 0B 31 32 33 34 35 36 37 38
5C 77 46 ED 3E B3 99 22 31 32 33 34 35 36 37 38
7A B1 7E F2 73 6C F9 43 31 32 33 34 35 36 37 38
0E CD 7F 72 6E 80 2F C3 31 32 33 34 35 36 37 38
02 4A 28 40 73 56 D3 79 31 32 33 34 35 36 37 38
53 0A 40 EB 5B E7 6E 48 31 32 33 34 35 36 37 38
20 17 87 BD 4E 8E 91 B2 31 32 33 34 35 36 37 38
0F B9 E6 00 3A 3B 1E 39 31 32 33 34 35 36 37 38
23 AF B1 81 44 AA 12 26 31 32 33 34 35 36 37 38
33 7E C8 79 54 A6 69 BE 31 32 33 34 35 36 37 38
05 25 62 D1 13 AC F1 36 31 32 33 34 35 36 37 38
10 CC 81 8D 76 9A 4F 42 31 32 33 34 35 36 37 38
2E CE 0B ED 1B AB 7A 22 31 32 33 34 35 36 37 38
51 CA 53 DD 72 A1 3B 52 31 32 33 34 35 36 37 38
65 86 2E 06 3A CB 9C C7 31 32 33 34 35 36 37 38
3C 77 BB 05 24 D4 57 5A 31 32 33 34 35 36 37 38
59 6A 07 53 1D 92 98 90 31 32 33 34 35 36 37 38
34 F6 2B 8B 06 97 14 68 31 32 33 34 35 36 37 38
05 42 61 86 6A 9E 8A 47 31 32 33 34 35 36 37 38
42 FB 7E 38 7C D9 FE 11 31 32 33 34 35 36 37 38
31 A2 5A C2 0D D3 F0 D3 31 32 33 34 35 36 37 38
58 78 ED 3D 7D F3 C9 32 31 32 33 34 35 36 37 38
66 78 79 75 7B CB 8D 0A 31 32 33 34 35 36 37 38
41 7C FE A4 0E A6 94 0D 31 32 33 34 35 36 37 38
0E C2 F3 1B 10 F5 EC B8 31 32 33 34 35 36 37 38
6E EA F2 3F 2B 92 87 0C 31 32 33 34 35 36 37 38
2C CA 43 F0 2E 72 3D 69 31 32 33 34 35 36 37 38
01 77 1F CC 4F 30 E2 15 31 32 33 34 35 36 37 38
60 B7 59 90 60 BB 32 89 31 32 33 34 35 36 37 38
32 FA 92 FD 7A 27 DB F2 31 32 33 34 35 36 37 38
60 9C B1 7B 60 ED 3B 98 31 32 33 34 35 36 37 38
13 00 DF E4 69 EE FC 4D 31 32 33 34 35 36 37 38
1C 78 4D 89 07 CE F1 8E 31 32 33 34 35 36 37 38
12 C0 02 D0 79 7C C2 C9 31 32 33 34 35 36 37 38
37 ED 3F 8A 48 1C 49 FB 31 32 33 34 35 36 37 38
56 4E F0 41 20 16 49 E6 31 32 33 34 35 36 37 38
20 09 8B 91 4F BC CA F6 31 32 33 34 35 36 37 38
53 DB DA B0 05 5D ED 29 31 32 33 34 35 36 37 38
6A EA 60 5B 10 88 F0 F8 31 32 33 34 35 36 37 38
42 3D 57 64 60 16 DD CD 31 32 33 34 35 36 37 38
5A 80 0C 6D 55 9C B0 A2 31 32 33 34 35 36 37 38
09 A5 4B AD 6D 3E 1E E2 31 32 33 34 35 36 37 38
18 C6 8E 9D 36 6C BF 12 31 32 33 34 35 36 37 38
52 43 F6 BA 49 F8 E9 6B 31 32 33 34 35 36 37 38
14 F7 D0 FC 0E 18 F3 85 31 32 33 34 35 36 37 38
5A C5 A9 1B 05 91 6A B8 31 32 33 34 35 36 37 38
2A 3C 92 5C 7F 8A 89 65 31 32 33 34 35 36 37 38
57 F2 6D 33 37 F0 38 F0 31 32 33 34 35 36 37 38
6B D4 7C 5B 70 BE DC F8 31 32 33 34 35 36 37 38
46 40 2D 8E 41 08 D9 AF 31 32 33 34 35 36 37 38
59 4C EF FC 0F C9 26 85 31 32 33 34 35 36 37 38
7A 65 F0 D3 02 FA 04 10 31 32 33 34 35 36 37 38
49 1C 8D 66 17 21 78 A7 31 32 33 34 35 36 37 38
00 08 DA 62 00 1B 07 F3 31 32 33 34 35 36 37 38
6A 4F 11 0B 54 5D CB E8 31 32 33 34 35 36 37 38
29 29 E4 75 31 F0 1C 0A 31 32 33 34 35 36 37 38
74 B4 0A 85 73 BB 30 DA 31 32 33 34 35 36 37 38
6A FB BF CC 65 69 02 15 31 32 33 34 35 36 37 38
1E 21 7E 96 06 D8 CA 17 31 32 33 34 35 36 37 38
70 3E 83 04 2F A1 30 ED 31 32 33 34 35 36 37 38
3B 67 3F 0A 0B E7 13 7B 31 32 33 34 35 36 37 38
09 82 80 3B 78 44 C3 58 31 32 33 34 35 36 37 38
7A 5B 95 42 33 84 D9 53 31 32 33 34 35 36 37 38
1C E3 FA 82 05 F1 75 93 31 32 33 34 35 36 37 38
7C 10 77 ED 45 DB 76 22 31 32 33 34 35 36 37 38
1C EF 87 6C 76 C7 C1 35 31 32 33 34 35 36 37 38
15 2E 40 25 1D DA C5 FA 31 32 33 34 35 36 37 38
79 09 11 22 2E 60 D7 B3 31 32 33 34 35 36 37 38
11 73 3E DD 47 27 4A 52 31 32 33 34 35 36 37 38
6A A9 7C FF 7A 7A 1A CC 31 32 33 34 35 36 37 38
45 9A 45 D5 3B B4 D1 EA 31 32 33 34 35 36 37 38
77 D8 3F 3F 54 12 50 0C 31 32 33 34 35 36 37 38
30 95 5A AE 01 CC D0 4F 31 32 33 34 35 36 37 38
5B 6C 6C B3 7B BB 02 70 31 32 33 34 35 36 37 38
30 66 F6 40 30 5E 89 79 31 32 33 34 35 36 37 38
21 66 40 46 5C 42 E2 07 31 32 33 34 35 36 37 38
37 B3 35 90 4E FF DE 89 31 32 33 34 35 36 37 38
08 D3 74 92 6A 79 4E 63 31 32 33 34 35 36 37 38
4D B8 43 9E 26 43 1E 7F 31 32 33 34 35 36 37 38
76 85 D9 8B 4B C8 2A 68 31 32 33 34 35 36 37 38
17 D8 CB BA 01 3D 9A 6B 31 32 33 34 35 36 37 38
4F E6 CF 6E 35 8E 06 0F 31 32 33 34 35 36 37 38
4C D5 1F 6C 5F D9 79 35 31 32 33 34 35 36 37 38
5F BB AC DB 3D F5 83 78 31 32 33 34 35 36 37 38
33 CE 71 08 69 86 C0 A1 31 32 33 34 35 36 37 38
4B 16 E8 0B 36 F6 56 E8 31 32 33 34 35 36 37 38
7D A2 8F 26 63 38 B7 67 31 32 33 34 35 36 37 38
10 3B 6E E4 2D 6F DF 4D 31 32 33 34 35 36 37 38
73 42 36 DA 06 83 F7 0B 31 32 33 34 35 36 37 38
32 6A B7 F5 77 FB 29 8A 31 32 33 34 35 36 37 38
5B 84 B7 E0 7E C8 BA 99 31 32 33 34 35 36 37 38
32 28 97 2E 54 EC 92 CF 31 32 33 34 35 36 37 38
45 22 E0 F6 04 A8 EC F7 31 32 33 34 35 36 37 38
31 C0 41 68 41 39 B9 81 31 32 33 34 35 36 37 38
6A C9 C6 D5 50 3C BE EA 31 32 33 34 35 36 37 38
4A 7D E3 49 66 50 34 4E 31 32 33 34 35 36 37 38
3E 82 2B 20 41 50 4C D9 31 32 33 34 35 36 37 38
4B 4B 00 94 6F 94 87 3D 31 32 33 34 35 36 37 38
13 BC 6C 7A 30 A3 8C 2B 31 32 33 34 35 36 37 38
3D 5F 4F 21 40 36 EF 46 31 32 33 34 35 36 37 38
0A A5 43 98 42 86 47 F1 31 32 33 34 35 36 37 38
06 AA 8A 83 31 23 14 00 31 32 33 34 35 36 37 38
0A B2 14 35 65 F8 F0 CA 31 32 33 34 35 36 37 38
0C 13 82 BA 6B FF 85 6B 31 32 33 34 35 36 37 38
78 FE 90 DD 3C 75 34 52 31 32 33 34 35 36 37 38
05 B3 A9 F8 19 19 1E D1 31 32 33 34 35 36 37 38
6F 12 1B 41 64 49 98 E6 31 32 33 34 35 36 37 38
2D 8B 84 A1 5C 56 B6 C6 31 32 33 34 35 36 37 38
1F AC 85 5F 53 91 EB AC 31 32 33 34 35 36 37 38
51 50 67 1A 76 C2 02 4B 31 32 33 34 35 36 37 38
35 C5 4F C6 7C 75 7B 87 31 32 33 34 35 36 37 38
37 FC 0B 05 6C 8A 67 5A 31 32 33 34 35 36 37 38
02 3E 45 5E 72 5A 5D 3F 31 32 33 34 35 36 37 38
6E 54 06 C7 58 C1 B4 F4 31 32 33 34 35 36 37 38
3D 6A C9 B1 1F D1 FE 96 31 32 33 34 35 36 37 38
0F E7 F4 76 7B 83 3A 77 31 32 33 34 35 36 37 38
51 06 35 50 6F C3 43 49 31 32 33 34 35 36 37 38
01 D4 CA 51 28 E5 02 B6 31 32 33 34 35 36 37 38
3F A0 5F A9 5A 24 69 2E 31 32 33 34 35 36 37 38
45 D7 9A 72 54 07 AE C3 31 32 33 34 35 36 37 38
2E FA D6 B0 2A 57 39 29 31 32 33 34 35 36 37 38
2E DA 68 26 32 1E 1C 67 31 32 33 34 35 36 37 38
6D 55 15 39 5C C7 97 7E 31 32 33 34 35 36 37 38
79 22 68 F4 30 59 38 1D 31 32 33 34 35 36 37 38
05 C5 09 69 6D F9 2F EE 31 32 33 34 35 36 37 38
21 F5 C5 56 4E 49 69 D7 31 32 33 34 35 36 37 38
39 EC 10 61 62 86 B7 86 31 32 33 34 35 36 37 38
65 37 05 16 60 FE 0E 97 31 32 33 34 35 36 37 38
07 5F 43 FF 00 81 D5 CC 31 32 33 34 35 36 37 38
0E 31 DA 2A 22 2E E0 1B 31 32 33 34 35 36 37 38
00 9F 44 E6 7A B2 9A 27 31 32 33 34 35 36 37 38
26 06 72 F8 0B 96 B3 D1 31 32 33 34 35 36 37 38
26 59 E7 1E 17 E6 BB FF 31 32 33 34 35 36 37 38
11 C1 D4 7F 37 80 5C 4C 31 32 33 34 35 36 37 38
25 F1 91 58 04 33 E2 B1 31 32 33 34 35 36 37 38
5C B7 A9 55 7C 89 2F 6A 31 32 33 34 35 36 37 38
20 EE A4 59 71 85 48 1E 31 32 33 34 35 36 37 38
67 A2 FE 25 3F 73 AB FA 31 32 33 34 35 36 37 38
50 DB 3A 6F 19 FF E3 7C 31 32 33 34 35 36 37 38
25 01 BA F5 17 31 70 8A 31 32 33 34 35 36 37 38
56 DE 4A 55 4A 09 BC 6A 31 32 33 34 35 36 37 38
02 76 EC BB 5C 65 F5 D8 31 32 33 34 35 36 37 38
0A 6B 39 9E 49 69 DC 7F 31 32 33 34 35 36 37 38
5A A3 B3 40 5B D1 02 79 31 32 33 34 35 36 37 38
7D 79 C6 31 42 22 81 16 31 32 33 34 35 36 37 38
01 E1 76 3A 29 E1 32 EB 31 32 33 34 35 36 37 38
37 F8 76 7C 28 CC 6B 05 31 32 33 34 35 36 37 38
32 C8 4A 56 7A 72 0A D7 31 32 33 34 35 36 37 38
07 4E F1 33 2A 8C 6C F0 31 32 33 34 35 36 37 38
1E 71 33 37 07 57 C0 A4 31 32 33 34 35 36 37 38
7E BF 67 5A 12 98 9D 8B 31 32 33 34 35 36 37 38
05 90 B9 D2 01 A9 4A A3 31 32 33 34 35 36 37 38
33 81 C9 B4 2E EF E9 DD 31 32 33 34 35 36 37 38
53 D9 3A 2A 09 B2 C0 1B 31 32 33 34 35 36 37 38
73 E4 40 A2 03 2D 11 33 31 32 33 34 35 36 37 38
7F 51 6E 06 23 D5 DC C7 31 32 33 34 35 36 37 38
09 29 02 02 74 9E A7 13 31 32 33 34 35 36 37 38
06 FD D3 AD 75 60 06 E2 31 32 33 34 35 36 37 38
6C 5B C5 6C 36 C2 27 35 31 32 33 34 35 36 37 38
63 C6 75 1E 26 63 31 FF 31 32 33 34 35 36 37 38
30 AA FF 8B 43 2D 58 68 31 32 33 34 35 36 37 38
04 70 16 07 5A D9 B3 34 31 32 33 34 35 36 37 38
46 B1 51 4C 4D 0C F5 95 31 32 33 34 35 36 37 38
49 F6 06 EA 36 D8 6D DB 31 32 33 34 35 36 37 38
36 A7 23 B5 45 09 8A 4A 31 32 33 34 35 36 37 38
4B 98 70 EF 2A 2B 17 FC 31 32 33 34 35 36 37 38
0A D3 6A B0 3A A6 3D 29 31 32 33 34 35 36 37 38
16 EE 6C 1C 22 1C C0 25 31 32 33 34 35 36 37 38
7A 55 5A 69 2E 19 AC EE 31 32 33 34 35 36 37 38
65 84 9A 25 3E 0B 17 FA 31 32 33 34 35 36 37 38
70 08 BE 76 23 05 3C 77 31 32 33 34 35 36 37 38
29 26 00 3C 03 A8 91 C5 31 32 33 34 35 36 37 38
6F 1A 0D 5A 6B C5 4B 8B 31 32 33 34 35 36 37 38
6F F3 DC D6 1B A2 6B 57 31 32 33 34 35 36 37 38
4E D2 AC 90 47 A7 89 89 31 32 33 34 35 36 37 38
29 9E 84 1A 4A DA 5B 4B 31 32 33 34 35 36 37 38
7C EF B7 E6 5D FD 91 27 31 32 33 34 35 36 37 38
39 4B E8 D5 30 01 38 EA 31 32 33 34 35 36 37 38
18 04 83 90 6B 62 14 89 31 32 33 34 35 36 37 38
7E 37 C2 09 16 D2 8C 0E 31 32 33 34 35 36 37 38
32 31 89 DA 6F B4 4E 0B 31 32 33 34 35 36 37 38
08 27 95 20 7F 0A 6E D9 31 32 33 34 35 36 37 38
04 C8 37 6D 15 70 FF A2 31 32 33 34 35 36 37 38
6A 86 4F 83 09 BB F5 00 31 32 33 34 35 36 37 38
1F 8F 55 66 0E F0 A0 A7 31 32 33 34 35 36 37 38
77 F0 46 CE 58 35 19 EF 31 32 33 34 35 36 37 38
11 1C 04 EA 09 69 93 DB 31 32 33 34 35 36 37 38
73 26 07 74 55 2E B4 9D 31 32 33 34 35 36 37 38
3C 59 03 BB 2E AB C0 D8 31 32 33 34 35 36 37 38
1C E2 6C E9 2E CD 8D 6E 31 32 33 34 35 36 37 38
51 8A 08 C2 4E 7D 06 D3 31 32 33 34 35 36 37 38
3E AF 08 3D 61 37 48 32 31 32 33 34 35 36 37 38
22 77 60 94 52 B9 67 3D 31 32 33 34 35 36 37 38
1B 63 ED 55 40 9A 23 6A 31 32 33 34 35 36 37 38
0B 53 F9 49 40 2B 92 4E 31 32 33 34 35 36 37 38
42 A1 B0 4F 0E AA 53 DC 31 32 33 34 35 36 37 38
56 F7 A2 27 4C 02 1C D4 31 32 33 34 35 36 37 38
55 1A 21 83 60 A8 5F 00 31 32 33 34 35 36 37 38
26 4E 1C DE 4D C2 1E BF 31 32 33 34 35 36 37 38
08 F4 BE 7D 73 ED 61 72 31 32 33 34 35 36 37 38
6B 5E E7 5E 72 9B 57 3F 31 32 33 34 35 36 37 38
6C 9A 20 E4 07 FD A9 4D 31 32 33 34 35 36 37 38
12 B0 66 B1 12 4B D7 96 31 32 33 34 35 36 37 38
15 F5 1C 4F 7C 17 4F DC 31 32 33 34 35 36 37 38
09 11 9E C6 4E 05 1E 87 31 32 33 34 35 36 37 38
2A 3E 5B F6 12 D6 4B F7 31 32 33 34 35 36 37 38
36 33 28 63 09 A8 8C 60 31 32 33 34 35 36 37 38
69 B9 0D 84 5E 01 29 6D 31 32 33 34 35 36 37 38
27 5E 6D DD 1E 9C 4D 52 31 32 33 34 35 36 37 38
36 A5 E5 CC 58 6F 30 15 31 32 33 34 35 36 37 38
6E 40 06 D0 08 36 76 C9 31 32 33 34 35 36 37 38
00 EC A2 E7 24 0D EE 94 31 32 33 34 35 36 37 38
43 EF 6E 8D 2E AF 38 42 31 32 33 34 35 36 37 38
51 18 6A 58 0F DC 47 B1 31 32 33 34 35 36 37 38
6F 52 A2 5D 44 95 A7 D2 31 32 33 34 35 36 37 38
29 DF 48 8C 04 74 BB D5 31 32 33 34 35 36 37 38
5B 6F 6D EE 56 04 82 8F 31 32 33 34 35 36 37 38
2C 1B CA 40 6C F4 CD 79 31 32 33 34 35 36 37 38
43 64 41 43 3A 64 63 C0 31 32 33 34 35 36 37 38
33 7B C5 E9 5D 36 72 6E 31 32 33 34 35 36 37 38
62 B3 7D CF 13 DB D3 5C 31 32 33 34 35 36 37 38
5C 61 9A F1 1A 2A 96 D6 31 32 33 34 35 36 37 38
57 1E F6 25 4C CC 43 FA 31 32 33 34 35 36 37 38
74 F9 07 D3 4E 9C CF 10 31 32 33 34 35 36 37 38
32 FE 8E 83 42 20 C8 00 31 32 33 34 35 36 37 38
78 31 0B 40 11 CF 7A 79 31 32 33 34 35 36 37 38
20 77 02 24 61 2B 11 8D 31 32 33 34 35 36 37 38
51 CB F2 7B 3D D9 E8 98 31 32 33 34 35 36 37 38
38 99 48 A3 5E 77 C7 A0 31 32 33 34 35 36 37 38
1C 27 AF A2 0D B5 54 33 31 32 33 34 35 36 37 38
01 5E 28 AF 2B D6 D4 BC 31 32 33 34 35 36 37 38
28 34 BB 2A 1B F6 AD 1B 31 32 33 34 35 36 37 38
1A F1 17 4A 3A FB A6 BB 31 32 33 34 35 36 37 38
38 43 89 EF 66 A2 BC FC 31 32 33 34 35 36 37 38
1A FC A4 34 2B D1 F2 5D 31 32 33 34 35 36 37 38
0B 74 4F 31 01 8C D6 16 31 32 33 34 35 36 37 38
2D 9C 8E 1A 21 10 9D 4B 31 32 33 34 35 36 37 38
4D CD C9 91 0B 2F 30 F6 31 32 33 34 35 36 37 38
39 83 64 A3 3E AD B3 A0 31 32 33 34 35 36 37 38
6B AE E5 67 38 07 3F 14 31 32 33 34 35 36 37 38
75 BF 27 08 18 78 3E A1 31 32 33 34 35 36 37 38
74 41 CC BB 60 07 55 D8 31 32 33 34 35 36 37 38
35 C1 77 9F 39 CC 90 EC 31 32 33 34 35 36 37 38
7F 1A A8 E5 03 ED DF BA 31 32 33 34 35 36 37 38
43 03 F6 38 65 05 16 11 31 32 33 34 35 36 37 38
58 B6 D3 D3 62 94 AB 10 31 32 33 34 35 36 37 38
26 D2 15 04 4E F2 5A ED 31 32 33 34 35 36 37 38
4B 17 8C 5E 14 7F 98 3F 31 32 33 34 35 36 37 38
37 B4 EC D0 51 10 64 C9 31 32 33 34 35 36 37 38
7B 65 8C 7E 22 7F 65 DF 31 32 33 34 35 36 37 38
0E E6 31 9C 75 C8 D7 A5 31 32 33 34 35 36 37 38
20 BE C4 AC 5A 2E 55 75 31 32 33 34 35 36 37 38
2A 70 23 A9 3A 52 DD 2E 31 32 33 34 35 36 37 38
47 01 05 ED 4D 8B EC 22 31 32 33 34 35 36 37 38
50 50 FA E0 48 2B 41 99 31 32 33 34 35 36 37 38
24 02 55 03 0E 37 4C 80 31 32 33 34 35 36 37 38
7B A1 B6 0A 3F 0D BE 7B 31 32 33 34 35 36 37 38
51 F7 E7 A7 01 4C B4 54 31 32 33 34 35 36 37 38
0E A1 C6 47 67 35 3E 74 31 32 33 34 35 36 37 38
25 8A 16 F3 01 BB FF B0 31 32 33 34 35 36 37 38
71 AE 54 B2 38 B4 7C 03 31 32 33 34 35 36 37 38
71 06 47 1F 6A 51 EA 6C 31 32 33 34 35 36 37 38
1E F7 57 01 17 98 89 A6 31 32 33 34 35 36 37 38
13 81 FA 2E 16 25 B9 CF 31 32 33 34 35 36 37 38
33 C6 F1 FE 51 E4 9D 5F 31 32 33 34 35 36 37 38
69 57 96 EA 2D 42 BD DB 31 32 33 34 35 36 37 38
15 B1 C9 B1 58 0C FE 96 31 32 33 34 35 36 37 38
76 73 E0 84 67 D7 00 6D 31 32 33 34 35 36 37 38
4B CE 90 68 4F 63 5C 81 31 32 33 34 35 36 37 38
5C 85 6C C0 68 71 FD F9 31 32 33 34 35 36 37 38
19 07 D2 AE 2B 19 E8 4F 31 32 33 34 35 36 37 38
7F 87 7B 25 37 D2 E4 FA 31 32 33 34 35 36 37 38
7F 7A C8 F4 11 3A 18 1D 31 32 33 34 35 36 37 38
42 F0 33 97 6D C8 29 84 31 32 33 34 35 36 37 38
06 2B AC E2 08 11 A8 73 31 32 33 34 35 36 37 38
17 90 5D 42 67 EE 01 53 31 32 33 34 35 36 37 38
48 25 00 EB 5E CB 2E 48 31 32 33 34 35 36 37 38
71 52 BD 2F 37 39 0F 3C 31 32 33 34 35 36 37 38
41 8C 7A 84 7C 3C 92 6D 31 32 33 34 35 36 37 38
15 8B 82 58 56 2D 7F B1 31 32 33 34 35 36 37 38
67 E1 34 6B 0E 9E 1B C8 31 32 33 34 35 36 37 38
2C 04 73 16 31 F9 E4 97 31 32 33 34 35 36 37 38
0B 7E 9E 32 05 C8 C7 83 31 32 33 34 35 36 37 38
66 0F 40 B1 14 1A A9 96 31 32 33 34 35 36 37 38
29 D2 59 05 04 8D 9D 5A 31 32 33 34 35 36 37 38
13 DE 9E 56 16 8B CE D7 31 32 33 34 35 36 37 38
7B 1F D7 2E 3B B2 D2 CF 31 32 33 34 35 36 37 38
26 DE AE 93 3E B3 4E D0 31 32 33 34 35 36 37 38
47 E5 36 C4 12 E0 39 AD 31 32 33 34 35 36 37 38
08 2F 6E 97 4F AE 48 84 31 32 33 34 35 36 37 38
03 5F 68 C8 54 3C BD 61 31 32 33 34 35 36 37 38
0D 23 40 6B 53 65 37 C8 31 32 33 34 35 36 37 38
2D 08 11 E4 5C 3B 46 4D 31 32 33 34 35 36 37 38
39 96 F6 00 48 3A EE 39 31 32 33 34 35 36 37 38
39 9C BC 75 40 A6 14 0A 31 32 33 34 35 36 37 38
30 1E 63 14 74 98 77 BD 31 32 33 34 35 36 37 38
7D 8B D0 3D 1A 28 70 32 31 32 33 34 35 36 37 38
42 70 9F 49 55 F2 40 4E 31 32 33 34 35 36 37 38
2B 0D 80 31 08 B4 B3 16 31 32 33 34 35 36 37 38
4D 5D 37 CC 4B 79 1A 15 31 32 33 34 35 36 37 38
11 E0 9C CE 21 BD B7 EF 31 32 33 34 35 36 37 38
5B 4D 8A 6D 3D 7F 56 A2 31 32 33 34 35 36 37 38
71 88 07 11 11 38 60 76 31 32 33 34 35 36 37 38
34 75 D2 AB 17 9C FD 08 31 32 33 34 35 36 37 38
6A 7A 5A 47 77 84 42 74 31 32 33 34 35 36 37 38
20 44 F0 8B 15 26 F5 68 31 32 33 34 35 36 37 38
27 77 AD 0D 69 BC D4 C2 31 32 33 34 35 36 37 38
2E D0 9E 8E 2E F6 F6 AF 31 32 33 34 35 36 37 38
23 48 C9 15 0E 80 34 2A 31 32 33 34 35 36 37 38
5F 6B 08 AC 1E 3F 49 75 31 32 33 34 35 36 37 38
5F D0 F5 78 49 93 44 51 31 32 33 34 35 36 37 38
32 88 11 95 67 89 12 AA 31 32 33 34 35 36 37 38
4C AF 51 6A 73 70 26 5B 31 32 33 34 35 36 37 38
76 50 F0 5E 50 67 2C 3F 31 32 33 34 35 36 37 38
2A AC 22 39 0E CE 20 7E 31 32 33 34 35 36 37 38
2F 61 7F F3 0A 71 B4 B0 31 32 33 34 35 36 37 38
20 73 42 9F 55 59 FF EC 31 32 33 34 35 36 37 38
43 F7 29 98 02 79 35 F1 31 32 33 34 35 36 37 38
79 3A 20 D3 49 F2 74 10 31 32 33 34 35 36 37 38
48 B2 4D C7 76 87 EF F4 31 32 33 34 35 36 37 38
3D 02 FF 9C 32 D0 8D A5 31 32 33 34 35 36 37 38
4F 89 66 B4 5E 03 C2 DD 31 32 33 34 35 36 37 38
52 20 48 4A 01 01 83 BB 31 32 33 34 35 36 37 38
2A A7 6E B1 3A EA 3F 96 31 32 33 34 35 36 37 38
4F 9A BA 13 47 45 34 50 31 32 33 34 35 36 37 38
56 1F A2 8D 55 0D 5C 42 31 32 33 34 35 36 37 38
20 00 72 DC 75 58 1F E5 31 32 33 34 35 36 37 38
17 7D 9B 34 03 FD 1D 5D 31 32 33 34 35 36 37 38
5F 54 EF 6B 4F DE BA C8 31 32 33 34 35 36 37 38
76 D7 57 C6 5F 92 E3 87 31 32 33 34 35 36 37 38
48 F3 18 81 55 BE ED 26 31 32 33 34 35 36 37 38
43 4F 09 AB 22 DB 68 08 31 32 33 34 35 36 37 38
05 08 A5 E7 3E E5 35 94 31 32 33 34 35 36 37 38
6F 3B 20 37 41 87 A9 A4 31 32 33 34 35 36 37 38
56 B6 4A 67 28 F3 40 14 31 32 33 34 35 36 37 38
4D 4B AD 5F 2E 85 F3 AC 31 32 33 34 35 36 37 38
25 11 43 65 50 00 A8 3A 31 32 33 34 35 36 37 38
31 18 88 78 65 D6 DB 51 31 32 33 34 35 36 37 38
24 35 0A EF 37 C4 A9 FC 31 32 33 34 35 36 37 38
40 19 5C DE 36 CC 5E BF 31 32 33 34 35 36 37 38
7F B4 7C F6 7A 30 58 F7 31 32 33 34 35 36 37 38
5A 92 CD 26 1C 67 1D 67 31 32 33 34 35 36 37 38
4A 4A 2B 75 0C 50 57 0A 31 32 33 34 35 36 37 38
6E 2E 38 C5 6C 58 62 1A 31 32 33 34 35 36 37 38
2D 69 32 86 7C D3 87 47 31 32 33 34 35 36 37 38
31 0F 52 2E 4C 24 31 CF 31 32 33 34 35 36 37 38
69 44 CE 94 23 B5 3D 3D 31 32 33 34 35 36 37 38
41 B8 38 A2 0B FD A9 33 31 32 33 34 35 36 37 38
4F 7C 8F CF 14 F4 7D 5C 31 32 33 34 35 36 37 38
1C 76 1A 48 35 FB 50 E1 31 32 33 34 35 36 37 38
32 9B 96 E0 05 77 AD 99 31 32 33 34 35 36 37 38
09 05 84 D6 19 56 F3 57 31 32 33 34 35 36 37 38
2E 20 48 EA 48 F2 87 DB 31 32 33 34 35 36 37 38
3C CC 65 77 5A FB A5 E4 31 32 33 34 35 36 37 38
3B 3C 92 84 03 86 CA 6D 31 32 33 34 35 36 37 38
59 16 A4 32 05 57 55 83 31 32 33 34 35 36 37 38
52 9E 8C 55 1B 01 D6 6A 31 32 33 34 35 36 37 38
1B BD CC 43 22 DE 92 C0 31 32 33 34 35 36 37 38
62 F9 C5 18 46 F6 6B 71 31 32 33 34 35 36 37 38
47 83 AD D0 50 E6 91 C9 31 32 33 34 35 36 37 38
49 58 FF 05 5B 76 4B 5A 31 32 33 34 35 36 37 38
1C E4 24 29 30 DE 13 AE 31 32 33 34 35 36 37 38
3D 8A 86 03 52 22 29 80 31 32 33 34 35 36 37 38
01 FA 2E AC 56 C6 77 75 31 32 33 34 35 36 37 38
6C 40 65 55 2B 09 3B 6A 31 32 33 34 35 36 37 38
10 99 99 08 42 36 C8 A1 31 32 33 34 35 36 37 38
3E 4F 73 DF 7A 9C 78 2C 31 32 33 34 35 36 37 38
7D 50 7C 48 48 D3 0A E1 31 32 33 34 35 36 37 38
76 3D 09 09 36 B3 C7 0E 31 32 33 34 35 36 37 38
7A F2 66 C3 32 57 5B 40 31 32 33 34 35 36 37 38
0D FF 29 31 01 17 A8 16 31 32 33 34 35 36 37 38
1D 46 A1 20 3A EA 8A D9 31 32 33 34 35 36 37 38
57 5F 64 9F 76 40 79 EC 31 32 33 34 35 36 37 38
40 49 F3 38 3C E7 CF 11 31 32 33 34 35 36 37 38
0A 50 F8 86 4D D6 D5 47 31 32 33 34 35 36 37 38
5A FE 98 8B 17 63 7D 68 31 32 33 34 35 36 37 38
1A D3 A9 FB 1D 0C 0A 18 31 32 33 34 35 36 37 38
7F 48 92 A7 22 BF 83 54 31 32 33 34 35 36 37 38
0A 8F 8B 0C 52 C4 0C 55 31 32 33 34 35 36 37 38
6C D4 C2 A1 13 6A 1C C6 31 32 33 34 35 36 37 38
43 64 E5 96 17 ED A5 17 31 32 33 34 35 36 37 38
07 14 41 91 36 C0 48 F6 31 32 33 34 35 36 37 38
4A 77 33 8E 74 4A 67 AF 31 32 33 34 35 36 37 38
1C 92 F4 49 6A 76 71 4E 31 32 33 34 35 36 37 38
20 AC F6 A1 3E 50 40 C6 31 32 33 34 35 36 37 38
5D 90 C6 99 66 7D 5D 5E 31 32 33 34 35 36 37 38
3F 28 2A 26 60 55 B6 67 31 32 33 34 35 36 37 38
7E 4F 67 8E 1F 30 8B AF 31 32 33 34 35 36 37 38
38 A2 1C 65 1C CB 0D 3A 31 32 33 34 35 36 37 38
1E 13 CA 7D 2F CD 7D 72 31 32 33 34 35 36 37 38
61 C1 E2 C5 1C 03 C4 1A 31 32 33 34 35 36 37 38
0F B1 AE F4 16 AE 06 1D 31 32 33 34 35 36 37 38
20 42 56 4D 3F 18 65 02 31 32 33 34 35 36 37 38
3E 08 AB A2 6F 48 A0 33 31 32 33 34 35 36 37 38
29 F8 38 0C 65 0B B5 55 31 32 33 34 35 36 37 38
3B 96 D9 C4 07 2C A0 AD 31 32 33 34 35 36 37 38
78 7A A9 BC 2F 59 BD 45 31 32 33 34 35 36 37 38
5C 55 7A B9 3F DF CE FE 31 32 33 34 35 36 37 38
58 5A C1 A4 2E 7C 9B 0D 31 32 33 34 35 36 37 38
7A E4 6A 97 33 85 94 84 31 32 33 34 35 36 37 38
78 31 9D 39 5E 1D 7F 7E 31 32 33 34 35 36 37 38
0E F2 75 33 55 63 A0 F0 31 32 33 34 35 36 37 38
2F 72 A2 0E 06 03 74 2F 31 32 33 34 35 36 37 38
11 CA 52 49 65 AD 77 4E 31 32 33 34 35 36 37 38
46 85 AA 7B 56 FD 40 98 31 32 33 34 35 36 37 38
35 06 52 06 77 52 F0 C7 31 32 33 34 35 36 37 38
10 0C 1A E8 3C CA 55 01 31 32 33 34 35 36 37 38
33 42 54 30 56 04 A8 A9 31 32 33 34 35 36 37 38
73 8C 8C 03 12 D2 B7 80 31 32 33 34 35 36 37 38
13 97 92 7B 0C 4D 08 98 31 32 33 34 35 36 37 38
1F 2A F4 DE 1D 9A 16 BF 31 32 33 34 35 36 37 38
56 17 41 DA 06 93 A6 0B 31 32 33 34 35 36 37 38
71 00 12 10 2A E8 C1 09 31 32 33 34 35 36 37 38
37 7A 7A 84 36 92 92 6D 31 32 33 34 35 36 37 38
12 6C 87 0D 2A 69 A6 C2 31 32 33 34 35 36 37 38
71 25 21 C8 65 CA 82 61 31 32 33 34 35 36 37 38
4D C0 84 12 7B 21 E7 E3 31 32 33 34 35 36 37 38
41 15 B4 2E 5C B7 EB CF 31 32 33 34 35 36 37 38
3E 02 C0 79 54 67 01 BE 31 32 33 34 35 36 37 38
2C 84 AB B7 27 59 0F 24 31 32 33 34 35 36 37 38
4F F4 D6 57 02 D7 F5 44 31 32 33 34 35 36 37 38
3C 58 45 71 7D 24 2F 56 31 32 33 34 35 36 37 38
52 7F 05 BC 7F 3C E9 45 31 32 33 34 35 36 37 38
4D 9C 87 47 64 C7 6B 74 31 32 33 34 35 36 37 38
79 21 6D 54 25 83 54 FD 31 32 33 34 35 36 37 38
71 87 9E BF 6F D6 F9 8C 31 32 33 34 35 36 37 38
2C 74 6B 45 62 9E E2 9A 31 32 33 34 35 36 37 38
2D AF A4 CB 78 01 34 A8 31 32 33 34 35 36 37 38
59 48 47 31 0A 5D 6E 16 31 32 33 34 35 36 37 38
3E 46 12 99 18 D6 B9 5E 31 32 33 34 35 36 37 38
45 51 56 69 4A 2B F8 EE 31 32 33 34 35 36 37 38
03 A3 47 17 1E F8 77 04 31 32 33 34 35 36 37 38
7E AE 4F FC 65 7F 06 85 31 32 33 34 35 36 37 38
55 04 81 99 27 BD FC 5E 31 32 33 34 35 36 37 38
10 EC CF D8 75 38 7F 31 31 32 33 34 35 36 37 38
4A 1D CD F7 27 7C 24 64 31 32 33 34 35 36 37 38
02 ED 62 0C 74 3A 97 55 31 32 33 34 35 36 37 38
7D F7 27 3E 08 24 C9 9F 31 32 33 34 35 36 37 38
4E 7D 4E 91 2E 70 D1 F6 31 32 33 34 35 36 37 38
42 6F 1D C2 6A 6C F7 D3 31 32 33 34 35 36 37 38
55 07 FD 80 34 A4 1F B9 31 32 33 34 35 36 37 38
74 17 82 3F 53 6B D7 0C 31 32 33 34 35 36 37 38
3F EF 56 00 29 1B CE 39 31 32 33 34 35 36 37 38
2D 14 55 7B 3B D6 0F 98 31 32 33 34 35 36 37 38
62 A3 B6 B4 64 97 D2 DD 31 32 33 34 35 36 37 38
4F 54 D3 7F 72 C8 EF 4C 31 32 33 34 35 36 37 38
23 2D A6 54 5C 15 99 FD 31 32 33 34 35 36 37 38
4B E7 7F E8 2F FA 56 01 31 32 33 34 35 36 37 38
19 B5 13 68 08 73 23 81 31 32 33 34 35 36 37 38
3D 3A 3E 14 68 2E B6 BD 31 32 33 34 35 36 37 38
68 71 76 70 15 05 BD E9 31 32 33 34 35 36 37 38
07 80 FB 2F 33 CD 75 3C 31 32 33 34 35 36 37 38
7E 17 A1 DA 6B FC 86 0B 31 32 33 34 35 36 37 38
26 BD BF 15 6E 40 F2 2A 31 32 33 34 35 36 37 38
56 CA C3 B5 0E F4 AA 4A 31 32 33 34 35 36 37 38
3F 67 A4 9D 41 B7 1D 12 31 32 33 34 35 36 37 38
1F A3 60 1A 2D F4 07 4B 31 32 33 34 35 36 37 38
43 13 8A BA 09 72 ED 6B 31 32 33 34 35 36 37 38
6A 10 52 34 6A 37 08 5D 31 32 33 34 35 36 37 38
71 CA AD BF 14 F6 5C 8C 31 32 33 34 35 36 37 38
4F 74 0A 68 24 04 4E 81 31 32 33 34 35 36 37 38
27 73 91 C6 07 C3 95 87 31 32 33 34 35 36 37 38
20 E9 01 43 7E 6A 23 C0 31 32 33 34 35 36 37 38
0C 3D 32 4B 4C 63 74 28 31 32 33 34 35 36 37 38
48 73 2E 3B 2D C2 D9 58 31 32 33 34 35 36 37 38
57 33 07 21 11 6C 47 46 31 32 33 34 35 36 37 38
3B 21 94 77 73 92 A8 E4 31 32 33 34 35 36 37 38
04 40 D4 65 7B 6F 65 3A 31 32 33 34 35 36 37 38
33 3F DE A6 22 6C 90 E7 31 32 33 34 35 36 37 38
7F 17 B2 67 78 1C 88 14 31 32 33 34 35 36 37 38
04 79 A0 76 07 F1 76 77 31 32 33 34 35 36 37 38
2B 8A 24 49 3A 55 E1 4E 31 32 33 34 35 36 37 38
20 FD D0 89 74 91 B8 8E 31 32 33 34 35 36 37 38
79 37 49 3F 1A 95 92 0C 31 32 33 34 35 36 37 38
75 B0 72 DA 0D BB 83 0B 31 32 33 34 35 36 37 38
11 BA F9 C8 7D 67 7A 61 31 32 33 34 35 36 37 38
2C C9 FE FD 12 60 D7 F2 31 32 33 34 35 36 37 38
5B A1 90 8C 16 1D 63 D5 31 32 33 34 35 36 37 38
6D 8D DF F5 4C 23 31 8A 31 32 33 34 35 36 37 38
25 01 CB FA 0B 46 35 AB 31 32 33 34 35 36 37 38
3D 58 3D 5C 52 6C 58 65 31 32 33 34 35 36 37 38
43 B5 AD 24 3C F3 E0 8D 31 32 33 34 35 36 37 38
40 A3 FD 22 67 3F 53 B3 31 32 33 34 35 36 37 38
35 56 19 01 09 0D 23 A6 31 32 33 34 35 36 37 38
17 C1 85 95 3A 57 76 AA 31 32 33 34 35 36 37 38
5E 75 DF 61 08 45 DA 86 31 32 33 34 35 36 37 38
10 3F F6 1B 1C 1A 33 B8 31 32 33 34 35 36 37 38
5F 42 FC AC 11 8A 2D 75 31 32 33 34 35 36 37 38
2D E5 DC E6 54 11 52 27 31 32 33 34 35 36 37 38
69 47 CF CF 7D FE BD 5C 31 32 33 34 35 36 37 38
69 26 1D 92 53 29 43 63 31 32 33 34 35 36 37 38
4C DA B9 90 73 0B 12 89 31 32 33 34 35 36 37 38
4F 25 31 28 34 C0 4E 41 31 32 33 34 35 36 37 38
0D 2A B7 D8 28 44 47 31 31 32 33 34 35 36 37 38
5A 10 85 F8 77 AA CA D1 31 32 33 34 35 36 37 38
37 0D 52 4C 72 87 62 95 31 32 33 34 35 36 37 38
31 8F 78 75 30 48 20 0A 31 32 33 34 35 36 37 38
40 15 60 03 51 AC FB 80 31 32 33 34 35 36 37 38
23 08 6B A0 59 20 C3 59 31 32 33 34 35 36 37 38
10 A1 4D CB 70 64 29 A8 31 32 33 34 35 36 37 38
10 45 AA 36 03 4A 1D 37 31 32 33 34 35 36 37 38
61 C7 53 42 04 48 BF 53 31 32 33 34 35 36 37 38
0F 6A B5 73 1D AA 7C 30 31 32 33 34 35 36 37 38
16 02 16 93 4A 76 96 D0 31 32 33 34 35 36 37 38
33 A2 36 E9 0A 02 8F 6E 31 32 33 34 35 36 37 38
31 D8 72 9E 70 49 21 7F 31 32 33 34 35 36 37 38
4E 90 CD 94 26 C2 D0 3D 31 32 33 34 35 36 37 38
4D D5 03 A8 06 BF EE C1 31 32 33 34 35 36 37 38
75 6D 26 84 0F 4D CE 6D 31 32 33 34 35 36 37 38
67 A1 E3 9B 58 29 53 38 31 32 33 34 35 36 37 38
7E 4E FF 3C 7D CF 24 C5 31 32 33 34 35 36 37 38
51 2C 50 58 0C 69 35 B1 31 32 33 34 35 36 37 38
6A 0A 60 C3 29 B8 CD 40 31 32 33 34 35 36 37 38
31 46 59 98 4D D0 A5 F1 31 32 33 34 35 36 37 38
31 12 2E B5 03 F7 39 4A 31 32 33 34 35 36 37 38
77 B4 0F DB 32 E1 AA 78 31 32 33 34 35 36 37 38
34 23 FD 23 56 85 A2 20 31 32 33 34 35 36 37 38
03 27 03 B4 4B F5 9B DD 31 32 33 34 35 36 37 38
38 F1 99 F8 69 98 4E D1 31 32 33 34 35 36 37 38
2C 5B CA 20 4F 6A FF D9 31 32 33 34 35 36 37 38
53 1E A0 42 6D EA 88 53 31 32 33 34 35 36 37 38
04 13 6A 42 17 B0 8A 53 31 32 33 34 35 36 37 38
68 63 61 A2 5F 5C 1E 33 31 32 33 34 35 36 37 38
0D 90 9E 5C 2D FB A5 65 31 32 33 34 35 36 37 38
3F 46 F8 BD 70 2F AE B2 31 32 33 34 35 36 37 38
7B 7C F4 AD 51 8F 13 E2 31 32 33 34 35 36 37 38
6A 23 D1 37 62 89 06 A4 31 32 33 34 35 36 37 38
4C 55 4C 73 51 8E C7 30 31 32 33 34 35 36 37 38
17 B9 3D 84 22 B5 99 6D 31 32 33 34 35 36 37 38
43 9F 8D 9B 48 F6 B5 38 31 32 33 34 35 36 37 38
69 7A 9E 5D 5E 63 F3 D2 31 32 33 34 35 36 37 38
25 C3 12 F3 5E C7 4B B0 31 32 33 34 35 36 37 38
1E EA D4 BF 41 88 F7 8C 31 32 33 34 35 36 37 38
1F D8 60 94 43 06 67 3D 31 32 33 34 35 36 37 38
6F EA A5 37 64 C9 4A A4 31 32 33 34 35 36 37 38
4A 55 12 B7 02 76 EA 24 31 32 33 34 35 36 37 38
1F 9E 8D A8 7D 9B B0 C1 31 32 33 34 35 36 37 38
4A AE 4D 52 07 32 18 23 31 32 33 34 35 36 37 38
6A 31 B4 C1 2A 82 F4 66 31 32 33 34 35 36 37 38
66 84 A9 5D 2D 04 A2 D2 31 32 33 34 35 36 37 38
75 56 FA E9 2F B2 03 6E 31 32 33 34 35 36 37 38
52 2C 4E 8B 07 4D FB 68 31 32 33 34 35 36 37 38
1A 2B 1B 74 76 70 38 9D 31 32 33 34 35 36 37 38
11 46 D9 C2 1F 90 03 D3 31 32 33 34 35 36 37 38
63 D6 7D 2D 1A 45 32 62 31 32 33 34 35 36 37 38
26 EB C1 79 43 EA 6E BE 31 32 33 34 35 36 37 38
30 01 C5 14 7C 45 31 BD 31 32 33 34 35 36 37 38
2C 7A EE AF 6F 6B 22 BC 31 32 33 34 35 36 37 38
10 1B CE 54 3D AC A1 FD 31 32 33 34 35 36 37 38
53 CC 6E 02 0F 1B A3 13 31 32 33 34 35 36 37 38
1C 8A 43 E6 31 73 2D 27 31 32 33 34 35 36 37 38
40 21 E7 38 30 32 B3 11 31 32 33 34 35 36 37 38
3B DA C4 25 3D 86 F9 FA 31 32 33 34 35 36 37 38
4C 42 AF 19 10 14 5B DE 31 32 33 34 35 36 37 38
32 FC 48 E8 5F 11 EB 01 31 32 33 34 35 36 37 38
28 A9 E6 80 5B 92 54 B9 31 32 33 34 35 36 37 38
0B EA 9F CE 76 EA FE EF 31 32 33 34 35 36 37 38
2E 73 05 0E 49 57 9B 2F 31 32 33 34 35 36 37 38
5B EE EE 8D 3F 78 B8 42 31 32 33 34 35 36 37 38
30 D6 FF 74 55 18 4C 9D 31 32 33 34 35 36 37 38
69 CC C8 88 12 7B 02 21 31 32 33 34 35 36 37 38
5D 83 62 AE 59 96 38 4F 31 32 33 34 35 36 37 38
09 B7 60 76 13 BC 36 77 31 32 33 34 35 36 37 38
69 1D CF 39 15 EA C9 7E 31 32 33 34 35 36 37 38
37 39 10 6A 02 48 79 5B 31 32 33 34 35 36 37 38
16 C6 F7 DF 27 B7 AC 2C 31 32 33 34 35 36 37 38
52 E9 37 76 37 76 C1 77 31 32 33 34 35 36 37 38
38 0B F4 2A 03 F7 F2 1B 31 32 33 34 35 36 37 38
3F 2A F4 53 06 ED 81 90 31 32 33 34 35 36 37 38
38 18 C4 C7 27 6A 9A F4 31 32 33 34 35 36 37 38
62 54 7B 6A 79 8F 08 5B 31 32 33 34 35 36 37 38
71 88 37 00 61 C1 9B 39 31 32 33 34 35 36 37 38
43 CB 70 6D 7B 2E 44 A2 31 32 33 34 35 36 37 38
78 60 93 A0 7B D9 CB 59 31 32 33 34 35 36 37 38
22 B0 06 9C 1F 9E 88 A5 31 32 33 34 35 36 37 38
65 17 76 E0 02 76 0D 99 31 32 33 34 35 36 37 38
40 09 83 69 76 4D 21 EE 31 32 33 34 35 36 37 38
60 3A BE E0 60 6B B5 99 31 32 33 34 35 36 37 38
52 95 B0 F6 19 EB 7C F7 31 32 33 34 35 36 37 38
49 8C 7D F8 05 03 62 D1 31 32 33 34 35 36 37 38
00 3D 95 E9 79 1C 02 6E 31 32 33 34 35 36 37 38
54 EA 71 C5 19 DA A7 1A 31 32 33 34 35 36 37 38
62 E9 FD FD 17 B2 6A F2 31 32 33 34 35 36 37 38
2C F1 03 4B 28 A1 71 28 31 32 33 34 35 36 37 38
02 AD 1D 39 75 B2 FF 7E 31 32 33 34 35 36 37 38
2B 66 F6 CD 49 97 BB 82 31 32 33 34 35 36 37 38
4D DC E3 67 7D 00 65 14 31 32 33 34 35 36 37 38
7F B9 72 C7 2F D8 B0 F4 31 32 33 34 35 36 37 38
44 EB EF 84 7F 87 63 6D 31 32 33 34 35 36 37 38
7A DD FE 7A 40 6A B6 2B 31 32 33 34 35 36 37 38
27 BE 8C 97 0E C2 0E 84 31 32 33 34 35 36 37 38
6B 6D E8 92 2D 94 B2 63 31 32 33 34 35 36 37 38
78 E5 D5 C1 55 43 01 66 31 32 33 34 35 36 37 38
77 B6 29 25 30 B6 FA FA 31 32 33 34 35 36 37 38
2F B0 70 80 13 67 16 B9 31 32 33 34 35 36 37 38
4F 81 85 A0 4A 9C D5 59 31 32 33 34 35 36 37 38
48 81 CE BA 0A 1D E1 6B 31 32 33 34 35 36 37 38
39 59 A0 0E 12 C1 9A 2F 31 32 33 34 35 36 37 38
58 69 24 CD 31 89 51 82 31 32 33 34 35 36 37 38
14 3E FA 66 5F FF E1 A7 31 32 33 34 35 36 37 38
53 18 8A 1D 0A F5 D4 92 31 32 33 34 35 36 37 38
21 F5 5B AF 0F C1 8B BC 31 32 33 34 35 36 37 38
78 12 DF A7 42 58 4C 54 31 32 33 34 35 36 37 38
50 C0 3B 0D 6C E5 4A C2 31 32 33 34 35 36 37 38
55 C2 02 C5 49 D1 64 1A 31 32 33 34 35 36 37 38
6D 7E 5C 78 1B CA 1F 51 31 32 33 34 35 36 37 38
67 06 44 9B 31 74 A0 38 31 32 33 34 35 36 37 38
4E 32 7D 67 52 5E F7 14 31 32 33 34 35 36 37 38
58 44 02 BB 65 6C 53 D8 31 32 33 34 35 36 37 38
48 95 78 B9 4A 82 F4 FE 31 32 33 34 35 36 37 38
40 38 D6 10 49 CC 35 09 31 32 33 34 35 36 37 38
75 55 98 4C 20 A1 30 95 31 32 33 34 35 36 37 38
50 21 6F D6 23 D4 02 57 31 32 33 34 35 36 37 38
38 70 A3 0D 42 B1 92 C2 31 32 33 34 35 36 37 38
0A 18 81 18 34 54 77 71 31 32 33 34 35 36 37 38
1F CB 5E B3 31 E4 0C 70 31 32 33 34 35 36 37 38
40 F8 1B E3 76 B5 39 E0 31 32 33 34 35 36 37 38
2B B2 35 3C 4F 81 22 C5 31 32 33 34 35 36 37 38
3D 3D 1A 9B 20 01 BE 38 31 32 33 34 35 36 37 38
24 6B DA CD 26 24 CF 82 31 32 33 34 35 36 37 38
5A BC CC 67 67 54 9A 14 31 32 33 34 35 36 37 38
34 2B B8 2E 2A 4F 9F CF 31 32 33 34 35 36 37 38
27 BC 1D 55 00 C6 93 6A 31 32 33 34 35 36 37 38
13 AB A9 BF 76 89 A8 8C 31 32 33 34 35 36 37 38
5B 95 76 9C 61 6F 38 A5 31 32 33 34 35 36 37 38
23 BA 78 84 41 35 B8 6D 31 32 33 34 35 36 37 38
34 49 DC 2A 37 03 BA 1B 31 32 33 34 35 36 37 38
59 03 36 34 01 1A 1C 5D 31 32 33 34 35 36 37 38
4F 5E A7 D4 44 68 3D 7D 31 32 33 34 35 36 37 38
32 79 2C 23 6F 1C A5 20 31 32 33 34 35 36 37 38
24 AC A5 87 05 5B CC B4 31 32 33 34 35 36 37 38
46 87 36 BF 10 FA B1 8C 31 32 33 34 35 36 37 38
3B 26 D9 F8 13 C4 8E D1 31 32 33 34 35 36 37 38
78 30 DE EF 2C 95 ED FC 31 32 33 34 35 36 37 38
1E 6C 16 08 74 EC 01 A1 31 32 33 34 35 36 37 38
57 C3 49 26 17 D3 E9 67 31 32 33 34 35 36 37 38
27 61 AB 19 35 0D A7 DE 31 32 33 34 35 36 37 38
07 28 40 33 6A 25 0F F0 31 32 33 34 35 36 37 38
10 3E 43 CE 22 7F D2 EF 31 32 33 34 35 36 37 38
17 5E 87 AA 58 11 BF 9B 31 32 33 34 35 36 37 38
12 40 D4 2A 48 BB 52 1B 31 32 33 34 35 36 37 38
08 28 63 1A 07 80 4E 4B 31 32 33 34 35 36 37 38
51 82 D8 13 04 3D FA 50 31 32 33 34 35 36 37 38
40 EB 44 FE 2D A5 F4 5F 31 32 33 34 35 36 37 38
05 96 22 B2 27 2B 32 03 31 32 33 34 35 36 37 38
48 F9 14 AF 64 B5 50 BC 31 32 33 34 35 36 37 38
00 CD 27 0B 56 C1 29 E8 31 32 33 34 35 36 37 38
65 55 CC 10 2E 14 F3 09 31 32 33 34 35 36 37 38
7B 07 65 F8 79 08 2A D1 31 32 33 34 35 36 37 38
0A 28 A8 E8 42 36 CB 01 31 32 33 34 35 36 37 38
4A E5 7F B8 50 F1 A1 91 31 32 33 34 35 36 37 38
38 0A 7F 33 63 AB E2 F0 31 32 33 34 35 36 37 38
47 B3 61 2C 03 03 F7 F5 31 32 33 34 35 36 37 38
28 9B AC FE 03 72 3C 5F 31 32 33 34 35 36 37 38
45 8D F9 4C 7C 30 7D 95 31 32 33 34 35 36 37 38
11 18 1F 5C 3D FB 92 65 31 32 33 34 35 36 37 38
68 91 4B 64 7E 2D C1 CD 31 32 33 34 35 36 37 38
12 59 1F 57 4B C9 0A 44 31 32 33 34 35 36 37 38
12 86 5E 7E 67 74 CF DF 31 32 33 34 35 36 37 38
1A EE 8E 11 59 01 DB 76 31 32 33 34 35 36 37 38
43 20 C8 9C 56 BD 22 A5 31 32 33 34 35 36 37 38
1E 85 74 22 1C 80 FE B3 31 32 33 34 35 36 37 38
1F FB E2 B3 26 C4 40 70 31 32 33 34 35 36 37 38
38 C6 36 C5 72 73 88 1A 31 32 33 34 35 36 37 38
53 13 AB 99 6E FE DE 5E 31 32 33 34 35 36 37 38
52 7F 5A 5F 72 3C 9C AC 31 32 33 34 35 36 37 38
06 2C B8 32 69 D5 D9 83 31 32 33 34 35 36 37 38
6E 08 08 B9 04 2A 44 FE 31 32 33 34 35 36 37 38
51 35 05 AE 4D E2 9F 4F 31 32 33 34 35 36 37 38
75 68 04 62 74 6B E9 F3 31 32 33 34 35 36 37 38
15 37 D5 CF 79 05 4B 5C 31 32 33 34 35 36 37 38
09 B0 00 56 58 8E 88 D7 31 32 33 34 35 36 37 38
3E A6 8D 93 3E BF 41 D0 31 32 33 34 35 36 37 38
00 38 B1 1D 37 88 6F 92 31 32 33 34 35 36 37 38
6D 10 02 E7 36 5D CE 94 31 32 33 34 35 36 37 38
6D FD 8E BC 37 DB 3E 45 31 32 33 34 35 36 37 38
67 E5 9D 36 00 6E 94 37 31 32 33 34 35 36 37 38
69 20 D6 BC 15 D0 E6 45 31 32 33 34 35 36 37 38
05 65 4F 02 47 C1 70 13 31 32 33 34 35 36 37 38
74 0D 6F 3F 0B 57 C0 0C 31 32 33 34 35 36 37 38
16 48 26 CE 49 DF 79 EF 31 32 33 34 35 36 37 38
40 AB 56 23 3F 44 87 20 31 32 33 34 35 36 37 38
69 18 C5 B9 31 E0 BD FE 31 32 33 34 35 36 37 38
73 FE 54 14 7C 60 14 BD 31 32 33 34 35 36 37 38
01 88 B9 E9 43 12 56 6E 31 32 33 34 35 36 37 38
29 6E 8A 76 5F 85 18 77 31 32 33 34 35 36 37 38
3C 68 D4 3E 0F 41 72 9F 31 32 33 34 35 36 37 38
14 68 5B 9C 73 00 B9 A5 31 32 33 34 35 36 37 38
41 F8 01 74 3A C2 26 9D 31 32 33 34 35 36 37 38
61 41 77 8B 1B CE 70 68 31 32 33 34 35 36 37 38
5F 76 6F 8D 4F 78 A5 42 31 32 33 34 35 36 37 38
66 6F 3A B7 61 C9 F2 24 31 32 33 34 35 36 37 38
08 37 53 49 4E 64 E4 4E 31 32 33 34 35 36 37 38
30 F1 2C DD 22 49 A0 52 31 32 33 34 35 36 37 38
5D AB 85 FB 7F FC B6 18 31 32 33 34 35 36 37 38
4E F8 7D B2 3F C5 F1 03 31 32 33 34 35 36 37 38
58 6E A7 A4 2B 09 89 0D 31 32 33 34 35 36 37 38
27 37 BC DD 5E 34 F0 52 31 32 33 34 35 36 37 38
4D D4 5E 00 0C 10 36 39 31 32 33 34 35 36 37 38
23 B7 F0 A0 7C 62 64 59 31 32 33 34 35 36 37 38
02 35 56 50 42 E2 50 49 31 32 33 34 35 36 37 38
2A 07 6A 84 0D B4 C2 6D 31 32 33 34 35 36 37 38
45 16 6F B9 22 AE 1F FE 31 32 33 34 35 36 37 38
5B 4F A8 AA 43 CA CC 9B 31 32 33 34 35 36 37 38
2B D5 CF FD 6A 16 D4 F2 31 32 33 34 35 36 37 38
55 C5 1C A2 5A F2 BD 33 31 32 33 34 35 36 37 38
77 05 96 2B 71 64 3A 88 31 32 33 34 35 36 37 38
2E 18 18 26 4B 02 0C 67 31 32 33 34 35 36 37 38
3B 7C 48 FC 21 10 0B 85 31 32 33 34 35 36 37 38
3E 00 B1 EC 25 09 D9 B5 31 32 33 34 35 36 37 38
5E DF C1 6B 55 F6 24 C8 31 32 33 34 35 36 37 38
05 42 71 36 41 8C D8 37 31 32 33 34 35 36 37 38
66 79 AE 6C 08 7C 5C 35 31 32 33 34 35 36 37 38
1E 73 F5 C7 6B 2C 77 F4 31 32 33 34 35 36 37 38
22 54 06 C7 7C C1 B4 F4 31 32 33 34 35 36 37 38
1F 2E 9A 6C 55 6C D8 35 31 32 33 34 35 36 37 38
0A 82 CB 74 23 66 28 9D 31 32 33 34 35 36 37 38
72 98 0D 53 7F FF 26 90 31 32 33 34 35 36 37 38
6B 5E 65 15 7D 3B A0 2A 31 32 33 34 35 36 37 38
16 96 E1 24 5C AF 04 8D 31 32 33 34 35 36 37 38
29 43 7D 3B 78 86 7C 58 31 32 33 34 35 36 37 38
1F 51 41 2A 27 EF BB 1B 31 32 33 34 35 36 37 38
1C ED 65 30 19 08 E5 A9 31 32 33 34 35 36 37 38
5E F3 6B 6A 16 5B 38 5B 31 32 33 34 35 36 37 38
02 3D 61 0B 01 35 DB E8 31 32 33 34 35 36 37 38
3C CA 07 3A 41 14 EF EB 31 32 33 34 35 36 37 38
12 4C 2F D0 4B E1 EB C9 31 32 33 34 35 36 37 38
17 FB CB 90 6F 9B BC 89 31 32 33 34 35 36 37 38
64 BB 64 B1 4E 5D FD 96 31 32 33 34 35 36 37 38
56 54 C6 66 6F 6F BD A7 31 32 33 34 35 36 37 38
34 72 05 BF 03 06 D4 8C 31 32 33 34 35 36 37 38
43 92 04 FC 19 99 17 85 31 32 33 34 35 36 37 38
35 A0 8D 14 71 D0 59 BD 31 32 33 34 35 36 37 38
6E 86 64 E8 75 67 D7 01 31 32 33 34 35 36 37 38
67 86 AE 02 34 E8 E3 13 31 32 33 34 35 36 37 38
24 7E 3A 53 2E B6 4F 90 31 32 33 34 35 36 37 38
2A EF 66 74 6A DE 27 9D 31 32 33 34 35 36 37 38
4B 94 84 9B 59 85 E0 38 31 32 33 34 35 36 37 38
30 0A B0 FA 11 D5 B6 AB 31 32 33 34 35 36 37 38
40 E7 C2 51 1B 88 9A B6 31 32 33 34 35 36 37 38
46 D1 4F 69 01 86 FD EE 31 32 33 34 35 36 37 38
5C 70 70 AB 2D 76 43 08 31 32 33 34 35 36 37 38
55 10 93 6E 3A 0E 7A 0F 31 32 33 34 35 36 37 38
20 4B C8 1A 35 58 4F 4B 31 32 33 34 35 36 37 38
6E A0 FA A3 63 FA 91 A0 31 32 33 34 35 36 37 38
44 84 8D 43 54 4C BF C0 31 32 33 34 35 36 37 38
35 22 6D 3F 1A AB E6 0C 31 32 33 34 35 36 37 38
6B 26 F4 DB 7A 93 2B 78 31 32 33 34 35 36 37 38
1A 12 42 C3 4F F0 07 40 31 32 33 34 35 36 37 38
3E DF 59 26 6B A6 B9 67 31 32 33 34 35 36 37 38
19 6F FB A5 79 F8 9B 7A 31 32 33 34 35 36 37 38
2A D4 AC 05 59 D4 F4 5A 31 32 33 34 35 36 37 38
35 BB 7E 13 56 F0 A8 50 31 32 33 34 35 36 37 38
5B F6 B5 2C 1F 46 BB F5 31 32 33 34 35 36 37 38
33 0E 77 2A 79 F3 B9 1B 31 32 33 34 35 36 37 38
24 5B 6E E1 39 BC F4 06 31 32 33 34 35 36 37 38
2D 70 2E C9 3F 7B 59 CE 31 32 33 34 35 36 37 38
5B 26 09 A0 77 E1 09 59 31 32 33 34 35 36 37 38
41 0B 9A 68 0F 6C 9E 81 31 32 33 34 35 36 37 38
50 3F 55 FE 77 9F 31 5F 31 32 33 34 35 36 37 38
3B 6D 52 07 54 F4 3F 34 31 32 33 34 35 36 37 38
3D 30 2A 96 40 80 06 17 31 32 33 34 35 36 37 38
5F A6 17 30 73 E8 AF A9 31 32 33 34 35 36 37 38
7C 84 A7 25 1B 06 A0 FA 31 32 33 34 35 36 37 38
2B D0 1B 64 23 4C 51 CD 31 32 33 34 35 36 37 38
14 A8 31 57 4A EF B4 44 31 32 33 34 35 36 37 38
03 15 1C 89 19 A5 14 8E 31 32 33 34 35 36 37 38
51 44 1A 13 57 A3 14 50 31 32 33 34 35 36 37 38
4C 61 9B 9E 3D 2D 96 7F 31 32 33 34 35 36 37 38
7D 43 EC F8 47 EF A5 D1 31 32 33 34 35 36 37 38
1E E3 49 25 5E AD 9A FA 31 32 33 34 35 36 37 38
14 56 F5 65 18 E9 72 3A 31 32 33 34 35 36 37 38
21 0D 52 33 28 29 B9 F0 31 32 33 34 35 36 37 38
2E 36 4D FE 09 56 C9 5F 31 32 33 34 35 36 37 38
00 18 1D 61 3D 3E 40 86 31 32 33 34 35 36 37 38
7B 23 26 46 03 C4 D0 07 31 32 33 34 35 36 37 38
